SAVING NO SHEET CURRENT SOLVE TO  /projects/EKOLEMEN/DESC/single_stage_optimization_finite_beta/optimization_finitebeta_nfp3_QA_stage1/coils/optimal_coils/ncoils_5_order_12_R1_5.8_length_target_4.3e+01_weight_0.011_max_curvature_0.23_weight_0.0028_msc_0.16_weight_0.00033_cc_1.7_weight_0.014_cs_2.6_weight_0.23_arclweight_0.0004_sign_B_external_normal-1.0/desc_fb_no_sheet_current.h5
SAVING  SHEET CURRENT SOLVE TO  /projects/EKOLEMEN/DESC/single_stage_optimization_finite_beta/optimization_finitebeta_nfp3_QA_stage1/coils/optimal_coils/ncoils_5_order_12_R1_5.8_length_target_4.3e+01_weight_0.011_max_curvature_0.23_weight_0.0028_msc_0.16_weight_0.00033_cc_1.7_weight_0.014_cs_2.6_weight_0.23_arclweight_0.0004_sign_B_external_normal-1.0/desc_fb_with_sheet_current.h5
/home/dpanici/DESC/desc/input_reader.py:1267: UserWarning: Current is not a power series!
  warnings.warn(colored("Current is not a power series!", "yellow"))
/home/dpanici/DESC/desc/utils.py:563: UserWarning: Current on axis is nonzero, got -7.553e+02 Amps
  warnings.warn(colored(msg, "yellow"), err)
eq psi = 53.5846837754596
field psi = -53.95647641366587

==================================
Optimizing boundary modes M,N <= 1
====================================
Building objective: Boundary error
/home/dpanici/DESC/desc/utils.py:563: UserWarning: Boundary pressure is nonzero (max 72.0979485308053 Pa), a sheet current should be included.
  warnings.warn(colored(msg, "yellow"), err)
Precomputing transforms
Timer: Precomputing transforms = 172 ms
Timer: Objective build = 2.50 sec
Building objective: force
Precomputing transforms
Timer: Precomputing transforms = 877 ms
Timer: Objective build = 939 ms
Timer: Objective build = 2.79 ms
Timer: Eq Update LinearConstraintProjection build = 6.10 sec
Timer: Proximal projection build = 12.6 sec
Building objective: lcfs R
Building objective: lcfs Z
Building objective: fixed pressure
Building objective: fixed current
Building objective: fixed Psi
Timer: Objective build = 645 ms
Timer: LinearConstraintProjection build = 2.80 sec
Number of parameters: 9
Number of objectives: 3362
Timer: Initializing the optimization = 16.2 sec

Starting optimization
Using method: proximal-lsq-exact
   Iteration     Total nfev        Cost      Cost reduction    Step norm     Optimality   
       0              1          5.354e-05                                    4.023e-04   
       1              2          5.214e-05      1.404e-06      1.102e-01      9.930e-04   
       2              3          5.074e-05      1.402e-06      2.129e-02      9.004e-05   
       3              6          5.073e-05      5.779e-09      4.019e-04      9.205e-06   
       4              7          5.072e-05      9.017e-09      4.511e-04      5.888e-06   
       5              9          5.071e-05      9.503e-09      2.382e-04      4.837e-06   
       6             11          5.071e-05      3.516e-09      1.234e-04      4.397e-06   
Optimization terminated successfully.
`ftol` condition satisfied. (ftol=1.00e-04)
         Current function value: 5.071e-05
         Total delta_x: 9.005e-02
         Iterations: 6
         Function evaluations: 11
         Jacobian evaluations: 7
Timer: Solution time = 3.21 min
Timer: Avg time per step = 27.5 sec
==============================================================================================================
                                                                 Start  -->   End
Total (sum of squares):                                      5.354e-05  -->   5.071e-05, 
Maximum absolute Boundary normal field error:                5.321e-01  -->   5.489e-01 (T*m^2)
Minimum absolute Boundary normal field error:                3.495e-14  -->   3.404e-14 (T*m^2)
Average absolute Boundary normal field error:                1.053e-01  -->   1.092e-01 (T*m^2)
Maximum absolute Boundary normal field error:                3.856e-03  -->   3.977e-03 (normalized)
Minimum absolute Boundary normal field error:                2.533e-16  -->   2.467e-16 (normalized)
Average absolute Boundary normal field error:                7.633e-04  -->   7.916e-04 (normalized)
Maximum absolute Boundary magnetic pressure error:           6.998e+00  -->   6.508e+00 (T^2*m^2)
Minimum absolute Boundary magnetic pressure error:           1.739e-04  -->   9.975e-06 (T^2*m^2)
Average absolute Boundary magnetic pressure error:           8.229e-01  -->   8.055e-01 (T^2*m^2)
Maximum absolute Boundary magnetic pressure error:           7.040e-03  -->   6.546e-03 (normalized)
Minimum absolute Boundary magnetic pressure error:           1.749e-07  -->   1.003e-08 (normalized)
Average absolute Boundary magnetic pressure error:           8.277e-04  -->   8.102e-04 (normalized)
Maximum absolute Force error:                                2.559e+05  -->   2.825e+05 (N)
Minimum absolute Force error:                                8.429e-01  -->   9.738e-01 (N)
Average absolute Force error:                                6.218e+03  -->   5.975e+03 (N)
Maximum absolute Force error:                                3.278e-05  -->   3.619e-05 (normalized)
Minimum absolute Force error:                                1.080e-10  -->   1.247e-10 (normalized)
Average absolute Force error:                                7.964e-07  -->   7.653e-07 (normalized)
R boundary error:                                            0.000e+00  -->   3.879e-18 (m)
Z boundary error:                                            0.000e+00  -->   4.358e-33 (m)
Fixed pressure profile error:                                0.000e+00  -->   0.000e+00 (Pa)
Fixed current profile error:                                 0.000e+00  -->   1.863e-09 (A)
Fixed Psi error:                                             0.000e+00  -->   0.000e+00 (Wb)
==============================================================================================================

==================================
Optimizing boundary modes M,N <= 2
====================================
Building objective: Boundary error
/home/dpanici/DESC/desc/utils.py:563: UserWarning: Boundary pressure is nonzero (max 72.0979485308053 Pa), a sheet current should be included.
  warnings.warn(colored(msg, "yellow"), err)
Precomputing transforms
Timer: Precomputing transforms = 189 ms
Timer: Objective build = 2.80 sec
Building objective: force
Precomputing transforms
Timer: Precomputing transforms = 874 ms
Timer: Objective build = 939 ms
Timer: Objective build = 1.91 ms
Timer: Eq Update LinearConstraintProjection build = 6.10 sec
Timer: Proximal projection build = 13.1 sec
Building objective: lcfs R
Building objective: lcfs Z
Building objective: fixed pressure
Building objective: fixed current
Building objective: fixed Psi
Timer: Objective build = 662 ms
Timer: LinearConstraintProjection build = 2.76 sec
Number of parameters: 25
Number of objectives: 3362
Timer: Initializing the optimization = 16.6 sec

Starting optimization
Using method: proximal-lsq-exact
   Iteration     Total nfev        Cost      Cost reduction    Step norm     Optimality   
       0              1          5.062e-05                                    1.972e-03   
       1              4          4.251e-05      8.110e-06      4.474e-02      1.928e-03   
       2              5          3.946e-05      3.046e-06      3.029e-02      4.486e-04   
       3              6          3.871e-05      7.537e-07      5.538e-02      1.928e-04   
       4              8          3.854e-05      1.679e-07      1.423e-02      1.120e-04   
       5              9          3.849e-05      5.571e-08      1.415e-02      3.848e-05   
       6             34          3.849e-05      0.000e+00      0.000e+00      3.848e-05   
Warning: A bad approximation caused failure to predict improvement.
         Current function value: 3.849e-05
         Total delta_x: 1.363e-01
         Iterations: 6
         Function evaluations: 34
         Jacobian evaluations: 6
Timer: Solution time = 3.99 min
Timer: Avg time per step = 34.2 sec
==============================================================================================================
                                                                 Start  -->   End
Total (sum of squares):                                      5.062e-05  -->   3.849e-05, 
Maximum absolute Boundary normal field error:                5.489e-01  -->   3.855e-01 (T*m^2)
Minimum absolute Boundary normal field error:                3.404e-14  -->   2.039e-15 (T*m^2)
Average absolute Boundary normal field error:                1.092e-01  -->   1.084e-01 (T*m^2)
Maximum absolute Boundary normal field error:                3.959e-03  -->   2.781e-03 (normalized)
Minimum absolute Boundary normal field error:                2.456e-16  -->   1.471e-17 (normalized)
Average absolute Boundary normal field error:                7.880e-04  -->   7.818e-04 (normalized)
Maximum absolute Boundary magnetic pressure error:           6.508e+00  -->   4.395e+00 (T^2*m^2)
Minimum absolute Boundary magnetic pressure error:           9.975e-06  -->   1.930e-03 (T^2*m^2)
Average absolute Boundary magnetic pressure error:           8.055e-01  -->   7.165e-01 (T^2*m^2)
Maximum absolute Boundary magnetic pressure error:           6.558e-03  -->   4.430e-03 (normalized)
Minimum absolute Boundary magnetic pressure error:           1.005e-08  -->   1.945e-06 (normalized)
Average absolute Boundary magnetic pressure error:           8.118e-04  -->   7.221e-04 (normalized)
Maximum absolute Force error:                                2.825e+05  -->   2.897e+05 (N)
Minimum absolute Force error:                                9.738e-01  -->   2.261e+00 (N)
Average absolute Force error:                                5.975e+03  -->   5.854e+03 (N)
Maximum absolute Force error:                                3.625e-05  -->   3.717e-05 (normalized)
Minimum absolute Force error:                                1.250e-10  -->   2.902e-10 (normalized)
Average absolute Force error:                                7.667e-07  -->   7.512e-07 (normalized)
R boundary error:                                            0.000e+00  -->   6.239e-31 (m)
Z boundary error:                                            0.000e+00  -->   1.974e-31 (m)
Fixed pressure profile error:                                0.000e+00  -->   0.000e+00 (Pa)
Fixed current profile error:                                 0.000e+00  -->   3.725e-09 (A)
Fixed Psi error:                                             0.000e+00  -->   0.000e+00 (Wb)
==============================================================================================================

==================================
Optimizing boundary modes M,N <= 4
====================================
Building objective: Boundary error
/home/dpanici/DESC/desc/utils.py:563: UserWarning: Boundary pressure is nonzero (max 72.0979485308053 Pa), a sheet current should be included.
  warnings.warn(colored(msg, "yellow"), err)
Precomputing transforms
Timer: Precomputing transforms = 188 ms
Timer: Objective build = 2.61 sec
Building objective: force
Precomputing transforms
Timer: Precomputing transforms = 894 ms
Timer: Objective build = 958 ms
Timer: Objective build = 1.92 ms
Timer: Eq Update LinearConstraintProjection build = 5.98 sec
Timer: Proximal projection build = 12.7 sec
Building objective: lcfs R
Building objective: lcfs Z
Building objective: fixed pressure
Building objective: fixed current
Building objective: fixed Psi
Timer: Objective build = 667 ms
Timer: LinearConstraintProjection build = 2.73 sec
Number of parameters: 81
Number of objectives: 3362
Timer: Initializing the optimization = 16.2 sec

Starting optimization
Using method: proximal-lsq-exact
   Iteration     Total nfev        Cost      Cost reduction    Step norm     Optimality   
       0              1          3.833e-05                                    1.962e-03   
       1              4          2.438e-05      1.395e-05      5.638e-02      3.370e-03   
       2              5          1.969e-05      4.694e-06      4.017e-02      1.902e-03   
       3              6          1.617e-05      3.514e-06      3.746e-02      1.147e-03   
       4              7          1.610e-05      7.473e-08      3.336e-02      1.212e-03   
       5              8          1.337e-05      2.725e-06      7.604e-03      6.078e-05   
       6              9          1.283e-05      5.392e-07      1.781e-02      3.046e-04   
       7             10          1.244e-05      3.926e-07      1.845e-02      3.524e-04   
       8             11          1.196e-05      4.782e-07      1.975e-02      3.484e-04   
       9             12          1.146e-05      5.072e-07      1.680e-02      3.076e-04   
      10             13          1.129e-05      1.682e-07      2.419e-02      4.920e-04   
      11             14          1.077e-05      5.192e-07      4.909e-03      2.471e-05   
      12             15          1.063e-05      1.368e-07      1.306e-02      1.942e-04   
      13             16          1.036e-05      2.756e-07      1.305e-02      1.263e-04   
      14             17          1.015e-05      2.027e-07      1.415e-02      1.435e-04   
      15             22          1.014e-05      1.018e-08      9.805e-05      9.824e-06   
      16             43          1.014e-05      0.000e+00      0.000e+00      9.824e-06   
Warning: A bad approximation caused failure to predict improvement.
         Current function value: 1.014e-05
         Total delta_x: 1.829e-01
         Iterations: 16
         Function evaluations: 43
         Jacobian evaluations: 16
Timer: Solution time = 22.6 min
Timer: Avg time per step = 1.33 min
==============================================================================================================
                                                                 Start  -->   End
Total (sum of squares):                                      3.833e-05  -->   1.014e-05, 
Maximum absolute Boundary normal field error:                3.855e-01  -->   2.031e-01 (T*m^2)
Minimum absolute Boundary normal field error:                2.039e-15  -->   4.247e-14 (T*m^2)
Average absolute Boundary normal field error:                1.084e-01  -->   5.961e-02 (T*m^2)
Maximum absolute Boundary normal field error:                2.764e-03  -->   1.456e-03 (normalized)
Minimum absolute Boundary normal field error:                1.462e-17  -->   3.045e-16 (normalized)
Average absolute Boundary normal field error:                7.771e-04  -->   4.274e-04 (normalized)
Maximum absolute Boundary magnetic pressure error:           4.395e+00  -->   1.847e+00 (T^2*m^2)
Minimum absolute Boundary magnetic pressure error:           1.930e-03  -->   5.110e-07 (T^2*m^2)
Average absolute Boundary magnetic pressure error:           7.165e-01  -->   3.564e-01 (T^2*m^2)
Maximum absolute Boundary magnetic pressure error:           4.437e-03  -->   1.865e-03 (normalized)
Minimum absolute Boundary magnetic pressure error:           1.948e-06  -->   5.159e-10 (normalized)
Average absolute Boundary magnetic pressure error:           7.233e-04  -->   3.598e-04 (normalized)
Maximum absolute Force error:                                2.897e+05  -->   1.249e+05 (N)
Minimum absolute Force error:                                2.261e+00  -->   1.890e+00 (N)
Average absolute Force error:                                5.854e+03  -->   5.277e+03 (N)
Maximum absolute Force error:                                3.724e-05  -->   1.606e-05 (normalized)
Minimum absolute Force error:                                2.907e-10  -->   2.429e-10 (normalized)
Average absolute Force error:                                7.525e-07  -->   6.783e-07 (normalized)
R boundary error:                                            0.000e+00  -->   2.756e-32 (m)
Z boundary error:                                            0.000e+00  -->   2.961e-31 (m)
Fixed pressure profile error:                                0.000e+00  -->   0.000e+00 (Pa)
Fixed current profile error:                                 0.000e+00  -->   0.000e+00 (A)
Fixed Psi error:                                             0.000e+00  -->   0.000e+00 (Wb)
==============================================================================================================

==================================
Optimizing boundary modes M,N <= 5
====================================
Building objective: Boundary error
/home/dpanici/DESC/desc/utils.py:563: UserWarning: Boundary pressure is nonzero (max 72.0979485308053 Pa), a sheet current should be included.
  warnings.warn(colored(msg, "yellow"), err)
Precomputing transforms
Timer: Precomputing transforms = 177 ms
Timer: Objective build = 2.57 sec
Building objective: force
Precomputing transforms
Timer: Precomputing transforms = 873 ms
Timer: Objective build = 939 ms
Timer: Objective build = 1.86 ms
Timer: Eq Update LinearConstraintProjection build = 6.02 sec
Timer: Proximal projection build = 12.6 sec
Building objective: lcfs R
Building objective: lcfs Z
Building objective: fixed pressure
Building objective: fixed current
Building objective: fixed Psi
Timer: Objective build = 632 ms
Timer: LinearConstraintProjection build = 2.68 sec
Number of parameters: 121
Number of objectives: 3362
Timer: Initializing the optimization = 16.1 sec

Starting optimization
Using method: proximal-lsq-exact
   Iteration     Total nfev        Cost      Cost reduction    Step norm     Optimality   
       0              1          9.904e-06                                    1.045e-03   
       1              5          5.950e-06      3.954e-06      1.425e-02      2.075e-04   
       2              6          5.699e-06      2.505e-07      3.234e-02      9.102e-04   
       3              7          4.222e-06      1.478e-06      1.153e-02      1.259e-04   
       4              8          3.712e-06      5.096e-07      1.955e-02      1.858e-04   
       5             10          3.505e-06      2.074e-07      8.174e-03      6.519e-05   
       6             11          3.208e-06      2.968e-07      1.675e-02      2.674e-04   
       7             13          3.021e-06      1.870e-07      8.107e-03      6.129e-05   
       8             14          2.929e-06      9.155e-08      1.632e-02      2.386e-04   
       9             15          2.771e-06      1.585e-07      1.596e-02      2.619e-04   
      10             16          2.486e-06      2.846e-07      1.703e-02      3.155e-04   
      11             18          2.363e-06      1.237e-07      7.712e-03      5.880e-05   
      12             19          2.232e-06      1.311e-07      1.552e-02      1.804e-04   
      13             21          2.165e-06      6.671e-08      8.038e-03      4.476e-05   
      14             22          2.076e-06      8.845e-08      1.613e-02      1.572e-04   
      15             23          2.064e-06      1.228e-08      2.977e-02      5.237e-04   
      16             24          1.805e-06      2.594e-07      6.303e-03      2.807e-05   
      17             25          1.679e-06      1.255e-07      1.325e-02      7.775e-05   
      18             26          1.606e-06      7.374e-08      2.793e-02      3.741e-04   
      19             28          1.462e-06      1.436e-07      7.089e-03      5.158e-05   
      20             31          1.459e-06      3.318e-09      9.617e-04      9.535e-06   
      21             54          1.459e-06      0.000e+00      0.000e+00      9.535e-06   
Warning: A bad approximation caused failure to predict improvement.
         Current function value: 1.459e-06
         Total delta_x: 1.824e-01
         Iterations: 21
         Function evaluations: 54
         Jacobian evaluations: 21
Timer: Solution time = 11.6 min
Timer: Avg time per step = 31.8 sec
==============================================================================================================
                                                                 Start  -->   End
Total (sum of squares):                                      9.904e-06  -->   1.459e-06, 
Maximum absolute Boundary normal field error:                2.031e-01  -->   9.608e-02 (T*m^2)
Minimum absolute Boundary normal field error:                4.247e-14  -->   5.075e-14 (T*m^2)
Average absolute Boundary normal field error:                5.961e-02  -->   2.638e-02 (T*m^2)
Maximum absolute Boundary normal field error:                1.449e-03  -->   6.854e-04 (normalized)
Minimum absolute Boundary normal field error:                3.030e-16  -->   3.620e-16 (normalized)
Average absolute Boundary normal field error:                4.252e-04  -->   1.881e-04 (normalized)
Maximum absolute Boundary magnetic pressure error:           1.847e+00  -->   4.601e-01 (T^2*m^2)
Minimum absolute Boundary magnetic pressure error:           5.110e-07  -->   4.458e-04 (T^2*m^2)
Average absolute Boundary magnetic pressure error:           3.564e-01  -->   1.179e-01 (T^2*m^2)
Maximum absolute Boundary magnetic pressure error:           1.827e-03  -->   4.549e-04 (normalized)
Minimum absolute Boundary magnetic pressure error:           5.053e-10  -->   4.408e-07 (normalized)
Average absolute Boundary magnetic pressure error:           3.524e-04  -->   1.166e-04 (normalized)
Maximum absolute Force error:                                1.249e+05  -->   2.140e+05 (N)
Minimum absolute Force error:                                1.890e+00  -->   7.519e-01 (N)
Average absolute Force error:                                5.277e+03  -->   8.313e+03 (N)
Maximum absolute Force error:                                1.573e-05  -->   2.694e-05 (normalized)
Minimum absolute Force error:                                2.379e-10  -->   9.466e-11 (normalized)
Average absolute Force error:                                6.643e-07  -->   1.046e-06 (normalized)
R boundary error:                                            0.000e+00  -->   0.000e+00 (m)
Z boundary error:                                            0.000e+00  -->   0.000e+00 (m)
Fixed pressure profile error:                                0.000e+00  -->   0.000e+00 (Pa)
Fixed current profile error:                                 0.000e+00  -->   7.451e-09 (A)
Fixed Psi error:                                             0.000e+00  -->   0.000e+00 (Wb)
==============================================================================================================

==================================
Optimizing boundary modes M,N <= 7
====================================
Building objective: Boundary error
/home/dpanici/DESC/desc/utils.py:563: UserWarning: Boundary pressure is nonzero (max 72.0979485308053 Pa), a sheet current should be included.
  warnings.warn(colored(msg, "yellow"), err)
Precomputing transforms
Timer: Precomputing transforms = 187 ms
Timer: Objective build = 2.56 sec
Building objective: force
Precomputing transforms
Timer: Precomputing transforms = 855 ms
Timer: Objective build = 918 ms
Timer: Objective build = 1.89 ms
Timer: Eq Update LinearConstraintProjection build = 6.04 sec
Timer: Proximal projection build = 12.6 sec
Building objective: lcfs R
Building objective: lcfs Z
Building objective: fixed pressure
Building objective: fixed current
Building objective: fixed Psi
Timer: Objective build = 625 ms
Timer: LinearConstraintProjection build = 2.69 sec
Number of parameters: 225
Number of objectives: 3362
Timer: Initializing the optimization = 16.0 sec

Starting optimization
Using method: proximal-lsq-exact
   Iteration     Total nfev        Cost      Cost reduction    Step norm     Optimality   
       0              1          1.470e-06                                    2.193e-04   
       1              6          1.092e-06      3.778e-07      1.950e-03      9.110e-05   
       2              8          9.891e-07      1.026e-07      1.070e-03      3.992e-05   
       3             11          9.753e-07      1.389e-08      1.477e-04      1.764e-05   
       4             12          9.614e-07      1.382e-08      2.710e-04      1.631e-05   
       5             16          9.592e-07      2.218e-09      4.553e-06      1.979e-05   
       6             35          9.592e-07      0.000e+00      0.000e+00      1.979e-05   
Warning: A bad approximation caused failure to predict improvement.
         Current function value: 9.592e-07
         Total delta_x: 2.810e-03
         Iterations: 6
         Function evaluations: 35
         Jacobian evaluations: 6
Timer: Solution time = 18.8 min
Timer: Avg time per step = 2.69 min
==============================================================================================================
                                                                 Start  -->   End
Total (sum of squares):                                      1.470e-06  -->   9.592e-07, 
Maximum absolute Boundary normal field error:                9.608e-02  -->   7.408e-02 (T*m^2)
Minimum absolute Boundary normal field error:                5.075e-14  -->   3.273e-14 (T*m^2)
Average absolute Boundary normal field error:                2.638e-02  -->   2.215e-02 (T*m^2)
Maximum absolute Boundary normal field error:                6.893e-04  -->   5.315e-04 (normalized)
Minimum absolute Boundary normal field error:                3.641e-16  -->   2.348e-16 (normalized)
Average absolute Boundary normal field error:                1.892e-04  -->   1.589e-04 (normalized)
Maximum absolute Boundary magnetic pressure error:           4.601e-01  -->   3.402e-01 (T^2*m^2)
Minimum absolute Boundary magnetic pressure error:           4.458e-04  -->   2.052e-04 (T^2*m^2)
Average absolute Boundary magnetic pressure error:           1.179e-01  -->   8.503e-02 (T^2*m^2)
Maximum absolute Boundary magnetic pressure error:           4.543e-04  -->   3.359e-04 (normalized)
Minimum absolute Boundary magnetic pressure error:           4.402e-07  -->   2.026e-07 (normalized)
Average absolute Boundary magnetic pressure error:           1.164e-04  -->   8.397e-05 (normalized)
Maximum absolute Force error:                                2.140e+05  -->   2.576e+05 (N)
Minimum absolute Force error:                                7.519e-01  -->   4.608e-01 (N)
Average absolute Force error:                                8.313e+03  -->   8.839e+03 (N)
Maximum absolute Force error:                                2.691e-05  -->   3.238e-05 (normalized)
Minimum absolute Force error:                                9.453e-11  -->   5.793e-11 (normalized)
Average absolute Force error:                                1.045e-06  -->   1.111e-06 (normalized)
R boundary error:                                            0.000e+00  -->   0.000e+00 (m)
Z boundary error:                                            0.000e+00  -->   0.000e+00 (m)
Fixed pressure profile error:                                0.000e+00  -->   0.000e+00 (Pa)
Fixed current profile error:                                 0.000e+00  -->   7.451e-09 (A)
Fixed Psi error:                                             0.000e+00  -->   0.000e+00 (Wb)
==============================================================================================================

==================================
Optimizing boundary modes M,N <= 8
====================================
Building objective: Boundary error
/home/dpanici/DESC/desc/utils.py:563: UserWarning: Boundary pressure is nonzero (max 72.0979485308053 Pa), a sheet current should be included.
  warnings.warn(colored(msg, "yellow"), err)
Precomputing transforms
Timer: Precomputing transforms = 184 ms
Timer: Objective build = 2.56 sec
Building objective: force
Precomputing transforms
Timer: Precomputing transforms = 868 ms
Timer: Objective build = 931 ms
Timer: Objective build = 1.85 ms
Timer: Eq Update LinearConstraintProjection build = 5.86 sec
Timer: Proximal projection build = 12.5 sec
Building objective: lcfs R
Building objective: lcfs Z
Building objective: fixed pressure
Building objective: fixed current
Building objective: fixed Psi
Timer: Objective build = 616 ms
Timer: LinearConstraintProjection build = 2.69 sec
Number of parameters: 289
Number of objectives: 3362
Timer: Initializing the optimization = 15.9 sec

Starting optimization
Using method: proximal-lsq-exact
   Iteration     Total nfev        Cost      Cost reduction    Step norm     Optimality   
       0              1          1.075e-06                                    2.022e-04   
       1              6          1.066e-06      8.847e-09      9.930e-04      3.678e-04   
       2              7          7.734e-07      2.925e-07      2.815e-04      1.683e-04   
       3              8          5.954e-07      1.779e-07      6.048e-04      6.715e-05   
       4              9          5.144e-07      8.100e-08      1.232e-03      1.506e-04   
       5             11          4.717e-07      4.270e-08      3.446e-04      6.334e-05   
       6             12          4.394e-07      3.238e-08      3.387e-04      2.604e-05   
       7             14          4.337e-07      5.633e-09      1.652e-04      2.814e-05   
       8             15          4.267e-07      7.041e-09      1.646e-04      1.797e-05   
       9             16          4.266e-07      1.273e-10      1.646e-04      2.504e-05   
      10             36          4.266e-07      0.000e+00      0.000e+00      2.504e-05   
Warning: A bad approximation caused failure to predict improvement.
         Current function value: 4.266e-07
         Total delta_x: 3.246e-03
         Iterations: 10
         Function evaluations: 36
         Jacobian evaluations: 10
Timer: Solution time = 7.11 min
Timer: Avg time per step = 38.7 sec
==============================================================================================================
                                                                 Start  -->   End
Total (sum of squares):                                      9.592e-07  -->   4.266e-07, 
Maximum absolute Boundary normal field error:                7.408e-02  -->   5.042e-02 (T*m^2)
Minimum absolute Boundary normal field error:                3.273e-14  -->   3.545e-14 (T*m^2)
Average absolute Boundary normal field error:                2.215e-02  -->   1.439e-02 (T*m^2)
Maximum absolute Boundary normal field error:                5.315e-04  -->   3.617e-04 (normalized)
Minimum absolute Boundary normal field error:                2.348e-16  -->   2.543e-16 (normalized)
Average absolute Boundary normal field error:                1.589e-04  -->   1.033e-04 (normalized)
Maximum absolute Boundary magnetic pressure error:           3.402e-01  -->   2.733e-01 (T^2*m^2)
Minimum absolute Boundary magnetic pressure error:           2.052e-04  -->   2.786e-05 (T^2*m^2)
Average absolute Boundary magnetic pressure error:           8.503e-02  -->   5.825e-02 (T^2*m^2)
Maximum absolute Boundary magnetic pressure error:           3.359e-04  -->   2.699e-04 (normalized)
Minimum absolute Boundary magnetic pressure error:           2.026e-07  -->   2.751e-08 (normalized)
Average absolute Boundary magnetic pressure error:           8.396e-05  -->   5.752e-05 (normalized)
Maximum absolute Force error:                                2.576e+05  -->   4.093e+05 (N)
Minimum absolute Force error:                                4.608e-01  -->   7.772e-01 (N)
Average absolute Force error:                                8.839e+03  -->   9.388e+03 (N)
Maximum absolute Force error:                                3.238e-05  -->   5.146e-05 (normalized)
Minimum absolute Force error:                                5.793e-11  -->   9.771e-11 (normalized)
Average absolute Force error:                                1.111e-06  -->   1.180e-06 (normalized)
R boundary error:                                            0.000e+00  -->   0.000e+00 (m)
Z boundary error:                                            0.000e+00  -->   0.000e+00 (m)
Fixed pressure profile error:                                0.000e+00  -->   0.000e+00 (Pa)
Fixed current profile error:                                 0.000e+00  -->   9.313e-10 (A)
Fixed Psi error:                                             0.000e+00  -->   0.000e+00 (Wb)
==============================================================================================================

==================================
Optimizing boundary modes M,N <= 10
====================================
Building objective: Boundary error
/home/dpanici/DESC/desc/utils.py:563: UserWarning: Boundary pressure is nonzero (max 72.0979485308053 Pa), a sheet current should be included.
  warnings.warn(colored(msg, "yellow"), err)
Precomputing transforms
Timer: Precomputing transforms = 188 ms
Timer: Objective build = 2.58 sec
Building objective: force
Precomputing transforms
Timer: Precomputing transforms = 869 ms
Timer: Objective build = 931 ms
Timer: Objective build = 1.85 ms
Timer: Eq Update LinearConstraintProjection build = 6.08 sec
Timer: Proximal projection build = 12.7 sec
Building objective: lcfs R
Building objective: lcfs Z
Building objective: fixed pressure
Building objective: fixed current
Building objective: fixed Psi
Timer: Objective build = 506 ms
Timer: LinearConstraintProjection build = 2.32 sec
Number of parameters: 441
Number of objectives: 3362
Timer: Initializing the optimization = 15.6 sec

Starting optimization
Using method: proximal-lsq-exact
   Iteration     Total nfev        Cost      Cost reduction    Step norm     Optimality   
       0              1          4.320e-07                                    2.241e-04   
       1              7          3.002e-07      1.318e-07      1.353e-04      1.665e-04   
       2              9          2.758e-07      2.440e-08      3.517e-05      1.068e-04   
       3             10          2.512e-07      2.460e-08      4.006e-05      9.140e-05   
       4             20          2.508e-07      4.145e-10      1.401e-10      9.325e-05   
       5             32          2.508e-07      0.000e+00      0.000e+00      9.325e-05   
Warning: A bad approximation caused failure to predict improvement.
         Current function value: 2.508e-07
         Total delta_x: 1.803e-04
         Iterations: 5
         Function evaluations: 32
         Jacobian evaluations: 5
Timer: Solution time = 4.66 min
Timer: Avg time per step = 46.6 sec
==============================================================================================================
                                                                 Start  -->   End
Total (sum of squares):                                      4.266e-07  -->   2.508e-07, 
Maximum absolute Boundary normal field error:                5.042e-02  -->   4.321e-02 (T*m^2)
Minimum absolute Boundary normal field error:                3.545e-14  -->   4.155e-14 (T*m^2)
Average absolute Boundary normal field error:                1.439e-02  -->   1.222e-02 (T*m^2)
Maximum absolute Boundary normal field error:                3.617e-04  -->   3.100e-04 (normalized)
Minimum absolute Boundary normal field error:                2.544e-16  -->   2.981e-16 (normalized)
Average absolute Boundary normal field error:                1.033e-04  -->   8.766e-05 (normalized)
Maximum absolute Boundary magnetic pressure error:           2.733e-01  -->   1.741e-01 (T^2*m^2)
Minimum absolute Boundary magnetic pressure error:           2.786e-05  -->   8.067e-05 (T^2*m^2)
Average absolute Boundary magnetic pressure error:           5.825e-02  -->   3.318e-02 (T^2*m^2)
Maximum absolute Boundary magnetic pressure error:           2.699e-04  -->   1.719e-04 (normalized)
Minimum absolute Boundary magnetic pressure error:           2.751e-08  -->   7.966e-08 (normalized)
Average absolute Boundary magnetic pressure error:           5.752e-05  -->   3.276e-05 (normalized)
Maximum absolute Force error:                                4.093e+05  -->   4.928e+05 (N)
Minimum absolute Force error:                                7.772e-01  -->   3.249e+00 (N)
Average absolute Force error:                                9.388e+03  -->   1.072e+04 (N)
Maximum absolute Force error:                                5.146e-05  -->   6.196e-05 (normalized)
Minimum absolute Force error:                                9.771e-11  -->   4.085e-10 (normalized)
Average absolute Force error:                                1.180e-06  -->   1.348e-06 (normalized)
R boundary error:                                            0.000e+00  -->   0.000e+00 (m)
Z boundary error:                                            0.000e+00  -->   0.000e+00 (m)
Fixed pressure profile error:                                0.000e+00  -->   0.000e+00 (Pa)
Fixed current profile error:                                 0.000e+00  -->   7.509e-09 (A)
Fixed Psi error:                                             0.000e+00  -->   0.000e+00 (Wb)
==============================================================================================================

==================================
Optimizing boundary modes M,N <= 1
====================================
Building objective: Boundary error
Precomputing transforms
Timer: Precomputing transforms = 515 ms
Timer: Objective build = 2.90 sec
Building objective: force
Precomputing transforms
Timer: Precomputing transforms = 864 ms
Timer: Objective build = 925 ms
Timer: Objective build = 1.69 ms
Timer: Eq Update LinearConstraintProjection build = 6.18 sec
Timer: Proximal projection build = 13.3 sec
Building objective: lcfs R
Building objective: lcfs Z
Building objective: fixed pressure
Building objective: fixed current
Building objective: fixed Psi
Timer: Objective build = 639 ms
Timer: LinearConstraintProjection build = 2.78 sec
Number of parameters: 23
Number of objectives: 5043
Timer: Initializing the optimization = 16.9 sec

Starting optimization
Using method: proximal-lsq-exact
   Iteration     Total nfev        Cost      Cost reduction    Step norm     Optimality   
       0              1          4.814e-07                                    1.902e-04   
       1              2          4.583e-07      2.311e-08      5.725e+03      1.002e-04   
       2              4          4.579e-07      3.463e-10      7.333e+03      1.144e-04   
       3              5          4.543e-07      3.673e-09      1.572e+03      9.219e-06   
       4             25          4.543e-07      0.000e+00      0.000e+00      9.219e-06   
Warning: A bad approximation caused failure to predict improvement.
         Current function value: 4.543e-07
         Total delta_x: 7.104e+02
         Iterations: 4
         Function evaluations: 25
         Jacobian evaluations: 4
Timer: Solution time = 1.55 min
Timer: Avg time per step = 18.6 sec
==============================================================================================================
                                                                 Start  -->   End
Total (sum of squares):                                      4.814e-07  -->   4.543e-07, 
Maximum absolute Boundary normal field error:                4.321e-02  -->   4.054e-02 (T*m^2)
Minimum absolute Boundary normal field error:                4.155e-14  -->   5.501e-14 (T*m^2)
Average absolute Boundary normal field error:                1.222e-02  -->   1.171e-02 (T*m^2)
Maximum absolute Boundary normal field error:                3.100e-04  -->   2.909e-04 (normalized)
Minimum absolute Boundary normal field error:                2.981e-16  -->   3.947e-16 (normalized)
Average absolute Boundary normal field error:                8.766e-05  -->   8.403e-05 (normalized)
Maximum absolute Boundary magnetic pressure error:           1.741e-01  -->   1.757e-01 (T^2*m^2)
Minimum absolute Boundary magnetic pressure error:           8.067e-05  -->   9.608e-06 (T^2*m^2)
Average absolute Boundary magnetic pressure error:           3.318e-02  -->   3.410e-02 (T^2*m^2)
Maximum absolute Boundary magnetic pressure error:           1.719e-04  -->   1.735e-04 (normalized)
Minimum absolute Boundary magnetic pressure error:           7.966e-08  -->   9.488e-09 (normalized)
Average absolute Boundary magnetic pressure error:           3.276e-05  -->   3.367e-05 (normalized)
Maximum absolute Boundary field jump error:                  3.836e-02  -->   4.156e-02 (T*m^2)
Minimum absolute Boundary field jump error:                  1.310e-04  -->   3.497e-04 (T*m^2)
Average absolute Boundary field jump error:                  1.282e-02  -->   1.242e-02 (T*m^2)
Maximum absolute Boundary field jump error:                  2.752e-04  -->   2.982e-04 (normalized)
Minimum absolute Boundary field jump error:                  9.400e-07  -->   2.509e-06 (normalized)
Average absolute Boundary field jump error:                  9.194e-05  -->   8.907e-05 (normalized)
Maximum absolute Force error:                                4.928e+05  -->   4.965e+05 (N)
Minimum absolute Force error:                                3.249e+00  -->   3.182e+00 (N)
Average absolute Force error:                                1.072e+04  -->   1.071e+04 (N)
Maximum absolute Force error:                                6.196e-05  -->   6.242e-05 (normalized)
Minimum absolute Force error:                                4.085e-10  -->   4.000e-10 (normalized)
Average absolute Force error:                                1.348e-06  -->   1.347e-06 (normalized)
R boundary error:                                            0.000e+00  -->   9.758e-18 (m)
Z boundary error:                                            0.000e+00  -->   5.304e-18 (m)
Fixed pressure profile error:                                0.000e+00  -->   0.000e+00 (Pa)
Fixed current profile error:                                 0.000e+00  -->   5.268e-09 (A)
Fixed Psi error:                                             0.000e+00  -->   0.000e+00 (Wb)
==============================================================================================================

==================================
Optimizing boundary modes M,N <= 2
====================================
Building objective: Boundary error
Precomputing transforms
Timer: Precomputing transforms = 523 ms
Timer: Objective build = 2.92 sec
Building objective: force
Precomputing transforms
Timer: Precomputing transforms = 863 ms
Timer: Objective build = 926 ms
Timer: Objective build = 1.66 ms
Timer: Eq Update LinearConstraintProjection build = 6.49 sec
Timer: Proximal projection build = 13.6 sec
Building objective: lcfs R
Building objective: lcfs Z
Building objective: fixed pressure
Building objective: fixed current
Building objective: fixed Psi
Timer: Objective build = 648 ms
Timer: LinearConstraintProjection build = 2.53 sec
Number of parameters: 39
Number of objectives: 5043
Timer: Initializing the optimization = 16.9 sec

Starting optimization
Using method: proximal-lsq-exact
   Iteration     Total nfev        Cost      Cost reduction    Step norm     Optimality   
       0              1          4.551e-07                                    4.021e-05   
       1              5          4.532e-07      1.899e-09      2.137e+03      3.618e-05   
       2             26          4.532e-07      0.000e+00      0.000e+00      3.618e-05   
Warning: A bad approximation caused failure to predict improvement.
         Current function value: 4.532e-07
         Total delta_x: 2.137e+03
         Iterations: 2
         Function evaluations: 26
         Jacobian evaluations: 2
Timer: Solution time = 1.59 min
Timer: Avg time per step = 31.9 sec
==============================================================================================================
                                                                 Start  -->   End
Total (sum of squares):                                      4.544e-07  -->   4.532e-07, 
Maximum absolute Boundary normal field error:                4.054e-02  -->   3.957e-02 (T*m^2)
Minimum absolute Boundary normal field error:                5.501e-14  -->   4.262e-14 (T*m^2)
Average absolute Boundary normal field error:                1.171e-02  -->   1.176e-02 (T*m^2)
Maximum absolute Boundary normal field error:                2.909e-04  -->   2.839e-04 (normalized)
Minimum absolute Boundary normal field error:                3.947e-16  -->   3.058e-16 (normalized)
Average absolute Boundary normal field error:                8.404e-05  -->   8.437e-05 (normalized)
Maximum absolute Boundary magnetic pressure error:           1.757e-01  -->   1.739e-01 (T^2*m^2)
Minimum absolute Boundary magnetic pressure error:           9.608e-06  -->   1.793e-04 (T^2*m^2)
Average absolute Boundary magnetic pressure error:           3.410e-02  -->   3.374e-02 (T^2*m^2)
Maximum absolute Boundary magnetic pressure error:           1.735e-04  -->   1.717e-04 (normalized)
Minimum absolute Boundary magnetic pressure error:           9.488e-09  -->   1.770e-07 (normalized)
Average absolute Boundary magnetic pressure error:           3.367e-05  -->   3.331e-05 (normalized)
Maximum absolute Boundary field jump error:                  4.156e-02  -->   4.162e-02 (T*m^2)
Minimum absolute Boundary field jump error:                  3.497e-04  -->   3.974e-04 (T*m^2)
Average absolute Boundary field jump error:                  1.242e-02  -->   1.245e-02 (T*m^2)
Maximum absolute Boundary field jump error:                  2.982e-04  -->   2.986e-04 (normalized)
Minimum absolute Boundary field jump error:                  2.509e-06  -->   2.852e-06 (normalized)
Average absolute Boundary field jump error:                  8.908e-05  -->   8.936e-05 (normalized)
Maximum absolute Force error:                                4.965e+05  -->   4.982e+05 (N)
Minimum absolute Force error:                                3.182e+00  -->   1.624e+00 (N)
Average absolute Force error:                                1.071e+04  -->   1.071e+04 (N)
Maximum absolute Force error:                                6.242e-05  -->   6.263e-05 (normalized)
Minimum absolute Force error:                                4.000e-10  -->   2.042e-10 (normalized)
Average absolute Force error:                                1.347e-06  -->   1.347e-06 (normalized)
R boundary error:                                            0.000e+00  -->   1.361e-17 (m)
Z boundary error:                                            0.000e+00  -->   9.867e-18 (m)
Fixed pressure profile error:                                0.000e+00  -->   0.000e+00 (Pa)
Fixed current profile error:                                 0.000e+00  -->   9.313e-10 (A)
Fixed Psi error:                                             0.000e+00  -->   0.000e+00 (Wb)
==============================================================================================================

==================================
Optimizing boundary modes M,N <= 4
====================================
Building objective: Boundary error
Precomputing transforms
Timer: Precomputing transforms = 527 ms
Timer: Objective build = 2.92 sec
Building objective: force
Precomputing transforms
Timer: Precomputing transforms = 864 ms
Timer: Objective build = 927 ms
Timer: Objective build = 1.67 ms
Timer: Eq Update LinearConstraintProjection build = 6.49 sec
Timer: Proximal projection build = 13.6 sec
Building objective: lcfs R
Building objective: lcfs Z
Building objective: fixed pressure
Building objective: fixed current
Building objective: fixed Psi
Timer: Objective build = 670 ms
Timer: LinearConstraintProjection build = 2.83 sec
Number of parameters: 95
Number of objectives: 5043
Timer: Initializing the optimization = 17.3 sec

Starting optimization
Using method: proximal-lsq-exact
   Iteration     Total nfev        Cost      Cost reduction    Step norm     Optimality   
       0              1          4.532e-07                                    4.270e-05   
       1              2          4.263e-07      2.694e-08      1.603e+02      1.434e-04   
       2              6          4.171e-07      9.177e-09      2.531e+02      1.462e-04   
       3              8          4.081e-07      8.970e-09      7.896e+01      2.090e-05   
       4              9          4.046e-07      3.475e-09      5.771e+01      2.064e-05   
       5             11          4.044e-07      1.889e-10      5.214e+01      2.499e-05   
       6             12          4.044e-07      2.119e-11      5.944e+01      2.826e-05   
       7             13          4.042e-07      2.268e-10      1.529e+01      6.642e-06   
       8             14          4.042e-07      3.855e-11      1.449e+01      3.396e-06   
Optimization terminated successfully.
`ftol` condition satisfied. (ftol=1.00e-04)
         Current function value: 4.042e-07
         Total delta_x: 6.533e+01
         Iterations: 8
         Function evaluations: 14
         Jacobian evaluations: 9
Timer: Solution time = 1.39 min
Timer: Avg time per step = 9.31 sec
==============================================================================================================
                                                                 Start  -->   End
Total (sum of squares):                                      4.532e-07  -->   4.042e-07, 
Maximum absolute Boundary normal field error:                3.957e-02  -->   3.450e-02 (T*m^2)
Minimum absolute Boundary normal field error:                4.262e-14  -->   3.253e-14 (T*m^2)
Average absolute Boundary normal field error:                1.176e-02  -->   1.107e-02 (T*m^2)
Maximum absolute Boundary normal field error:                2.839e-04  -->   2.476e-04 (normalized)
Minimum absolute Boundary normal field error:                3.058e-16  -->   2.334e-16 (normalized)
Average absolute Boundary normal field error:                8.437e-05  -->   7.946e-05 (normalized)
Maximum absolute Boundary magnetic pressure error:           1.739e-01  -->   1.726e-01 (T^2*m^2)
Minimum absolute Boundary magnetic pressure error:           1.793e-04  -->   3.578e-05 (T^2*m^2)
Average absolute Boundary magnetic pressure error:           3.374e-02  -->   3.362e-02 (T^2*m^2)
Maximum absolute Boundary magnetic pressure error:           1.717e-04  -->   1.704e-04 (normalized)
Minimum absolute Boundary magnetic pressure error:           1.770e-07  -->   3.533e-08 (normalized)
Average absolute Boundary magnetic pressure error:           3.331e-05  -->   3.320e-05 (normalized)
Maximum absolute Boundary field jump error:                  4.162e-02  -->   3.483e-02 (T*m^2)
Minimum absolute Boundary field jump error:                  3.974e-04  -->   3.045e-04 (T*m^2)
Average absolute Boundary field jump error:                  1.245e-02  -->   1.181e-02 (T*m^2)
Maximum absolute Boundary field jump error:                  2.986e-04  -->   2.499e-04 (normalized)
Minimum absolute Boundary field jump error:                  2.852e-06  -->   2.185e-06 (normalized)
Average absolute Boundary field jump error:                  8.936e-05  -->   8.471e-05 (normalized)
Maximum absolute Force error:                                4.982e+05  -->   4.860e+05 (N)
Minimum absolute Force error:                                1.624e+00  -->   1.993e+00 (N)
Average absolute Force error:                                1.071e+04  -->   1.072e+04 (N)
Maximum absolute Force error:                                6.263e-05  -->   6.111e-05 (normalized)
Minimum absolute Force error:                                2.042e-10  -->   2.506e-10 (normalized)
Average absolute Force error:                                1.347e-06  -->   1.347e-06 (normalized)
R boundary error:                                            0.000e+00  -->   8.882e-19 (m)
Z boundary error:                                            0.000e+00  -->   1.648e-19 (m)
Fixed pressure profile error:                                0.000e+00  -->   0.000e+00 (Pa)
Fixed current profile error:                                 0.000e+00  -->   9.313e-10 (A)
Fixed Psi error:                                             0.000e+00  -->   0.000e+00 (Wb)
==============================================================================================================

==================================
Optimizing boundary modes M,N <= 5
====================================
Building objective: Boundary error
Precomputing transforms
Timer: Precomputing transforms = 515 ms
Timer: Objective build = 2.87 sec
Building objective: force
Precomputing transforms
Timer: Precomputing transforms = 1.07 sec
Timer: Objective build = 1.13 sec
Timer: Objective build = 1.63 ms
Timer: Eq Update LinearConstraintProjection build = 6.22 sec
Timer: Proximal projection build = 13.5 sec
Building objective: lcfs R
Building objective: lcfs Z
Building objective: fixed pressure
Building objective: fixed current
Building objective: fixed Psi
Timer: Objective build = 662 ms
Timer: LinearConstraintProjection build = 2.81 sec
Number of parameters: 135
Number of objectives: 5043
Timer: Initializing the optimization = 17.1 sec

Starting optimization
Using method: proximal-lsq-exact
   Iteration     Total nfev        Cost      Cost reduction    Step norm     Optimality   
       0              1          4.044e-07                                    3.453e-05   
       1              3          3.583e-07      4.611e-08      1.893e+02      9.023e-05   
       2              5          3.402e-07      1.810e-08      6.828e+02      1.455e-04   
       3              8          3.348e-07      5.443e-09      5.457e+02      8.156e-05   
       4             10          3.341e-07      6.192e-10      1.161e+02      2.376e-05   
       5             11          3.339e-07      2.825e-10      2.674e+01      4.225e-06   
       6             12          3.337e-07      1.660e-10      2.414e+01      4.128e-06   
       7             13          3.335e-07      1.922e-10      2.770e+01      2.131e-06   
       8             14          3.332e-07      2.581e-10      2.561e+01      1.884e-06   
       9             15          3.324e-07      8.182e-10      1.747e+01      5.851e-06   
      10             37          3.324e-07      0.000e+00      0.000e+00      5.851e-06   
Warning: A bad approximation caused failure to predict improvement.
         Current function value: 3.324e-07
         Total delta_x: 2.318e+02
         Iterations: 10
         Function evaluations: 37
         Jacobian evaluations: 10
Timer: Solution time = 2.48 min
Timer: Avg time per step = 13.5 sec
==============================================================================================================
                                                                 Start  -->   End
Total (sum of squares):                                      4.044e-07  -->   3.324e-07, 
Maximum absolute Boundary normal field error:                3.450e-02  -->   3.281e-02 (T*m^2)
Minimum absolute Boundary normal field error:                3.253e-14  -->   2.645e-14 (T*m^2)
Average absolute Boundary normal field error:                1.107e-02  -->   9.780e-03 (T*m^2)
Maximum absolute Boundary normal field error:                2.477e-04  -->   2.355e-04 (normalized)
Minimum absolute Boundary normal field error:                2.335e-16  -->   1.898e-16 (normalized)
Average absolute Boundary normal field error:                7.949e-05  -->   7.020e-05 (normalized)
Maximum absolute Boundary magnetic pressure error:           1.726e-01  -->   1.678e-01 (T^2*m^2)
Minimum absolute Boundary magnetic pressure error:           3.578e-05  -->   7.988e-05 (T^2*m^2)
Average absolute Boundary magnetic pressure error:           3.362e-02  -->   3.289e-02 (T^2*m^2)
Maximum absolute Boundary magnetic pressure error:           1.703e-04  -->   1.656e-04 (normalized)
Minimum absolute Boundary magnetic pressure error:           3.531e-08  -->   7.883e-08 (normalized)
Average absolute Boundary magnetic pressure error:           3.318e-05  -->   3.246e-05 (normalized)
Maximum absolute Boundary field jump error:                  3.483e-02  -->   3.434e-02 (T*m^2)
Minimum absolute Boundary field jump error:                  3.045e-04  -->   2.444e-04 (T*m^2)
Average absolute Boundary field jump error:                  1.181e-02  -->   1.067e-02 (T*m^2)
Maximum absolute Boundary field jump error:                  2.500e-04  -->   2.465e-04 (normalized)
Minimum absolute Boundary field jump error:                  2.185e-06  -->   1.754e-06 (normalized)
Average absolute Boundary field jump error:                  8.475e-05  -->   7.657e-05 (normalized)
Maximum absolute Force error:                                4.860e+05  -->   5.108e+05 (N)
Minimum absolute Force error:                                1.993e+00  -->   9.449e-02 (N)
Average absolute Force error:                                1.072e+04  -->   1.074e+04 (N)
Maximum absolute Force error:                                6.107e-05  -->   6.419e-05 (normalized)
Minimum absolute Force error:                                2.505e-10  -->   1.187e-11 (normalized)
Average absolute Force error:                                1.346e-06  -->   1.350e-06 (normalized)
R boundary error:                                            0.000e+00  -->   3.868e-20 (m)
Z boundary error:                                            0.000e+00  -->   5.774e-20 (m)
Fixed pressure profile error:                                0.000e+00  -->   0.000e+00 (Pa)
Fixed current profile error:                                 0.000e+00  -->   7.451e-09 (A)
Fixed Psi error:                                             0.000e+00  -->   0.000e+00 (Wb)
==============================================================================================================

==================================
Optimizing boundary modes M,N <= 7
====================================
Building objective: Boundary error
Precomputing transforms
Timer: Precomputing transforms = 520 ms
Timer: Objective build = 2.91 sec
Building objective: force
Precomputing transforms
Timer: Precomputing transforms = 869 ms
Timer: Objective build = 932 ms
Timer: Objective build = 1.66 ms
Timer: Eq Update LinearConstraintProjection build = 6.26 sec
Timer: Proximal projection build = 13.4 sec
Building objective: lcfs R
Building objective: lcfs Z
Building objective: fixed pressure
Building objective: fixed current
Building objective: fixed Psi
Timer: Objective build = 649 ms
Timer: LinearConstraintProjection build = 2.47 sec
Number of parameters: 239
Number of objectives: 5043
Timer: Initializing the optimization = 16.6 sec

Starting optimization
Using method: proximal-lsq-exact
   Iteration     Total nfev        Cost      Cost reduction    Step norm     Optimality   
       0              1          3.339e-07                                    1.044e-04   
       1              7          3.314e-07      2.469e-09      1.024e+00      9.064e-05   
       2             27          3.314e-07      0.000e+00      0.000e+00      9.064e-05   
Warning: A bad approximation caused failure to predict improvement.
         Current function value: 3.314e-07
         Total delta_x: 1.024e+00
         Iterations: 2
         Function evaluations: 27
         Jacobian evaluations: 2
Timer: Solution time = 2.87 min
Timer: Avg time per step = 57.5 sec
==============================================================================================================
                                                                 Start  -->   End
Total (sum of squares):                                      3.324e-07  -->   3.314e-07, 
Maximum absolute Boundary normal field error:                3.281e-02  -->   3.279e-02 (T*m^2)
Minimum absolute Boundary normal field error:                2.645e-14  -->   3.624e-14 (T*m^2)
Average absolute Boundary normal field error:                9.780e-03  -->   9.797e-03 (T*m^2)
Maximum absolute Boundary normal field error:                2.355e-04  -->   2.354e-04 (normalized)
Minimum absolute Boundary normal field error:                1.899e-16  -->   2.601e-16 (normalized)
Average absolute Boundary normal field error:                7.021e-05  -->   7.033e-05 (normalized)
Maximum absolute Boundary magnetic pressure error:           1.678e-01  -->   1.677e-01 (T^2*m^2)
Minimum absolute Boundary magnetic pressure error:           7.988e-05  -->   2.190e-05 (T^2*m^2)
Average absolute Boundary magnetic pressure error:           3.289e-02  -->   3.279e-02 (T^2*m^2)
Maximum absolute Boundary magnetic pressure error:           1.655e-04  -->   1.655e-04 (normalized)
Minimum absolute Boundary magnetic pressure error:           7.882e-08  -->   2.161e-08 (normalized)
Average absolute Boundary magnetic pressure error:           3.246e-05  -->   3.236e-05 (normalized)
Maximum absolute Boundary field jump error:                  3.434e-02  -->   3.433e-02 (T*m^2)
Minimum absolute Boundary field jump error:                  2.444e-04  -->   2.678e-04 (T*m^2)
Average absolute Boundary field jump error:                  1.067e-02  -->   1.063e-02 (T*m^2)
Maximum absolute Boundary field jump error:                  2.465e-04  -->   2.464e-04 (normalized)
Minimum absolute Boundary field jump error:                  1.754e-06  -->   1.923e-06 (normalized)
Average absolute Boundary field jump error:                  7.658e-05  -->   7.633e-05 (normalized)
Maximum absolute Force error:                                5.108e+05  -->   5.157e+05 (N)
Minimum absolute Force error:                                9.449e-02  -->   2.424e-01 (N)
Average absolute Force error:                                1.074e+04  -->   1.075e+04 (N)
Maximum absolute Force error:                                6.418e-05  -->   6.479e-05 (normalized)
Minimum absolute Force error:                                1.187e-11  -->   3.045e-11 (normalized)
Average absolute Force error:                                1.349e-06  -->   1.351e-06 (normalized)
R boundary error:                                            0.000e+00  -->   1.240e-19 (m)
Z boundary error:                                            0.000e+00  -->   1.144e-19 (m)
Fixed pressure profile error:                                0.000e+00  -->   0.000e+00 (Pa)
Fixed current profile error:                                 0.000e+00  -->   9.313e-10 (A)
Fixed Psi error:                                             0.000e+00  -->   0.000e+00 (Wb)
==============================================================================================================

==================================
Optimizing boundary modes M,N <= 8
====================================
Building objective: Boundary error
Precomputing transforms
Timer: Precomputing transforms = 515 ms
Timer: Objective build = 2.89 sec
Building objective: force
Precomputing transforms
Timer: Precomputing transforms = 867 ms
Timer: Objective build = 929 ms
Timer: Objective build = 1.65 ms
Timer: Eq Update LinearConstraintProjection build = 6.51 sec
Timer: Proximal projection build = 13.6 sec
Building objective: lcfs R
Building objective: lcfs Z
Building objective: fixed pressure
Building objective: fixed current
Building objective: fixed Psi
Timer: Objective build = 637 ms
Timer: LinearConstraintProjection build = 2.47 sec
Number of parameters: 303
Number of objectives: 5043
Timer: Initializing the optimization = 16.8 sec

Starting optimization
Using method: proximal-lsq-exact
   Iteration     Total nfev        Cost      Cost reduction    Step norm     Optimality   
       0              1          3.314e-07                                    9.064e-05   
       1             26          3.314e-07      0.000e+00      0.000e+00      9.064e-05   
Warning: A bad approximation caused failure to predict improvement.
         Current function value: 3.314e-07
         Total delta_x: 0.000e+00
         Iterations: 1
         Function evaluations: 26
         Jacobian evaluations: 1
Timer: Solution time = 3.13 min
Timer: Avg time per step = 1.56 min
==============================================================================================================
                                                                 Start  -->   End
Total (sum of squares):                                      3.314e-07  -->   3.314e-07, 
Maximum absolute Boundary normal field error:                3.279e-02  -->   3.279e-02 (T*m^2)
Minimum absolute Boundary normal field error:                3.624e-14  -->   3.624e-14 (T*m^2)
Average absolute Boundary normal field error:                9.797e-03  -->   9.797e-03 (T*m^2)
Maximum absolute Boundary normal field error:                2.354e-04  -->   2.354e-04 (normalized)
Minimum absolute Boundary normal field error:                2.601e-16  -->   2.601e-16 (normalized)
Average absolute Boundary normal field error:                7.033e-05  -->   7.033e-05 (normalized)
Maximum absolute Boundary magnetic pressure error:           1.677e-01  -->   1.677e-01 (T^2*m^2)
Minimum absolute Boundary magnetic pressure error:           2.190e-05  -->   2.190e-05 (T^2*m^2)
Average absolute Boundary magnetic pressure error:           3.279e-02  -->   3.279e-02 (T^2*m^2)
Maximum absolute Boundary magnetic pressure error:           1.655e-04  -->   1.655e-04 (normalized)
Minimum absolute Boundary magnetic pressure error:           2.161e-08  -->   2.161e-08 (normalized)
Average absolute Boundary magnetic pressure error:           3.236e-05  -->   3.236e-05 (normalized)
Maximum absolute Boundary field jump error:                  3.433e-02  -->   3.433e-02 (T*m^2)
Minimum absolute Boundary field jump error:                  2.678e-04  -->   2.678e-04 (T*m^2)
Average absolute Boundary field jump error:                  1.063e-02  -->   1.063e-02 (T*m^2)
Maximum absolute Boundary field jump error:                  2.464e-04  -->   2.464e-04 (normalized)
Minimum absolute Boundary field jump error:                  1.923e-06  -->   1.923e-06 (normalized)
Average absolute Boundary field jump error:                  7.633e-05  -->   7.633e-05 (normalized)
Maximum absolute Force error:                                5.157e+05  -->   5.157e+05 (N)
Minimum absolute Force error:                                2.424e-01  -->   2.424e-01 (N)
Average absolute Force error:                                1.075e+04  -->   1.075e+04 (N)
Maximum absolute Force error:                                6.479e-05  -->   6.479e-05 (normalized)
Minimum absolute Force error:                                3.045e-11  -->   3.045e-11 (normalized)
Average absolute Force error:                                1.351e-06  -->   1.351e-06 (normalized)
R boundary error:                                            0.000e+00  -->   0.000e+00 (m)
Z boundary error:                                            0.000e+00  -->   0.000e+00 (m)
Fixed pressure profile error:                                0.000e+00  -->   0.000e+00 (Pa)
Fixed current profile error:                                 0.000e+00  -->   0.000e+00 (A)
Fixed Psi error:                                             0.000e+00  -->   0.000e+00 (Wb)
==============================================================================================================

==================================
Optimizing boundary modes M,N <= 10
====================================
Building objective: Boundary error
Precomputing transforms
Timer: Precomputing transforms = 526 ms
Timer: Objective build = 2.92 sec
Building objective: force
Precomputing transforms
Timer: Precomputing transforms = 869 ms
Timer: Objective build = 931 ms
Timer: Objective build = 1.65 ms
Timer: Eq Update LinearConstraintProjection build = 6.26 sec
Timer: Proximal projection build = 13.4 sec
Building objective: lcfs R
Building objective: lcfs Z
Building objective: fixed pressure
Building objective: fixed current
Building objective: fixed Psi
Timer: Objective build = 523 ms
Timer: LinearConstraintProjection build = 2.66 sec
Number of parameters: 455
Number of objectives: 5043
Timer: Initializing the optimization = 16.7 sec

Starting optimization
Using method: proximal-lsq-exact
   Iteration     Total nfev        Cost      Cost reduction    Step norm     Optimality   
       0              1          3.314e-07                                    1.241e-04   
       1              6          3.229e-07      8.552e-09      2.607e+00      1.263e-04   
       2             27          3.229e-07      0.000e+00      0.000e+00      1.263e-04   
Warning: A bad approximation caused failure to predict improvement.
         Current function value: 3.229e-07
         Total delta_x: 2.607e+00
         Iterations: 2
         Function evaluations: 27
         Jacobian evaluations: 2
Timer: Solution time = 3.38 min
Timer: Avg time per step = 1.12 min
==============================================================================================================
                                                                 Start  -->   End
Total (sum of squares):                                      3.314e-07  -->   3.229e-07, 
Maximum absolute Boundary normal field error:                3.279e-02  -->   3.334e-02 (T*m^2)
Minimum absolute Boundary normal field error:                3.624e-14  -->   6.750e-14 (T*m^2)
Average absolute Boundary normal field error:                9.797e-03  -->   9.712e-03 (T*m^2)
Maximum absolute Boundary normal field error:                2.354e-04  -->   2.393e-04 (normalized)
Minimum absolute Boundary normal field error:                2.601e-16  -->   4.845e-16 (normalized)
Average absolute Boundary normal field error:                7.033e-05  -->   6.972e-05 (normalized)
Maximum absolute Boundary magnetic pressure error:           1.677e-01  -->   1.615e-01 (T^2*m^2)
Minimum absolute Boundary magnetic pressure error:           2.190e-05  -->   1.978e-07 (T^2*m^2)
Average absolute Boundary magnetic pressure error:           3.279e-02  -->   3.223e-02 (T^2*m^2)
Maximum absolute Boundary magnetic pressure error:           1.655e-04  -->   1.593e-04 (normalized)
Minimum absolute Boundary magnetic pressure error:           2.161e-08  -->   1.952e-10 (normalized)
Average absolute Boundary magnetic pressure error:           3.236e-05  -->   3.181e-05 (normalized)
Maximum absolute Boundary field jump error:                  3.433e-02  -->   3.327e-02 (T*m^2)
Minimum absolute Boundary field jump error:                  2.678e-04  -->   4.393e-04 (T*m^2)
Average absolute Boundary field jump error:                  1.063e-02  -->   1.043e-02 (T*m^2)
Maximum absolute Boundary field jump error:                  2.464e-04  -->   2.388e-04 (normalized)
Minimum absolute Boundary field jump error:                  1.923e-06  -->   3.153e-06 (normalized)
Average absolute Boundary field jump error:                  7.633e-05  -->   7.490e-05 (normalized)
Maximum absolute Force error:                                5.157e+05  -->   5.449e+05 (N)
Minimum absolute Force error:                                2.424e-01  -->   1.433e+00 (N)
Average absolute Force error:                                1.075e+04  -->   1.081e+04 (N)
Maximum absolute Force error:                                6.479e-05  -->   6.846e-05 (normalized)
Minimum absolute Force error:                                3.045e-11  -->   1.800e-10 (normalized)
Average absolute Force error:                                1.351e-06  -->   1.358e-06 (normalized)
R boundary error:                                            0.000e+00  -->   0.000e+00 (m)
Z boundary error:                                            0.000e+00  -->   0.000e+00 (m)
Fixed pressure profile error:                                0.000e+00  -->   0.000e+00 (Pa)
Fixed current profile error:                                 0.000e+00  -->   0.000e+00 (A)
Fixed Psi error:                                             0.000e+00  -->   0.000e+00 (Wb)
==============================================================================================================
