SAVING NO SHEET CURRENT SOLVE TO  /projects/EKOLEMEN/DESC/single_stage_optimization_finite_beta/optimization_finitebeta_nfp1_QI_stage1_save/coils/optimal_coils/ncoils_11_order_9_R1_5.6_length_target_5.1e+01_weight_0.039_max_curvature_0.27_weight_0.00035_msc_0.74_weight_2.2e-05_cc_1.3_weight_0.15_cs_1.6_weight_0.031_arclweight_0.0017_sign_B_external_normal1.0/desc_fb_no_sheet_current.h5
SAVING  SHEET CURRENT SOLVE TO  /projects/EKOLEMEN/DESC/single_stage_optimization_finite_beta/optimization_finitebeta_nfp1_QI_stage1_save/coils/optimal_coils/ncoils_11_order_9_R1_5.6_length_target_5.1e+01_weight_0.039_max_curvature_0.27_weight_0.00035_msc_0.74_weight_2.2e-05_cc_1.3_weight_0.15_cs_1.6_weight_0.031_arclweight_0.0017_sign_B_external_normal1.0/desc_fb_with_sheet_current.h5
/home/dpanici/DESC/desc/input_reader.py:1267: UserWarning: Current is not a power series!
  warnings.warn(colored("Current is not a power series!", "yellow"))
Building objective: force
Precomputing transforms
Building objective: lcfs R
Building objective: lcfs Z
Building objective: fixed Psi
Building objective: fixed pressure
Building objective: fixed current
Building objective: fixed sheet current
Building objective: self_consistency R
Building objective: self_consistency Z
Building objective: lambda gauge
Building objective: axis R self consistency
Building objective: axis Z self consistency
Number of parameters: 1635
Number of objectives: 9922

Starting optimization
Using method: lsq-exact
Warning: Maximum number of iterations has been exceeded.
         Current function value: 7.122e-07
         Total delta_x: 3.106e-01
         Iterations: 100
         Function evaluations: 121
         Jacobian evaluations: 101
==============================================================================================================
                                                                 Start  -->   End
Total (sum of squares):                                      2.691e+00  -->   7.122e-07, 
Maximum absolute Force error:                                5.853e+09  -->   2.363e+06 (N)
Minimum absolute Force error:                                2.008e+03  -->   5.857e+01 (N)
Average absolute Force error:                                1.218e+08  -->   7.803e+04 (N)
Maximum absolute Force error:                                1.227e+00  -->   4.955e-04 (normalized)
Minimum absolute Force error:                                4.210e-07  -->   1.228e-08 (normalized)
Average absolute Force error:                                2.554e-02  -->   1.636e-05 (normalized)
R boundary error:                                            0.000e+00  -->   3.510e-16 (m)
Z boundary error:                                            0.000e+00  -->   1.178e-16 (m)
Fixed Psi error:                                             0.000e+00  -->   0.000e+00 (Wb)
Fixed pressure profile error:                                0.000e+00  -->   1.164e-10 (Pa)
slurmstepd: error: *** JOB 64597652 ON della-l01g10 CANCELLED AT 2025-05-29T17:08:47 ***
