DESC version 0.13.0+424.g17f9abace,using JAX backend, jax version=0.4.31, jaxlib version=0.4.31, dtype=float64
Using device: NVIDIA A100-PCIE-40GB (id=0), with 40.00 GB available memory
SAVING NO SHEET CURRENT SOLVE TO  ./desc_fb_no_sheet_current.h5
SAVING  SHEET CURRENT SOLVE TO  ./desc_fb_with_sheet_current.h5
/home/dpanici/DESC/desc/input_reader.py:1267: UserWarning: Current is not a power series!
  warnings.warn(colored("Current is not a power series!", "yellow"))
eq psi = 49.68440342569543
field psi = -38.49234358638788

==================================
Optimizing boundary modes M,N <= 4
====================================
Building objective: Boundary error
/home/dpanici/DESC/desc/utils.py:554: UserWarning: Boundary pressure is nonzero (max 7209.7948531062575 Pa), a sheet current should be included.
  warnings.warn(colored(msg, "yellow"), err)
Precomputing transforms
Timer: Precomputing transforms = 955 ms
Timer: Objective build = 1.79 sec
Building objective: force
Precomputing transforms
Timer: Precomputing transforms = 1.28 sec
Timer: Objective build = 1.35 sec
Timer: Proximal projection build = 10.9 sec
Building objective: lcfs R
Building objective: lcfs Z
Building objective: fixed pressure
Building objective: fixed current
Building objective: fixed Psi
Timer: Objective build = 543 ms
Timer: Linear constraint projection build = 2.42 sec
Number of parameters: 81
Number of objectives: 3362
Timer: Initializing the optimization = 13.9 sec

Starting optimization
Using method: proximal-lsq-exact
   Iteration     Total nfev        Cost      Cost reduction    Step norm     Optimality   
       0              1          1.887e+02                                    1.182e+01   
       1              3          7.065e+01      1.180e+02      3.069e-01      5.667e+00   
       2              4          4.408e+01      2.658e+01      7.601e-01      5.371e+00   
       3              7          3.659e+01      7.487e+00      5.280e-03      2.548e+00   
       4              8          3.285e+01      3.735e+00      6.154e-03      1.133e+00   
       5              9          3.040e+01      2.455e+00      2.180e-02      6.502e-01   
       6             13          3.040e+01      7.818e-04      3.630e-04      1.005e+00   
       7             14          3.037e+01      2.669e-02      4.904e-05      6.643e-01   
       8             15          3.035e+01      1.715e-02      1.966e-04      5.134e-01   
       9             16          3.033e+01      2.643e-02      3.768e-04      5.677e-01   
      10             17          3.028e+01      4.482e-02      8.384e-04      6.136e-01   
      11             18          3.020e+01      8.758e-02      1.883e-03      5.786e-01   
      12             19          3.004e+01      1.521e-01      3.832e-03      3.829e-01   
      13             20          2.976e+01      2.816e-01      6.466e-03      4.883e-01   
      14             21          2.935e+01      4.072e-01      1.671e-02      2.862e-01   
      15             22          2.920e+01      1.590e-01      2.680e-02      3.748e-01   
      16             23          2.893e+01      2.621e-01      6.829e-03      3.014e-01   
      17             24          2.862e+01      3.112e-01      1.303e-02      1.909e-01   
      18             25          2.806e+01      5.579e-01      2.210e-02      1.917e-01   
      19             26          2.708e+01      9.810e-01      3.612e-02      1.971e-01   
      20             27          2.591e+01      1.172e+00      6.947e-02      1.761e-01   
      21             29          2.557e+01      3.394e-01      1.308e-02      1.682e-01   
      22             30          2.481e+01      7.653e-01      2.495e-02      1.989e-01   
      23             32          2.457e+01      2.379e-01      2.552e-02      1.568e-01   
      24             34          2.452e+01      5.104e-02      2.298e-03      1.029e-01   
      25             35          2.446e+01      5.754e-02      2.982e-03      7.328e-02   
      26             36          2.434e+01      1.166e-01      8.049e-03      9.019e-02   
      27             37          2.416e+01      1.859e-01      1.358e-02      1.425e-01   
      28             39          2.409e+01      7.002e-02      6.543e-03      2.622e-01   
slurmstepd: error: *** JOB 60984603 ON della-i14g3 CANCELLED AT 2024-12-09T17:22:41 ***
