DESC version 0.12.3+346.gb7354b1ef,using JAX backend, jax version=0.4.31, jaxlib version=0.4.31, dtype=float64
Using device: NVIDIA A100 80GB PCIe (id=0), with 80.00 GB available memory
SAVING NO SHEET CURRENT SOLVE TO  ./desc_fb_no_sheet_current.h5
SAVING  SHEET CURRENT SOLVE TO  ./desc_fb_with_sheet_current.h5
/home/dpanici/DESC/desc/input_reader.py:1267: UserWarning: Current is not a power series!
  warnings.warn(colored("Current is not a power series!", "yellow"))
================
Step 1
================
Spectral indexing: ansi
Spectral resolution (L,M,N)=(6,6,0)
Node resolution (L,M,N)=(12,12,0)
Boundary ratio = 0
Pressure ratio = 0
Current ratio = 1
Perturbation Order = 2
Objective: force
Optimizer: lsq-exact
================
Building objective: force
Precomputing transforms
Building objective: lcfs R
Building objective: lcfs Z
Building objective: fixed Psi
Building objective: fixed pressure
Building objective: fixed current
Building objective: fixed sheet current
Building objective: self_consistency R
Building objective: self_consistency Z
Building objective: lambda gauge
Building objective: axis R self consistency
Building objective: axis Z self consistency
Number of parameters: 27
Number of objectives: 98

Starting optimization
Using method: lsq-exact
Optimization terminated successfully.
`ftol` condition satisfied.
         Current function value: 9.583e-15
         Total delta_x: 3.184e-01
         Iterations: 25
         Function evaluations: 35
         Jacobian evaluations: 26
==============================================================================================================
                                                                 Start  -->   End
Total (sum of squares):                                      2.720e-01  -->   9.583e-15, 
Maximum absolute Force error:                                2.993e+08  -->   6.194e+01 (N)
Minimum absolute Force error:                                1.816e+05  -->   1.712e-02 (N)
Average absolute Force error:                                2.907e+07  -->   6.067e+00 (N)
Maximum absolute Force error:                                9.860e-02  -->   2.040e-08 (normalized)
Minimum absolute Force error:                                5.983e-05  -->   5.639e-12 (normalized)
Average absolute Force error:                                9.577e-03  -->   1.998e-09 (normalized)
R boundary error:                                            0.000e+00  -->   0.000e+00 (m)
Z boundary error:                                            0.000e+00  -->   5.551e-17 (m)
Fixed Psi error:                                             0.000e+00  -->   0.000e+00 (Wb)
Fixed pressure profile error:                                0.000e+00  -->   0.000e+00 (Pa)
Fixed current profile error:                                 0.000e+00  -->   0.000e+00 (A)
Fixed sheet current error:                                   0.000e+00  -->   0.000e+00 (~)
==============================================================================================================
================
Step 2
================
Spectral indexing: ansi
Spectral resolution (L,M,N)=(10,10,0)
Node resolution (L,M,N)=(20,20,0)
Boundary ratio = 0
Pressure ratio = 0
Current ratio = 1
Perturbation Order = 2
Objective: force
Optimizer: lsq-exact
================
Building objective: force
Precomputing transforms
Building objective: lcfs R
Building objective: lcfs Z
Building objective: fixed Psi
Building objective: fixed pressure
Building objective: fixed current
Building objective: fixed sheet current
Building objective: self_consistency R
Building objective: self_consistency Z
Building objective: lambda gauge
Building objective: axis R self consistency
Building objective: axis Z self consistency
Number of parameters: 75
Number of objectives: 242

Starting optimization
Using method: lsq-exact
Optimization terminated successfully.
`xtol` condition satisfied.
         Current function value: 1.507e-19
         Total delta_x: 1.459e-05
         Iterations: 1
         Function evaluations: 2
         Jacobian evaluations: 2
==============================================================================================================
                                                                 Start  -->   End
Total (sum of squares):                                      9.372e-15  -->   1.507e-19, 
Maximum absolute Force error:                                1.050e+02  -->   7.586e-01 (N)
Minimum absolute Force error:                                9.692e-03  -->   1.087e-06 (N)
Average absolute Force error:                                5.765e+00  -->   1.406e-02 (N)
Maximum absolute Force error:                                3.457e-08  -->   2.499e-10 (normalized)
Minimum absolute Force error:                                3.192e-12  -->   3.581e-16 (normalized)
Average absolute Force error:                                1.899e-09  -->   4.632e-12 (normalized)
R boundary error:                                            0.000e+00  -->   0.000e+00 (m)
Z boundary error:                                            0.000e+00  -->   5.551e-17 (m)
Fixed Psi error:                                             0.000e+00  -->   0.000e+00 (Wb)
Fixed pressure profile error:                                0.000e+00  -->   0.000e+00 (Pa)
Fixed current profile error:                                 0.000e+00  -->   0.000e+00 (A)
Fixed sheet current error:                                   0.000e+00  -->   0.000e+00 (~)
==============================================================================================================
================
Step 3
================
Spectral indexing: ansi
Spectral resolution (L,M,N)=(10,10,10)
Node resolution (L,M,N)=(20,20,20)
Boundary ratio = 0.25
Pressure ratio = 1
Current ratio = 1
Perturbation Order = 2
Objective: force
Optimizer: lsq-exact
================
Perturbing equilibrium
Building objective: force
Precomputing transforms
Building objective: lcfs R
Building objective: lcfs Z
Building objective: fixed Psi
Building objective: fixed pressure
Building objective: fixed current
Building objective: fixed sheet current
Building objective: self_consistency R
Building objective: self_consistency Z
Building objective: lambda gauge
Building objective: axis R self consistency
Building objective: axis Z self consistency
Perturbing Rb_lmn, Zb_lmn
Factorizing linear constraints
Computing df
Factoring df
Computing d^2f
||dx||/||x|| =  1.005e-01
/home/dpanici/DESC/desc/continuation.py:427: UserWarning: WARNING: Automatic continuation failed with bdry_step=0.25, retrying with bdry_step=0.125
  warnings.warn(
================
Step 3
================
Spectral indexing: ansi
Spectral resolution (L,M,N)=(10,10,10)
Node resolution (L,M,N)=(20,20,20)
Boundary ratio = 0.125
Pressure ratio = 1
Current ratio = 1
Perturbation Order = 2
Objective: force
Optimizer: lsq-exact
================
Perturbing equilibrium
Building objective: force
Precomputing transforms
Building objective: lcfs R
Building objective: lcfs Z
Building objective: fixed Psi
Building objective: fixed pressure
Building objective: fixed current
Building objective: fixed sheet current
Building objective: self_consistency R
Building objective: self_consistency Z
Building objective: lambda gauge
Building objective: axis R self consistency
Building objective: axis Z self consistency
Perturbing Rb_lmn, Zb_lmn
Factorizing linear constraints
Computing df
Factoring df
Computing d^2f
||dx||/||x|| =  1.005e-01
Building objective: self_consistency R
Building objective: self_consistency Z
Building objective: lambda gauge
Building objective: axis R self consistency
Building objective: axis Z self consistency
Number of parameters: 1635
Number of objectives: 9922

Starting optimization
Using method: lsq-exact
Warning: Maximum number of iterations has been exceeded.
         Current function value: 5.267e-10
         Total delta_x: 1.120e+00
         Iterations: 100
         Function evaluations: 112
         Jacobian evaluations: 101
==============================================================================================================
                                                                 Start  -->   End
Total (sum of squares):                                      1.186e+00  -->   5.267e-10, 
Maximum absolute Force error:                                2.738e+09  -->   3.850e+04 (N)
Minimum absolute Force error:                                1.239e+03  -->   2.945e-01 (N)
Average absolute Force error:                                2.803e+07  -->   1.268e+03 (N)
Maximum absolute Force error:                                9.019e-01  -->   1.268e-05 (normalized)
Minimum absolute Force error:                                4.081e-07  -->   9.702e-11 (normalized)
Average absolute Force error:                                9.233e-03  -->   4.177e-07 (normalized)
R boundary error:                                            0.000e+00  -->   3.975e-18 (m)
Z boundary error:                                            0.000e+00  -->   3.903e-18 (m)
Fixed Psi error:                                             0.000e+00  -->   0.000e+00 (Wb)
Fixed pressure profile error:                                0.000e+00  -->   0.000e+00 (Pa)
Fixed current profile error:                                 0.000e+00  -->   0.000e+00 (A)
Fixed sheet current error:                                   0.000e+00  -->   0.000e+00 (~)
==============================================================================================================
================
Step 4
================
Spectral indexing: ansi
Spectral resolution (L,M,N)=(10,10,10)
Node resolution (L,M,N)=(20,20,20)
Boundary ratio = 0.25
Pressure ratio = 1
Current ratio = 1
Perturbation Order = 2
Objective: force
Optimizer: lsq-exact
================
Perturbing equilibrium
Building objective: force
Precomputing transforms
Building objective: lcfs R
Building objective: lcfs Z
Building objective: fixed Psi
Building objective: fixed pressure
Building objective: fixed current
Building objective: fixed sheet current
Building objective: self_consistency R
Building objective: self_consistency Z
Building objective: lambda gauge
Building objective: axis R self consistency
Building objective: axis Z self consistency
Perturbing Rb_lmn, Zb_lmn
Factorizing linear constraints
Computing df
Factoring df
Computing d^2f
||dx||/||x|| =  7.633e-02
Building objective: self_consistency R
Building objective: self_consistency Z
Building objective: lambda gauge
Building objective: axis R self consistency
Building objective: axis Z self consistency
Number of parameters: 1635
Number of objectives: 9922

Starting optimization
Using method: lsq-exact
Warning: Maximum number of iterations has been exceeded.
         Current function value: 3.295e-11
         Total delta_x: 5.578e-01
         Iterations: 100
         Function evaluations: 130
         Jacobian evaluations: 101
==============================================================================================================
                                                                 Start  -->   End
Total (sum of squares):                                      9.575e-03  -->   3.295e-11, 
Maximum absolute Force error:                                4.688e+08  -->   4.966e+03 (N)
Minimum absolute Force error:                                4.031e+02  -->   8.005e-02 (N)
Average absolute Force error:                                3.445e+06  -->   3.302e+02 (N)
Maximum absolute Force error:                                1.544e-01  -->   1.636e-06 (normalized)
Minimum absolute Force error:                                1.328e-07  -->   2.637e-11 (normalized)
Average absolute Force error:                                1.135e-03  -->   1.088e-07 (normalized)
R boundary error:                                            0.000e+00  -->   7.950e-18 (m)
Z boundary error:                                            0.000e+00  -->   7.806e-18 (m)
Fixed Psi error:                                             0.000e+00  -->   0.000e+00 (Wb)
Fixed pressure profile error:                                0.000e+00  -->   0.000e+00 (Pa)
Fixed current profile error:                                 0.000e+00  -->   0.000e+00 (A)
Fixed sheet current error:                                   0.000e+00  -->   0.000e+00 (~)
==============================================================================================================
================
Step 5
================
Spectral indexing: ansi
Spectral resolution (L,M,N)=(10,10,10)
Node resolution (L,M,N)=(20,20,20)
Boundary ratio = 0.375
Pressure ratio = 1
Current ratio = 1
Perturbation Order = 2
Objective: force
Optimizer: lsq-exact
================
Perturbing equilibrium
Building objective: force
Precomputing transforms
Building objective: lcfs R
Building objective: lcfs Z
Building objective: fixed Psi
Building objective: fixed pressure
Building objective: fixed current
Building objective: fixed sheet current
Building objective: self_consistency R
Building objective: self_consistency Z
Building objective: lambda gauge
Building objective: axis R self consistency
Building objective: axis Z self consistency
Perturbing Rb_lmn, Zb_lmn
Factorizing linear constraints
Computing df
Factoring df
Computing d^2f
||dx||/||x|| =  5.075e-02
Building objective: self_consistency R
Building objective: self_consistency Z
Building objective: lambda gauge
Building objective: axis R self consistency
Building objective: axis Z self consistency
Number of parameters: 1635
Number of objectives: 9922

Starting optimization
Using method: lsq-exact
Optimization terminated successfully.
`ftol` condition satisfied.
         Current function value: 1.145e-11
         Total delta_x: 4.845e-02
         Iterations: 8
         Function evaluations: 16
         Jacobian evaluations: 9
==============================================================================================================
                                                                 Start  -->   End
Total (sum of squares):                                      4.418e-04  -->   1.145e-11, 
Maximum absolute Force error:                                3.282e+07  -->   5.014e+03 (N)
Minimum absolute Force error:                                1.224e+01  -->   2.594e-02 (N)
Average absolute Force error:                                1.072e+06  -->   1.962e+02 (N)
Maximum absolute Force error:                                1.081e-02  -->   1.651e-06 (normalized)
Minimum absolute Force error:                                4.031e-09  -->   8.544e-12 (normalized)
Average absolute Force error:                                3.531e-04  -->   6.461e-08 (normalized)
R boundary error:                                            0.000e+00  -->   2.864e-17 (m)
Z boundary error:                                            0.000e+00  -->   1.564e-17 (m)
Fixed Psi error:                                             0.000e+00  -->   0.000e+00 (Wb)
Fixed pressure profile error:                                0.000e+00  -->   0.000e+00 (Pa)
Fixed current profile error:                                 0.000e+00  -->   0.000e+00 (A)
Fixed sheet current error:                                   0.000e+00  -->   0.000e+00 (~)
==============================================================================================================
================
Step 6
================
Spectral indexing: ansi
Spectral resolution (L,M,N)=(10,10,10)
Node resolution (L,M,N)=(20,20,20)
Boundary ratio = 0.5
Pressure ratio = 1
Current ratio = 1
Perturbation Order = 2
Objective: force
Optimizer: lsq-exact
================
Perturbing equilibrium
Building objective: force
Precomputing transforms
Building objective: lcfs R
Building objective: lcfs Z
Building objective: fixed Psi
Building objective: fixed pressure
Building objective: fixed current
Building objective: fixed sheet current
Building objective: self_consistency R
Building objective: self_consistency Z
Building objective: lambda gauge
Building objective: axis R self consistency
Building objective: axis Z self consistency
Perturbing Rb_lmn, Zb_lmn
Factorizing linear constraints
Computing df
Factoring df
Computing d^2f
||dx||/||x|| =  4.975e-02
Building objective: self_consistency R
Building objective: self_consistency Z
Building objective: lambda gauge
Building objective: axis R self consistency
Building objective: axis Z self consistency
Number of parameters: 1635
Number of objectives: 9922

Starting optimization
Using method: lsq-exact
Optimization terminated successfully.
`ftol` condition satisfied.
         Current function value: 2.763e-10
         Total delta_x: 2.301e-02
         Iterations: 7
         Function evaluations: 14
         Jacobian evaluations: 8
==============================================================================================================
                                                                 Start  -->   End
Total (sum of squares):                                      6.845e-04  -->   2.763e-10, 
Maximum absolute Force error:                                4.747e+07  -->   2.774e+04 (N)
Minimum absolute Force error:                                6.659e+00  -->   2.434e-01 (N)
Average absolute Force error:                                1.258e+06  -->   8.994e+02 (N)
Maximum absolute Force error:                                1.564e-02  -->   9.137e-06 (normalized)
Minimum absolute Force error:                                2.194e-09  -->   8.018e-11 (normalized)
Average absolute Force error:                                4.145e-04  -->   2.963e-07 (normalized)
R boundary error:                                            0.000e+00  -->   7.758e-18 (m)
Z boundary error:                                            0.000e+00  -->   1.709e-17 (m)
Fixed Psi error:                                             0.000e+00  -->   0.000e+00 (Wb)
Fixed pressure profile error:                                0.000e+00  -->   0.000e+00 (Pa)
Fixed current profile error:                                 0.000e+00  -->   0.000e+00 (A)
Fixed sheet current error:                                   0.000e+00  -->   0.000e+00 (~)
==============================================================================================================
================
Step 7
================
Spectral indexing: ansi
Spectral resolution (L,M,N)=(10,10,10)
Node resolution (L,M,N)=(20,20,20)
Boundary ratio = 0.625
Pressure ratio = 1
Current ratio = 1
Perturbation Order = 2
Objective: force
Optimizer: lsq-exact
================
Perturbing equilibrium
Building objective: force
Precomputing transforms
Building objective: lcfs R
Building objective: lcfs Z
Building objective: fixed Psi
Building objective: fixed pressure
Building objective: fixed current
Building objective: fixed sheet current
Building objective: self_consistency R
Building objective: self_consistency Z
Building objective: lambda gauge
Building objective: axis R self consistency
Building objective: axis Z self consistency
Perturbing Rb_lmn, Zb_lmn
Factorizing linear constraints
Computing df
Factoring df
Computing d^2f
||dx||/||x|| =  4.888e-02
Building objective: self_consistency R
Building objective: self_consistency Z
Building objective: lambda gauge
Building objective: axis R self consistency
Building objective: axis Z self consistency
Number of parameters: 1635
Number of objectives: 9922

Starting optimization
Using method: lsq-exact
Optimization terminated successfully.
`ftol` condition satisfied.
         Current function value: 2.319e-09
         Total delta_x: 4.087e-02
         Iterations: 7
         Function evaluations: 14
         Jacobian evaluations: 8
==============================================================================================================
                                                                 Start  -->   End
Total (sum of squares):                                      1.178e-03  -->   2.319e-09, 
Maximum absolute Force error:                                5.042e+07  -->   6.058e+04 (N)
Minimum absolute Force error:                                1.047e+01  -->   4.867e-02 (N)
Average absolute Force error:                                1.645e+06  -->   2.737e+03 (N)
Maximum absolute Force error:                                1.661e-02  -->   1.996e-05 (normalized)
Minimum absolute Force error:                                3.447e-09  -->   1.603e-11 (normalized)
Average absolute Force error:                                5.417e-04  -->   9.014e-07 (normalized)
R boundary error:                                            0.000e+00  -->   2.230e-16 (m)
Z boundary error:                                            0.000e+00  -->   2.221e-16 (m)
Fixed Psi error:                                             0.000e+00  -->   0.000e+00 (Wb)
Fixed pressure profile error:                                0.000e+00  -->   0.000e+00 (Pa)
Fixed current profile error:                                 0.000e+00  -->   0.000e+00 (A)
Fixed sheet current error:                                   0.000e+00  -->   0.000e+00 (~)
==============================================================================================================
================
Step 8
================
Spectral indexing: ansi
Spectral resolution (L,M,N)=(10,10,10)
Node resolution (L,M,N)=(20,20,20)
Boundary ratio = 0.75
Pressure ratio = 1
Current ratio = 1
Perturbation Order = 2
Objective: force
Optimizer: lsq-exact
================
Perturbing equilibrium
Building objective: force
Precomputing transforms
Building objective: lcfs R
Building objective: lcfs Z
Building objective: fixed Psi
Building objective: fixed pressure
Building objective: fixed current
Building objective: fixed sheet current
Building objective: self_consistency R
Building objective: self_consistency Z
Building objective: lambda gauge
Building objective: axis R self consistency
Building objective: axis Z self consistency
Perturbing Rb_lmn, Zb_lmn
Factorizing linear constraints
Computing df
Factoring df
Computing d^2f
||dx||/||x|| =  4.906e-02
Building objective: self_consistency R
Building objective: self_consistency Z
Building objective: lambda gauge
Building objective: axis R self consistency
Building objective: axis Z self consistency
Number of parameters: 1635
Number of objectives: 9922

Starting optimization
Using method: lsq-exact
Optimization terminated successfully.
`ftol` condition satisfied.
         Current function value: 9.674e-09
         Total delta_x: 7.340e-02
         Iterations: 22
         Function evaluations: 30
         Jacobian evaluations: 23
==============================================================================================================
                                                                 Start  -->   End
Total (sum of squares):                                      6.054e-03  -->   9.674e-09, 
Maximum absolute Force error:                                1.821e+08  -->   1.267e+05 (N)
Minimum absolute Force error:                                5.232e+02  -->   4.605e-01 (N)
Average absolute Force error:                                3.060e+06  -->   5.811e+03 (N)
Maximum absolute Force error:                                5.999e-02  -->   4.174e-05 (normalized)
Minimum absolute Force error:                                1.724e-07  -->   1.517e-10 (normalized)
Average absolute Force error:                                1.008e-03  -->   1.914e-06 (normalized)
R boundary error:                                            0.000e+00  -->   5.904e-17 (m)
Z boundary error:                                            0.000e+00  -->   2.798e-17 (m)
Fixed Psi error:                                             0.000e+00  -->   0.000e+00 (Wb)
Fixed pressure profile error:                                0.000e+00  -->   0.000e+00 (Pa)
Fixed current profile error:                                 0.000e+00  -->   0.000e+00 (A)
Fixed sheet current error:                                   0.000e+00  -->   0.000e+00 (~)
==============================================================================================================
================
Step 9
================
Spectral indexing: ansi
Spectral resolution (L,M,N)=(10,10,10)
Node resolution (L,M,N)=(20,20,20)
Boundary ratio = 0.875
Pressure ratio = 1
Current ratio = 1
Perturbation Order = 2
Objective: force
Optimizer: lsq-exact
================
Perturbing equilibrium
Building objective: force
Precomputing transforms
Building objective: lcfs R
Building objective: lcfs Z
Building objective: fixed Psi
Building objective: fixed pressure
Building objective: fixed current
Building objective: fixed sheet current
Building objective: self_consistency R
Building objective: self_consistency Z
Building objective: lambda gauge
Building objective: axis R self consistency
Building objective: axis Z self consistency
Perturbing Rb_lmn, Zb_lmn
Factorizing linear constraints
Computing df
Factoring df
Computing d^2f
||dx||/||x|| =  4.913e-02
Building objective: self_consistency R
Building objective: self_consistency Z
Building objective: lambda gauge
Building objective: axis R self consistency
Building objective: axis Z self consistency
Number of parameters: 1635
Number of objectives: 9922

Starting optimization
Using method: lsq-exact
Optimization terminated successfully.
`ftol` condition satisfied.
         Current function value: 5.428e-08
         Total delta_x: 6.541e-02
         Iterations: 6
         Function evaluations: 12
         Jacobian evaluations: 7
==============================================================================================================
                                                                 Start  -->   End
Total (sum of squares):                                      6.120e-03  -->   5.428e-08, 
Maximum absolute Force error:                                1.415e+08  -->   4.187e+05 (N)
Minimum absolute Force error:                                9.889e+01  -->   4.686e+00 (N)
Average absolute Force error:                                3.805e+06  -->   1.373e+04 (N)
Maximum absolute Force error:                                4.660e-02  -->   1.379e-04 (normalized)
Minimum absolute Force error:                                3.257e-08  -->   1.544e-09 (normalized)
Average absolute Force error:                                1.253e-03  -->   4.524e-06 (normalized)
R boundary error:                                            0.000e+00  -->   1.129e-16 (m)
Z boundary error:                                            0.000e+00  -->   3.879e-18 (m)
Fixed Psi error:                                             0.000e+00  -->   0.000e+00 (Wb)
Fixed pressure profile error:                                0.000e+00  -->   0.000e+00 (Pa)
Fixed current profile error:                                 0.000e+00  -->   0.000e+00 (A)
Fixed sheet current error:                                   0.000e+00  -->   0.000e+00 (~)
==============================================================================================================
================
Step 10
================
Spectral indexing: ansi
Spectral resolution (L,M,N)=(10,10,10)
Node resolution (L,M,N)=(20,20,20)
Boundary ratio = 1.0
Pressure ratio = 1
Current ratio = 1
Perturbation Order = 2
Objective: force
Optimizer: lsq-exact
================
Perturbing equilibrium
Building objective: force
Precomputing transforms
Building objective: lcfs R
Building objective: lcfs Z
Building objective: fixed Psi
Building objective: fixed pressure
Building objective: fixed current
Building objective: fixed sheet current
Building objective: self_consistency R
Building objective: self_consistency Z
Building objective: lambda gauge
Building objective: axis R self consistency
Building objective: axis Z self consistency
Perturbing Rb_lmn, Zb_lmn
Factorizing linear constraints
Computing df
Factoring df
Computing d^2f
||dx||/||x|| =  4.817e-02
Building objective: self_consistency R
Building objective: self_consistency Z
Building objective: lambda gauge
Building objective: axis R self consistency
Building objective: axis Z self consistency
Number of parameters: 1635
Number of objectives: 9922

Starting optimization
Using method: lsq-exact
Optimization terminated successfully.
`ftol` condition satisfied.
         Current function value: 1.653e-07
         Total delta_x: 6.013e-02
         Iterations: 8
         Function evaluations: 13
         Jacobian evaluations: 9
==============================================================================================================
                                                                 Start  -->   End
Total (sum of squares):                                      4.277e-02  -->   1.653e-07, 
Maximum absolute Force error:                                3.702e+08  -->   7.233e+05 (N)
Minimum absolute Force error:                                1.313e+03  -->   1.676e-01 (N)
Average absolute Force error:                                9.774e+06  -->   2.350e+04 (N)
Maximum absolute Force error:                                1.219e-01  -->   2.382e-04 (normalized)
Minimum absolute Force error:                                4.323e-07  -->   5.520e-11 (normalized)
Average absolute Force error:                                3.220e-03  -->   7.740e-06 (normalized)
R boundary error:                                            0.000e+00  -->   1.552e-17 (m)
Z boundary error:                                            0.000e+00  -->   3.417e-17 (m)
Fixed Psi error:                                             0.000e+00  -->   0.000e+00 (Wb)
Fixed pressure profile error:                                0.000e+00  -->   0.000e+00 (Pa)
Fixed current profile error:                                 0.000e+00  -->   0.000e+00 (A)
Fixed sheet current error:                                   0.000e+00  -->   0.000e+00 (~)
==============================================================================================================
================
Step 11
================
Spectral indexing: ansi
Spectral resolution (L,M,N)=(10,10,10)
Node resolution (L,M,N)=(20,20,20)
Boundary ratio = 0
Pressure ratio = 0.5
Current ratio = 1
Perturbation Order = 2
Objective: force
Optimizer: lsq-exact
================
Perturbing equilibrium
Building objective: force
Precomputing transforms
Building objective: lcfs R
Building objective: lcfs Z
Building objective: fixed Psi
Building objective: fixed pressure
Building objective: fixed current
Building objective: fixed sheet current
Building objective: self_consistency R
Building objective: self_consistency Z
Building objective: lambda gauge
Building objective: axis R self consistency
Building objective: axis Z self consistency
Perturbing p_l
Factorizing linear constraints
Computing df
Factoring df
Computing d^2f
||dx||/||x|| =  8.027e-03
Building objective: self_consistency R
Building objective: self_consistency Z
Building objective: lambda gauge
Building objective: axis R self consistency
Building objective: axis Z self consistency
Number of parameters: 1635
Number of objectives: 9922

Starting optimization
Using method: lsq-exact
Optimization terminated successfully.
`ftol` condition satisfied.
         Current function value: 1.350e-07
         Total delta_x: 2.402e-02
         Iterations: 7
         Function evaluations: 14
         Jacobian evaluations: 8
==============================================================================================================
                                                                 Start  -->   End
Total (sum of squares):                                      3.061e-05  -->   1.350e-07, 
Maximum absolute Force error:                                1.442e+07  -->   5.808e+05 (N)
Minimum absolute Force error:                                3.574e+01  -->   2.509e+00 (N)
Average absolute Force error:                                2.469e+05  -->   2.153e+04 (N)
Maximum absolute Force error:                                4.749e-03  -->   1.913e-04 (normalized)
Minimum absolute Force error:                                1.177e-08  -->   8.265e-10 (normalized)
Average absolute Force error:                                8.134e-05  -->   7.094e-06 (normalized)
R boundary error:                                            3.052e-15  -->   1.552e-17 (m)
Z boundary error:                                            2.952e-15  -->   9.861e-32 (m)
Fixed Psi error:                                             0.000e+00  -->   0.000e+00 (Wb)
Fixed pressure profile error:                                0.000e+00  -->   5.821e-11 (Pa)
Fixed current profile error:                                 0.000e+00  -->   0.000e+00 (A)
Fixed sheet current error:                                   0.000e+00  -->   0.000e+00 (~)
==============================================================================================================
================
Step 12
================
Spectral indexing: ansi
Spectral resolution (L,M,N)=(10,10,10)
Node resolution (L,M,N)=(20,20,20)
Boundary ratio = 0
Pressure ratio = 1.0
Current ratio = 1
Perturbation Order = 2
Objective: force
Optimizer: lsq-exact
================
Perturbing equilibrium
Building objective: force
Precomputing transforms
Building objective: lcfs R
Building objective: lcfs Z
Building objective: fixed Psi
Building objective: fixed pressure
Building objective: fixed current
Building objective: fixed sheet current
Building objective: self_consistency R
Building objective: self_consistency Z
Building objective: lambda gauge
Building objective: axis R self consistency
Building objective: axis Z self consistency
Perturbing p_l
Factorizing linear constraints
Computing df
Factoring df
Computing d^2f
||dx||/||x|| =  5.957e-03
Building objective: self_consistency R
Building objective: self_consistency Z
Building objective: lambda gauge
Building objective: axis R self consistency
Building objective: axis Z self consistency
Number of parameters: 1635
Number of objectives: 9922

Starting optimization
Using method: lsq-exact
Optimization terminated successfully.
`ftol` condition satisfied.
         Current function value: 1.444e-07
         Total delta_x: 1.929e-02
         Iterations: 5
         Function evaluations: 11
         Jacobian evaluations: 6
==============================================================================================================
                                                                 Start  -->   End
Total (sum of squares):                                      1.106e-05  -->   1.444e-07, 
Maximum absolute Force error:                                2.677e+06  -->   5.949e+05 (N)
Minimum absolute Force error:                                2.666e+01  -->   5.035e+00 (N)
Average absolute Force error:                                1.608e+05  -->   2.232e+04 (N)
Maximum absolute Force error:                                8.819e-04  -->   1.960e-04 (normalized)
Minimum absolute Force error:                                8.781e-09  -->   1.658e-09 (normalized)
Average absolute Force error:                                5.298e-05  -->   7.352e-06 (normalized)
R boundary error:                                            3.052e-15  -->   1.388e-17 (m)
Z boundary error:                                            2.952e-15  -->   0.000e+00 (m)
Fixed Psi error:                                             0.000e+00  -->   0.000e+00 (Wb)
Fixed pressure profile error:                                0.000e+00  -->   0.000e+00 (Pa)
Fixed current profile error:                                 0.000e+00  -->   0.000e+00 (A)
Fixed sheet current error:                                   0.000e+00  -->   0.000e+00 (~)
==============================================================================================================
====================
Done
====================
eq psi = 49.68440342569543
field psi = -38.492443340272196

==================================
Optimizing boundary modes M,N <= 1
====================================
Building objective: Boundary error
Precomputing transforms
Timer: Precomputing transforms = 1.20 sec
Timer: Objective build = 1.93 sec
Building objective: force
Precomputing transforms
Timer: Precomputing transforms = 1.06 sec
Timer: Objective build = 1.12 sec
Timer: Proximal projection build = 10.7 sec
Building objective: lcfs R
Building objective: lcfs Z
Building objective: fixed pressure
Building objective: fixed current
Building objective: fixed Psi
Timer: Objective build = 494 ms
Timer: Linear constraint projection build = 2.23 sec
Number of parameters: 23
Number of objectives: 5043
Timer: Initializing the optimization = 13.5 sec

Starting optimization
Using method: proximal-lsq-exact
   Iteration     Total nfev        Cost      Cost reduction    Step norm     Optimality   
       0              1          3.570e-04                                    2.464e-03   
       1              2          1.047e-04      2.523e-04      8.989e+04      1.067e-02   
       2              3          5.860e-05      4.613e-05      1.229e+05      4.673e-03   
       3              4          5.501e-05      3.590e-06      1.412e+05      4.274e-03   
       4              6          5.334e-05      1.676e-06      3.205e+04      1.457e-03   
       5              7          5.308e-05      2.596e-07      3.138e+04      8.304e-04   
       6              8          5.306e-05      2.095e-08      3.232e+03      1.464e-04   
       7             10          5.305e-05      8.332e-09      5.955e+02      4.225e-05   
       8             11          5.305e-05      2.907e-09      1.829e+03      3.700e-05   
Optimization terminated successfully.
`ftol` condition satisfied.
         Current function value: 5.305e-05
         Total delta_x: 6.230e+04
         Iterations: 8
         Function evaluations: 11
         Jacobian evaluations: 9
Timer: Solution time = 1.85 min
Timer: Avg time per step = 12.3 sec
==============================================================================================================
                                                                 Start  -->   End
Total (sum of squares):                                      3.570e-04  -->   5.305e-05, 
Maximum absolute Boundary normal field error:                5.790e-01  -->   3.832e-01 (T*m^2)
Minimum absolute Boundary normal field error:                4.193e-14  -->   5.576e-14 (T*m^2)
Average absolute Boundary normal field error:                2.648e-01  -->   1.249e-01 (T*m^2)
Maximum absolute Boundary normal field error:                3.716e-03  -->   2.459e-03 (normalized)
Minimum absolute Boundary normal field error:                2.691e-16  -->   3.579e-16 (normalized)
Average absolute Boundary normal field error:                1.700e-03  -->   8.018e-04 (normalized)
Maximum absolute Boundary magnetic pressure error:           3.428e+00  -->   3.384e+00 (T^2*m^2)
Minimum absolute Boundary magnetic pressure error:           1.384e-03  -->   4.771e-03 (T^2*m^2)
Average absolute Boundary magnetic pressure error:           1.060e+00  -->   1.068e+00 (T^2*m^2)
Maximum absolute Boundary magnetic pressure error:           2.254e-03  -->   2.225e-03 (normalized)
Minimum absolute Boundary magnetic pressure error:           9.101e-07  -->   3.137e-06 (normalized)
Average absolute Boundary magnetic pressure error:           6.970e-04  -->   7.020e-04 (normalized)
Maximum absolute Boundary field jump error:                  1.289e+00  -->   3.934e-01 (T*m^2)
Minimum absolute Boundary field jump error:                  7.837e-03  -->   3.633e-03 (T*m^2)
Average absolute Boundary field jump error:                  4.725e-01  -->   1.442e-01 (T*m^2)
Maximum absolute Boundary field jump error:                  8.270e-03  -->   2.525e-03 (normalized)
Minimum absolute Boundary field jump error:                  5.030e-05  -->   2.332e-05 (normalized)
Average absolute Boundary field jump error:                  3.033e-03  -->   9.253e-04 (normalized)
Maximum absolute Force error:                                1.750e+07  -->   1.750e+07 (N)
Minimum absolute Force error:                                2.044e+02  -->   1.560e+02 (N)
Average absolute Force error:                                4.991e+05  -->   4.990e+05 (N)
Maximum absolute Force error:                                1.465e-03  -->   1.466e-03 (normalized)
Minimum absolute Force error:                                1.711e-08  -->   1.306e-08 (normalized)
Average absolute Force error:                                4.178e-05  -->   4.178e-05 (normalized)
R boundary error:                                            0.000e+00  -->   6.336e-17 (m)
Z boundary error:                                            0.000e+00  -->   8.660e-17 (m)
Fixed pressure profile error:                                0.000e+00  -->   0.000e+00 (Pa)
Fixed current profile error:                                 0.000e+00  -->   0.000e+00 (A)
Fixed Psi error:                                             0.000e+00  -->   0.000e+00 (Wb)
==============================================================================================================

==================================
Optimizing boundary modes M,N <= 2
====================================
Building objective: Boundary error
Precomputing transforms
Timer: Precomputing transforms = 1.10 sec
Timer: Objective build = 1.85 sec
Building objective: force
Precomputing transforms
Timer: Precomputing transforms = 1.08 sec
Timer: Objective build = 1.15 sec
Timer: Proximal projection build = 10.0 sec
Building objective: lcfs R
Building objective: lcfs Z
Building objective: fixed pressure
Building objective: fixed current
Building objective: fixed Psi
Timer: Objective build = 477 ms
Timer: Linear constraint projection build = 2.11 sec
Number of parameters: 39
Number of objectives: 5043
Timer: Initializing the optimization = 12.7 sec

Starting optimization
Using method: proximal-lsq-exact
   Iteration     Total nfev        Cost      Cost reduction    Step norm     Optimality   
       0              1          5.304e-05                                    1.157e-03   
       1              2          5.110e-05      1.944e-06      6.569e+02      7.234e-04   
       2              3          5.099e-05      1.014e-07      1.503e+02      7.885e-04   
       3              5          5.095e-05      4.691e-08      2.413e+02      4.852e-04   
       4              7          5.092e-05      2.572e-08      8.750e+01      9.982e-05   
       5              8          5.091e-05      6.214e-09      8.352e+00      4.328e-05   
       6              9          5.091e-05      1.317e-09      1.991e+01      9.917e-05   
Optimization terminated successfully.
`ftol` condition satisfied.
         Current function value: 5.091e-05
         Total delta_x: 6.320e+02
         Iterations: 6
         Function evaluations: 9
         Jacobian evaluations: 7
Timer: Solution time = 1.52 min
Timer: Avg time per step = 13.0 sec
==============================================================================================================
                                                                 Start  -->   End
Total (sum of squares):                                      5.304e-05  -->   5.091e-05, 
Maximum absolute Boundary normal field error:                3.832e-01  -->   3.636e-01 (T*m^2)
Minimum absolute Boundary normal field error:                5.576e-14  -->   7.707e-14 (T*m^2)
Average absolute Boundary normal field error:                1.249e-01  -->   1.238e-01 (T*m^2)
Maximum absolute Boundary normal field error:                2.459e-03  -->   2.334e-03 (normalized)
Minimum absolute Boundary normal field error:                3.578e-16  -->   4.946e-16 (normalized)
Average absolute Boundary normal field error:                8.018e-04  -->   7.946e-04 (normalized)
Maximum absolute Boundary magnetic pressure error:           3.384e+00  -->   3.476e+00 (T^2*m^2)
Minimum absolute Boundary magnetic pressure error:           4.771e-03  -->   6.060e-04 (T^2*m^2)
Average absolute Boundary magnetic pressure error:           1.068e+00  -->   1.067e+00 (T^2*m^2)
Maximum absolute Boundary magnetic pressure error:           2.225e-03  -->   2.285e-03 (normalized)
Minimum absolute Boundary magnetic pressure error:           3.137e-06  -->   3.985e-07 (normalized)
Average absolute Boundary magnetic pressure error:           7.020e-04  -->   7.016e-04 (normalized)
Maximum absolute Boundary field jump error:                  3.934e-01  -->   3.950e-01 (T*m^2)
Minimum absolute Boundary field jump error:                  3.633e-03  -->   5.724e-03 (T*m^2)
Average absolute Boundary field jump error:                  1.442e-01  -->   1.381e-01 (T*m^2)
Maximum absolute Boundary field jump error:                  2.525e-03  -->   2.535e-03 (normalized)
Minimum absolute Boundary field jump error:                  2.332e-05  -->   3.674e-05 (normalized)
Average absolute Boundary field jump error:                  9.252e-04  -->   8.865e-04 (normalized)
Maximum absolute Force error:                                1.750e+07  -->   1.754e+07 (N)
Minimum absolute Force error:                                1.560e+02  -->   1.155e+02 (N)
Average absolute Force error:                                4.990e+05  -->   4.983e+05 (N)
Maximum absolute Force error:                                1.465e-03  -->   1.468e-03 (normalized)
Minimum absolute Force error:                                1.306e-08  -->   9.673e-09 (normalized)
Average absolute Force error:                                4.177e-05  -->   4.172e-05 (normalized)
R boundary error:                                            0.000e+00  -->   4.713e-18 (m)
Z boundary error:                                            0.000e+00  -->   1.810e-17 (m)
Fixed pressure profile error:                                0.000e+00  -->   0.000e+00 (Pa)
Fixed current profile error:                                 0.000e+00  -->   0.000e+00 (A)
Fixed Psi error:                                             0.000e+00  -->   0.000e+00 (Wb)
==============================================================================================================

==================================
Optimizing boundary modes M,N <= 4
====================================
Building objective: Boundary error
Precomputing transforms
Timer: Precomputing transforms = 1.10 sec
Timer: Objective build = 1.86 sec
Building objective: force
Precomputing transforms
Timer: Precomputing transforms = 1.07 sec
Timer: Objective build = 1.14 sec
Timer: Proximal projection build = 9.89 sec
Building objective: lcfs R
Building objective: lcfs Z
Building objective: fixed pressure
Building objective: fixed current
Building objective: fixed Psi
Timer: Objective build = 482 ms
Timer: Linear constraint projection build = 2.10 sec
Number of parameters: 95
Number of objectives: 5043
Timer: Initializing the optimization = 12.5 sec

Starting optimization
Using method: proximal-lsq-exact
   Iteration     Total nfev        Cost      Cost reduction    Step norm     Optimality   
       0              1          5.086e-05                                    3.063e-03   
       1              2          4.813e-05      2.730e-06      2.524e+00      7.790e-04   
       2              3          4.799e-05      1.473e-07      4.481e+00      8.294e-04   
       3              5          4.780e-05      1.916e-07      3.032e+00      5.947e-04   
       4              7          4.769e-05      1.003e-07      8.785e-01      1.246e-04   
       5              8          4.768e-05      1.437e-08      5.930e-01      3.933e-05   
       6              9          4.768e-05      3.851e-09      6.497e-01      5.647e-05   
Optimization terminated successfully.
`ftol` condition satisfied.
         Current function value: 4.768e-05
         Total delta_x: 9.366e-01
         Iterations: 6
         Function evaluations: 9
         Jacobian evaluations: 7
Timer: Solution time = 1.58 min
Timer: Avg time per step = 13.5 sec
==============================================================================================================
                                                                 Start  -->   End
Total (sum of squares):                                      5.086e-05  -->   4.768e-05, 
Maximum absolute Boundary normal field error:                3.636e-01  -->   3.775e-01 (T*m^2)
Minimum absolute Boundary normal field error:                7.707e-14  -->   6.666e-14 (T*m^2)
Average absolute Boundary normal field error:                1.238e-01  -->   1.215e-01 (T*m^2)
Maximum absolute Boundary normal field error:                2.333e-03  -->   2.422e-03 (normalized)
Minimum absolute Boundary normal field error:                4.944e-16  -->   4.276e-16 (normalized)
Average absolute Boundary normal field error:                7.943e-04  -->   7.793e-04 (normalized)
Maximum absolute Boundary magnetic pressure error:           3.476e+00  -->   3.203e+00 (T^2*m^2)
Minimum absolute Boundary magnetic pressure error:           6.060e-04  -->   1.249e-03 (T^2*m^2)
Average absolute Boundary magnetic pressure error:           1.067e+00  -->   1.084e+00 (T^2*m^2)
Maximum absolute Boundary magnetic pressure error:           2.284e-03  -->   2.105e-03 (normalized)
Minimum absolute Boundary magnetic pressure error:           3.982e-07  -->   8.204e-07 (normalized)
Average absolute Boundary magnetic pressure error:           7.011e-04  -->   7.122e-04 (normalized)
Maximum absolute Boundary field jump error:                  3.950e-01  -->   3.461e-01 (T*m^2)
Minimum absolute Boundary field jump error:                  5.724e-03  -->   3.724e-03 (T*m^2)
Average absolute Boundary field jump error:                  1.381e-01  -->   1.298e-01 (T*m^2)
Maximum absolute Boundary field jump error:                  2.534e-03  -->   2.220e-03 (normalized)
Minimum absolute Boundary field jump error:                  3.672e-05  -->   2.389e-05 (normalized)
Average absolute Boundary field jump error:                  8.861e-04  -->   8.325e-04 (normalized)
Maximum absolute Force error:                                1.754e+07  -->   1.736e+07 (N)
Minimum absolute Force error:                                1.155e+02  -->   8.815e+00 (N)
Average absolute Force error:                                4.983e+05  -->   4.955e+05 (N)
Maximum absolute Force error:                                1.467e-03  -->   1.452e-03 (normalized)
Minimum absolute Force error:                                9.665e-09  -->   7.374e-10 (normalized)
Average absolute Force error:                                4.168e-05  -->   4.145e-05 (normalized)
R boundary error:                                            0.000e+00  -->   2.327e-18 (m)
Z boundary error:                                            0.000e+00  -->   4.438e-18 (m)
Fixed pressure profile error:                                0.000e+00  -->   0.000e+00 (Pa)
Fixed current profile error:                                 0.000e+00  -->   0.000e+00 (A)
Fixed Psi error:                                             0.000e+00  -->   0.000e+00 (Wb)
==============================================================================================================

==================================
Optimizing boundary modes M,N <= 5
====================================
Building objective: Boundary error
Precomputing transforms
Timer: Precomputing transforms = 1.10 sec
Timer: Objective build = 1.85 sec
Building objective: force
Precomputing transforms
Timer: Precomputing transforms = 1.08 sec
Timer: Objective build = 1.15 sec
Timer: Proximal projection build = 10.1 sec
Building objective: lcfs R
Building objective: lcfs Z
Building objective: fixed pressure
Building objective: fixed current
Building objective: fixed Psi
Timer: Objective build = 484 ms
Timer: Linear constraint projection build = 2.12 sec
Number of parameters: 135
Number of objectives: 5043
Timer: Initializing the optimization = 12.8 sec

Starting optimization
Using method: proximal-lsq-exact
   Iteration     Total nfev        Cost      Cost reduction    Step norm     Optimality   
       0              1          4.762e-05                                    2.725e-03   
       1              2          4.679e-05      8.288e-07      1.612e+02      5.611e-04   
       2              5          4.673e-05      6.330e-08      3.062e+02      2.377e-04   
       3              7          4.667e-05      5.650e-08      1.086e+02      1.118e-04   
       4              8          4.667e-05      3.156e-09      7.986e+00      7.442e-05   
Optimization terminated successfully.
`ftol` condition satisfied.
         Current function value: 4.667e-05
         Total delta_x: 2.842e+01
         Iterations: 4
         Function evaluations: 8
         Jacobian evaluations: 5
Timer: Solution time = 1.44 min
Timer: Avg time per step = 17.2 sec
==============================================================================================================
                                                                 Start  -->   End
Total (sum of squares):                                      4.762e-05  -->   4.667e-05, 
Maximum absolute Boundary normal field error:                3.775e-01  -->   3.939e-01 (T*m^2)
Minimum absolute Boundary normal field error:                6.666e-14  -->   6.697e-14 (T*m^2)
Average absolute Boundary normal field error:                1.215e-01  -->   1.208e-01 (T*m^2)
Maximum absolute Boundary normal field error:                2.421e-03  -->   2.526e-03 (normalized)
Minimum absolute Boundary normal field error:                4.274e-16  -->   4.294e-16 (normalized)
Average absolute Boundary normal field error:                7.789e-04  -->   7.744e-04 (normalized)
Maximum absolute Boundary magnetic pressure error:           3.203e+00  -->   3.470e+00 (T^2*m^2)
Minimum absolute Boundary magnetic pressure error:           1.249e-03  -->   7.375e-03 (T^2*m^2)
Average absolute Boundary magnetic pressure error:           1.084e+00  -->   1.088e+00 (T^2*m^2)
Maximum absolute Boundary magnetic pressure error:           2.103e-03  -->   2.279e-03 (normalized)
Minimum absolute Boundary magnetic pressure error:           8.199e-07  -->   4.843e-06 (normalized)
Average absolute Boundary magnetic pressure error:           7.117e-04  -->   7.147e-04 (normalized)
Maximum absolute Boundary field jump error:                  3.461e-01  -->   3.390e-01 (T*m^2)
Minimum absolute Boundary field jump error:                  3.724e-03  -->   3.452e-03 (T*m^2)
Average absolute Boundary field jump error:                  1.298e-01  -->   1.261e-01 (T*m^2)
Maximum absolute Boundary field jump error:                  2.219e-03  -->   2.174e-03 (normalized)
Minimum absolute Boundary field jump error:                  2.388e-05  -->   2.214e-05 (normalized)
Average absolute Boundary field jump error:                  8.320e-04  -->   8.083e-04 (normalized)
Maximum absolute Force error:                                1.736e+07  -->   1.714e+07 (N)
Minimum absolute Force error:                                8.815e+00  -->   1.260e+02 (N)
Average absolute Force error:                                4.955e+05  -->   4.941e+05 (N)
Maximum absolute Force error:                                1.451e-03  -->   1.433e-03 (normalized)
Minimum absolute Force error:                                7.369e-10  -->   1.053e-08 (normalized)
Average absolute Force error:                                4.143e-05  -->   4.131e-05 (normalized)
R boundary error:                                            0.000e+00  -->   2.445e-18 (m)
Z boundary error:                                            0.000e+00  -->   4.147e-18 (m)
Fixed pressure profile error:                                0.000e+00  -->   0.000e+00 (Pa)
Fixed current profile error:                                 0.000e+00  -->   0.000e+00 (A)
Fixed Psi error:                                             0.000e+00  -->   0.000e+00 (Wb)
==============================================================================================================

==================================
Optimizing boundary modes M,N <= 7
====================================
Building objective: Boundary error
Precomputing transforms
Timer: Precomputing transforms = 1.11 sec
Timer: Objective build = 1.87 sec
Building objective: force
Precomputing transforms
Timer: Precomputing transforms = 1.09 sec
Timer: Objective build = 1.15 sec
Timer: Proximal projection build = 10.0 sec
Building objective: lcfs R
Building objective: lcfs Z
Building objective: fixed pressure
Building objective: fixed current
Building objective: fixed Psi
Timer: Objective build = 486 ms
Timer: Linear constraint projection build = 2.08 sec
Number of parameters: 239
Number of objectives: 5043
Timer: Initializing the optimization = 12.7 sec

Starting optimization
Using method: proximal-lsq-exact
   Iteration     Total nfev        Cost      Cost reduction    Step norm     Optimality   
       0              1          4.665e-05                                    2.116e-03   
       1              2          4.600e-05      6.462e-07      1.381e+02      1.117e-03   
       2              3          4.583e-05      1.713e-07      6.436e+01      8.368e-04   
       3              5          4.572e-05      1.102e-07      4.341e+01      5.104e-04   
       4              6          4.561e-05      1.088e-07      5.477e+01      2.460e-04   
       5              7          4.560e-05      1.020e-08      7.337e+01      7.016e-05   
       6              8          4.560e-05      3.528e-09      2.422e+01      7.171e-05   
       7              9          4.559e-05      4.365e-09      1.169e+01      6.691e-05   
Optimization terminated successfully.
`ftol` condition satisfied.
         Current function value: 4.559e-05
         Total delta_x: 4.348e+01
         Iterations: 7
         Function evaluations: 9
         Jacobian evaluations: 8
Timer: Solution time = 1.74 min
Timer: Avg time per step = 13.0 sec
==============================================================================================================
                                                                 Start  -->   End
Total (sum of squares):                                      4.665e-05  -->   4.559e-05, 
Maximum absolute Boundary normal field error:                3.939e-01  -->   3.975e-01 (T*m^2)
Minimum absolute Boundary normal field error:                6.697e-14  -->   6.981e-14 (T*m^2)
Average absolute Boundary normal field error:                1.208e-01  -->   1.200e-01 (T*m^2)
Maximum absolute Boundary normal field error:                2.525e-03  -->   2.548e-03 (normalized)
Minimum absolute Boundary normal field error:                4.292e-16  -->   4.475e-16 (normalized)
Average absolute Boundary normal field error:                7.742e-04  -->   7.695e-04 (normalized)
Maximum absolute Boundary magnetic pressure error:           3.470e+00  -->   3.406e+00 (T^2*m^2)
Minimum absolute Boundary magnetic pressure error:           7.375e-03  -->   2.843e-03 (T^2*m^2)
Average absolute Boundary magnetic pressure error:           1.088e+00  -->   1.085e+00 (T^2*m^2)
Maximum absolute Boundary magnetic pressure error:           2.278e-03  -->   2.236e-03 (normalized)
Minimum absolute Boundary magnetic pressure error:           4.842e-06  -->   1.866e-06 (normalized)
Average absolute Boundary magnetic pressure error:           7.145e-04  -->   7.122e-04 (normalized)
Maximum absolute Boundary field jump error:                  3.390e-01  -->   3.379e-01 (T*m^2)
Minimum absolute Boundary field jump error:                  3.452e-03  -->   8.076e-03 (T*m^2)
Average absolute Boundary field jump error:                  1.261e-01  -->   1.227e-01 (T*m^2)
Maximum absolute Boundary field jump error:                  2.173e-03  -->   2.166e-03 (normalized)
Minimum absolute Boundary field jump error:                  2.213e-05  -->   5.177e-05 (normalized)
Average absolute Boundary field jump error:                  8.081e-04  -->   7.862e-04 (normalized)
Maximum absolute Force error:                                1.714e+07  -->   1.655e+07 (N)
Minimum absolute Force error:                                1.260e+02  -->   6.460e+01 (N)
Average absolute Force error:                                4.941e+05  -->   4.917e+05 (N)
Maximum absolute Force error:                                1.432e-03  -->   1.384e-03 (normalized)
Minimum absolute Force error:                                1.053e-08  -->   5.400e-09 (normalized)
Average absolute Force error:                                4.130e-05  -->   4.110e-05 (normalized)
R boundary error:                                            0.000e+00  -->   4.983e-19 (m)
Z boundary error:                                            0.000e+00  -->   6.329e-19 (m)
Fixed pressure profile error:                                0.000e+00  -->   0.000e+00 (Pa)
Fixed current profile error:                                 0.000e+00  -->   0.000e+00 (A)
Fixed Psi error:                                             0.000e+00  -->   0.000e+00 (Wb)
==============================================================================================================

==================================
Optimizing boundary modes M,N <= 8
====================================
Building objective: Boundary error
Precomputing transforms
Timer: Precomputing transforms = 1.08 sec
Timer: Objective build = 1.83 sec
Building objective: force
Precomputing transforms
Timer: Precomputing transforms = 1.07 sec
Timer: Objective build = 1.14 sec
Timer: Proximal projection build = 9.96 sec
Building objective: lcfs R
Building objective: lcfs Z
Building objective: fixed pressure
Building objective: fixed current
Building objective: fixed Psi
Timer: Objective build = 492 ms
Timer: Linear constraint projection build = 2.09 sec
Number of parameters: 303
Number of objectives: 5043
Timer: Initializing the optimization = 12.6 sec

Starting optimization
Using method: proximal-lsq-exact
   Iteration     Total nfev        Cost      Cost reduction    Step norm     Optimality   
       0              1          4.558e-05                                    7.513e-04   
       1              2          4.529e-05      2.943e-07      5.518e+01      8.932e-04   
       2              3          4.510e-05      1.860e-07      1.753e+02      1.009e-03   
       3              4          4.503e-05      6.743e-08      3.236e+02      6.333e-04   
       4              6          4.500e-05      3.755e-08      4.680e+02      5.629e-04   
       5              7          4.492e-05      7.048e-08      1.649e+02      1.464e-04   
       6              8          4.492e-05      4.778e-09      1.558e+02      1.258e-04   
       7              9          4.492e-05      3.362e-09      4.811e+01      1.107e-04   
Optimization terminated successfully.
`ftol` condition satisfied.
         Current function value: 4.492e-05
         Total delta_x: 8.147e+00
         Iterations: 7
         Function evaluations: 9
         Jacobian evaluations: 8
Timer: Solution time = 1.83 min
Timer: Avg time per step = 13.7 sec
==============================================================================================================
                                                                 Start  -->   End
Total (sum of squares):                                      4.558e-05  -->   4.492e-05, 
Maximum absolute Boundary normal field error:                3.975e-01  -->   3.970e-01 (T*m^2)
Minimum absolute Boundary normal field error:                6.981e-14  -->   5.833e-14 (T*m^2)
Average absolute Boundary normal field error:                1.200e-01  -->   1.201e-01 (T*m^2)
Maximum absolute Boundary normal field error:                2.547e-03  -->   2.543e-03 (normalized)
Minimum absolute Boundary normal field error:                4.472e-16  -->   3.737e-16 (normalized)
Average absolute Boundary normal field error:                7.691e-04  -->   7.697e-04 (normalized)
Maximum absolute Boundary magnetic pressure error:           3.406e+00  -->   3.464e+00 (T^2*m^2)
Minimum absolute Boundary magnetic pressure error:           2.843e-03  -->   1.756e-04 (T^2*m^2)
Average absolute Boundary magnetic pressure error:           1.085e+00  -->   1.085e+00 (T^2*m^2)
Maximum absolute Boundary magnetic pressure error:           2.238e-03  -->   2.276e-03 (normalized)
Minimum absolute Boundary magnetic pressure error:           1.868e-06  -->   1.153e-07 (normalized)
Average absolute Boundary magnetic pressure error:           7.128e-04  -->   7.130e-04 (normalized)
Maximum absolute Boundary field jump error:                  3.379e-01  -->   3.439e-01 (T*m^2)
Minimum absolute Boundary field jump error:                  8.076e-03  -->   3.512e-03 (T*m^2)
Average absolute Boundary field jump error:                  1.227e-01  -->   1.205e-01 (T*m^2)
Maximum absolute Boundary field jump error:                  2.165e-03  -->   2.203e-03 (normalized)
Minimum absolute Boundary field jump error:                  5.174e-05  -->   2.250e-05 (normalized)
Average absolute Boundary field jump error:                  7.858e-04  -->   7.719e-04 (normalized)
Maximum absolute Force error:                                1.655e+07  -->   1.624e+07 (N)
Minimum absolute Force error:                                6.460e+01  -->   3.860e+01 (N)
Average absolute Force error:                                4.917e+05  -->   4.919e+05 (N)
Maximum absolute Force error:                                1.385e-03  -->   1.358e-03 (normalized)
Minimum absolute Force error:                                5.404e-09  -->   3.229e-09 (normalized)
Average absolute Force error:                                4.113e-05  -->   4.115e-05 (normalized)
R boundary error:                                            0.000e+00  -->   7.606e-19 (m)
Z boundary error:                                            0.000e+00  -->   9.082e-19 (m)
Fixed pressure profile error:                                0.000e+00  -->   0.000e+00 (Pa)
Fixed current profile error:                                 0.000e+00  -->   0.000e+00 (A)
Fixed Psi error:                                             0.000e+00  -->   0.000e+00 (Wb)
==============================================================================================================

==================================
Optimizing boundary modes M,N <= 10
====================================
Building objective: Boundary error
Precomputing transforms
Timer: Precomputing transforms = 1.10 sec
Timer: Objective build = 1.86 sec
Building objective: force
Precomputing transforms
Timer: Precomputing transforms = 1.08 sec
Timer: Objective build = 1.15 sec
Timer: Proximal projection build = 9.80 sec
Building objective: lcfs R
Building objective: lcfs Z
Building objective: fixed pressure
Building objective: fixed current
Building objective: fixed Psi
Timer: Objective build = 395 ms
Timer: Linear constraint projection build = 1.98 sec
Number of parameters: 455
Number of objectives: 5043
Timer: Initializing the optimization = 12.2 sec

Starting optimization
Using method: proximal-lsq-exact
   Iteration     Total nfev        Cost      Cost reduction    Step norm     Optimality   
       0              1          4.491e-05                                    4.335e-03   
       1              3          4.443e-05      4.791e-07      1.727e+02      1.283e-02   
       2              4          4.391e-05      5.233e-07      3.449e+02      4.699e-03   
       3              5          4.379e-05      1.161e-07      5.021e+02      9.966e-03   
       4              6          4.361e-05      1.803e-07      4.224e+02      6.840e-03   
       5              7          4.355e-05      5.897e-08      2.667e+02      4.187e-03   
       6              8          4.342e-05      1.331e-07      4.989e+01      1.293e-03   
       7              9          4.340e-05      2.258e-08      3.423e+01      7.848e-04   
       8             10          4.339e-05      1.350e-08      6.403e+00      3.529e-04   
       9             11          4.337e-05      1.503e-08      6.666e+00      5.208e-04   
      10             12          4.335e-05      2.218e-08      3.006e+01      3.410e-04   
      11             13          4.332e-05      2.675e-08      3.453e+01      6.622e-04   
      12             14          4.328e-05      3.933e-08      7.215e+01      8.987e-04   
      13             15          4.324e-05      4.570e-08      1.237e+02      7.421e-04   
      14             16          4.321e-05      2.308e-08      1.948e+02      1.320e-03   
      15             17          4.319e-05      2.464e-08      2.781e+02      1.116e-03   
      16             18          4.316e-05      3.061e-08      1.442e+02      8.750e-04   
      17             19          4.314e-05      1.573e-08      3.885e+01      4.906e-04   
      18             20          4.314e-05      3.894e-09      7.967e+01      4.668e-04   
      19             21          4.313e-05      5.919e-09      2.496e+01      4.979e-04   
      20             22          4.313e-05      2.343e-09      1.999e+00      3.822e-04   
Optimization terminated successfully.
`ftol` condition satisfied.
         Current function value: 4.313e-05
         Total delta_x: 5.834e+01
         Iterations: 20
         Function evaluations: 22
         Jacobian evaluations: 21
Timer: Solution time = 4.41 min
Timer: Avg time per step = 12.6 sec
==============================================================================================================
                                                                 Start  -->   End
Total (sum of squares):                                      4.491e-05  -->   4.313e-05, 
Maximum absolute Boundary normal field error:                3.970e-01  -->   3.844e-01 (T*m^2)
Minimum absolute Boundary normal field error:                5.833e-14  -->   3.674e-14 (T*m^2)
Average absolute Boundary normal field error:                1.201e-01  -->   1.185e-01 (T*m^2)
Maximum absolute Boundary normal field error:                2.542e-03  -->   2.461e-03 (normalized)
Minimum absolute Boundary normal field error:                3.734e-16  -->   2.352e-16 (normalized)
Average absolute Boundary normal field error:                7.691e-04  -->   7.588e-04 (normalized)
Maximum absolute Boundary magnetic pressure error:           3.464e+00  -->   3.595e+00 (T^2*m^2)
Minimum absolute Boundary magnetic pressure error:           1.756e-04  -->   1.700e-03 (T^2*m^2)
Average absolute Boundary magnetic pressure error:           1.085e+00  -->   1.067e+00 (T^2*m^2)
Maximum absolute Boundary magnetic pressure error:           2.279e-03  -->   2.365e-03 (normalized)
Minimum absolute Boundary magnetic pressure error:           1.155e-07  -->   1.118e-06 (normalized)
Average absolute Boundary magnetic pressure error:           7.139e-04  -->   7.017e-04 (normalized)
Maximum absolute Boundary field jump error:                  3.439e-01  -->   2.916e-01 (T*m^2)
Minimum absolute Boundary field jump error:                  3.512e-03  -->   6.391e-03 (T*m^2)
Average absolute Boundary field jump error:                  1.205e-01  -->   1.167e-01 (T*m^2)
Maximum absolute Boundary field jump error:                  2.202e-03  -->   1.867e-03 (normalized)
Minimum absolute Boundary field jump error:                  2.248e-05  -->   4.091e-05 (normalized)
Average absolute Boundary field jump error:                  7.714e-04  -->   7.470e-04 (normalized)
Maximum absolute Force error:                                1.624e+07  -->   1.473e+07 (N)
Minimum absolute Force error:                                3.860e+01  -->   2.621e+00 (N)
Average absolute Force error:                                4.919e+05  -->   4.777e+05 (N)
Maximum absolute Force error:                                1.360e-03  -->   1.234e-03 (normalized)
Minimum absolute Force error:                                3.234e-09  -->   2.196e-10 (normalized)
Average absolute Force error:                                4.121e-05  -->   4.001e-05 (normalized)
R boundary error:                                            0.000e+00  -->   0.000e+00 (m)
Z boundary error:                                            0.000e+00  -->   0.000e+00 (m)
Fixed pressure profile error:                                0.000e+00  -->   0.000e+00 (Pa)
Fixed current profile error:                                 0.000e+00  -->   0.000e+00 (A)
Fixed Psi error:                                             0.000e+00  -->   0.000e+00 (Wb)
==============================================================================================================
