DESC version 0.13.0+424.g17f9abace,using JAX backend, jax version=0.4.31, jaxlib version=0.4.31, dtype=float64
Using device: NVIDIA A100 80GB PCIe (id=0), with 80.00 GB available memory
SAVING NO SHEET CURRENT SOLVE TO  ./desc_fb_no_sheet_current.h5
SAVING  SHEET CURRENT SOLVE TO  ./desc_fb_with_sheet_current.h5
/home/dpanici/DESC/desc/input_reader.py:1267: UserWarning: Current is not a power series!
  warnings.warn(colored("Current is not a power series!", "yellow"))
eq psi = 49.68440342569543
field psi = -38.49234358638788

==================================
Optimizing boundary modes M,N <= 4
====================================
Building objective: Boundary error
/home/dpanici/DESC/desc/utils.py:554: UserWarning: Boundary pressure is nonzero (max 7209.7948531062575 Pa), a sheet current should be included.
  warnings.warn(colored(msg, "yellow"), err)
Precomputing transforms
Timer: Precomputing transforms = 837 ms
Timer: Objective build = 1.64 sec
Building objective: force
Precomputing transforms
Timer: Precomputing transforms = 1.11 sec
Timer: Objective build = 1.18 sec
Timer: Proximal projection build = 10.3 sec
Building objective: lcfs R
Building objective: lcfs Z
Building objective: fixed pressure
Building objective: fixed current
Building objective: fixed Psi
Timer: Objective build = 536 ms
Timer: Linear constraint projection build = 2.24 sec
Number of parameters: 81
Number of objectives: 3362
Timer: Initializing the optimization = 13.2 sec

Starting optimization
Using method: proximal-lsq-exact
   Iteration     Total nfev        Cost      Cost reduction    Step norm     Optimality   
       0              1          1.887e+02                                    1.182e+01   
       1              3          7.065e+01      1.180e+02      3.069e-01      5.667e+00   
       2              4          4.407e+01      2.658e+01      7.601e-01      5.355e+00   
       3              6          3.355e+01      1.052e+01      4.416e-02      2.559e+00   
       4              7          2.842e+01      5.129e+00      5.835e-02      2.730e-01   
       5              8          2.666e+01      1.762e+00      1.030e-01      1.848e-01   
       6              9          2.487e+01      1.795e+00      9.841e-02      6.444e-01   
       7             12          2.403e+01      8.332e-01      5.318e-03      2.883e-01   
       8             13          2.344e+01      5.932e-01      8.944e-03      3.285e-01   
       9             17          2.343e+01      1.425e-02      1.441e-04      2.321e-01   
      10             18          2.340e+01      2.264e-02      2.415e-04      2.043e-01   
      11             19          2.337e+01      3.713e-02      5.118e-04      1.614e-01   
      12             20          2.331e+01      5.918e-02      1.572e-03      1.097e-01   
      13             21          2.320e+01      1.036e-01      3.560e-03      1.268e-01   
      14             22          2.300e+01      2.024e-01      4.627e-03      1.430e-01   
      15             23          2.271e+01      2.920e-01      7.733e-03      1.433e-01   
      16             24          2.211e+01      5.955e-01      2.040e-02      1.403e-01   
      17             26          2.204e+01      7.477e-02      6.588e-03      2.538e-01   
      18             27          2.189e+01      1.484e-01      1.754e-03      1.197e-01   
      19             28          2.182e+01      7.465e-02      2.848e-03      6.661e-02   
      20             29          2.170e+01      1.149e-01      5.172e-03      7.296e-02   
      21             30          2.149e+01      2.078e-01      7.753e-03      6.992e-02   
      22             31          2.119e+01      3.005e-01      1.318e-02      1.809e-01   
      23             32          2.114e+01      5.489e-02      1.140e-02      3.413e-01   
      24             34          2.101e+01      1.236e-01      8.562e-04      2.069e-01   
      25             61          2.101e+01      0.000e+00      0.000e+00      2.069e-01   
Warning: A bad approximation caused failure to predict improvement.
         Current function value: 2.101e+01
         Total delta_x: 1.157e+00
         Iterations: 25
         Function evaluations: 61
         Jacobian evaluations: 25
Timer: Solution time = 7.48 min
Timer: Avg time per step = 17.2 sec
==============================================================================================================
                                                                 Start  -->   End
Total (sum of squares):                                      1.887e+02  -->   2.101e+01, 
Maximum absolute Boundary normal field error:                3.176e+02  -->   1.638e+02 (T*m^2)
Minimum absolute Boundary normal field error:                2.513e-13  -->   8.945e-14 (T*m^2)
Average absolute Boundary normal field error:                7.685e+01  -->   4.467e+01 (T*m^2)
Maximum absolute Boundary normal field error:                3.233e+00  -->   1.667e+00 (normalized)
Minimum absolute Boundary normal field error:                2.558e-15  -->   9.104e-16 (normalized)
Average absolute Boundary normal field error:                7.822e-01  -->   4.547e-01 (normalized)
Maximum absolute Boundary magnetic pressure error:           2.676e+03  -->   2.477e+03 (T^2*m^2)
Minimum absolute Boundary magnetic pressure error:           4.709e-01  -->   2.089e-02 (T^2*m^2)
Average absolute Boundary magnetic pressure error:           8.873e+02  -->   2.488e+02 (T^2*m^2)
Maximum absolute Boundary magnetic pressure error:           6.924e+00  -->   6.407e+00 (normalized)
Minimum absolute Boundary magnetic pressure error:           1.218e-03  -->   5.405e-05 (normalized)
Average absolute Boundary magnetic pressure error:           2.296e+00  -->   6.437e-01 (normalized)
Maximum absolute Force error:                                6.801e+05  -->   1.420e+11 (N)
Minimum absolute Force error:                                1.362e+00  -->   2.447e+02 (N)
Average absolute Force error:                                2.160e+04  -->   2.048e+07 (N)
Maximum absolute Force error:                                2.240e-04  -->   4.679e+01 (normalized)
Minimum absolute Force error:                                4.487e-10  -->   8.059e-08 (normalized)
Average absolute Force error:                                7.116e-06  -->   6.747e-03 (normalized)
R boundary error:                                            0.000e+00  -->   0.000e+00 (m)
Z boundary error:                                            0.000e+00  -->   0.000e+00 (m)
Fixed pressure profile error:                                0.000e+00  -->   0.000e+00 (Pa)
Fixed current profile error:                                 0.000e+00  -->   0.000e+00 (A)
Fixed Psi error:                                             0.000e+00  -->   0.000e+00 (Wb)
==============================================================================================================

==================================
Optimizing boundary modes M,N <= 5
====================================
Building objective: Boundary error
/home/dpanici/DESC/desc/utils.py:554: UserWarning: Boundary pressure is nonzero (max 7209.7948531062575 Pa), a sheet current should be included.
  warnings.warn(colored(msg, "yellow"), err)
Precomputing transforms
Timer: Precomputing transforms = 882 ms
Timer: Objective build = 1.82 sec
Building objective: force
Precomputing transforms
Timer: Precomputing transforms = 1.17 sec
Timer: Objective build = 1.24 sec
Timer: Proximal projection build = 9.29 sec
Building objective: lcfs R
Building objective: lcfs Z
Building objective: fixed pressure
Building objective: fixed current
Building objective: fixed Psi
Timer: Objective build = 557 ms
Timer: Linear constraint projection build = 2.20 sec
Number of parameters: 121
Number of objectives: 3362
Timer: Initializing the optimization = 12.1 sec

Starting optimization
Using method: proximal-lsq-exact
   Iteration     Total nfev        Cost      Cost reduction    Step norm     Optimality   
       0              1          1.672e+01                                    9.488e-01   
       1              8          1.670e+01      2.202e-02      1.804e-04      8.330e-01   
       2              9          1.668e+01      1.560e-02      3.076e-04      7.864e-01   
       3             10          1.666e+01      2.645e-02      3.277e-04      7.404e-01   
       4             11          1.661e+01      5.064e-02      9.248e-04      6.801e-01   
       5             12          1.654e+01      6.840e-02      2.611e-03      7.186e-01   
       6             13          1.645e+01      9.320e-02      1.070e-03      4.413e-01   
       7             14          1.634e+01      1.017e-01      1.214e-03      5.279e-01   
       8             15          1.620e+01      1.454e-01      2.545e-03      5.453e-01   
       9             17          1.607e+01      1.263e-01      4.293e-04      4.409e-01   
      10             18          1.595e+01      1.256e-01      1.150e-03      2.907e-01   
      11             19          1.582e+01      1.233e-01      2.548e-03      4.771e-01   
      12             45          1.582e+01      0.000e+00      0.000e+00      4.771e-01   
Warning: A bad approximation caused failure to predict improvement.
         Current function value: 1.582e+01
         Total delta_x: 8.964e-03
         Iterations: 12
         Function evaluations: 45
         Jacobian evaluations: 12
Timer: Solution time = 5.59 min
Timer: Avg time per step = 25.8 sec
==============================================================================================================
                                                                 Start  -->   End
Total (sum of squares):                                      1.672e+01  -->   1.582e+01, 
Maximum absolute Boundary normal field error:                1.638e+02  -->   1.631e+02 (T*m^2)
Minimum absolute Boundary normal field error:                8.945e-14  -->   2.684e-13 (T*m^2)
Average absolute Boundary normal field error:                4.467e+01  -->   4.453e+01 (T*m^2)
Maximum absolute Boundary normal field error:                1.582e+00  -->   1.576e+00 (normalized)
Minimum absolute Boundary normal field error:                8.643e-16  -->   2.593e-15 (normalized)
Average absolute Boundary normal field error:                4.316e-01  -->   4.303e-01 (normalized)
Maximum absolute Boundary magnetic pressure error:           2.477e+03  -->   2.167e+03 (T^2*m^2)
Minimum absolute Boundary magnetic pressure error:           2.089e-02  -->   2.464e-01 (T^2*m^2)
Average absolute Boundary magnetic pressure error:           2.488e+02  -->   2.438e+02 (T^2*m^2)
Maximum absolute Boundary magnetic pressure error:           5.532e+00  -->   4.840e+00 (normalized)
Minimum absolute Boundary magnetic pressure error:           4.667e-05  -->   5.505e-04 (normalized)
Average absolute Boundary magnetic pressure error:           5.558e-01  -->   5.445e-01 (normalized)
Maximum absolute Force error:                                1.420e+11  -->   8.472e+12 (N)
Minimum absolute Force error:                                2.447e+02  -->   2.096e+02 (N)
Average absolute Force error:                                2.048e+07  -->   4.129e+08 (N)
Maximum absolute Force error:                                4.040e+01  -->   2.410e+03 (normalized)
Minimum absolute Force error:                                6.958e-08  -->   5.962e-08 (normalized)
Average absolute Force error:                                5.825e-03  -->   1.174e-01 (normalized)
R boundary error:                                            0.000e+00  -->   0.000e+00 (m)
Z boundary error:                                            0.000e+00  -->   0.000e+00 (m)
Fixed pressure profile error:                                0.000e+00  -->   0.000e+00 (Pa)
Fixed current profile error:                                 0.000e+00  -->   0.000e+00 (A)
Fixed Psi error:                                             0.000e+00  -->   0.000e+00 (Wb)
==============================================================================================================

==================================
Optimizing boundary modes M,N <= 7
====================================
Building objective: Boundary error
/home/dpanici/DESC/desc/utils.py:554: UserWarning: Boundary pressure is nonzero (max 7209.7948531062575 Pa), a sheet current should be included.
  warnings.warn(colored(msg, "yellow"), err)
Precomputing transforms
Timer: Precomputing transforms = 890 ms
Timer: Objective build = 1.83 sec
Building objective: force
Precomputing transforms
Timer: Precomputing transforms = 1.18 sec
Timer: Objective build = 1.26 sec
Timer: Proximal projection build = 9.37 sec
Building objective: lcfs R
Building objective: lcfs Z
Building objective: fixed pressure
Building objective: fixed current
Building objective: fixed Psi
Timer: Objective build = 570 ms
Timer: Linear constraint projection build = 2.19 sec
Number of parameters: 225
Number of objectives: 3362
Timer: Initializing the optimization = 12.2 sec

Starting optimization
Using method: proximal-lsq-exact
   Iteration     Total nfev        Cost      Cost reduction    Step norm     Optimality   
       0              1          1.579e+01                                    4.982e-01   
       1             33          1.579e+01      0.000e+00      0.000e+00      4.982e-01   
Warning: A bad approximation caused failure to predict improvement.
         Current function value: 1.579e+01
         Total delta_x: 0.000e+00
         Iterations: 1
         Function evaluations: 33
         Jacobian evaluations: 1
Timer: Solution time = 4.00 min
Timer: Avg time per step = 2.00 min
==============================================================================================================
                                                                 Start  -->   End
Total (sum of squares):                                      1.579e+01  -->   1.579e+01, 
Maximum absolute Boundary normal field error:                1.631e+02  -->   1.631e+02 (T*m^2)
Minimum absolute Boundary normal field error:                2.684e-13  -->   2.684e-13 (T*m^2)
Average absolute Boundary normal field error:                4.453e+01  -->   4.453e+01 (T*m^2)
Maximum absolute Boundary normal field error:                1.575e+00  -->   1.575e+00 (normalized)
Minimum absolute Boundary normal field error:                2.592e-15  -->   2.592e-15 (normalized)
Average absolute Boundary normal field error:                4.300e-01  -->   4.300e-01 (normalized)
Maximum absolute Boundary magnetic pressure error:           2.167e+03  -->   2.167e+03 (T^2*m^2)
Minimum absolute Boundary magnetic pressure error:           2.464e-01  -->   2.464e-01 (T^2*m^2)
Average absolute Boundary magnetic pressure error:           2.438e+02  -->   2.438e+02 (T^2*m^2)
Maximum absolute Boundary magnetic pressure error:           4.834e+00  -->   4.834e+00 (normalized)
Minimum absolute Boundary magnetic pressure error:           5.499e-04  -->   5.499e-04 (normalized)
Average absolute Boundary magnetic pressure error:           5.439e-01  -->   5.439e-01 (normalized)
Maximum absolute Force error:                                8.472e+12  -->   8.472e+12 (N)
Minimum absolute Force error:                                2.096e+02  -->   2.096e+02 (N)
Average absolute Force error:                                4.129e+08  -->   4.129e+08 (N)
Maximum absolute Force error:                                2.407e+03  -->   2.407e+03 (normalized)
Minimum absolute Force error:                                5.955e-08  -->   5.955e-08 (normalized)
Average absolute Force error:                                1.173e-01  -->   1.173e-01 (normalized)
R boundary error:                                            0.000e+00  -->   0.000e+00 (m)
Z boundary error:                                            0.000e+00  -->   0.000e+00 (m)
Fixed pressure profile error:                                0.000e+00  -->   0.000e+00 (Pa)
Fixed current profile error:                                 0.000e+00  -->   0.000e+00 (A)
Fixed Psi error:                                             0.000e+00  -->   0.000e+00 (Wb)
==============================================================================================================

==================================
Optimizing boundary modes M,N <= 8
====================================
Building objective: Boundary error
/home/dpanici/DESC/desc/utils.py:554: UserWarning: Boundary pressure is nonzero (max 7209.7948531062575 Pa), a sheet current should be included.
  warnings.warn(colored(msg, "yellow"), err)
Precomputing transforms
Timer: Precomputing transforms = 891 ms
Timer: Objective build = 1.83 sec
Building objective: force
Precomputing transforms
Timer: Precomputing transforms = 1.19 sec
Timer: Objective build = 1.26 sec
Timer: Proximal projection build = 9.54 sec
Building objective: lcfs R
Building objective: lcfs Z
Building objective: fixed pressure
Building objective: fixed current
Building objective: fixed Psi
Timer: Objective build = 565 ms
Timer: Linear constraint projection build = 2.20 sec
Number of parameters: 289
Number of objectives: 3362
Timer: Initializing the optimization = 12.4 sec

Starting optimization
Using method: proximal-lsq-exact
   Iteration     Total nfev        Cost      Cost reduction    Step norm     Optimality   
       0              1          1.579e+01                                    5.034e-01   
       1             33          1.579e+01      0.000e+00      0.000e+00      5.034e-01   
Warning: A bad approximation caused failure to predict improvement.
         Current function value: 1.579e+01
         Total delta_x: 0.000e+00
         Iterations: 1
         Function evaluations: 33
         Jacobian evaluations: 1
Timer: Solution time = 4.03 min
Timer: Avg time per step = 2.01 min
==============================================================================================================
                                                                 Start  -->   End
Total (sum of squares):                                      1.579e+01  -->   1.579e+01, 
Maximum absolute Boundary normal field error:                1.631e+02  -->   1.631e+02 (T*m^2)
Minimum absolute Boundary normal field error:                2.684e-13  -->   2.684e-13 (T*m^2)
Average absolute Boundary normal field error:                4.453e+01  -->   4.453e+01 (T*m^2)
Maximum absolute Boundary normal field error:                1.575e+00  -->   1.575e+00 (normalized)
Minimum absolute Boundary normal field error:                2.592e-15  -->   2.592e-15 (normalized)
Average absolute Boundary normal field error:                4.300e-01  -->   4.300e-01 (normalized)
Maximum absolute Boundary magnetic pressure error:           2.167e+03  -->   2.167e+03 (T^2*m^2)
Minimum absolute Boundary magnetic pressure error:           2.464e-01  -->   2.464e-01 (T^2*m^2)
Average absolute Boundary magnetic pressure error:           2.438e+02  -->   2.438e+02 (T^2*m^2)
Maximum absolute Boundary magnetic pressure error:           4.834e+00  -->   4.834e+00 (normalized)
Minimum absolute Boundary magnetic pressure error:           5.499e-04  -->   5.499e-04 (normalized)
Average absolute Boundary magnetic pressure error:           5.439e-01  -->   5.439e-01 (normalized)
Maximum absolute Force error:                                8.472e+12  -->   8.472e+12 (N)
Minimum absolute Force error:                                2.096e+02  -->   2.096e+02 (N)
Average absolute Force error:                                4.129e+08  -->   4.129e+08 (N)
Maximum absolute Force error:                                2.407e+03  -->   2.407e+03 (normalized)
Minimum absolute Force error:                                5.955e-08  -->   5.955e-08 (normalized)
Average absolute Force error:                                1.173e-01  -->   1.173e-01 (normalized)
R boundary error:                                            0.000e+00  -->   0.000e+00 (m)
Z boundary error:                                            0.000e+00  -->   0.000e+00 (m)
Fixed pressure profile error:                                0.000e+00  -->   0.000e+00 (Pa)
Fixed current profile error:                                 0.000e+00  -->   0.000e+00 (A)
Fixed Psi error:                                             0.000e+00  -->   0.000e+00 (Wb)
==============================================================================================================

==================================
Optimizing boundary modes M,N <= 10
====================================
Building objective: Boundary error
/home/dpanici/DESC/desc/utils.py:554: UserWarning: Boundary pressure is nonzero (max 7209.7948531062575 Pa), a sheet current should be included.
  warnings.warn(colored(msg, "yellow"), err)
Precomputing transforms
Timer: Precomputing transforms = 890 ms
Timer: Objective build = 1.96 sec
Building objective: force
Precomputing transforms
Timer: Precomputing transforms = 1.18 sec
Timer: Objective build = 1.26 sec
Timer: Proximal projection build = 9.64 sec
Building objective: lcfs R
Building objective: lcfs Z
Building objective: fixed pressure
Building objective: fixed current
Building objective: fixed Psi
Timer: Objective build = 447 ms
Timer: Linear constraint projection build = 2.11 sec
Number of parameters: 441
Number of objectives: 3362
Timer: Initializing the optimization = 12.3 sec

Starting optimization
Using method: proximal-lsq-exact
   Iteration     Total nfev        Cost      Cost reduction    Step norm     Optimality   
       0              1          1.579e+01                                    5.648e-01   
       1             33          1.579e+01      0.000e+00      0.000e+00      5.648e-01   
Warning: A bad approximation caused failure to predict improvement.
         Current function value: 1.579e+01
         Total delta_x: 0.000e+00
         Iterations: 1
         Function evaluations: 33
         Jacobian evaluations: 1
Timer: Solution time = 4.16 min
Timer: Avg time per step = 2.08 min
==============================================================================================================
                                                                 Start  -->   End
Total (sum of squares):                                      1.579e+01  -->   1.579e+01, 
Maximum absolute Boundary normal field error:                1.631e+02  -->   1.631e+02 (T*m^2)
Minimum absolute Boundary normal field error:                2.684e-13  -->   2.684e-13 (T*m^2)
Average absolute Boundary normal field error:                4.453e+01  -->   4.453e+01 (T*m^2)
Maximum absolute Boundary normal field error:                1.575e+00  -->   1.575e+00 (normalized)
Minimum absolute Boundary normal field error:                2.592e-15  -->   2.592e-15 (normalized)
Average absolute Boundary normal field error:                4.300e-01  -->   4.300e-01 (normalized)
Maximum absolute Boundary magnetic pressure error:           2.167e+03  -->   2.167e+03 (T^2*m^2)
Minimum absolute Boundary magnetic pressure error:           2.464e-01  -->   2.464e-01 (T^2*m^2)
Average absolute Boundary magnetic pressure error:           2.438e+02  -->   2.438e+02 (T^2*m^2)
Maximum absolute Boundary magnetic pressure error:           4.834e+00  -->   4.834e+00 (normalized)
Minimum absolute Boundary magnetic pressure error:           5.499e-04  -->   5.499e-04 (normalized)
Average absolute Boundary magnetic pressure error:           5.439e-01  -->   5.439e-01 (normalized)
Maximum absolute Force error:                                8.472e+12  -->   8.472e+12 (N)
Minimum absolute Force error:                                2.096e+02  -->   2.096e+02 (N)
Average absolute Force error:                                4.129e+08  -->   4.129e+08 (N)
Maximum absolute Force error:                                2.407e+03  -->   2.407e+03 (normalized)
Minimum absolute Force error:                                5.955e-08  -->   5.955e-08 (normalized)
Average absolute Force error:                                1.173e-01  -->   1.173e-01 (normalized)
R boundary error:                                            0.000e+00  -->   0.000e+00 (m)
Z boundary error:                                            0.000e+00  -->   0.000e+00 (m)
Fixed pressure profile error:                                0.000e+00  -->   0.000e+00 (Pa)
Fixed current profile error:                                 0.000e+00  -->   0.000e+00 (A)
Fixed Psi error:                                             0.000e+00  -->   0.000e+00 (Wb)
==============================================================================================================

==================================
Optimizing boundary modes M,N <= 4
====================================
Building objective: Boundary error
Precomputing transforms
Timer: Precomputing transforms = 1.26 sec
Timer: Objective build = 2.19 sec
Building objective: force
Precomputing transforms
Timer: Precomputing transforms = 1.18 sec
Timer: Objective build = 1.25 sec
Timer: Proximal projection build = 10.5 sec
Building objective: lcfs R
Building objective: lcfs Z
Building objective: fixed pressure
Building objective: fixed current
Building objective: fixed Psi
Timer: Objective build = 594 ms
Timer: Linear constraint projection build = 2.26 sec
Number of parameters: 143
Number of objectives: 5043
Timer: Initializing the optimization = 13.4 sec

Starting optimization
Using method: proximal-lsq-exact
   Iteration     Total nfev        Cost      Cost reduction    Step norm     Optimality   
       0              1          2.036e+01                                    7.885e-01   
       1              3          1.904e+01      1.314e+00      4.200e+06      5.601e-01   
       2              4          1.725e+01      1.794e+00      5.146e+06      4.758e-01   
       3              5          1.515e+01      2.095e+00      3.934e+06      8.804e-01   
       4              8          1.475e+01      4.028e-01      6.039e+05      5.304e-01   
       5              9          1.455e+01      2.046e-01      4.655e+05      2.990e-01   
       6             10          1.435e+01      1.995e-01      7.366e+05      4.816e-01   
       7             11          1.396e+01      3.887e-01      1.037e+06      4.313e-01   
       8             12          1.326e+01      6.933e-01      1.594e+06      6.381e-01   
       9             13          1.212e+01      1.147e+00      2.553e+06      7.302e-01   
      10             14          1.048e+01      1.639e+00      4.298e+06      4.062e-01   
      11             18          1.044e+01      3.865e-02      8.748e+04      3.372e-01   
      12             19          1.035e+01      9.017e-02      6.826e+04      1.791e-01   
      13             21          1.034e+01      1.278e-02      3.892e+04      1.854e-01   
      14             22          1.031e+01      2.183e-02      3.604e+04      1.819e-01   
      15             23          1.030e+01      1.343e-02      3.602e+04      1.771e-01   
      16             24          1.028e+01      2.120e-02      3.348e+04      1.732e-01   
      17             25          1.027e+01      1.417e-02      3.621e+04      1.642e-01   
      18             26          1.025e+01      1.146e-02      3.104e+04      1.653e-01   
      19             27          1.023e+01      2.824e-02      3.712e+04      1.558e-01   
      20             28          1.020e+01      2.360e-02      8.765e+04      2.082e-01   
      21             29          1.019e+01      1.263e-02      7.630e+04      2.712e-01   
      22             30          1.016e+01      2.998e-02      1.006e+04      1.078e-01   
      23             31          1.015e+01      9.582e-03      1.931e+04      1.271e-01   
      24             32          1.014e+01      1.406e-02      4.107e+04      1.041e-01   
      25             33          1.012e+01      1.832e-02      4.249e+04      1.426e-01   
      26             34          1.010e+01      1.403e-02      8.358e+04      1.800e-01   
      27             35          1.006e+01      4.010e-02      9.318e+04      1.760e-01   
      28             37          1.005e+01      1.246e-02      1.701e+04      9.407e-02   
      29             39          1.005e+01      2.381e-03      4.287e+03      1.023e-01   
      30             40          1.004e+01      5.522e-03      9.088e+03      1.073e-01   
      31             42          1.004e+01      3.743e-04      4.483e+03      1.072e-01   
      32             43          1.004e+01      1.389e-03      1.104e+03      1.069e-01   
      33             44          1.004e+01      1.178e-03      2.254e+03      1.066e-01   
      34             45          1.004e+01      2.348e-03      4.517e+03      1.061e-01   
      35             46          1.003e+01      6.615e-03      9.105e+03      1.051e-01   
      36             47          1.003e+01      3.293e-03      1.858e+04      1.055e-01   
      37             48          1.002e+01      1.240e-02      1.951e+04      1.037e-01   
      38             49          9.989e+00      2.636e-02      4.184e+04      1.049e-01   
      39             50          9.958e+00      3.127e-02      7.802e+04      9.440e-02   
      40             51          9.936e+00      2.106e-02      1.861e+05      1.247e-01   
      41             52          9.900e+00      3.675e-02      1.228e+05      2.517e-01   
      42             53          9.843e+00      5.699e-02      2.382e+05      2.233e-01   
      43             54          9.811e+00      3.198e-02      1.276e+05      3.389e-01   
      44             55          9.798e+00      1.254e-02      2.023e+05      2.264e-01   
      45             56          9.734e+00      6.370e-02      2.515e+04      1.628e-01   
      46             58          9.719e+00      1.592e-02      7.746e+03      9.756e-02   
      47             59          9.709e+00      9.995e-03      1.447e+04      7.463e-02   
      48             61          9.704e+00      4.578e-03      6.243e+03      8.907e-02   
      49             62          9.694e+00      1.002e-02      1.466e+04      7.877e-02   
      50             63          9.674e+00      1.953e-02      2.764e+04      9.750e-02   
      51             64          9.671e+00      3.664e-03      6.226e+04      1.240e-01   
      52             65          9.658e+00      1.291e-02      1.369e+04      9.775e-02   
      53             66          9.647e+00      1.085e-02      4.245e+04      9.429e-02   
      54             67          9.639e+00      7.993e-03      5.240e+04      1.255e-01   
      55             68          9.639e+00      4.931e-04      3.621e+04      1.288e-01   
      56             69          9.628e+00      1.013e-02      5.098e+03      8.234e-02   
      57             70          9.619e+00      9.572e-03      2.004e+04      9.040e-02   
      58             71          9.605e+00      1.398e-02      3.923e+04      8.227e-02   
      59             72          9.578e+00      2.700e-02      7.606e+04      1.149e-01   
      60             73          9.572e+00      6.013e-03      1.340e+05      2.700e-01   
      61             74          9.522e+00      5.030e-02      2.347e+04      8.576e-02   
      62             75          9.500e+00      2.165e-02      4.167e+04      6.382e-02   
      63             76          9.474e+00      2.617e-02      7.332e+04      7.907e-02   
      64             77          9.435e+00      3.826e-02      1.438e+05      8.668e-02   
      65             78          9.393e+00      4.248e-02      1.623e+05      1.268e-01   
      66             80          9.383e+00      9.734e-03      3.539e+04      1.110e-01   
      67             81          9.367e+00      1.612e-02      3.024e+04      1.166e-01   
      68             107         9.367e+00      0.000e+00      0.000e+00      1.166e-01   
Warning: A bad approximation caused failure to predict improvement.
         Current function value: 9.367e+00
         Total delta_x: 6.874e+06
         Iterations: 68
         Function evaluations: 107
         Jacobian evaluations: 68
Timer: Solution time = 12.3 min
Timer: Avg time per step = 10.7 sec
==============================================================================================================
                                                                 Start  -->   End
Total (sum of squares):                                      2.036e+01  -->   9.367e+00, 
Maximum absolute Boundary normal field error:                1.631e+02  -->   9.301e+01 (T*m^2)
Minimum absolute Boundary normal field error:                2.684e-13  -->   2.893e-13 (T*m^2)
Average absolute Boundary normal field error:                4.453e+01  -->   2.427e+01 (T*m^2)
Maximum absolute Boundary normal field error:                1.575e+00  -->   8.982e-01 (normalized)
Minimum absolute Boundary normal field error:                2.592e-15  -->   2.794e-15 (normalized)
Average absolute Boundary normal field error:                4.300e-01  -->   2.344e-01 (normalized)
Maximum absolute Boundary magnetic pressure error:           2.167e+03  -->   1.876e+03 (T^2*m^2)
Minimum absolute Boundary magnetic pressure error:           2.464e-01  -->   2.204e-01 (T^2*m^2)
Average absolute Boundary magnetic pressure error:           2.438e+02  -->   1.957e+02 (T^2*m^2)
Maximum absolute Boundary magnetic pressure error:           4.834e+00  -->   4.186e+00 (normalized)
Minimum absolute Boundary magnetic pressure error:           5.499e-04  -->   4.917e-04 (normalized)
Average absolute Boundary magnetic pressure error:           5.439e-01  -->   4.367e-01 (normalized)
Maximum absolute Boundary field jump error:                  1.485e+02  -->   1.141e+02 (T*m^2)
Minimum absolute Boundary field jump error:                  9.218e-01  -->   1.098e+00 (T*m^2)
Average absolute Boundary field jump error:                  4.166e+01  -->   2.038e+01 (T*m^2)
Maximum absolute Boundary field jump error:                  1.434e+00  -->   1.101e+00 (normalized)
Minimum absolute Boundary field jump error:                  8.902e-03  -->   1.060e-02 (normalized)
Average absolute Boundary field jump error:                  4.023e-01  -->   1.968e-01 (normalized)
Maximum absolute Force error:                                8.472e+12  -->   1.079e+09 (N)
Minimum absolute Force error:                                2.096e+02  -->   2.477e+03 (N)
Average absolute Force error:                                4.129e+08  -->   1.419e+07 (N)
Maximum absolute Force error:                                2.407e+03  -->   3.065e-01 (normalized)
Minimum absolute Force error:                                5.955e-08  -->   7.038e-07 (normalized)
Average absolute Force error:                                1.173e-01  -->   4.030e-03 (normalized)
R boundary error:                                            0.000e+00  -->   1.739e-19 (m)
Z boundary error:                                            0.000e+00  -->   4.337e-19 (m)
Fixed pressure profile error:                                0.000e+00  -->   0.000e+00 (Pa)
Fixed current profile error:                                 0.000e+00  -->   0.000e+00 (A)
Fixed Psi error:                                             0.000e+00  -->   0.000e+00 (Wb)
==============================================================================================================

==================================
Optimizing boundary modes M,N <= 5
====================================
Building objective: Boundary error
Precomputing transforms
Timer: Precomputing transforms = 1.27 sec
Timer: Objective build = 2.22 sec
Building objective: force
Precomputing transforms
Timer: Precomputing transforms = 1.21 sec
Timer: Objective build = 1.28 sec
Timer: Proximal projection build = 9.86 sec
Building objective: lcfs R
Building objective: lcfs Z
Building objective: fixed pressure
Building objective: fixed current
Building objective: fixed Psi
Timer: Objective build = 818 ms
Timer: Linear constraint projection build = 1.96 sec
Number of parameters: 183
Number of objectives: 5043
Timer: Initializing the optimization = 12.7 sec

Starting optimization
Using method: proximal-lsq-exact
   Iteration     Total nfev        Cost      Cost reduction    Step norm     Optimality   
       0              1          9.509e+00                                    5.480e-01   
       1              3          9.314e+00      1.949e-01      7.055e-01      3.956e-01   
       2              5          9.280e+00      3.487e-02      3.798e-01      2.502e-01   
       3              6          9.253e+00      2.698e-02      3.629e-01      2.505e-01   
       4              9          9.249e+00      3.969e-03      1.752e-02      2.557e-01   
       5             10          9.242e+00      6.306e-03      3.899e-02      2.664e-01   
       6             11          9.232e+00      9.846e-03      8.842e-02      2.768e-01   
       7             12          9.222e+00      1.044e-02      9.179e-02      2.697e-01   
       8             13          9.202e+00      2.055e-02      1.774e-01      2.553e-01   
       9             14          9.143e+00      5.802e-02      3.185e-01      2.618e-01   
      10             16          9.129e+00      1.439e-02      1.412e-01      2.613e-01   
      11             17          9.102e+00      2.665e-02      1.291e-01      2.603e-01   
      12             18          9.052e+00      5.081e-02      2.459e-01      2.187e-01   
      13             20          9.029e+00      2.236e-02      1.388e-01      2.580e-01   
      14             21          8.985e+00      4.456e-02      2.604e-01      2.149e-01   
      15             23          8.968e+00      1.664e-02      1.287e-01      3.024e-01   
      16             24          8.958e+00      9.845e-03      1.219e-01      2.545e-01   
      17             25          8.950e+00      8.320e-03      1.001e-01      3.932e-01   
      18             26          8.939e+00      1.087e-02      1.174e-01      3.060e-01   
      19             27          8.916e+00      2.254e-02      8.146e-02      3.746e-01   
      20             28          8.911e+00      5.537e-03      1.412e-01      2.997e-01   
      21             29          8.907e+00      4.104e-03      1.770e-02      2.485e-01   
      22             30          8.895e+00      1.141e-02      2.779e-02      1.893e-01   
      23             31          8.888e+00      7.471e-03      9.259e-02      1.870e-01   
      24             32          8.882e+00      6.431e-03      1.155e-01      1.617e-01   
      25             33          8.873e+00      8.142e-03      1.142e-01      1.834e-01   
      26             34          8.853e+00      2.072e-02      2.929e-01      1.925e-01   
      27             59          8.853e+00      0.000e+00      0.000e+00      1.925e-01   
Warning: A bad approximation caused failure to predict improvement.
         Current function value: 8.853e+00
         Total delta_x: 2.870e+00
         Iterations: 27
         Function evaluations: 59
         Jacobian evaluations: 27
Timer: Solution time = 6.68 min
Timer: Avg time per step = 14.3 sec
==============================================================================================================
                                                                 Start  -->   End
Total (sum of squares):                                      9.509e+00  -->   8.853e+00, 
Maximum absolute Boundary normal field error:                9.301e+01  -->   7.856e+01 (T*m^2)
Minimum absolute Boundary normal field error:                2.893e-13  -->   1.180e-13 (T*m^2)
Average absolute Boundary normal field error:                2.427e+01  -->   2.383e+01 (T*m^2)
Maximum absolute Boundary normal field error:                9.074e-01  -->   7.665e-01 (normalized)
Minimum absolute Boundary normal field error:                2.823e-15  -->   1.152e-15 (normalized)
Average absolute Boundary normal field error:                2.368e-01  -->   2.325e-01 (normalized)
Maximum absolute Boundary magnetic pressure error:           1.876e+03  -->   1.658e+03 (T^2*m^2)
Minimum absolute Boundary magnetic pressure error:           2.204e-01  -->   6.639e-03 (T^2*m^2)
Average absolute Boundary magnetic pressure error:           1.957e+02  -->   1.917e+02 (T^2*m^2)
Maximum absolute Boundary magnetic pressure error:           4.212e+00  -->   3.723e+00 (normalized)
Minimum absolute Boundary magnetic pressure error:           4.948e-04  -->   1.491e-05 (normalized)
Average absolute Boundary magnetic pressure error:           4.395e-01  -->   4.305e-01 (normalized)
Maximum absolute Boundary field jump error:                  1.141e+02  -->   9.684e+01 (T*m^2)
Minimum absolute Boundary field jump error:                  1.098e+00  -->   1.288e+00 (T*m^2)
Average absolute Boundary field jump error:                  2.038e+01  -->   2.024e+01 (T*m^2)
Maximum absolute Boundary field jump error:                  1.113e+00  -->   9.448e-01 (normalized)
Minimum absolute Boundary field jump error:                  1.071e-02  -->   1.256e-02 (normalized)
Average absolute Boundary field jump error:                  1.989e-01  -->   1.974e-01 (normalized)
Maximum absolute Force error:                                1.079e+09  -->   2.509e+12 (N)
Minimum absolute Force error:                                2.477e+03  -->   2.469e+03 (N)
Average absolute Force error:                                1.419e+07  -->   5.959e+07 (N)
Maximum absolute Force error:                                3.084e-01  -->   7.172e+02 (normalized)
Minimum absolute Force error:                                7.083e-07  -->   7.058e-07 (normalized)
Average absolute Force error:                                4.056e-03  -->   1.704e-02 (normalized)
R boundary error:                                            0.000e+00  -->   0.000e+00 (m)
Z boundary error:                                            0.000e+00  -->   0.000e+00 (m)
Fixed pressure profile error:                                0.000e+00  -->   0.000e+00 (Pa)
Fixed current profile error:                                 0.000e+00  -->   0.000e+00 (A)
Fixed Psi error:                                             0.000e+00  -->   0.000e+00 (Wb)
==============================================================================================================

==================================
Optimizing boundary modes M,N <= 7
====================================
Building objective: Boundary error
Precomputing transforms
Timer: Precomputing transforms = 1.27 sec
Timer: Objective build = 2.22 sec
Building objective: force
Precomputing transforms
Timer: Precomputing transforms = 1.20 sec
Timer: Objective build = 1.27 sec
Timer: Proximal projection build = 10.0 sec
Building objective: lcfs R
Building objective: lcfs Z
Building objective: fixed pressure
Building objective: fixed current
Building objective: fixed Psi
Timer: Objective build = 606 ms
Timer: Linear constraint projection build = 2.24 sec
Number of parameters: 287
Number of objectives: 5043
Timer: Initializing the optimization = 13.0 sec

Starting optimization
Using method: proximal-lsq-exact
   Iteration     Total nfev        Cost      Cost reduction    Step norm     Optimality   
       0              1          8.883e+00                                    3.518e-01   
       1             28          8.883e+00      0.000e+00      0.000e+00      3.518e-01   
Warning: A bad approximation caused failure to predict improvement.
         Current function value: 8.883e+00
         Total delta_x: 0.000e+00
         Iterations: 1
         Function evaluations: 28
         Jacobian evaluations: 1
Timer: Solution time = 2.93 min
Timer: Avg time per step = 1.46 min
==============================================================================================================
                                                                 Start  -->   End
Total (sum of squares):                                      8.883e+00  -->   8.883e+00, 
Maximum absolute Boundary normal field error:                7.856e+01  -->   7.856e+01 (T*m^2)
Minimum absolute Boundary normal field error:                1.180e-13  -->   1.180e-13 (T*m^2)
Average absolute Boundary normal field error:                2.383e+01  -->   2.383e+01 (T*m^2)
Maximum absolute Boundary normal field error:                7.679e-01  -->   7.679e-01 (normalized)
Minimum absolute Boundary normal field error:                1.154e-15  -->   1.154e-15 (normalized)
Average absolute Boundary normal field error:                2.330e-01  -->   2.330e-01 (normalized)
Maximum absolute Boundary magnetic pressure error:           1.658e+03  -->   1.658e+03 (T^2*m^2)
Minimum absolute Boundary magnetic pressure error:           6.639e-03  -->   6.639e-03 (T^2*m^2)
Average absolute Boundary magnetic pressure error:           1.917e+02  -->   1.917e+02 (T^2*m^2)
Maximum absolute Boundary magnetic pressure error:           3.730e+00  -->   3.730e+00 (normalized)
Minimum absolute Boundary magnetic pressure error:           1.493e-05  -->   1.493e-05 (normalized)
Average absolute Boundary magnetic pressure error:           4.312e-01  -->   4.312e-01 (normalized)
Maximum absolute Boundary field jump error:                  9.684e+01  -->   9.684e+01 (T*m^2)
Minimum absolute Boundary field jump error:                  1.288e+00  -->   1.288e+00 (T*m^2)
Average absolute Boundary field jump error:                  2.024e+01  -->   2.024e+01 (T*m^2)
Maximum absolute Boundary field jump error:                  9.466e-01  -->   9.466e-01 (normalized)
Minimum absolute Boundary field jump error:                  1.259e-02  -->   1.259e-02 (normalized)
Average absolute Boundary field jump error:                  1.978e-01  -->   1.978e-01 (normalized)
Maximum absolute Force error:                                2.509e+12  -->   2.509e+12 (N)
Minimum absolute Force error:                                2.469e+03  -->   2.469e+03 (N)
Average absolute Force error:                                5.959e+07  -->   5.959e+07 (N)
Maximum absolute Force error:                                7.184e+02  -->   7.184e+02 (normalized)
Minimum absolute Force error:                                7.069e-07  -->   7.069e-07 (normalized)
Average absolute Force error:                                1.706e-02  -->   1.706e-02 (normalized)
R boundary error:                                            0.000e+00  -->   0.000e+00 (m)
Z boundary error:                                            0.000e+00  -->   0.000e+00 (m)
Fixed pressure profile error:                                0.000e+00  -->   0.000e+00 (Pa)
Fixed current profile error:                                 0.000e+00  -->   0.000e+00 (A)
Fixed Psi error:                                             0.000e+00  -->   0.000e+00 (Wb)
==============================================================================================================

==================================
Optimizing boundary modes M,N <= 8
====================================
Building objective: Boundary error
Precomputing transforms
Timer: Precomputing transforms = 1.28 sec
Timer: Objective build = 2.23 sec
Building objective: force
Precomputing transforms
Timer: Precomputing transforms = 1.20 sec
Timer: Objective build = 1.28 sec
Timer: Proximal projection build = 10.0 sec
Building objective: lcfs R
Building objective: lcfs Z
Building objective: fixed pressure
Building objective: fixed current
Building objective: fixed Psi
Timer: Objective build = 606 ms
Timer: Linear constraint projection build = 2.23 sec
Number of parameters: 351
Number of objectives: 5043
Timer: Initializing the optimization = 12.9 sec

Starting optimization
Using method: proximal-lsq-exact
   Iteration     Total nfev        Cost      Cost reduction    Step norm     Optimality   
       0              1          8.883e+00                                    3.526e-01   
       1              4          8.863e+00      2.021e-02      1.493e-01      4.510e-01   
       2              5          8.830e+00      3.239e-02      1.718e-01      3.812e-01   
       3              6          8.797e+00      3.310e-02      9.023e-02      3.999e-01   
       4              7          8.775e+00      2.243e-02      1.629e-01      3.608e-01   
       5              9          8.756e+00      1.937e-02      2.197e-02      3.202e-01   
       6             10          8.737e+00      1.829e-02      5.457e-02      3.113e-01   
       7             11          8.717e+00      2.017e-02      8.697e-02      2.987e-01   
       8             12          8.681e+00      3.567e-02      1.475e-01      2.969e-01   
       9             38          8.681e+00      0.000e+00      0.000e+00      2.969e-01   
Warning: A bad approximation caused failure to predict improvement.
         Current function value: 8.681e+00
         Total delta_x: 7.727e-01
         Iterations: 9
         Function evaluations: 38
         Jacobian evaluations: 9
Timer: Solution time = 4.97 min
Timer: Avg time per step = 29.8 sec
==============================================================================================================
                                                                 Start  -->   End
Total (sum of squares):                                      8.883e+00  -->   8.681e+00, 
Maximum absolute Boundary normal field error:                7.856e+01  -->   7.820e+01 (T*m^2)
Minimum absolute Boundary normal field error:                1.180e-13  -->   1.572e-13 (T*m^2)
Average absolute Boundary normal field error:                2.383e+01  -->   2.366e+01 (T*m^2)
Maximum absolute Boundary normal field error:                7.679e-01  -->   7.644e-01 (normalized)
Minimum absolute Boundary normal field error:                1.154e-15  -->   1.536e-15 (normalized)
Average absolute Boundary normal field error:                2.330e-01  -->   2.312e-01 (normalized)
Maximum absolute Boundary magnetic pressure error:           1.658e+03  -->   1.584e+03 (T^2*m^2)
Minimum absolute Boundary magnetic pressure error:           6.639e-03  -->   3.406e-01 (T^2*m^2)
Average absolute Boundary magnetic pressure error:           1.917e+02  -->   1.895e+02 (T^2*m^2)
Maximum absolute Boundary magnetic pressure error:           3.730e+00  -->   3.562e+00 (normalized)
Minimum absolute Boundary magnetic pressure error:           1.493e-05  -->   7.660e-04 (normalized)
Average absolute Boundary magnetic pressure error:           4.312e-01  -->   4.262e-01 (normalized)
Maximum absolute Boundary field jump error:                  9.684e+01  -->   1.056e+02 (T*m^2)
Minimum absolute Boundary field jump error:                  1.288e+00  -->   4.982e-01 (T*m^2)
Average absolute Boundary field jump error:                  2.024e+01  -->   2.014e+01 (T*m^2)
Maximum absolute Boundary field jump error:                  9.466e-01  -->   1.032e+00 (normalized)
Minimum absolute Boundary field jump error:                  1.259e-02  -->   4.870e-03 (normalized)
Average absolute Boundary field jump error:                  1.978e-01  -->   1.968e-01 (normalized)
Maximum absolute Force error:                                2.509e+12  -->   7.708e+12 (N)
Minimum absolute Force error:                                2.469e+03  -->   6.073e+01 (N)
Average absolute Force error:                                5.959e+07  -->   3.178e+08 (N)
Maximum absolute Force error:                                7.184e+02  -->   2.207e+03 (normalized)
Minimum absolute Force error:                                7.069e-07  -->   1.739e-08 (normalized)
Average absolute Force error:                                1.706e-02  -->   9.101e-02 (normalized)
R boundary error:                                            0.000e+00  -->   0.000e+00 (m)
Z boundary error:                                            0.000e+00  -->   0.000e+00 (m)
Fixed pressure profile error:                                0.000e+00  -->   0.000e+00 (Pa)
Fixed current profile error:                                 0.000e+00  -->   0.000e+00 (A)
Fixed Psi error:                                             0.000e+00  -->   0.000e+00 (Wb)
==============================================================================================================

==================================
Optimizing boundary modes M,N <= 10
====================================
Building objective: Boundary error
Precomputing transforms
Timer: Precomputing transforms = 1.29 sec
Timer: Objective build = 2.24 sec
Building objective: force
Precomputing transforms
Timer: Precomputing transforms = 1.21 sec
Timer: Objective build = 1.29 sec
Timer: Proximal projection build = 9.91 sec
Building objective: lcfs R
Building objective: lcfs Z
Building objective: fixed pressure
Building objective: fixed current
Building objective: fixed Psi
Timer: Objective build = 707 ms
Timer: Linear constraint projection build = 1.93 sec
Number of parameters: 503
Number of objectives: 5043
Timer: Initializing the optimization = 12.6 sec

Starting optimization
Using method: proximal-lsq-exact
   Iteration     Total nfev        Cost      Cost reduction    Step norm     Optimality   
       0              1          8.684e+00                                    3.444e-01   
       1             28          8.684e+00      0.000e+00      0.000e+00      3.444e-01   
Warning: A bad approximation caused failure to predict improvement.
         Current function value: 8.684e+00
         Total delta_x: 0.000e+00
         Iterations: 1
         Function evaluations: 28
         Jacobian evaluations: 1
Timer: Solution time = 3.63 min
Timer: Avg time per step = 1.81 min
==============================================================================================================
                                                                 Start  -->   End
Total (sum of squares):                                      8.684e+00  -->   8.684e+00, 
Maximum absolute Boundary normal field error:                7.820e+01  -->   7.820e+01 (T*m^2)
Minimum absolute Boundary normal field error:                1.572e-13  -->   1.572e-13 (T*m^2)
Average absolute Boundary normal field error:                2.366e+01  -->   2.366e+01 (T*m^2)
Maximum absolute Boundary normal field error:                7.645e-01  -->   7.645e-01 (normalized)
Minimum absolute Boundary normal field error:                1.537e-15  -->   1.537e-15 (normalized)
Average absolute Boundary normal field error:                2.313e-01  -->   2.313e-01 (normalized)
Maximum absolute Boundary magnetic pressure error:           1.584e+03  -->   1.584e+03 (T^2*m^2)
Minimum absolute Boundary magnetic pressure error:           3.406e-01  -->   3.406e-01 (T^2*m^2)
Average absolute Boundary magnetic pressure error:           1.895e+02  -->   1.895e+02 (T^2*m^2)
Maximum absolute Boundary magnetic pressure error:           3.562e+00  -->   3.562e+00 (normalized)
Minimum absolute Boundary magnetic pressure error:           7.661e-04  -->   7.661e-04 (normalized)
Average absolute Boundary magnetic pressure error:           4.263e-01  -->   4.263e-01 (normalized)
Maximum absolute Boundary field jump error:                  1.056e+02  -->   1.056e+02 (T*m^2)
Minimum absolute Boundary field jump error:                  4.982e-01  -->   4.982e-01 (T*m^2)
Average absolute Boundary field jump error:                  2.014e+01  -->   2.014e+01 (T*m^2)
Maximum absolute Boundary field jump error:                  1.033e+00  -->   1.033e+00 (normalized)
Minimum absolute Boundary field jump error:                  4.870e-03  -->   4.870e-03 (normalized)
Average absolute Boundary field jump error:                  1.969e-01  -->   1.969e-01 (normalized)
Maximum absolute Force error:                                7.708e+12  -->   7.708e+12 (N)
Minimum absolute Force error:                                6.073e+01  -->   6.073e+01 (N)
Average absolute Force error:                                3.178e+08  -->   3.178e+08 (N)
Maximum absolute Force error:                                2.207e+03  -->   2.207e+03 (normalized)
Minimum absolute Force error:                                1.739e-08  -->   1.739e-08 (normalized)
Average absolute Force error:                                9.102e-02  -->   9.102e-02 (normalized)
R boundary error:                                            0.000e+00  -->   0.000e+00 (m)
Z boundary error:                                            0.000e+00  -->   0.000e+00 (m)
Fixed pressure profile error:                                0.000e+00  -->   0.000e+00 (Pa)
Fixed current profile error:                                 0.000e+00  -->   0.000e+00 (A)
Fixed Psi error:                                             0.000e+00  -->   0.000e+00 (Wb)
==============================================================================================================
