DESC version 0.13.0+424.g17f9abace,using JAX backend, jax version=0.4.31, jaxlib version=0.4.31, dtype=float64
Using device: NVIDIA A100-PCIE-40GB (id=0), with 40.00 GB available memory
SAVING NO SHEET CURRENT SOLVE TO  ./desc_fb_no_sheet_current.h5
SAVING  SHEET CURRENT SOLVE TO  ./desc_fb_with_sheet_current.h5
/home/dpanici/DESC/desc/input_reader.py:1267: UserWarning: Current is not a power series!
  warnings.warn(colored("Current is not a power series!", "yellow"))
eq psi = 49.68440342569543
field psi = -38.49234358638788

==================================
Optimizing boundary modes M,N <= 1
====================================
Building objective: Boundary error
/home/dpanici/DESC/desc/utils.py:554: UserWarning: Boundary pressure is nonzero (max 7209.7948531062575 Pa), a sheet current should be included.
  warnings.warn(colored(msg, "yellow"), err)
Precomputing transforms
Timer: Precomputing transforms = 940 ms
Timer: Objective build = 1.76 sec
Building objective: force
Precomputing transforms
Timer: Precomputing transforms = 1.27 sec
Timer: Objective build = 1.35 sec
Timer: Proximal projection build = 10.8 sec
Building objective: lcfs R
Building objective: lcfs Z
Building objective: fixed pressure
Building objective: fixed current
Building objective: fixed Psi
Timer: Objective build = 534 ms
Timer: Linear constraint projection build = 2.43 sec
Number of parameters: 9
Number of objectives: 3362
Timer: Initializing the optimization = 13.9 sec

Starting optimization
Using method: proximal-lsq-exact
   Iteration     Total nfev        Cost      Cost reduction    Step norm     Optimality   
       0              1          1.887e+02                                    1.182e+01   
       1              2          9.690e+01      9.178e+01      1.432e+00      1.073e+01   
       2              3          3.085e+01      6.605e+01      6.775e-01      1.826e+00   
       3              4          1.482e+01      1.602e+01      7.556e-01      8.018e-01   
       4              5          1.163e+01      3.194e+00      1.314e+00      1.559e+00   
       5              6          1.042e+01      1.213e+00      9.075e-01      2.023e+00   
       6              7          3.424e+00      6.993e+00      1.926e-01      2.057e-01   
       7              8          3.299e+00      1.254e-01      2.438e-01      2.746e-01   
       8              9          3.292e+00      6.542e-03      2.023e-01      2.076e-01   
       9             10          3.222e+00      7.060e-02      5.483e-02      1.110e-02   
      10             11          3.219e+00      2.513e-03      1.056e-01      3.811e-02   
      11             12          3.212e+00      7.044e-03      3.329e-02      4.415e-03   
      12             13          3.212e+00      3.511e-04      9.095e-03      5.252e-04   
      13             17          3.212e+00      1.326e-05      1.005e-03      2.712e-04   
      14             18          3.212e+00      1.447e-06      1.408e-03      2.107e-04   
      15             20          3.212e+00      1.350e-06      3.321e-05      2.040e-04   
Optimization terminated successfully.
`ftol` condition satisfied.
         Current function value: 3.212e+00
         Total delta_x: 4.118e+00
         Iterations: 15
         Function evaluations: 20
         Jacobian evaluations: 16
Timer: Solution time = 7.05 min
Timer: Avg time per step = 26.4 sec
==============================================================================================================
                                                                 Start  -->   End
Total (sum of squares):                                      1.887e+02  -->   3.212e+00, 
Maximum absolute Boundary normal field error:                3.176e+02  -->   4.898e+01 (T*m^2)
Minimum absolute Boundary normal field error:                2.484e-13  -->   1.266e-14 (T*m^2)
Average absolute Boundary normal field error:                7.685e+01  -->   1.297e+01 (T*m^2)
Maximum absolute Boundary normal field error:                3.233e+00  -->   4.986e-01 (normalized)
Minimum absolute Boundary normal field error:                2.529e-15  -->   1.289e-16 (normalized)
Average absolute Boundary normal field error:                7.822e-01  -->   1.320e-01 (normalized)
Maximum absolute Boundary magnetic pressure error:           2.676e+03  -->   5.991e+02 (T^2*m^2)
Minimum absolute Boundary magnetic pressure error:           4.709e-01  -->   3.472e-01 (T^2*m^2)
Average absolute Boundary magnetic pressure error:           8.873e+02  -->   1.076e+02 (T^2*m^2)
Maximum absolute Boundary magnetic pressure error:           6.924e+00  -->   1.550e+00 (normalized)
Minimum absolute Boundary magnetic pressure error:           1.218e-03  -->   8.983e-04 (normalized)
Average absolute Boundary magnetic pressure error:           2.296e+00  -->   2.783e-01 (normalized)
Maximum absolute Force error:                                6.801e+05  -->   1.187e+07 (N)
Minimum absolute Force error:                                1.362e+00  -->   2.354e+01 (N)
Average absolute Force error:                                2.160e+04  -->   2.641e+05 (N)
Maximum absolute Force error:                                2.240e-04  -->   3.909e-03 (normalized)
Minimum absolute Force error:                                4.487e-10  -->   7.753e-09 (normalized)
Average absolute Force error:                                7.116e-06  -->   8.698e-05 (normalized)
R boundary error:                                            0.000e+00  -->   2.465e-32 (m)
Z boundary error:                                            0.000e+00  -->   0.000e+00 (m)
Fixed pressure profile error:                                0.000e+00  -->   0.000e+00 (Pa)
Fixed current profile error:                                 0.000e+00  -->   0.000e+00 (A)
Fixed Psi error:                                             0.000e+00  -->   0.000e+00 (Wb)
==============================================================================================================

==================================
Optimizing boundary modes M,N <= 2
====================================
Building objective: Boundary error
/home/dpanici/DESC/desc/utils.py:554: UserWarning: Boundary pressure is nonzero (max 7209.7948531062575 Pa), a sheet current should be included.
  warnings.warn(colored(msg, "yellow"), err)
Precomputing transforms
Timer: Precomputing transforms = 959 ms
Timer: Objective build = 1.88 sec
Building objective: force
Precomputing transforms
Timer: Precomputing transforms = 1.30 sec
Timer: Objective build = 1.37 sec
Timer: Proximal projection build = 9.92 sec
Building objective: lcfs R
Building objective: lcfs Z
Building objective: fixed pressure
Building objective: fixed current
Building objective: fixed Psi
Timer: Objective build = 550 ms
Timer: Linear constraint projection build = 2.33 sec
Number of parameters: 25
Number of objectives: 3362
Timer: Initializing the optimization = 12.9 sec

Starting optimization
Using method: proximal-lsq-exact
   Iteration     Total nfev        Cost      Cost reduction    Step norm     Optimality   
       0              1          3.311e-01                                    2.167e-01   
       1              2          8.769e-02      2.434e-01      6.864e-01      5.544e-02   
       2              4          5.250e-02      3.519e-02      3.510e-01      4.595e-02   
       3              5          5.086e-02      1.645e-03      4.258e-01      1.233e-01   
       4              6          4.000e-02      1.085e-02      2.068e-01      7.842e-03   
       5              7          3.971e-02      2.983e-04      1.971e-01      9.825e-03   
       6              8          3.906e-02      6.484e-04      1.090e-01      2.228e-03   
       7              9          3.883e-02      2.281e-04      6.453e-02      3.601e-03   
       8             10          3.840e-02      4.281e-04      1.333e-01      9.042e-03   
       9             11          3.810e-02      3.055e-04      2.454e-01      3.443e-02   
      10             12          3.705e-02      1.047e-03      2.526e-01      1.818e-02   
      11             13          3.679e-02      2.624e-04      3.100e-01      8.481e-03   
      12             14          3.627e-02      5.129e-04      1.706e-01      3.487e-03   
      13             15          3.624e-02      3.908e-05      9.991e-02      4.086e-03   
      14             16          3.614e-02      9.042e-05      4.464e-02      9.086e-04   
      15             17          3.612e-02      2.103e-05      2.897e-02      7.045e-04   
      16             19          3.611e-02      1.067e-05      1.264e-02      4.707e-04   
      17             21          3.611e-02      3.354e-06      7.351e-03      1.778e-04   
      18             23          3.611e-02      1.628e-06      1.881e-03      1.517e-04   
      19             47          3.611e-02      0.000e+00      0.000e+00      1.517e-04   
Warning: A bad approximation caused failure to predict improvement.
         Current function value: 3.611e-02
         Total delta_x: 1.566e+00
         Iterations: 19
         Function evaluations: 47
         Jacobian evaluations: 19
Timer: Solution time = 13.4 min
Timer: Avg time per step = 40.2 sec
==============================================================================================================
                                                                 Start  -->   End
Total (sum of squares):                                      3.311e-01  -->   3.611e-02, 
Maximum absolute Boundary normal field error:                4.898e+01  -->   1.132e+01 (T*m^2)
Minimum absolute Boundary normal field error:                1.266e-14  -->   4.756e-15 (T*m^2)
Average absolute Boundary normal field error:                1.297e+01  -->   3.206e+00 (T*m^2)
Maximum absolute Boundary normal field error:                3.003e-01  -->   6.939e-02 (normalized)
Minimum absolute Boundary normal field error:                7.762e-17  -->   2.916e-17 (normalized)
Average absolute Boundary normal field error:                7.949e-02  -->   1.965e-02 (normalized)
Maximum absolute Boundary magnetic pressure error:           5.991e+02  -->   1.521e+02 (T^2*m^2)
Minimum absolute Boundary magnetic pressure error:           3.472e-01  -->   2.351e-01 (T^2*m^2)
Average absolute Boundary magnetic pressure error:           1.076e+02  -->   5.032e+01 (T^2*m^2)
Maximum absolute Boundary magnetic pressure error:           3.523e-01  -->   8.946e-02 (normalized)
Minimum absolute Boundary magnetic pressure error:           2.042e-04  -->   1.382e-04 (normalized)
Average absolute Boundary magnetic pressure error:           6.325e-02  -->   2.959e-02 (normalized)
Maximum absolute Force error:                                1.187e+07  -->   2.582e+06 (N)
Minimum absolute Force error:                                2.354e+01  -->   4.530e+00 (N)
Average absolute Force error:                                2.641e+05  -->   1.028e+05 (N)
Maximum absolute Force error:                                8.886e-04  -->   1.933e-04 (normalized)
Minimum absolute Force error:                                1.762e-09  -->   3.391e-10 (normalized)
Average absolute Force error:                                1.977e-05  -->   7.698e-06 (normalized)
R boundary error:                                            0.000e+00  -->   7.997e-18 (m)
Z boundary error:                                            0.000e+00  -->   3.469e-18 (m)
Fixed pressure profile error:                                0.000e+00  -->   0.000e+00 (Pa)
Fixed current profile error:                                 0.000e+00  -->   0.000e+00 (A)
Fixed Psi error:                                             0.000e+00  -->   0.000e+00 (Wb)
==============================================================================================================

==================================
Optimizing boundary modes M,N <= 4
====================================
Building objective: Boundary error
/home/dpanici/DESC/desc/utils.py:554: UserWarning: Boundary pressure is nonzero (max 7209.7948531062575 Pa), a sheet current should be included.
  warnings.warn(colored(msg, "yellow"), err)
Precomputing transforms
Timer: Precomputing transforms = 1.07 sec
Timer: Objective build = 2.00 sec
Building objective: force
Precomputing transforms
Timer: Precomputing transforms = 1.30 sec
Timer: Objective build = 1.38 sec
Timer: Proximal projection build = 10.3 sec
Building objective: lcfs R
Building objective: lcfs Z
Building objective: fixed pressure
Building objective: fixed current
Building objective: fixed Psi
Timer: Objective build = 559 ms
Timer: Linear constraint projection build = 2.32 sec
Number of parameters: 81
Number of objectives: 3362
Timer: Initializing the optimization = 13.3 sec

Starting optimization
Using method: proximal-lsq-exact
   Iteration     Total nfev        Cost      Cost reduction    Step norm     Optimality   
       0              1          4.867e-02                                    6.770e-02   
       1              4          3.609e-02      1.257e-02      3.880e-02      3.161e-02   
       2              5          2.679e-02      9.304e-03      9.790e-02      1.657e-02   
       3              6          1.666e-02      1.013e-02      2.030e-01      3.579e-02   
       4              8          1.077e-02      5.885e-03      9.804e-02      1.380e-02   
       5              9          7.105e-03      3.666e-03      2.054e-01      3.525e-02   
       6             10          6.173e-03      9.321e-04      3.426e-01      3.080e-02   
       7             12          2.756e-03      3.416e-03      7.644e-02      2.961e-03   
       8             14          2.494e-03      2.628e-04      4.008e-02      1.996e-03   
       9             15          2.288e-03      2.054e-04      8.442e-02      1.038e-02   
      10             17          2.093e-03      1.956e-04      4.260e-02      3.264e-03   
      11             18          2.022e-03      7.050e-05      8.967e-02      1.345e-02   
      12             19          1.829e-03      1.930e-04      8.794e-02      1.192e-02   
      13             20          1.674e-03      1.552e-04      7.699e-02      8.238e-03   
      14             21          1.572e-03      1.014e-04      1.069e-01      8.799e-03   
      15             22          1.538e-03      3.457e-05      9.987e-02      1.389e-02   
      16             23          1.370e-03      1.675e-04      9.691e-02      8.953e-03   
      17             25          1.236e-03      1.347e-04      3.073e-02      2.927e-03   
      18             26          1.212e-03      2.374e-05      6.282e-02      8.984e-03   
      19             27          1.136e-03      7.560e-05      6.273e-02      8.155e-03   
      20             29          1.062e-03      7.431e-05      2.920e-02      2.525e-03   
      21             30          1.048e-03      1.399e-05      5.912e-02      7.130e-03   
      22             31          1.016e-03      3.235e-05      5.899e-02      7.180e-03   
      23             32          9.843e-04      3.128e-05      5.535e-02      6.587e-03   
      24             33          9.544e-04      2.997e-05      4.711e-02      4.595e-03   
      25             34          9.373e-04      1.712e-05      6.058e-02      1.735e-03   
      26             35          9.307e-04      6.514e-06      2.422e-02      6.739e-04   
      27             36          9.290e-04      1.784e-06      2.168e-02      4.858e-04   
      28             37          9.267e-04      2.288e-06      2.120e-02      7.617e-04   
      29             38          9.258e-04      9.031e-07      2.253e-02      1.198e-03   
      30             39          9.254e-04      3.533e-07      3.392e-02      2.786e-03   
      31             40          9.183e-04      7.157e-06      9.698e-03      2.484e-04   
      32             41          9.155e-04      2.705e-06      1.878e-02      1.047e-03   
      33             43          9.128e-04      2.746e-06      9.352e-03      2.672e-04   
      34             44          9.110e-04      1.827e-06      1.845e-02      1.074e-03   
      35             45          9.074e-04      3.578e-06      1.846e-02      9.489e-04   
      36             47          9.053e-04      2.066e-06      9.265e-03      2.470e-04   
      37             48          9.034e-04      1.924e-06      1.851e-02      9.251e-04   
      38             49          9.013e-04      2.150e-06      1.867e-02      8.738e-04   
      39             50          8.994e-04      1.863e-06      1.876e-02      8.222e-04   
      40             51          8.976e-04      1.816e-06      1.878e-02      7.943e-04   
      41             52          8.956e-04      1.929e-06      1.876e-02      7.941e-04   
      42             54          8.942e-04      1.475e-06      9.374e-03      1.896e-04   
      43             55          8.924e-04      1.730e-06      1.873e-02      7.831e-04   
      44             57          8.909e-04      1.514e-06      9.329e-03      1.788e-04   
      45             58          8.891e-04      1.815e-06      1.868e-02      7.487e-04   
      46             60          8.877e-04      1.441e-06      9.309e-03      1.702e-04   
      47             61          8.861e-04      1.596e-06      1.865e-02      7.131e-04   
      48             63          8.850e-04      1.075e-06      9.291e-03      1.968e-04   
      49             64          8.832e-04      1.821e-06      1.840e-02      6.805e-04   
      50             66          8.824e-04      7.727e-07      9.337e-03      2.680e-04   
      51             67          8.814e-04      1.004e-06      9.348e-03      1.397e-04   
      52             68          8.803e-04      1.116e-06      1.855e-02      6.334e-04   
      53             70          8.794e-04      8.707e-07      8.784e-03      1.283e-04   
      54             71          8.789e-04      5.038e-07      1.726e-02      5.745e-04   
      55             73          8.784e-04      5.414e-07      4.484e-03      3.701e-05   
      56             74          8.780e-04      3.364e-07      8.726e-03      1.322e-04   
      57             77          8.780e-04      4.321e-08      1.112e-03      2.026e-05   
      58             78          8.780e-04      1.353e-08      1.106e-03      1.377e-05   
      59             100         8.780e-04      0.000e+00      0.000e+00      1.377e-05   
Warning: A bad approximation caused failure to predict improvement.
         Current function value: 8.780e-04
         Total delta_x: 1.510e+00
         Iterations: 59
         Function evaluations: 100
         Jacobian evaluations: 59
Timer: Solution time = 31.6 min
Timer: Avg time per step = 31.6 sec
==============================================================================================================
                                                                 Start  -->   End
Total (sum of squares):                                      4.867e-02  -->   8.780e-04, 
Maximum absolute Boundary normal field error:                1.132e+01  -->   2.205e+00 (T*m^2)
Minimum absolute Boundary normal field error:                4.756e-15  -->   1.073e-14 (T*m^2)
Average absolute Boundary normal field error:                3.206e+00  -->   6.215e-01 (T*m^2)
Maximum absolute Boundary normal field error:                7.540e-02  -->   1.469e-02 (normalized)
Minimum absolute Boundary normal field error:                3.168e-17  -->   7.145e-17 (normalized)
Average absolute Boundary normal field error:                2.136e-02  -->   4.140e-03 (normalized)
Maximum absolute Boundary magnetic pressure error:           1.521e+02  -->   2.331e+01 (T^2*m^2)
Minimum absolute Boundary magnetic pressure error:           2.351e-01  -->   2.095e-02 (T^2*m^2)
Average absolute Boundary magnetic pressure error:           5.032e+01  -->   4.556e+00 (T^2*m^2)
Maximum absolute Boundary magnetic pressure error:           1.068e-01  -->   1.636e-02 (normalized)
Minimum absolute Boundary magnetic pressure error:           1.650e-04  -->   1.471e-05 (normalized)
Average absolute Boundary magnetic pressure error:           3.532e-02  -->   3.198e-03 (normalized)
Maximum absolute Force error:                                2.582e+06  -->   9.655e+06 (N)
Minimum absolute Force error:                                4.530e+00  -->   4.596e+01 (N)
Average absolute Force error:                                1.028e+05  -->   2.802e+05 (N)
Maximum absolute Force error:                                2.307e-04  -->   8.629e-04 (normalized)
Minimum absolute Force error:                                4.048e-10  -->   4.107e-09 (normalized)
Average absolute Force error:                                9.189e-06  -->   2.504e-05 (normalized)
R boundary error:                                            0.000e+00  -->   0.000e+00 (m)
Z boundary error:                                            0.000e+00  -->   4.940e-32 (m)
Fixed pressure profile error:                                0.000e+00  -->   0.000e+00 (Pa)
Fixed current profile error:                                 0.000e+00  -->   0.000e+00 (A)
Fixed Psi error:                                             0.000e+00  -->   0.000e+00 (Wb)
==============================================================================================================

==================================
Optimizing boundary modes M,N <= 5
====================================
Building objective: Boundary error
/home/dpanici/DESC/desc/utils.py:554: UserWarning: Boundary pressure is nonzero (max 7209.7948531062575 Pa), a sheet current should be included.
  warnings.warn(colored(msg, "yellow"), err)
Precomputing transforms
Timer: Precomputing transforms = 968 ms
Timer: Objective build = 1.90 sec
Building objective: force
Precomputing transforms
Timer: Precomputing transforms = 1.32 sec
Timer: Objective build = 1.40 sec
Timer: Proximal projection build = 10.1 sec
Building objective: lcfs R
Building objective: lcfs Z
Building objective: fixed pressure
Building objective: fixed current
Building objective: fixed Psi
Timer: Objective build = 555 ms
Timer: Linear constraint projection build = 2.35 sec
Number of parameters: 121
Number of objectives: 3362
Timer: Initializing the optimization = 13.1 sec

Starting optimization
Using method: proximal-lsq-exact
   Iteration     Total nfev        Cost      Cost reduction    Step norm     Optimality   
       0              1          6.839e-04                                    3.508e-03   
       1              3          5.695e-04      1.144e-04      1.359e-01      5.825e-03   
       2              5          4.108e-04      1.587e-04      4.051e-02      1.451e-03   
       3              6          4.090e-04      1.784e-06      7.681e-02      6.570e-03   
       4              7          3.713e-04      3.771e-05      1.945e-02      5.983e-04   
       5              8          3.605e-04      1.083e-05      3.848e-02      1.593e-03   
       6              9          3.589e-04      1.619e-06      7.792e-02      5.069e-03   
       7             10          3.335e-04      2.532e-05      2.102e-02      4.259e-04   
       8             11          3.257e-04      7.827e-06      4.020e-02      1.335e-03   
       9             13          3.201e-04      5.655e-06      2.057e-02      3.612e-04   
      10             14          3.140e-04      6.040e-06      3.968e-02      1.366e-03   
      11             16          3.085e-04      5.499e-06      2.018e-02      3.687e-04   
      12             17          3.020e-04      6.481e-06      3.927e-02      1.237e-03   
      13             19          2.970e-04      5.072e-06      2.008e-02      2.913e-04   
      14             20          2.918e-04      5.147e-06      3.894e-02      1.287e-03   
      15             22          2.873e-04      4.479e-06      2.035e-02      3.558e-04   
      16             23          2.831e-04      4.219e-06      3.881e-02      1.411e-03   
      17             25          2.789e-04      4.257e-06      2.028e-02      3.782e-04   
      18             26          2.752e-04      3.669e-06      3.809e-02      1.397e-03   
      19             28          2.713e-04      3.852e-06      1.969e-02      3.365e-04   
      20             29          2.680e-04      3.313e-06      3.709e-02      1.249e-03   
      21             31          2.641e-04      3.902e-06      1.900e-02      2.866e-04   
      22             32          2.611e-04      3.038e-06      3.549e-02      7.125e-04   
      23             33          2.590e-04      2.070e-06      6.350e-02      3.218e-03   
      24             34          2.561e-04      2.911e-06      6.395e-02      3.881e-03   
      25             35          2.452e-04      1.092e-05      1.790e-02      3.348e-04   
      26             36          2.431e-04      2.103e-06      3.233e-02      7.786e-04   
      27             38          2.413e-04      1.762e-06      1.696e-02      2.213e-04   
      28             39          2.399e-04      1.463e-06      3.246e-02      5.424e-04   
      29             40          2.383e-04      1.571e-06      3.259e-02      7.104e-04   
      30             41          2.360e-04      2.252e-06      3.363e-02      7.311e-04   
      31             43          2.346e-04      1.401e-06      1.715e-02      2.267e-04   
      32             44          2.337e-04      8.805e-07      3.318e-02      8.145e-04   
      33             45          2.325e-04      1.280e-06      3.332e-02      9.559e-04   
      34             46          2.311e-04      1.340e-06      3.306e-02      9.855e-04   
      35             47          2.298e-04      1.304e-06      3.241e-02      9.469e-04   
      36             48          2.290e-04      8.467e-07      3.039e-02      8.791e-04   
      37             49          2.271e-04      1.884e-06      2.526e-02      5.906e-04   
      38             50          2.264e-04      6.469e-07      4.144e-02      4.303e-04   
      39             51          2.256e-04      8.341e-07      2.865e-02      3.116e-04   
      40             52          2.253e-04      3.461e-07      2.967e-02      1.538e-04   
      41             55          2.252e-04      5.504e-08      1.505e-03      1.498e-05   
      42             57          2.252e-04      3.520e-09      3.634e-04      6.915e-06   
      43             58          2.252e-04      2.684e-09      3.671e-04      5.513e-06   
      44             80          2.252e-04      0.000e+00      0.000e+00      5.513e-06   
Warning: A bad approximation caused failure to predict improvement.
         Current function value: 2.252e-04
         Total delta_x: 1.044e+00
         Iterations: 44
         Function evaluations: 80
         Jacobian evaluations: 44
Timer: Solution time = 19.0 min
Timer: Avg time per step = 25.4 sec
==============================================================================================================
                                                                 Start  -->   End
Total (sum of squares):                                      6.839e-04  -->   2.252e-04, 
Maximum absolute Boundary normal field error:                2.205e+00  -->   1.190e+00 (T*m^2)
Minimum absolute Boundary normal field error:                1.073e-14  -->   3.649e-14 (T*m^2)
Average absolute Boundary normal field error:                6.215e-01  -->   3.935e-01 (T*m^2)
Maximum absolute Boundary normal field error:                1.369e-02  -->   7.385e-03 (normalized)
Minimum absolute Boundary normal field error:                6.656e-17  -->   2.264e-16 (normalized)
Average absolute Boundary normal field error:                3.857e-03  -->   2.442e-03 (normalized)
Maximum absolute Boundary magnetic pressure error:           2.331e+01  -->   8.718e+00 (T^2*m^2)
Minimum absolute Boundary magnetic pressure error:           2.095e-02  -->   1.585e-03 (T^2*m^2)
Average absolute Boundary magnetic pressure error:           4.556e+00  -->   2.417e+00 (T^2*m^2)
Maximum absolute Boundary magnetic pressure error:           1.321e-02  -->   4.941e-03 (normalized)
Minimum absolute Boundary magnetic pressure error:           1.187e-05  -->   8.985e-07 (normalized)
Average absolute Boundary magnetic pressure error:           2.582e-03  -->   1.370e-03 (normalized)
Maximum absolute Force error:                                9.655e+06  -->   1.060e+07 (N)
Minimum absolute Force error:                                4.596e+01  -->   6.169e+01 (N)
Average absolute Force error:                                2.802e+05  -->   2.977e+05 (N)
Maximum absolute Force error:                                6.967e-04  -->   7.648e-04 (normalized)
Minimum absolute Force error:                                3.316e-09  -->   4.452e-09 (normalized)
Average absolute Force error:                                2.022e-05  -->   2.148e-05 (normalized)
R boundary error:                                            0.000e+00  -->   0.000e+00 (m)
Z boundary error:                                            0.000e+00  -->   0.000e+00 (m)
Fixed pressure profile error:                                0.000e+00  -->   0.000e+00 (Pa)
Fixed current profile error:                                 0.000e+00  -->   0.000e+00 (A)
Fixed Psi error:                                             0.000e+00  -->   0.000e+00 (Wb)
==============================================================================================================

==================================
Optimizing boundary modes M,N <= 7
====================================
Building objective: Boundary error
/home/dpanici/DESC/desc/utils.py:554: UserWarning: Boundary pressure is nonzero (max 7209.7948531062575 Pa), a sheet current should be included.
  warnings.warn(colored(msg, "yellow"), err)
Precomputing transforms
Timer: Precomputing transforms = 955 ms
Timer: Objective build = 1.86 sec
Building objective: force
Precomputing transforms
Timer: Precomputing transforms = 1.30 sec
Timer: Objective build = 1.37 sec
Timer: Proximal projection build = 10.0 sec
Building objective: lcfs R
Building objective: lcfs Z
Building objective: fixed pressure
Building objective: fixed current
Building objective: fixed Psi
Timer: Objective build = 549 ms
Timer: Linear constraint projection build = 2.35 sec
Number of parameters: 225
Number of objectives: 3362
Timer: Initializing the optimization = 13.0 sec

Starting optimization
Using method: proximal-lsq-exact
   Iteration     Total nfev        Cost      Cost reduction    Step norm     Optimality   
       0              1          2.432e-04                                    1.705e-03   
       1              4          1.950e-04      4.818e-05      2.279e-02      6.154e-04   
       2              5          1.941e-04      9.077e-07      6.141e-02      2.306e-03   
       3              6          1.744e-04      1.972e-05      1.572e-02      6.502e-04   
       4              7          1.707e-04      3.635e-06      3.118e-02      5.994e-04   
       5              8          1.663e-04      4.453e-06      2.870e-02      2.772e-04   
       6              9          1.636e-04      2.637e-06      5.321e-02      9.759e-04   
       7             10          1.575e-04      6.109e-06      5.236e-02      8.146e-04   
       8             11          1.525e-04      5.020e-06      4.725e-02      7.903e-04   
       9             12          1.480e-04      4.476e-06      4.499e-02      9.256e-04   
      10             13          1.440e-04      4.001e-06      4.410e-02      9.721e-04   
      11             15          1.416e-04      2.465e-06      2.101e-02      1.638e-04   
      12             16          1.399e-04      1.698e-06      4.292e-02      7.019e-04   
      13             17          1.353e-04      4.588e-06      4.401e-02      3.125e-04   
      14             18          1.337e-04      1.552e-06      8.697e-02      1.138e-03   
      15             19          1.284e-04      5.302e-06      8.082e-02      1.741e-03   
      16             21          1.246e-04      3.843e-06      2.698e-02      7.749e-04   
      17             22          1.223e-04      2.260e-06      2.254e-02      1.390e-04   
      18             23          1.212e-04      1.163e-06      4.398e-02      5.920e-04   
      19             24          1.194e-04      1.734e-06      4.325e-02      3.731e-04   
      20             25          1.187e-04      7.106e-07      4.701e-02      3.723e-04   
      21             27          1.178e-04      8.776e-07      1.436e-02      1.246e-04   
      22             28          1.176e-04      2.692e-07      1.418e-02      9.724e-05   
      23             29          1.173e-04      3.287e-07      1.385e-02      1.192e-04   
      24             30          1.171e-04      1.783e-07      1.411e-02      1.050e-04   
      25             31          1.168e-04      2.255e-07      1.409e-02      1.408e-04   
      26             32          1.166e-04      2.586e-07      1.553e-02      1.174e-04   
      27             33          1.161e-04      5.236e-07      1.489e-02      1.417e-04   
      28             34          1.159e-04      1.951e-07      2.860e-02      3.670e-04   
      29             35          1.154e-04      4.531e-07      3.150e-02      6.027e-04   
      30             36          1.151e-04      2.839e-07      3.213e-02      5.659e-04   
      31             37          1.140e-04      1.082e-06      8.171e-03      2.858e-04   
      32             38          1.139e-04      1.633e-07      1.668e-02      2.860e-04   
      33             39          1.135e-04      4.176e-07      3.922e-03      9.984e-05   
      34             40          1.132e-04      2.321e-07      8.400e-03      6.152e-05   
      35             41          1.132e-04      7.997e-08      8.293e-03      7.425e-05   
      36             42          1.131e-04      5.151e-08      8.151e-03      6.074e-05   
      37             43          1.130e-04      7.449e-08      7.999e-03      6.062e-05   
      38             44          1.130e-04      6.442e-08      7.826e-03      5.260e-05   
      39             45          1.129e-04      5.533e-08      7.691e-03      4.993e-05   
      40             46          1.129e-04      4.607e-08      7.545e-03      4.572e-05   
      41             47          1.128e-04      3.245e-08      7.461e-03      4.400e-05   
      42             48          1.128e-04      1.042e-08      1.866e-03      8.446e-06   
      43             49          1.128e-04      2.526e-10      4.610e-04      3.599e-06   
      44             71          1.128e-04      0.000e+00      0.000e+00      3.599e-06   
Warning: A bad approximation caused failure to predict improvement.
         Current function value: 1.128e-04
         Total delta_x: 8.697e-01
         Iterations: 44
         Function evaluations: 71
         Jacobian evaluations: 44
Timer: Solution time = 12.6 min
Timer: Avg time per step = 16.8 sec
==============================================================================================================
                                                                 Start  -->   End
Total (sum of squares):                                      2.432e-04  -->   1.128e-04, 
Maximum absolute Boundary normal field error:                1.190e+00  -->   7.413e-01 (T*m^2)
Minimum absolute Boundary normal field error:                3.649e-14  -->   3.121e-14 (T*m^2)
Average absolute Boundary normal field error:                3.935e-01  -->   2.957e-01 (T*m^2)
Maximum absolute Boundary normal field error:                7.558e-03  -->   4.708e-03 (normalized)
Minimum absolute Boundary normal field error:                2.318e-16  -->   1.982e-16 (normalized)
Average absolute Boundary normal field error:                2.499e-03  -->   1.878e-03 (normalized)
Maximum absolute Boundary magnetic pressure error:           8.718e+00  -->   8.004e+00 (T^2*m^2)
Minimum absolute Boundary magnetic pressure error:           1.585e-03  -->   2.550e-03 (T^2*m^2)
Average absolute Boundary magnetic pressure error:           2.417e+00  -->   1.375e+00 (T^2*m^2)
Maximum absolute Boundary magnetic pressure error:           5.357e-03  -->   4.918e-03 (normalized)
Minimum absolute Boundary magnetic pressure error:           9.742e-07  -->   1.567e-06 (normalized)
Average absolute Boundary magnetic pressure error:           1.485e-03  -->   8.449e-04 (normalized)
Maximum absolute Force error:                                1.060e+07  -->   1.364e+07 (N)
Minimum absolute Force error:                                6.169e+01  -->   8.778e+01 (N)
Average absolute Force error:                                2.977e+05  -->   3.835e+05 (N)
Maximum absolute Force error:                                8.291e-04  -->   1.067e-03 (normalized)
Minimum absolute Force error:                                4.826e-09  -->   6.867e-09 (normalized)
Average absolute Force error:                                2.329e-05  -->   3.000e-05 (normalized)
R boundary error:                                            0.000e+00  -->   0.000e+00 (m)
Z boundary error:                                            0.000e+00  -->   0.000e+00 (m)
Fixed pressure profile error:                                0.000e+00  -->   0.000e+00 (Pa)
Fixed current profile error:                                 0.000e+00  -->   0.000e+00 (A)
Fixed Psi error:                                             0.000e+00  -->   0.000e+00 (Wb)
==============================================================================================================

==================================
Optimizing boundary modes M,N <= 8
====================================
Building objective: Boundary error
/home/dpanici/DESC/desc/utils.py:554: UserWarning: Boundary pressure is nonzero (max 7209.7948531062575 Pa), a sheet current should be included.
  warnings.warn(colored(msg, "yellow"), err)
Precomputing transforms
Timer: Precomputing transforms = 942 ms
Timer: Objective build = 1.83 sec
Building objective: force
Precomputing transforms
Timer: Precomputing transforms = 1.28 sec
Timer: Objective build = 1.36 sec
Timer: Proximal projection build = 9.75 sec
Building objective: lcfs R
Building objective: lcfs Z
Building objective: fixed pressure
Building objective: fixed current
Building objective: fixed Psi
Timer: Objective build = 545 ms
Timer: Linear constraint projection build = 2.48 sec
Number of parameters: 289
Number of objectives: 3362
Timer: Initializing the optimization = 12.8 sec

Starting optimization
Using method: proximal-lsq-exact
   Iteration     Total nfev        Cost      Cost reduction    Step norm     Optimality   
       0              1          1.175e-04                                    2.375e-04   
       1              5          1.144e-04      3.036e-06      5.959e-03      4.230e-04   
       2              6          1.121e-04      2.342e-06      7.986e-03      1.820e-04   
       3              7          1.105e-04      1.552e-06      1.674e-02      5.197e-04   
       4              8          1.078e-04      2.742e-06      1.607e-02      3.003e-04   
       5             10          1.069e-04      8.381e-07      7.301e-03      1.623e-04   
       6             11          1.064e-04      5.412e-07      7.368e-03      1.536e-04   
       7             13          1.064e-04      3.197e-08      1.813e-03      1.029e-04   
       8             14          1.062e-04      1.365e-07      4.692e-04      6.213e-05   
       9             18          1.062e-04      6.442e-09      1.479e-05      2.750e-05   
      10             39          1.062e-04      0.000e+00      0.000e+00      2.750e-05   
Warning: A bad approximation caused failure to predict improvement.
         Current function value: 1.062e-04
         Total delta_x: 5.766e-02
         Iterations: 10
         Function evaluations: 39
         Jacobian evaluations: 10
Timer: Solution time = 4.79 min
Timer: Avg time per step = 26.1 sec
==============================================================================================================
                                                                 Start  -->   End
Total (sum of squares):                                      1.175e-04  -->   1.062e-04, 
Maximum absolute Boundary normal field error:                7.413e-01  -->   6.256e-01 (T*m^2)
Minimum absolute Boundary normal field error:                3.121e-14  -->   1.801e-14 (T*m^2)
Average absolute Boundary normal field error:                2.957e-01  -->   2.865e-01 (T*m^2)
Maximum absolute Boundary normal field error:                4.759e-03  -->   4.016e-03 (normalized)
Minimum absolute Boundary normal field error:                2.004e-16  -->   1.156e-16 (normalized)
Average absolute Boundary normal field error:                1.899e-03  -->   1.839e-03 (normalized)
Maximum absolute Boundary magnetic pressure error:           8.004e+00  -->   5.391e+00 (T^2*m^2)
Minimum absolute Boundary magnetic pressure error:           2.550e-03  -->   3.764e-03 (T^2*m^2)
Average absolute Boundary magnetic pressure error:           1.375e+00  -->   1.240e+00 (T^2*m^2)
Maximum absolute Boundary magnetic pressure error:           5.202e-03  -->   3.504e-03 (normalized)
Minimum absolute Boundary magnetic pressure error:           1.657e-06  -->   2.446e-06 (normalized)
Average absolute Boundary magnetic pressure error:           8.937e-04  -->   8.056e-04 (normalized)
Maximum absolute Force error:                                1.364e+07  -->   1.508e+07 (N)
Minimum absolute Force error:                                8.778e+01  -->   2.295e+01 (N)
Average absolute Force error:                                3.835e+05  -->   3.829e+05 (N)
Maximum absolute Force error:                                1.129e-03  -->   1.248e-03 (normalized)
Minimum absolute Force error:                                7.264e-09  -->   1.899e-09 (normalized)
Average absolute Force error:                                3.173e-05  -->   3.169e-05 (normalized)
R boundary error:                                            0.000e+00  -->   0.000e+00 (m)
Z boundary error:                                            0.000e+00  -->   0.000e+00 (m)
Fixed pressure profile error:                                0.000e+00  -->   0.000e+00 (Pa)
Fixed current profile error:                                 0.000e+00  -->   0.000e+00 (A)
Fixed Psi error:                                             0.000e+00  -->   0.000e+00 (Wb)
==============================================================================================================

==================================
Optimizing boundary modes M,N <= 10
====================================
Building objective: Boundary error
/home/dpanici/DESC/desc/utils.py:554: UserWarning: Boundary pressure is nonzero (max 7209.7948531062575 Pa), a sheet current should be included.
  warnings.warn(colored(msg, "yellow"), err)
Precomputing transforms
Timer: Precomputing transforms = 941 ms
Timer: Objective build = 1.83 sec
Building objective: force
Precomputing transforms
Timer: Precomputing transforms = 1.28 sec
Timer: Objective build = 1.36 sec
Timer: Proximal projection build = 9.92 sec
Building objective: lcfs R
Building objective: lcfs Z
Building objective: fixed pressure
Building objective: fixed current
Building objective: fixed Psi
Timer: Objective build = 434 ms
Timer: Linear constraint projection build = 2.23 sec
Number of parameters: 441
Number of objectives: 3362
Timer: Initializing the optimization = 12.7 sec

Starting optimization
Using method: proximal-lsq-exact
   Iteration     Total nfev        Cost      Cost reduction    Step norm     Optimality   
       0              1          1.066e-04                                    3.115e-04   
       1              7          1.054e-04      1.231e-06      2.218e-04      2.911e-04   
       2              8          1.048e-04      6.282e-07      5.842e-04      4.061e-04   
       3              9          1.045e-04      2.353e-07      6.280e-04      4.469e-04   
       4             10          1.039e-04      6.179e-07      1.995e-04      1.003e-04   
       5             11          1.037e-04      1.811e-07      3.274e-04      2.482e-04   
       6             12          1.034e-04      3.167e-07      3.162e-04      7.338e-05   
       7             13          1.034e-04      4.434e-08      6.339e-04      4.779e-04   
       8             14          1.029e-04      5.217e-07      1.789e-04      9.434e-05   
       9             15          1.027e-04      1.657e-07      3.353e-04      1.846e-04   
      10             16          1.024e-04      3.084e-07      3.442e-04      5.238e-05   
      11             17          1.022e-04      2.103e-07      6.718e-04      3.109e-04   
      12             18          1.017e-04      4.757e-07      7.034e-04      1.140e-04   
      13             21          1.017e-04      4.247e-08      8.714e-05      1.234e-04   
      14             22          1.016e-04      5.949e-08      9.025e-05      5.727e-05   
      15             23          1.015e-04      8.229e-08      1.791e-04      7.742e-05   
      16             24          1.014e-04      1.704e-07      3.621e-04      8.926e-05   
      17             25          1.011e-04      2.686e-07      7.197e-04      1.993e-04   
      18             26          1.006e-04      4.688e-07      1.480e-03      2.307e-04   
      19             27          1.003e-04      3.020e-07      1.434e-03      3.437e-04   
      20             28          9.991e-05      4.007e-07      1.513e-03      3.274e-04   
      21             30          9.981e-05      9.729e-08      3.560e-04      3.542e-04   
      22             31          9.964e-05      1.719e-07      3.769e-04      2.256e-04   
      23             32          9.956e-05      8.226e-08      3.605e-04      3.271e-04   
      24             33          9.940e-05      1.644e-07      3.712e-04      1.654e-04   
      25             34          9.929e-05      1.061e-07      3.625e-04      2.557e-04   
      26             35          9.915e-05      1.376e-07      3.706e-04      1.188e-04   
      27             36          9.905e-05      1.041e-07      3.620e-04      2.022e-04   
      28             37          9.892e-05      1.234e-07      3.717e-04      8.311e-05   
      29             38          9.876e-05      1.599e-07      7.375e-04      2.524e-04   
      30             39          9.853e-05      2.389e-07      7.582e-04      7.455e-05   
      31             40          9.833e-05      1.991e-07      1.532e-03      3.952e-04   
      32             41          9.784e-05      4.881e-07      1.601e-03      9.270e-05   
      33             44          9.779e-05      5.295e-08      1.990e-04      1.716e-04   
      34             45          9.770e-05      8.460e-08      2.011e-04      1.158e-04   
      35             46          9.765e-05      4.817e-08      4.020e-04      1.563e-04   
      36             47          9.753e-05      1.254e-07      4.075e-04      7.672e-05   
      37             48          9.745e-05      7.326e-08      8.320e-04      1.804e-04   
      38             49          9.722e-05      2.308e-07      8.480e-04      7.836e-05   
      39             51          9.720e-05      2.554e-08      4.239e-04      1.380e-04   
      40             52          9.708e-05      1.224e-07      4.358e-04      8.530e-05   
      41             54          9.706e-05      1.276e-08      2.135e-04      9.889e-05   
      42             55          9.700e-05      6.645e-08      2.213e-04      4.462e-05   
      43             56          9.697e-05      2.337e-08      4.365e-04      1.336e-04   
      44             57          9.685e-05      1.239e-07      4.450e-04      2.759e-05   
      45             58          9.676e-05      9.211e-08      8.846e-04      1.265e-04   
      46             59          9.657e-05      1.845e-07      8.889e-04      7.483e-05   
      47             60          9.645e-05      1.234e-07      1.811e-03      2.572e-04   
      48             61          9.608e-05      3.642e-07      1.832e-03      1.693e-04   
      49             64          9.606e-05      2.190e-08      2.167e-04      1.729e-04   
      50             65          9.601e-05      5.054e-08      5.324e-05      3.456e-05   
      51             66          9.600e-05      1.124e-08      1.131e-04      2.132e-05   
      52             67          9.598e-05      1.652e-08      1.139e-04      1.520e-05   
      53             68          9.596e-05      2.900e-08      2.289e-04      3.135e-05   
      54             69          9.590e-05      5.825e-08      4.614e-04      6.005e-05   
      55             70          9.580e-05      1.015e-07      9.352e-04      1.147e-04   
      56             71          9.563e-05      1.700e-07      1.918e-03      2.127e-04   
      57             72          9.543e-05      1.927e-07      1.957e-03      2.271e-04   
      58             73          9.524e-05      1.918e-07      2.000e-03      1.875e-04   
      59             74          9.509e-05      1.500e-07      2.040e-03      2.063e-04   
      60             75          9.492e-05      1.700e-07      2.058e-03      1.696e-04   
      61             76          9.480e-05      1.225e-07      2.066e-03      1.912e-04   
      62             77          9.465e-05      1.449e-07      2.066e-03      1.282e-04   
      63             78          9.455e-05      9.990e-08      2.113e-03      1.192e-04   
      64             79          9.442e-05      1.317e-07      2.166e-03      8.889e-05   
      65             80          9.425e-05      1.773e-07      2.238e-03      8.536e-05   
      66             81          9.393e-05      3.147e-07      4.685e-03      1.727e-04   
      67             82          9.340e-05      5.294e-07      9.861e-03      2.174e-04   
      68             84          9.321e-05      1.897e-07      2.257e-03      3.761e-04   
      69             85          9.305e-05      1.624e-07      2.163e-03      3.340e-04   
      70             87          9.271e-05      3.403e-07      4.526e-04      1.117e-04   
      71             88          9.268e-05      2.525e-08      1.174e-03      1.963e-04   
      72             89          9.260e-05      8.174e-08      2.599e-04      4.535e-05   
      73             90          9.258e-05      1.818e-08      2.772e-04      4.408e-05   
      74             91          9.257e-05      1.259e-08      2.819e-04      5.282e-05   
      75             92          9.256e-05      1.396e-08      2.833e-04      4.635e-05   
      76             93          9.254e-05      1.384e-08      2.849e-04      5.048e-05   
      77             94          9.253e-05      1.354e-08      2.859e-04      4.937e-05   
      78             95          9.252e-05      1.173e-08      2.867e-04      5.558e-05   
      79             96          9.251e-05      1.152e-08      2.865e-04      5.655e-05   
      80             97          9.250e-05      8.670e-09      2.862e-04      6.524e-05   
      81             98          9.249e-05      5.430e-09      2.844e-04      7.285e-05   
      82             99          9.249e-05      2.331e-09      6.512e-05      2.294e-05   
      83             119         9.249e-05      0.000e+00      0.000e+00      2.294e-05   
Warning: A bad approximation caused failure to predict improvement.
         Current function value: 9.249e-05
         Total delta_x: 6.329e-02
         Iterations: 83
         Function evaluations: 119
         Jacobian evaluations: 83
Timer: Solution time = 15.0 min
Timer: Avg time per step = 10.7 sec
==============================================================================================================
                                                                 Start  -->   End
Total (sum of squares):                                      1.066e-04  -->   9.249e-05, 
Maximum absolute Boundary normal field error:                6.256e-01  -->   5.766e-01 (T*m^2)
Minimum absolute Boundary normal field error:                1.801e-14  -->   4.064e-14 (T*m^2)
Average absolute Boundary normal field error:                2.865e-01  -->   2.696e-01 (T*m^2)
Maximum absolute Boundary normal field error:                4.022e-03  -->   3.707e-03 (normalized)
Minimum absolute Boundary normal field error:                1.158e-16  -->   2.613e-16 (normalized)
Average absolute Boundary normal field error:                1.842e-03  -->   1.733e-03 (normalized)
Maximum absolute Boundary magnetic pressure error:           5.391e+00  -->   3.269e+00 (T^2*m^2)
Minimum absolute Boundary magnetic pressure error:           3.764e-03  -->   1.764e-03 (T^2*m^2)
Average absolute Boundary magnetic pressure error:           1.240e+00  -->   1.085e+00 (T^2*m^2)
Maximum absolute Boundary magnetic pressure error:           3.519e-03  -->   2.134e-03 (normalized)
Minimum absolute Boundary magnetic pressure error:           2.457e-06  -->   1.151e-06 (normalized)
Average absolute Boundary magnetic pressure error:           8.092e-04  -->   7.083e-04 (normalized)
Maximum absolute Force error:                                1.508e+07  -->   1.283e+07 (N)
Minimum absolute Force error:                                2.295e+01  -->   9.387e+01 (N)
Average absolute Force error:                                3.829e+05  -->   3.915e+05 (N)
Maximum absolute Force error:                                1.253e-03  -->   1.067e-03 (normalized)
Minimum absolute Force error:                                1.907e-09  -->   7.802e-09 (normalized)
Average absolute Force error:                                3.183e-05  -->   3.254e-05 (normalized)
R boundary error:                                            0.000e+00  -->   0.000e+00 (m)
Z boundary error:                                            0.000e+00  -->   0.000e+00 (m)
Fixed pressure profile error:                                0.000e+00  -->   0.000e+00 (Pa)
Fixed current profile error:                                 0.000e+00  -->   0.000e+00 (A)
Fixed Psi error:                                             0.000e+00  -->   0.000e+00 (Wb)
==============================================================================================================

==================================
Optimizing boundary modes M,N <= 1
====================================
Building objective: Boundary error
Precomputing transforms
Timer: Precomputing transforms = 1.31 sec
Timer: Objective build = 2.19 sec
Building objective: force
Precomputing transforms
Timer: Precomputing transforms = 1.27 sec
Timer: Objective build = 1.35 sec
Timer: Proximal projection build = 11.0 sec
Building objective: lcfs R
Building objective: lcfs Z
Building objective: fixed pressure
Building objective: fixed current
Building objective: fixed Psi
Timer: Objective build = 582 ms
Timer: Linear constraint projection build = 2.41 sec
Number of parameters: 23
Number of objectives: 5043
Timer: Initializing the optimization = 14.1 sec

Starting optimization
Using method: proximal-lsq-exact
   Iteration     Total nfev        Cost      Cost reduction    Step norm     Optimality   
       0              1          3.315e-04                                    2.053e-02   
       1              2          9.242e-05      2.391e-04      9.877e+04      7.142e-03   
       2              3          5.651e-05      3.592e-05      6.420e+04      2.384e-03   
       3              4          5.195e-05      4.559e-06      6.653e+04      1.025e-03   
       4              6          5.058e-05      1.370e-06      2.710e+04      2.186e-04   
       5              7          5.033e-05      2.469e-07      2.494e+04      1.466e-04   
       6              8          5.032e-05      1.276e-08      7.585e+03      1.555e-04   
       7              9          5.030e-05      1.822e-08      8.604e+02      4.872e-05   
       8             10          5.030e-05      1.135e-09      3.415e+03      5.171e-05   
       9             12          5.030e-05      1.163e-09      1.225e+03      1.143e-05   
      10             14          5.030e-05      4.964e-11      4.912e+01      5.253e-06   
Optimization terminated successfully.
`ftol` condition satisfied.
         Current function value: 5.030e-05
         Total delta_x: 5.770e+04
         Iterations: 10
         Function evaluations: 14
         Jacobian evaluations: 11
Timer: Solution time = 1.54 min
Timer: Avg time per step = 8.43 sec
==============================================================================================================
                                                                 Start  -->   End
Total (sum of squares):                                      3.315e-04  -->   5.030e-05, 
Maximum absolute Boundary normal field error:                5.766e-01  -->   3.283e-01 (T*m^2)
Minimum absolute Boundary normal field error:                4.064e-14  -->   2.771e-14 (T*m^2)
Average absolute Boundary normal field error:                2.696e-01  -->   1.244e-01 (T*m^2)
Maximum absolute Boundary normal field error:                3.708e-03  -->   2.111e-03 (normalized)
Minimum absolute Boundary normal field error:                2.613e-16  -->   1.782e-16 (normalized)
Average absolute Boundary normal field error:                1.733e-03  -->   7.997e-04 (normalized)
Maximum absolute Boundary magnetic pressure error:           3.269e+00  -->   3.319e+00 (T^2*m^2)
Minimum absolute Boundary magnetic pressure error:           1.764e-03  -->   9.553e-04 (T^2*m^2)
Average absolute Boundary magnetic pressure error:           1.085e+00  -->   1.103e+00 (T^2*m^2)
Maximum absolute Boundary magnetic pressure error:           2.143e-03  -->   2.175e-03 (normalized)
Minimum absolute Boundary magnetic pressure error:           1.156e-06  -->   6.261e-07 (normalized)
Average absolute Boundary magnetic pressure error:           7.111e-04  -->   7.231e-04 (normalized)
Maximum absolute Boundary field jump error:                  1.302e+00  -->   5.053e-01 (T*m^2)
Minimum absolute Boundary field jump error:                  2.194e-03  -->   2.785e-03 (T*m^2)
Average absolute Boundary field jump error:                  4.496e-01  -->   1.317e-01 (T*m^2)
Maximum absolute Boundary field jump error:                  8.374e-03  -->   3.250e-03 (normalized)
Minimum absolute Boundary field jump error:                  1.411e-05  -->   1.791e-05 (normalized)
Average absolute Boundary field jump error:                  2.891e-03  -->   8.470e-04 (normalized)
Maximum absolute Force error:                                1.283e+07  -->   1.286e+07 (N)
Minimum absolute Force error:                                9.387e+01  -->   9.989e+00 (N)
Average absolute Force error:                                3.915e+05  -->   3.916e+05 (N)
Maximum absolute Force error:                                1.071e-03  -->   1.073e-03 (normalized)
Minimum absolute Force error:                                7.833e-09  -->   8.335e-10 (normalized)
Average absolute Force error:                                3.267e-05  -->   3.268e-05 (normalized)
R boundary error:                                            0.000e+00  -->   5.734e-17 (m)
Z boundary error:                                            0.000e+00  -->   4.361e-17 (m)
Fixed pressure profile error:                                0.000e+00  -->   0.000e+00 (Pa)
Fixed current profile error:                                 0.000e+00  -->   0.000e+00 (A)
Fixed Psi error:                                             0.000e+00  -->   0.000e+00 (Wb)
==============================================================================================================

==================================
Optimizing boundary modes M,N <= 2
====================================
Building objective: Boundary error
Precomputing transforms
Timer: Precomputing transforms = 1.31 sec
Timer: Objective build = 2.34 sec
Building objective: force
Precomputing transforms
Timer: Precomputing transforms = 1.29 sec
Timer: Objective build = 1.36 sec
Timer: Proximal projection build = 10.7 sec
Building objective: lcfs R
Building objective: lcfs Z
Building objective: fixed pressure
Building objective: fixed current
Building objective: fixed Psi
Timer: Objective build = 561 ms
Timer: Linear constraint projection build = 2.30 sec
Number of parameters: 39
Number of objectives: 5043
Timer: Initializing the optimization = 13.6 sec

Starting optimization
Using method: proximal-lsq-exact
   Iteration     Total nfev        Cost      Cost reduction    Step norm     Optimality   
       0              1          5.030e-05                                    6.510e-04   
       1              2          4.888e-05      1.418e-06      5.693e+02      1.944e-04   
       2              3          4.883e-05      5.304e-08      1.638e+02      3.086e-04   
       3              4          4.875e-05      7.394e-08      5.218e+01      1.737e-04   
       4              6          4.872e-05      3.372e-08      2.499e+01      3.512e-05   
       5              7          4.871e-05      4.940e-09      1.507e+01      1.302e-05   
       6             29          4.871e-05      0.000e+00      0.000e+00      1.302e-05   
Warning: A bad approximation caused failure to predict improvement.
         Current function value: 4.871e-05
         Total delta_x: 3.934e+02
         Iterations: 6
         Function evaluations: 29
         Jacobian evaluations: 6
Timer: Solution time = 1.99 min
Timer: Avg time per step = 17.0 sec
==============================================================================================================
                                                                 Start  -->   End
Total (sum of squares):                                      5.030e-05  -->   4.871e-05, 
Maximum absolute Boundary normal field error:                3.283e-01  -->   3.583e-01 (T*m^2)
Minimum absolute Boundary normal field error:                2.771e-14  -->   1.295e-14 (T*m^2)
Average absolute Boundary normal field error:                1.244e-01  -->   1.230e-01 (T*m^2)
Maximum absolute Boundary normal field error:                2.111e-03  -->   2.304e-03 (normalized)
Minimum absolute Boundary normal field error:                1.782e-16  -->   8.325e-17 (normalized)
Average absolute Boundary normal field error:                7.997e-04  -->   7.906e-04 (normalized)
Maximum absolute Boundary magnetic pressure error:           3.319e+00  -->   3.111e+00 (T^2*m^2)
Minimum absolute Boundary magnetic pressure error:           9.553e-04  -->   1.935e-03 (T^2*m^2)
Average absolute Boundary magnetic pressure error:           1.103e+00  -->   1.105e+00 (T^2*m^2)
Maximum absolute Boundary magnetic pressure error:           2.175e-03  -->   2.039e-03 (normalized)
Minimum absolute Boundary magnetic pressure error:           6.261e-07  -->   1.268e-06 (normalized)
Average absolute Boundary magnetic pressure error:           7.231e-04  -->   7.244e-04 (normalized)
Maximum absolute Boundary field jump error:                  5.053e-01  -->   5.174e-01 (T*m^2)
Minimum absolute Boundary field jump error:                  2.785e-03  -->   4.611e-03 (T*m^2)
Average absolute Boundary field jump error:                  1.317e-01  -->   1.271e-01 (T*m^2)
Maximum absolute Boundary field jump error:                  3.249e-03  -->   3.327e-03 (normalized)
Minimum absolute Boundary field jump error:                  1.790e-05  -->   2.965e-05 (normalized)
Average absolute Boundary field jump error:                  8.470e-04  -->   8.174e-04 (normalized)
Maximum absolute Force error:                                1.286e+07  -->   1.287e+07 (N)
Minimum absolute Force error:                                9.989e+00  -->   6.582e+01 (N)
Average absolute Force error:                                3.916e+05  -->   3.913e+05 (N)
Maximum absolute Force error:                                1.073e-03  -->   1.074e-03 (normalized)
Minimum absolute Force error:                                8.335e-10  -->   5.492e-09 (normalized)
Average absolute Force error:                                3.268e-05  -->   3.266e-05 (normalized)
R boundary error:                                            0.000e+00  -->   1.666e-17 (m)
Z boundary error:                                            0.000e+00  -->   1.872e-17 (m)
Fixed pressure profile error:                                0.000e+00  -->   0.000e+00 (Pa)
Fixed current profile error:                                 0.000e+00  -->   0.000e+00 (A)
Fixed Psi error:                                             0.000e+00  -->   0.000e+00 (Wb)
==============================================================================================================

==================================
Optimizing boundary modes M,N <= 4
====================================
Building objective: Boundary error
Precomputing transforms
Timer: Precomputing transforms = 1.31 sec
Timer: Objective build = 2.20 sec
Building objective: force
Precomputing transforms
Timer: Precomputing transforms = 1.28 sec
Timer: Objective build = 1.36 sec
Timer: Proximal projection build = 10.5 sec
Building objective: lcfs R
Building objective: lcfs Z
Building objective: fixed pressure
Building objective: fixed current
Building objective: fixed Psi
Timer: Objective build = 563 ms
Timer: Linear constraint projection build = 2.32 sec
Number of parameters: 95
Number of objectives: 5043
Timer: Initializing the optimization = 13.5 sec

Starting optimization
Using method: proximal-lsq-exact
   Iteration     Total nfev        Cost      Cost reduction    Step norm     Optimality   
       0              1          4.868e-05                                    9.750e-04   
       1              2          4.550e-05      3.182e-06      1.589e+00      4.420e-04   
       2              5          4.550e-05      6.143e-09      1.697e+00      5.254e-04   
       3              6          4.525e-05      2.489e-07      4.708e-01      8.999e-05   
       4              7          4.521e-05      3.883e-08      6.158e-01      6.566e-05   
       5              8          4.520e-05      8.044e-09      1.614e-01      7.593e-05   
       6             10          4.519e-05      6.680e-09      1.356e-01      2.149e-05   
       7             11          4.519e-05      2.512e-09      3.212e-02      1.558e-05   
       8             12          4.519e-05      3.229e-09      9.820e-02      2.288e-05   
       9             13          4.518e-05      5.868e-09      1.420e-01      3.501e-05   
      10             14          4.518e-05      6.685e-10      2.608e-01      6.627e-05   
      11             15          4.518e-05      5.424e-09      1.352e-01      3.245e-05   
      12             16          4.518e-05      1.692e-09      4.232e-02      3.617e-05   
      13             17          4.517e-05      1.126e-09      1.062e-01      4.011e-05   
      14             18          4.517e-05      4.364e-10      9.869e-02      4.660e-05   
      15             19          4.517e-05      1.575e-09      2.579e-02      1.064e-05   
      16             20          4.517e-05      4.583e-10      1.915e-02      8.565e-06   
      17             21          4.517e-05      7.939e-10      7.199e-03      7.202e-06   
      18             22          4.517e-05      1.441e-09      1.655e-02      8.094e-06   
      19             23          4.517e-05      2.504e-09      2.022e-02      1.143e-05   
      20             24          4.516e-05      4.843e-09      4.515e-02      1.725e-05   
      21             25          4.515e-05      7.083e-09      1.043e-01      3.995e-05   
      22             26          4.515e-05      3.738e-09      2.223e-01      7.567e-05   
      23             29          4.515e-05      5.091e-09      5.927e-02      1.171e-05   
      24             30          4.515e-05      8.343e-10      1.064e-01      1.439e-05   
      25             31          4.514e-05      8.984e-10      5.448e-02      1.866e-05   
      26             32          4.514e-05      2.556e-11      9.113e-02      2.813e-05   
      27             33          4.514e-05      8.245e-10      2.720e-02      8.008e-06   
      28             34          4.514e-05      2.780e-10      1.423e-02      4.714e-06   
      29             35          4.514e-05      4.292e-10      9.981e-03      5.424e-06   
      30             36          4.514e-05      7.918e-10      7.021e-03      5.330e-06   
      31             37          4.514e-05      1.654e-09      6.254e-03      5.609e-06   
      32             38          4.514e-05      2.677e-09      2.016e-02      6.458e-06   
      33             39          4.513e-05      4.819e-09      1.878e-02      7.609e-06   
      34             40          4.513e-05      3.496e-09      5.512e-02      2.118e-05   
      35             41          4.513e-05      2.883e-09      9.177e-02      3.542e-05   
      36             44          4.513e-05      1.001e-09      6.433e-02      2.873e-05   
      37             45          4.512e-05      3.658e-10      4.676e-02      3.031e-05   
      38             46          4.512e-05      1.883e-10      6.103e-02      3.019e-05   
      39             47          4.512e-05      4.353e-10      1.358e-02      9.459e-06   
      40             48          4.512e-05      5.359e-11      1.046e-02      4.927e-06   
      41             49          4.512e-05      5.346e-11      6.593e-03      3.066e-06   
      42             50          4.512e-05      2.640e-10      4.528e-03      3.259e-06   
      43             51          4.512e-05      8.437e-11      4.916e-03      2.669e-06   
      44             52          4.512e-05      8.689e-11      4.256e-03      3.199e-06   
      45             53          4.512e-05      7.897e-11      5.046e-03      2.835e-06   
      46             54          4.512e-05      8.439e-11      5.300e-03      3.395e-06   
      47             55          4.512e-05      7.501e-11      6.425e-03      3.171e-06   
      48             56          4.512e-05      8.202e-11      7.046e-03      3.685e-06   
      49             57          4.512e-05      7.010e-11      8.380e-03      4.189e-06   
      50             58          4.512e-05      7.876e-11      9.312e-03      4.840e-06   
      51             59          4.512e-05      6.391e-11      1.087e-02      5.473e-06   
      52             60          4.512e-05      7.404e-11      1.206e-02      6.255e-06   
      53             61          4.512e-05      3.194e-11      1.377e-02      8.190e-06   
      54             62          4.512e-05      3.352e-11      5.776e-03      3.316e-06   
Optimization terminated successfully.
`ftol` condition satisfied.
         Current function value: 4.512e-05
         Total delta_x: 1.295e+00
         Iterations: 54
         Function evaluations: 62
         Jacobian evaluations: 55
Timer: Solution time = 5.15 min
Timer: Avg time per step = 5.62 sec
==============================================================================================================
                                                                 Start  -->   End
Total (sum of squares):                                      4.868e-05  -->   4.512e-05, 
Maximum absolute Boundary normal field error:                3.583e-01  -->   3.335e-01 (T*m^2)
Minimum absolute Boundary normal field error:                1.295e-14  -->   5.279e-15 (T*m^2)
Average absolute Boundary normal field error:                1.230e-01  -->   1.202e-01 (T*m^2)
Maximum absolute Boundary normal field error:                2.303e-03  -->   2.144e-03 (normalized)
Minimum absolute Boundary normal field error:                8.323e-17  -->   3.393e-17 (normalized)
Average absolute Boundary normal field error:                7.904e-04  -->   7.730e-04 (normalized)
Maximum absolute Boundary magnetic pressure error:           3.111e+00  -->   3.409e+00 (T^2*m^2)
Minimum absolute Boundary magnetic pressure error:           1.935e-03  -->   8.599e-04 (T^2*m^2)
Average absolute Boundary magnetic pressure error:           1.105e+00  -->   1.114e+00 (T^2*m^2)
Maximum absolute Boundary magnetic pressure error:           2.038e-03  -->   2.234e-03 (normalized)
Minimum absolute Boundary magnetic pressure error:           1.268e-06  -->   5.634e-07 (normalized)
Average absolute Boundary magnetic pressure error:           7.242e-04  -->   7.298e-04 (normalized)
Maximum absolute Boundary field jump error:                  5.174e-01  -->   4.356e-01 (T*m^2)
Minimum absolute Boundary field jump error:                  4.611e-03  -->   1.141e-03 (T*m^2)
Average absolute Boundary field jump error:                  1.271e-01  -->   1.176e-01 (T*m^2)
Maximum absolute Boundary field jump error:                  3.326e-03  -->   2.800e-03 (normalized)
Minimum absolute Boundary field jump error:                  2.964e-05  -->   7.337e-06 (normalized)
Average absolute Boundary field jump error:                  8.172e-04  -->   7.559e-04 (normalized)
Maximum absolute Force error:                                1.287e+07  -->   1.277e+07 (N)
Minimum absolute Force error:                                6.582e+01  -->   2.581e+01 (N)
Average absolute Force error:                                3.913e+05  -->   3.895e+05 (N)
Maximum absolute Force error:                                1.074e-03  -->   1.065e-03 (normalized)
Minimum absolute Force error:                                5.491e-09  -->   2.153e-09 (normalized)
Average absolute Force error:                                3.265e-05  -->   3.250e-05 (normalized)
R boundary error:                                            0.000e+00  -->   4.813e-18 (m)
Z boundary error:                                            0.000e+00  -->   8.603e-18 (m)
Fixed pressure profile error:                                0.000e+00  -->   0.000e+00 (Pa)
Fixed current profile error:                                 0.000e+00  -->   0.000e+00 (A)
Fixed Psi error:                                             0.000e+00  -->   0.000e+00 (Wb)
==============================================================================================================

==================================
Optimizing boundary modes M,N <= 5
====================================
Building objective: Boundary error
Precomputing transforms
Timer: Precomputing transforms = 1.31 sec
Timer: Objective build = 2.20 sec
Building objective: force
Precomputing transforms
Timer: Precomputing transforms = 1.43 sec
Timer: Objective build = 1.50 sec
Timer: Proximal projection build = 10.7 sec
Building objective: lcfs R
Building objective: lcfs Z
Building objective: fixed pressure
Building objective: fixed current
Building objective: fixed Psi
Timer: Objective build = 563 ms
Timer: Linear constraint projection build = 2.33 sec
Number of parameters: 135
Number of objectives: 5043
Timer: Initializing the optimization = 13.7 sec

Starting optimization
Using method: proximal-lsq-exact
   Iteration     Total nfev        Cost      Cost reduction    Step norm     Optimality   
       0              1          4.513e-05                                    1.877e-04   
       1              2          4.465e-05      4.854e-07      4.712e-01      4.791e-04   
       2              5          4.465e-05      3.071e-09      1.156e+00      4.963e-04   
       3              6          4.452e-05      1.255e-07      2.869e-01      1.209e-04   
       4              7          4.451e-05      1.386e-08      3.297e-01      8.838e-05   
       5              8          4.450e-05      5.864e-09      1.044e-01      9.721e-05   
       6             10          4.450e-05      3.488e-09      6.947e-02      1.383e-05   
       7             11          4.450e-05      8.022e-10      3.711e-02      8.064e-06   
       8             31          4.450e-05      0.000e+00      0.000e+00      8.064e-06   
Warning: A bad approximation caused failure to predict improvement.
         Current function value: 4.450e-05
         Total delta_x: 4.584e-01
         Iterations: 8
         Function evaluations: 31
         Jacobian evaluations: 8
Timer: Solution time = 2.24 min
Timer: Avg time per step = 14.9 sec
==============================================================================================================
                                                                 Start  -->   End
Total (sum of squares):                                      4.513e-05  -->   4.450e-05, 
Maximum absolute Boundary normal field error:                3.335e-01  -->   3.184e-01 (T*m^2)
Minimum absolute Boundary normal field error:                5.279e-15  -->   4.911e-14 (T*m^2)
Average absolute Boundary normal field error:                1.202e-01  -->   1.191e-01 (T*m^2)
Maximum absolute Boundary normal field error:                2.144e-03  -->   2.047e-03 (normalized)
Minimum absolute Boundary normal field error:                3.394e-17  -->   3.157e-16 (normalized)
Average absolute Boundary normal field error:                7.731e-04  -->   7.657e-04 (normalized)
Maximum absolute Boundary magnetic pressure error:           3.409e+00  -->   3.300e+00 (T^2*m^2)
Minimum absolute Boundary magnetic pressure error:           8.599e-04  -->   4.226e-04 (T^2*m^2)
Average absolute Boundary magnetic pressure error:           1.114e+00  -->   1.119e+00 (T^2*m^2)
Maximum absolute Boundary magnetic pressure error:           2.234e-03  -->   2.162e-03 (normalized)
Minimum absolute Boundary magnetic pressure error:           5.634e-07  -->   2.769e-07 (normalized)
Average absolute Boundary magnetic pressure error:           7.299e-04  -->   7.330e-04 (normalized)
Maximum absolute Boundary field jump error:                  4.356e-01  -->   4.187e-01 (T*m^2)
Minimum absolute Boundary field jump error:                  1.141e-03  -->   4.679e-03 (T*m^2)
Average absolute Boundary field jump error:                  1.176e-01  -->   1.155e-01 (T*m^2)
Maximum absolute Boundary field jump error:                  2.800e-03  -->   2.692e-03 (normalized)
Minimum absolute Boundary field jump error:                  7.338e-06  -->   3.008e-05 (normalized)
Average absolute Boundary field jump error:                  7.560e-04  -->   7.423e-04 (normalized)
Maximum absolute Force error:                                1.277e+07  -->   1.267e+07 (N)
Minimum absolute Force error:                                2.581e+01  -->   1.122e+01 (N)
Average absolute Force error:                                3.895e+05  -->   3.892e+05 (N)
Maximum absolute Force error:                                1.065e-03  -->   1.057e-03 (normalized)
Minimum absolute Force error:                                2.154e-09  -->   9.358e-10 (normalized)
Average absolute Force error:                                3.250e-05  -->   3.247e-05 (normalized)
R boundary error:                                            0.000e+00  -->   4.299e-18 (m)
Z boundary error:                                            0.000e+00  -->   7.148e-18 (m)
Fixed pressure profile error:                                0.000e+00  -->   0.000e+00 (Pa)
Fixed current profile error:                                 0.000e+00  -->   0.000e+00 (A)
Fixed Psi error:                                             0.000e+00  -->   0.000e+00 (Wb)
==============================================================================================================

==================================
Optimizing boundary modes M,N <= 7
====================================
Building objective: Boundary error
Precomputing transforms
Timer: Precomputing transforms = 1.31 sec
Timer: Objective build = 2.20 sec
Building objective: force
Precomputing transforms
Timer: Precomputing transforms = 1.28 sec
Timer: Objective build = 1.36 sec
Timer: Proximal projection build = 10.4 sec
Building objective: lcfs R
Building objective: lcfs Z
Building objective: fixed pressure
Building objective: fixed current
Building objective: fixed Psi
Timer: Objective build = 566 ms
Timer: Linear constraint projection build = 2.33 sec
Number of parameters: 239
Number of objectives: 5043
Timer: Initializing the optimization = 13.4 sec

Starting optimization
Using method: proximal-lsq-exact
   Iteration     Total nfev        Cost      Cost reduction    Step norm     Optimality   
       0              1          4.449e-05                                    2.608e-04   
       1              2          4.408e-05      4.101e-07      4.199e-01      4.996e-04   
       2              3          4.357e-05      5.097e-07      9.102e-01      4.310e-04   
       3              6          4.338e-05      1.912e-07      6.156e-01      4.542e-04   
       4              8          4.326e-05      1.160e-07      1.739e-01      5.514e-05   
       5              9          4.324e-05      2.334e-08      1.029e-01      4.198e-05   
       6             10          4.323e-05      1.015e-08      1.960e-01      1.080e-04   
       7             11          4.322e-05      3.202e-09      1.776e-01      1.365e-04   
       8             12          4.322e-05      8.958e-09      1.044e-01      4.778e-05   
       9             13          4.321e-05      3.274e-09      3.717e-02      3.493e-05   
      10             34          4.321e-05      0.000e+00      0.000e+00      3.493e-05   
Warning: A bad approximation caused failure to predict improvement.
         Current function value: 4.321e-05
         Total delta_x: 7.388e-01
         Iterations: 10
         Function evaluations: 34
         Jacobian evaluations: 10
Timer: Solution time = 2.60 min
Timer: Avg time per step = 14.2 sec
==============================================================================================================
                                                                 Start  -->   End
Total (sum of squares):                                      4.449e-05  -->   4.321e-05, 
Maximum absolute Boundary normal field error:                3.184e-01  -->   2.953e-01 (T*m^2)
Minimum absolute Boundary normal field error:                4.911e-14  -->   3.953e-14 (T*m^2)
Average absolute Boundary normal field error:                1.191e-01  -->   1.187e-01 (T*m^2)
Maximum absolute Boundary normal field error:                2.046e-03  -->   1.898e-03 (normalized)
Minimum absolute Boundary normal field error:                3.157e-16  -->   2.541e-16 (normalized)
Average absolute Boundary normal field error:                7.656e-04  -->   7.631e-04 (normalized)
Maximum absolute Boundary magnetic pressure error:           3.300e+00  -->   3.421e+00 (T^2*m^2)
Minimum absolute Boundary magnetic pressure error:           4.226e-04  -->   3.777e-04 (T^2*m^2)
Average absolute Boundary magnetic pressure error:           1.119e+00  -->   1.112e+00 (T^2*m^2)
Maximum absolute Boundary magnetic pressure error:           2.162e-03  -->   2.242e-03 (normalized)
Minimum absolute Boundary magnetic pressure error:           2.770e-07  -->   2.475e-07 (normalized)
Average absolute Boundary magnetic pressure error:           7.331e-04  -->   7.287e-04 (normalized)
Maximum absolute Boundary field jump error:                  4.187e-01  -->   3.732e-01 (T*m^2)
Minimum absolute Boundary field jump error:                  4.679e-03  -->   7.271e-03 (T*m^2)
Average absolute Boundary field jump error:                  1.155e-01  -->   1.119e-01 (T*m^2)
Maximum absolute Boundary field jump error:                  2.691e-03  -->   2.399e-03 (normalized)
Minimum absolute Boundary field jump error:                  3.008e-05  -->   4.674e-05 (normalized)
Average absolute Boundary field jump error:                  7.421e-04  -->   7.196e-04 (normalized)
Maximum absolute Force error:                                1.267e+07  -->   1.275e+07 (N)
Minimum absolute Force error:                                1.122e+01  -->   4.798e+01 (N)
Average absolute Force error:                                3.892e+05  -->   3.843e+05 (N)
Maximum absolute Force error:                                1.057e-03  -->   1.064e-03 (normalized)
Minimum absolute Force error:                                9.358e-10  -->   4.003e-09 (normalized)
Average absolute Force error:                                3.247e-05  -->   3.207e-05 (normalized)
R boundary error:                                            0.000e+00  -->   8.105e-19 (m)
Z boundary error:                                            0.000e+00  -->   1.605e-18 (m)
Fixed pressure profile error:                                0.000e+00  -->   0.000e+00 (Pa)
Fixed current profile error:                                 0.000e+00  -->   0.000e+00 (A)
Fixed Psi error:                                             0.000e+00  -->   0.000e+00 (Wb)
==============================================================================================================

==================================
Optimizing boundary modes M,N <= 8
====================================
Building objective: Boundary error
Precomputing transforms
Timer: Precomputing transforms = 1.31 sec
Timer: Objective build = 2.20 sec
Building objective: force
Precomputing transforms
Timer: Precomputing transforms = 1.28 sec
Timer: Objective build = 1.36 sec
Timer: Proximal projection build = 10.8 sec
Building objective: lcfs R
Building objective: lcfs Z
Building objective: fixed pressure
Building objective: fixed current
Building objective: fixed Psi
Timer: Objective build = 567 ms
Timer: Linear constraint projection build = 2.35 sec
Number of parameters: 303
Number of objectives: 5043
Timer: Initializing the optimization = 13.8 sec

Starting optimization
Using method: proximal-lsq-exact
   Iteration     Total nfev        Cost      Cost reduction    Step norm     Optimality   
       0              1          4.322e-05                                    9.851e-05   
       1              2          4.305e-05      1.642e-07      1.593e-01      3.323e-04   
       2              3          4.268e-05      3.753e-07      3.089e-01      1.938e-04   
       3              4          4.267e-05      7.754e-09      7.383e-01      3.172e-04   
       4              6          4.256e-05      1.086e-07      2.204e-01      6.410e-05   
       5              7          4.254e-05      2.010e-08      1.436e-01      3.399e-05   
       6              8          4.253e-05      4.537e-09      1.494e-01      3.990e-05   
       7              9          4.253e-05      2.459e-09      8.697e-02      4.786e-05   
       8             10          4.253e-05      1.950e-09      6.112e-02      1.921e-05   
       9             11          4.253e-05      9.142e-10      1.234e-02      8.661e-06   
      10             12          4.253e-05      1.214e-10      2.362e-02      1.308e-05   
      11             13          4.253e-05      5.028e-10      3.602e-03      1.013e-05   
      12             15          4.253e-05      1.116e-11      6.622e-04      1.011e-05   
      13             16          4.253e-05      2.905e-11      3.068e-04      1.012e-05   
Optimization terminated successfully.
`ftol` condition satisfied.
         Current function value: 4.253e-05
         Total delta_x: 1.817e-01
         Iterations: 13
         Function evaluations: 16
         Jacobian evaluations: 14
Timer: Solution time = 2.17 min
Timer: Avg time per step = 9.33 sec
==============================================================================================================
                                                                 Start  -->   End
Total (sum of squares):                                      4.322e-05  -->   4.253e-05, 
Maximum absolute Boundary normal field error:                2.953e-01  -->   2.858e-01 (T*m^2)
Minimum absolute Boundary normal field error:                3.953e-14  -->   1.691e-14 (T*m^2)
Average absolute Boundary normal field error:                1.187e-01  -->   1.184e-01 (T*m^2)
Maximum absolute Boundary normal field error:                1.897e-03  -->   1.836e-03 (normalized)
Minimum absolute Boundary normal field error:                2.540e-16  -->   1.087e-16 (normalized)
Average absolute Boundary normal field error:                7.628e-04  -->   7.607e-04 (normalized)
Maximum absolute Boundary magnetic pressure error:           3.421e+00  -->   3.362e+00 (T^2*m^2)
Minimum absolute Boundary magnetic pressure error:           3.777e-04  -->   7.073e-03 (T^2*m^2)
Average absolute Boundary magnetic pressure error:           1.112e+00  -->   1.103e+00 (T^2*m^2)
Maximum absolute Boundary magnetic pressure error:           2.244e-03  -->   2.205e-03 (normalized)
Minimum absolute Boundary magnetic pressure error:           2.477e-07  -->   4.638e-06 (normalized)
Average absolute Boundary magnetic pressure error:           7.293e-04  -->   7.231e-04 (normalized)
Maximum absolute Boundary field jump error:                  3.732e-01  -->   3.644e-01 (T*m^2)
Minimum absolute Boundary field jump error:                  7.271e-03  -->   4.843e-03 (T*m^2)
Average absolute Boundary field jump error:                  1.119e-01  -->   1.104e-01 (T*m^2)
Maximum absolute Boundary field jump error:                  2.398e-03  -->   2.342e-03 (normalized)
Minimum absolute Boundary field jump error:                  4.672e-05  -->   3.112e-05 (normalized)
Average absolute Boundary field jump error:                  7.193e-04  -->   7.094e-04 (normalized)
Maximum absolute Force error:                                1.275e+07  -->   1.214e+07 (N)
Minimum absolute Force error:                                4.798e+01  -->   5.172e+01 (N)
Average absolute Force error:                                3.843e+05  -->   3.777e+05 (N)
Maximum absolute Force error:                                1.065e-03  -->   1.013e-03 (normalized)
Minimum absolute Force error:                                4.006e-09  -->   4.318e-09 (normalized)
Average absolute Force error:                                3.209e-05  -->   3.154e-05 (normalized)
R boundary error:                                            0.000e+00  -->   2.525e-19 (m)
Z boundary error:                                            0.000e+00  -->   2.905e-19 (m)
Fixed pressure profile error:                                0.000e+00  -->   0.000e+00 (Pa)
Fixed current profile error:                                 0.000e+00  -->   0.000e+00 (A)
Fixed Psi error:                                             0.000e+00  -->   0.000e+00 (Wb)
==============================================================================================================

==================================
Optimizing boundary modes M,N <= 10
====================================
Building objective: Boundary error
Precomputing transforms
Timer: Precomputing transforms = 1.31 sec
Timer: Objective build = 2.20 sec
Building objective: force
Precomputing transforms
Timer: Precomputing transforms = 1.28 sec
Timer: Objective build = 1.36 sec
Timer: Proximal projection build = 10.4 sec
Building objective: lcfs R
Building objective: lcfs Z
Building objective: fixed pressure
Building objective: fixed current
Building objective: fixed Psi
Timer: Objective build = 454 ms
Timer: Linear constraint projection build = 2.25 sec
Number of parameters: 455
Number of objectives: 5043
Timer: Initializing the optimization = 13.2 sec

Starting optimization
Using method: proximal-lsq-exact
   Iteration     Total nfev        Cost      Cost reduction    Step norm     Optimality   
       0              1          4.253e-05                                    2.008e-04   
       1              4          4.217e-05      3.562e-07      8.869e-02      1.833e-04   
       2              5          4.188e-05      2.925e-07      1.984e-01      2.093e-04   
       3              6          4.170e-05      1.771e-07      2.881e-01      2.287e-04   
       4              7          4.160e-05      1.023e-07      5.837e-01      1.863e-04   
       5              9          4.155e-05      5.368e-08      4.945e-01      1.176e-04   
       6             10          4.154e-05      7.507e-09      3.891e-01      1.498e-04   
       7             11          4.150e-05      3.557e-08      9.119e-02      8.834e-05   
       8             12          4.149e-05      8.669e-09      9.174e-02      4.421e-05   
       9             13          4.149e-05      4.316e-09      4.041e-02      3.667e-05   
      10             14          4.149e-05      2.690e-09      4.501e-02      3.293e-05   
      11             34          4.149e-05      0.000e+00      0.000e+00      3.293e-05   
Warning: A bad approximation caused failure to predict improvement.
         Current function value: 4.149e-05
         Total delta_x: 1.706e-01
         Iterations: 11
         Function evaluations: 34
         Jacobian evaluations: 11
Timer: Solution time = 3.06 min
Timer: Avg time per step = 15.3 sec
==============================================================================================================
                                                                 Start  -->   End
Total (sum of squares):                                      4.253e-05  -->   4.149e-05, 
Maximum absolute Boundary normal field error:                2.858e-01  -->   2.864e-01 (T*m^2)
Minimum absolute Boundary normal field error:                1.691e-14  -->   1.516e-15 (T*m^2)
Average absolute Boundary normal field error:                1.184e-01  -->   1.183e-01 (T*m^2)
Maximum absolute Boundary normal field error:                1.836e-03  -->   1.840e-03 (normalized)
Minimum absolute Boundary normal field error:                1.086e-16  -->   9.737e-18 (normalized)
Average absolute Boundary normal field error:                7.604e-04  -->   7.600e-04 (normalized)
Maximum absolute Boundary magnetic pressure error:           3.362e+00  -->   3.155e+00 (T^2*m^2)
Minimum absolute Boundary magnetic pressure error:           7.073e-03  -->   2.000e-03 (T^2*m^2)
Average absolute Boundary magnetic pressure error:           1.103e+00  -->   1.092e+00 (T^2*m^2)
Maximum absolute Boundary magnetic pressure error:           2.206e-03  -->   2.071e-03 (normalized)
Minimum absolute Boundary magnetic pressure error:           4.641e-06  -->   1.312e-06 (normalized)
Average absolute Boundary magnetic pressure error:           7.235e-04  -->   7.165e-04 (normalized)
Maximum absolute Boundary field jump error:                  3.644e-01  -->   3.275e-01 (T*m^2)
Minimum absolute Boundary field jump error:                  4.843e-03  -->   4.792e-03 (T*m^2)
Average absolute Boundary field jump error:                  1.104e-01  -->   1.078e-01 (T*m^2)
Maximum absolute Boundary field jump error:                  2.341e-03  -->   2.104e-03 (normalized)
Minimum absolute Boundary field jump error:                  3.111e-05  -->   3.078e-05 (normalized)
Average absolute Boundary field jump error:                  7.092e-04  -->   6.926e-04 (normalized)
Maximum absolute Force error:                                1.214e+07  -->   1.157e+07 (N)
Minimum absolute Force error:                                5.172e+01  -->   3.089e+01 (N)
Average absolute Force error:                                3.777e+05  -->   3.781e+05 (N)
Maximum absolute Force error:                                1.014e-03  -->   9.663e-04 (normalized)
Minimum absolute Force error:                                4.321e-09  -->   2.580e-09 (normalized)
Average absolute Force error:                                3.156e-05  -->   3.159e-05 (normalized)
R boundary error:                                            0.000e+00  -->   0.000e+00 (m)
Z boundary error:                                            0.000e+00  -->   0.000e+00 (m)
Fixed pressure profile error:                                0.000e+00  -->   0.000e+00 (Pa)
Fixed current profile error:                                 0.000e+00  -->   0.000e+00 (A)
Fixed Psi error:                                             0.000e+00  -->   0.000e+00 (Wb)
==============================================================================================================
