DESC version 0.12.3+346.gb7354b1ef,using JAX backend, jax version=0.4.31, jaxlib version=0.4.31, dtype=float64
Using device: NVIDIA A100-PCIE-40GB (id=0), with 40.00 GB available memory
SAVING NO SHEET CURRENT SOLVE TO  ./desc_fb_no_sheet_current.h5
SAVING  SHEET CURRENT SOLVE TO  ./desc_fb_with_sheet_current.h5
/home/dpanici/DESC/desc/input_reader.py:1267: UserWarning: Current is not a power series!
  warnings.warn(colored("Current is not a power series!", "yellow"))
================
Step 1
================
Spectral indexing: ansi
Spectral resolution (L,M,N)=(6,6,0)
Node resolution (L,M,N)=(12,12,0)
Boundary ratio = 0
Pressure ratio = 0
Current ratio = 1
Perturbation Order = 2
Objective: force
Optimizer: lsq-exact
================
Building objective: force
Precomputing transforms
Building objective: lcfs R
Building objective: lcfs Z
Building objective: fixed Psi
Building objective: fixed pressure
Building objective: fixed current
Building objective: fixed sheet current
Building objective: self_consistency R
Building objective: self_consistency Z
Building objective: lambda gauge
Building objective: axis R self consistency
Building objective: axis Z self consistency
Number of parameters: 27
Number of objectives: 98

Starting optimization
Using method: lsq-exact
Optimization terminated successfully.
`ftol` condition satisfied.
         Current function value: 9.583e-15
         Total delta_x: 3.184e-01
         Iterations: 25
         Function evaluations: 35
         Jacobian evaluations: 26
==============================================================================================================
                                                                 Start  -->   End
Total (sum of squares):                                      2.720e-01  -->   9.583e-15, 
Maximum absolute Force error:                                2.993e+08  -->   6.194e+01 (N)
Minimum absolute Force error:                                1.816e+05  -->   1.712e-02 (N)
Average absolute Force error:                                2.907e+07  -->   6.067e+00 (N)
Maximum absolute Force error:                                9.860e-02  -->   2.040e-08 (normalized)
Minimum absolute Force error:                                5.983e-05  -->   5.639e-12 (normalized)
Average absolute Force error:                                9.577e-03  -->   1.998e-09 (normalized)
R boundary error:                                            0.000e+00  -->   1.831e-15 (m)
Z boundary error:                                            0.000e+00  -->   3.469e-18 (m)
Fixed Psi error:                                             0.000e+00  -->   0.000e+00 (Wb)
Fixed pressure profile error:                                0.000e+00  -->   0.000e+00 (Pa)
Fixed current profile error:                                 0.000e+00  -->   0.000e+00 (A)
Fixed sheet current error:                                   0.000e+00  -->   0.000e+00 (~)
==============================================================================================================
================
Step 2
================
Spectral indexing: ansi
Spectral resolution (L,M,N)=(10,10,0)
Node resolution (L,M,N)=(20,20,0)
Boundary ratio = 0
Pressure ratio = 0
Current ratio = 1
Perturbation Order = 2
Objective: force
Optimizer: lsq-exact
================
Building objective: force
Precomputing transforms
Building objective: lcfs R
Building objective: lcfs Z
Building objective: fixed Psi
Building objective: fixed pressure
Building objective: fixed current
Building objective: fixed sheet current
Building objective: self_consistency R
Building objective: self_consistency Z
Building objective: lambda gauge
Building objective: axis R self consistency
Building objective: axis Z self consistency
Number of parameters: 75
Number of objectives: 242

Starting optimization
Using method: lsq-exact
Optimization terminated successfully.
`xtol` condition satisfied.
         Current function value: 1.508e-19
         Total delta_x: 1.459e-05
         Iterations: 1
         Function evaluations: 2
         Jacobian evaluations: 2
==============================================================================================================
                                                                 Start  -->   End
Total (sum of squares):                                      9.372e-15  -->   1.508e-19, 
Maximum absolute Force error:                                1.050e+02  -->   7.590e-01 (N)
Minimum absolute Force error:                                9.692e-03  -->   5.772e-08 (N)
Average absolute Force error:                                5.765e+00  -->   1.407e-02 (N)
Maximum absolute Force error:                                3.457e-08  -->   2.500e-10 (normalized)
Minimum absolute Force error:                                3.192e-12  -->   1.901e-17 (normalized)
Average absolute Force error:                                1.899e-09  -->   4.634e-12 (normalized)
R boundary error:                                            0.000e+00  -->   1.776e-15 (m)
Z boundary error:                                            0.000e+00  -->   0.000e+00 (m)
Fixed Psi error:                                             0.000e+00  -->   0.000e+00 (Wb)
Fixed pressure profile error:                                0.000e+00  -->   0.000e+00 (Pa)
Fixed current profile error:                                 0.000e+00  -->   0.000e+00 (A)
Fixed sheet current error:                                   0.000e+00  -->   0.000e+00 (~)
==============================================================================================================
================
Step 3
================
Spectral indexing: ansi
Spectral resolution (L,M,N)=(10,10,10)
Node resolution (L,M,N)=(20,20,20)
Boundary ratio = 0.25
Pressure ratio = 1
Current ratio = 1
Perturbation Order = 2
Objective: force
Optimizer: lsq-exact
================
Perturbing equilibrium
Building objective: force
Precomputing transforms
Building objective: lcfs R
Building objective: lcfs Z
Building objective: fixed Psi
Building objective: fixed pressure
Building objective: fixed current
Building objective: fixed sheet current
Building objective: self_consistency R
Building objective: self_consistency Z
Building objective: lambda gauge
Building objective: axis R self consistency
Building objective: axis Z self consistency
Perturbing Rb_lmn, Zb_lmn
Factorizing linear constraints
Computing df
Factoring df
Computing d^2f
||dx||/||x|| =  1.005e-01
/home/dpanici/DESC/desc/continuation.py:427: UserWarning: WARNING: Automatic continuation failed with bdry_step=0.25, retrying with bdry_step=0.125
  warnings.warn(
================
Step 3
================
Spectral indexing: ansi
Spectral resolution (L,M,N)=(10,10,10)
Node resolution (L,M,N)=(20,20,20)
Boundary ratio = 0.125
Pressure ratio = 1
Current ratio = 1
Perturbation Order = 2
Objective: force
Optimizer: lsq-exact
================
Perturbing equilibrium
Building objective: force
Precomputing transforms
Building objective: lcfs R
Building objective: lcfs Z
Building objective: fixed Psi
Building objective: fixed pressure
Building objective: fixed current
Building objective: fixed sheet current
Building objective: self_consistency R
Building objective: self_consistency Z
Building objective: lambda gauge
Building objective: axis R self consistency
Building objective: axis Z self consistency
Perturbing Rb_lmn, Zb_lmn
Factorizing linear constraints
Computing df
Factoring df
Computing d^2f
||dx||/||x|| =  1.005e-01
Building objective: self_consistency R
Building objective: self_consistency Z
Building objective: lambda gauge
Building objective: axis R self consistency
Building objective: axis Z self consistency
Number of parameters: 1635
Number of objectives: 9922

Starting optimization
Using method: lsq-exact
Warning: Maximum number of iterations has been exceeded.
         Current function value: 5.303e-10
         Total delta_x: 1.120e+00
         Iterations: 100
         Function evaluations: 112
         Jacobian evaluations: 101
==============================================================================================================
                                                                 Start  -->   End
Total (sum of squares):                                      1.189e+00  -->   5.303e-10, 
Maximum absolute Force error:                                2.741e+09  -->   3.881e+04 (N)
Minimum absolute Force error:                                2.756e+02  -->   7.835e-02 (N)
Average absolute Force error:                                2.804e+07  -->   1.272e+03 (N)
Maximum absolute Force error:                                9.030e-01  -->   1.279e-05 (normalized)
Minimum absolute Force error:                                9.077e-08  -->   2.581e-11 (normalized)
Average absolute Force error:                                9.237e-03  -->   4.191e-07 (normalized)
R boundary error:                                            0.000e+00  -->   3.406e-17 (m)
Z boundary error:                                            0.000e+00  -->   5.725e-17 (m)
Fixed Psi error:                                             0.000e+00  -->   0.000e+00 (Wb)
Fixed pressure profile error:                                0.000e+00  -->   0.000e+00 (Pa)
Fixed current profile error:                                 0.000e+00  -->   0.000e+00 (A)
Fixed sheet current error:                                   0.000e+00  -->   0.000e+00 (~)
==============================================================================================================
================
Step 4
================
Spectral indexing: ansi
Spectral resolution (L,M,N)=(10,10,10)
Node resolution (L,M,N)=(20,20,20)
Boundary ratio = 0.25
Pressure ratio = 1
Current ratio = 1
Perturbation Order = 2
Objective: force
Optimizer: lsq-exact
================
Perturbing equilibrium
Building objective: force
Precomputing transforms
Building objective: lcfs R
Building objective: lcfs Z
Building objective: fixed Psi
Building objective: fixed pressure
Building objective: fixed current
Building objective: fixed sheet current
Building objective: self_consistency R
Building objective: self_consistency Z
Building objective: lambda gauge
Building objective: axis R self consistency
Building objective: axis Z self consistency
Perturbing Rb_lmn, Zb_lmn
Factorizing linear constraints
Computing df
Factoring df
Computing d^2f
||dx||/||x|| =  7.604e-02
Building objective: self_consistency R
Building objective: self_consistency Z
Building objective: lambda gauge
Building objective: axis R self consistency
Building objective: axis Z self consistency
Number of parameters: 1635
Number of objectives: 9922

Starting optimization
Using method: lsq-exact
Warning: Maximum number of iterations has been exceeded.
         Current function value: 1.595e-11
         Total delta_x: 5.620e-01
         Iterations: 100
         Function evaluations: 127
         Jacobian evaluations: 101
==============================================================================================================
                                                                 Start  -->   End
Total (sum of squares):                                      9.398e-03  -->   1.595e-11, 
Maximum absolute Force error:                                4.668e+08  -->   5.020e+03 (N)
Minimum absolute Force error:                                1.558e+02  -->   7.311e-02 (N)
Average absolute Force error:                                3.424e+06  -->   2.376e+02 (N)
Maximum absolute Force error:                                1.538e-01  -->   1.654e-06 (normalized)
Minimum absolute Force error:                                5.132e-08  -->   2.408e-11 (normalized)
Average absolute Force error:                                1.128e-03  -->   7.825e-08 (normalized)
R boundary error:                                            0.000e+00  -->   6.813e-17 (m)
Z boundary error:                                            0.000e+00  -->   1.145e-16 (m)
Fixed Psi error:                                             0.000e+00  -->   0.000e+00 (Wb)
Fixed pressure profile error:                                0.000e+00  -->   0.000e+00 (Pa)
Fixed current profile error:                                 0.000e+00  -->   0.000e+00 (A)
Fixed sheet current error:                                   0.000e+00  -->   0.000e+00 (~)
==============================================================================================================
================
Step 5
================
Spectral indexing: ansi
Spectral resolution (L,M,N)=(10,10,10)
Node resolution (L,M,N)=(20,20,20)
Boundary ratio = 0.375
Pressure ratio = 1
Current ratio = 1
Perturbation Order = 2
Objective: force
Optimizer: lsq-exact
================
Perturbing equilibrium
Building objective: force
Precomputing transforms
Building objective: lcfs R
Building objective: lcfs Z
Building objective: fixed Psi
Building objective: fixed pressure
Building objective: fixed current
Building objective: fixed sheet current
Building objective: self_consistency R
Building objective: self_consistency Z
Building objective: lambda gauge
Building objective: axis R self consistency
Building objective: axis Z self consistency
Perturbing Rb_lmn, Zb_lmn
Factorizing linear constraints
Computing df
Factoring df
Computing d^2f
||dx||/||x|| =  5.135e-02
Building objective: self_consistency R
Building objective: self_consistency Z
Building objective: lambda gauge
Building objective: axis R self consistency
Building objective: axis Z self consistency
Number of parameters: 1635
Number of objectives: 9922

Starting optimization
Using method: lsq-exact
Optimization terminated successfully.
`ftol` condition satisfied.
         Current function value: 8.688e-12
         Total delta_x: 5.153e-02
         Iterations: 11
         Function evaluations: 18
         Jacobian evaluations: 12
==============================================================================================================
                                                                 Start  -->   End
Total (sum of squares):                                      6.197e-04  -->   8.688e-12, 
Maximum absolute Force error:                                4.734e+07  -->   5.093e+03 (N)
Minimum absolute Force error:                                1.516e+01  -->   1.028e-02 (N)
Average absolute Force error:                                1.114e+06  -->   1.713e+02 (N)
Maximum absolute Force error:                                1.560e-02  -->   1.678e-06 (normalized)
Minimum absolute Force error:                                4.994e-09  -->   3.385e-12 (normalized)
Average absolute Force error:                                3.671e-04  -->   5.643e-08 (normalized)
R boundary error:                                            0.000e+00  -->   1.599e-17 (m)
Z boundary error:                                            0.000e+00  -->   5.780e-17 (m)
Fixed Psi error:                                             0.000e+00  -->   0.000e+00 (Wb)
Fixed pressure profile error:                                0.000e+00  -->   0.000e+00 (Pa)
Fixed current profile error:                                 0.000e+00  -->   0.000e+00 (A)
Fixed sheet current error:                                   0.000e+00  -->   0.000e+00 (~)
==============================================================================================================
================
Step 6
================
Spectral indexing: ansi
Spectral resolution (L,M,N)=(10,10,10)
Node resolution (L,M,N)=(20,20,20)
Boundary ratio = 0.5
Pressure ratio = 1
Current ratio = 1
Perturbation Order = 2
Objective: force
Optimizer: lsq-exact
================
Perturbing equilibrium
Building objective: force
Precomputing transforms
Building objective: lcfs R
Building objective: lcfs Z
Building objective: fixed Psi
Building objective: fixed pressure
Building objective: fixed current
Building objective: fixed sheet current
Building objective: self_consistency R
Building objective: self_consistency Z
Building objective: lambda gauge
Building objective: axis R self consistency
Building objective: axis Z self consistency
Perturbing Rb_lmn, Zb_lmn
Factorizing linear constraints
Computing df
Factoring df
Computing d^2f
||dx||/||x|| =  4.949e-02
Building objective: self_consistency R
Building objective: self_consistency Z
Building objective: lambda gauge
Building objective: axis R self consistency
Building objective: axis Z self consistency
Number of parameters: 1635
Number of objectives: 9922

Starting optimization
Using method: lsq-exact
Optimization terminated successfully.
`ftol` condition satisfied.
         Current function value: 2.746e-10
         Total delta_x: 2.411e-02
         Iterations: 7
         Function evaluations: 14
         Jacobian evaluations: 8
==============================================================================================================
                                                                 Start  -->   End
Total (sum of squares):                                      3.731e-04  -->   2.746e-10, 
Maximum absolute Force error:                                3.753e+07  -->   2.896e+04 (N)
Minimum absolute Force error:                                3.920e+01  -->   7.467e-02 (N)
Average absolute Force error:                                8.326e+05  -->   9.159e+02 (N)
Maximum absolute Force error:                                1.236e-02  -->   9.540e-06 (normalized)
Minimum absolute Force error:                                1.291e-08  -->   2.460e-11 (normalized)
Average absolute Force error:                                2.743e-04  -->   3.017e-07 (normalized)
R boundary error:                                            0.000e+00  -->   1.362e-16 (m)
Z boundary error:                                            0.000e+00  -->   2.290e-16 (m)
Fixed Psi error:                                             0.000e+00  -->   0.000e+00 (Wb)
Fixed pressure profile error:                                0.000e+00  -->   0.000e+00 (Pa)
Fixed current profile error:                                 0.000e+00  -->   0.000e+00 (A)
Fixed sheet current error:                                   0.000e+00  -->   0.000e+00 (~)
==============================================================================================================
================
Step 7
================
Spectral indexing: ansi
Spectral resolution (L,M,N)=(10,10,10)
Node resolution (L,M,N)=(20,20,20)
Boundary ratio = 0.625
Pressure ratio = 1
Current ratio = 1
Perturbation Order = 2
Objective: force
Optimizer: lsq-exact
================
Perturbing equilibrium
Building objective: force
Precomputing transforms
Building objective: lcfs R
Building objective: lcfs Z
Building objective: fixed Psi
Building objective: fixed pressure
Building objective: fixed current
Building objective: fixed sheet current
Building objective: self_consistency R
Building objective: self_consistency Z
Building objective: lambda gauge
Building objective: axis R self consistency
Building objective: axis Z self consistency
Perturbing Rb_lmn, Zb_lmn
Factorizing linear constraints
Computing df
Factoring df
Computing d^2f
||dx||/||x|| =  4.897e-02
Building objective: self_consistency R
Building objective: self_consistency Z
Building objective: lambda gauge
Building objective: axis R self consistency
Building objective: axis Z self consistency
Number of parameters: 1635
Number of objectives: 9922

Starting optimization
Using method: lsq-exact
Optimization terminated successfully.
`ftol` condition satisfied.
         Current function value: 2.407e-09
         Total delta_x: 3.848e-02
         Iterations: 7
         Function evaluations: 14
         Jacobian evaluations: 8
==============================================================================================================
                                                                 Start  -->   End
Total (sum of squares):                                      1.682e-03  -->   2.407e-09, 
Maximum absolute Force error:                                8.904e+07  -->   5.718e+04 (N)
Minimum absolute Force error:                                6.268e+01  -->   2.586e-01 (N)
Average absolute Force error:                                1.891e+06  -->   2.812e+03 (N)
Maximum absolute Force error:                                2.933e-02  -->   1.884e-05 (normalized)
Minimum absolute Force error:                                2.065e-08  -->   8.517e-11 (normalized)
Average absolute Force error:                                6.227e-04  -->   9.262e-07 (normalized)
R boundary error:                                            0.000e+00  -->   3.903e-18 (m)
Z boundary error:                                            0.000e+00  -->   1.480e-17 (m)
Fixed Psi error:                                             0.000e+00  -->   0.000e+00 (Wb)
Fixed pressure profile error:                                0.000e+00  -->   0.000e+00 (Pa)
Fixed current profile error:                                 0.000e+00  -->   0.000e+00 (A)
Fixed sheet current error:                                   0.000e+00  -->   0.000e+00 (~)
==============================================================================================================
================
Step 8
================
Spectral indexing: ansi
Spectral resolution (L,M,N)=(10,10,10)
Node resolution (L,M,N)=(20,20,20)
Boundary ratio = 0.75
Pressure ratio = 1
Current ratio = 1
Perturbation Order = 2
Objective: force
Optimizer: lsq-exact
================
Perturbing equilibrium
Building objective: force
Precomputing transforms
Building objective: lcfs R
Building objective: lcfs Z
Building objective: fixed Psi
Building objective: fixed pressure
Building objective: fixed current
Building objective: fixed sheet current
Building objective: self_consistency R
Building objective: self_consistency Z
Building objective: lambda gauge
Building objective: axis R self consistency
Building objective: axis Z self consistency
Perturbing Rb_lmn, Zb_lmn
Factorizing linear constraints
Computing df
Factoring df
Computing d^2f
||dx||/||x|| =  4.971e-02
Building objective: self_consistency R
Building objective: self_consistency Z
Building objective: lambda gauge
Building objective: axis R self consistency
Building objective: axis Z self consistency
Number of parameters: 1635
Number of objectives: 9922

Starting optimization
Using method: lsq-exact
Optimization terminated successfully.
`ftol` condition satisfied.
         Current function value: 1.032e-08
         Total delta_x: 8.048e-02
         Iterations: 26
         Function evaluations: 41
         Jacobian evaluations: 27
==============================================================================================================
                                                                 Start  -->   End
Total (sum of squares):                                      4.149e-03  -->   1.032e-08, 
Maximum absolute Force error:                                9.619e+07  -->   1.243e+05 (N)
Minimum absolute Force error:                                4.496e+01  -->   2.135e-01 (N)
Average absolute Force error:                                3.105e+06  -->   6.006e+03 (N)
Maximum absolute Force error:                                3.169e-02  -->   4.093e-05 (normalized)
Minimum absolute Force error:                                1.481e-08  -->   7.033e-11 (normalized)
Average absolute Force error:                                1.023e-03  -->   1.978e-06 (normalized)
R boundary error:                                            0.000e+00  -->   2.248e-16 (m)
Z boundary error:                                            0.000e+00  -->   1.155e-16 (m)
Fixed Psi error:                                             0.000e+00  -->   0.000e+00 (Wb)
Fixed pressure profile error:                                0.000e+00  -->   0.000e+00 (Pa)
Fixed current profile error:                                 0.000e+00  -->   0.000e+00 (A)
Fixed sheet current error:                                   0.000e+00  -->   0.000e+00 (~)
==============================================================================================================
================
Step 9
================
Spectral indexing: ansi
Spectral resolution (L,M,N)=(10,10,10)
Node resolution (L,M,N)=(20,20,20)
Boundary ratio = 0.875
Pressure ratio = 1
Current ratio = 1
Perturbation Order = 2
Objective: force
Optimizer: lsq-exact
================
Perturbing equilibrium
Building objective: force
Precomputing transforms
Building objective: lcfs R
Building objective: lcfs Z
Building objective: fixed Psi
Building objective: fixed pressure
Building objective: fixed current
Building objective: fixed sheet current
Building objective: self_consistency R
Building objective: self_consistency Z
Building objective: lambda gauge
Building objective: axis R self consistency
Building objective: axis Z self consistency
Perturbing Rb_lmn, Zb_lmn
Factorizing linear constraints
Computing df
Factoring df
Computing d^2f
||dx||/||x|| =  4.879e-02
Building objective: self_consistency R
Building objective: self_consistency Z
Building objective: lambda gauge
Building objective: axis R self consistency
Building objective: axis Z self consistency
Number of parameters: 1635
Number of objectives: 9922

Starting optimization
Using method: lsq-exact
Optimization terminated successfully.
`ftol` condition satisfied.
         Current function value: 4.621e-08
         Total delta_x: 6.258e-02
         Iterations: 7
         Function evaluations: 14
         Jacobian evaluations: 8
==============================================================================================================
                                                                 Start  -->   End
Total (sum of squares):                                      1.574e-02  -->   4.621e-08, 
Maximum absolute Force error:                                1.859e+08  -->   3.675e+05 (N)
Minimum absolute Force error:                                4.432e+00  -->   5.062e-02 (N)
Average absolute Force error:                                5.905e+06  -->   1.258e+04 (N)
Maximum absolute Force error:                                6.124e-02  -->   1.211e-04 (normalized)
Minimum absolute Force error:                                1.460e-09  -->   1.667e-11 (normalized)
Average absolute Force error:                                1.945e-03  -->   4.143e-06 (normalized)
R boundary error:                                            0.000e+00  -->   3.611e-17 (m)
Z boundary error:                                            0.000e+00  -->   1.226e-16 (m)
Fixed Psi error:                                             0.000e+00  -->   0.000e+00 (Wb)
Fixed pressure profile error:                                0.000e+00  -->   0.000e+00 (Pa)
Fixed current profile error:                                 0.000e+00  -->   0.000e+00 (A)
Fixed sheet current error:                                   0.000e+00  -->   0.000e+00 (~)
==============================================================================================================
================
Step 10
================
Spectral indexing: ansi
Spectral resolution (L,M,N)=(10,10,10)
Node resolution (L,M,N)=(20,20,20)
Boundary ratio = 1.0
Pressure ratio = 1
Current ratio = 1
Perturbation Order = 2
Objective: force
Optimizer: lsq-exact
================
Perturbing equilibrium
Building objective: force
Precomputing transforms
Building objective: lcfs R
Building objective: lcfs Z
Building objective: fixed Psi
Building objective: fixed pressure
Building objective: fixed current
Building objective: fixed sheet current
Building objective: self_consistency R
Building objective: self_consistency Z
Building objective: lambda gauge
Building objective: axis R self consistency
Building objective: axis Z self consistency
Perturbing Rb_lmn, Zb_lmn
Factorizing linear constraints
Computing df
Factoring df
Computing d^2f
||dx||/||x|| =  4.854e-02
Building objective: self_consistency R
Building objective: self_consistency Z
Building objective: lambda gauge
Building objective: axis R self consistency
Building objective: axis Z self consistency
Number of parameters: 1635
Number of objectives: 9922

Starting optimization
Using method: lsq-exact
Optimization terminated successfully.
`ftol` condition satisfied.
         Current function value: 1.559e-07
         Total delta_x: 4.915e-02
         Iterations: 7
         Function evaluations: 13
         Jacobian evaluations: 8
==============================================================================================================
                                                                 Start  -->   End
Total (sum of squares):                                      6.715e-02  -->   1.559e-07, 
Maximum absolute Force error:                                4.779e+08  -->   7.421e+05 (N)
Minimum absolute Force error:                                3.041e+02  -->   2.861e+00 (N)
Average absolute Force error:                                1.182e+07  -->   2.285e+04 (N)
Maximum absolute Force error:                                1.574e-01  -->   2.445e-04 (normalized)
Minimum absolute Force error:                                1.002e-07  -->   9.424e-10 (normalized)
Average absolute Force error:                                3.894e-03  -->   7.526e-06 (normalized)
R boundary error:                                            0.000e+00  -->   2.498e-16 (m)
Z boundary error:                                            0.000e+00  -->   4.580e-16 (m)
Fixed Psi error:                                             0.000e+00  -->   0.000e+00 (Wb)
Fixed pressure profile error:                                0.000e+00  -->   0.000e+00 (Pa)
Fixed current profile error:                                 0.000e+00  -->   0.000e+00 (A)
Fixed sheet current error:                                   0.000e+00  -->   0.000e+00 (~)
==============================================================================================================
================
Step 11
================
Spectral indexing: ansi
Spectral resolution (L,M,N)=(10,10,10)
Node resolution (L,M,N)=(20,20,20)
Boundary ratio = 0
Pressure ratio = 0.5
Current ratio = 1
Perturbation Order = 2
Objective: force
Optimizer: lsq-exact
================
Perturbing equilibrium
Building objective: force
Precomputing transforms
Building objective: lcfs R
Building objective: lcfs Z
Building objective: fixed Psi
Building objective: fixed pressure
Building objective: fixed current
Building objective: fixed sheet current
Building objective: self_consistency R
Building objective: self_consistency Z
Building objective: lambda gauge
Building objective: axis R self consistency
Building objective: axis Z self consistency
Perturbing p_l
Factorizing linear constraints
Computing df
Factoring df
Computing d^2f
||dx||/||x|| =  8.795e-03
Building objective: self_consistency R
Building objective: self_consistency Z
Building objective: lambda gauge
Building objective: axis R self consistency
Building objective: axis Z self consistency
Number of parameters: 1635
Number of objectives: 9922

Starting optimization
Using method: lsq-exact
Optimization terminated successfully.
`ftol` condition satisfied.
         Current function value: 1.244e-07
         Total delta_x: 3.068e-02
         Iterations: 6
         Function evaluations: 12
         Jacobian evaluations: 7
==============================================================================================================
                                                                 Start  -->   End
Total (sum of squares):                                      4.243e-05  -->   1.244e-07, 
Maximum absolute Force error:                                1.341e+07  -->   6.557e+05 (N)
Minimum absolute Force error:                                7.538e+01  -->   7.161e-01 (N)
Average absolute Force error:                                2.947e+05  -->   2.071e+04 (N)
Maximum absolute Force error:                                4.419e-03  -->   2.160e-04 (normalized)
Minimum absolute Force error:                                2.483e-08  -->   2.359e-10 (normalized)
Average absolute Force error:                                9.708e-05  -->   6.823e-06 (normalized)
R boundary error:                                            1.751e-15  -->   2.238e-16 (m)
Z boundary error:                                            2.144e-15  -->   4.443e-16 (m)
Fixed Psi error:                                             0.000e+00  -->   0.000e+00 (Wb)
Fixed pressure profile error:                                0.000e+00  -->   8.232e-11 (Pa)
Fixed current profile error:                                 0.000e+00  -->   0.000e+00 (A)
Fixed sheet current error:                                   0.000e+00  -->   0.000e+00 (~)
==============================================================================================================
================
Step 12
================
Spectral indexing: ansi
Spectral resolution (L,M,N)=(10,10,10)
Node resolution (L,M,N)=(20,20,20)
Boundary ratio = 0
Pressure ratio = 1.0
Current ratio = 1
Perturbation Order = 2
Objective: force
Optimizer: lsq-exact
================
Perturbing equilibrium
Building objective: force
Precomputing transforms
Building objective: lcfs R
Building objective: lcfs Z
Building objective: fixed Psi
Building objective: fixed pressure
Building objective: fixed current
Building objective: fixed sheet current
Building objective: self_consistency R
Building objective: self_consistency Z
Building objective: lambda gauge
Building objective: axis R self consistency
Building objective: axis Z self consistency
Perturbing p_l
Factorizing linear constraints
Computing df
Factoring df
Computing d^2f
||dx||/||x|| =  6.122e-03
Building objective: self_consistency R
Building objective: self_consistency Z
Building objective: lambda gauge
Building objective: axis R self consistency
Building objective: axis Z self consistency
Number of parameters: 1635
Number of objectives: 9922

Starting optimization
Using method: lsq-exact
Optimization terminated successfully.
`ftol` condition satisfied.
         Current function value: 1.355e-07
         Total delta_x: 1.981e-02
         Iterations: 5
         Function evaluations: 11
         Jacobian evaluations: 6
==============================================================================================================
                                                                 Start  -->   End
Total (sum of squares):                                      1.321e-05  -->   1.355e-07, 
Maximum absolute Force error:                                3.846e+06  -->   6.801e+05 (N)
Minimum absolute Force error:                                1.492e+01  -->   1.362e+00 (N)
Average absolute Force error:                                1.740e+05  -->   2.160e+04 (N)
Maximum absolute Force error:                                1.267e-03  -->   2.240e-04 (normalized)
Minimum absolute Force error:                                4.915e-09  -->   4.487e-10 (normalized)
Average absolute Force error:                                5.731e-05  -->   7.116e-06 (normalized)
R boundary error:                                            1.751e-15  -->   2.238e-16 (m)
Z boundary error:                                            2.097e-15  -->   1.388e-17 (m)
Fixed Psi error:                                             0.000e+00  -->   0.000e+00 (Wb)
Fixed pressure profile error:                                0.000e+00  -->   0.000e+00 (Pa)
Fixed current profile error:                                 0.000e+00  -->   0.000e+00 (A)
Fixed sheet current error:                                   0.000e+00  -->   0.000e+00 (~)
==============================================================================================================
====================
Done
====================
eq psi = 49.68440342569543
field psi = -38.49234358638788

==================================
Optimizing boundary modes M,N <= 4
====================================
Building objective: Boundary error
Precomputing transforms
Timer: Precomputing transforms = 1.49 sec
Timer: Objective build = 2.42 sec
Building objective: force
Precomputing transforms
Timer: Precomputing transforms = 1.30 sec
Timer: Objective build = 1.38 sec
Timer: Proximal projection build = 13.7 sec
Building objective: lcfs R
Building objective: lcfs Z
Building objective: fixed pressure
Building objective: fixed current
Building objective: fixed Psi
Timer: Objective build = 614 ms
Timer: Linear constraint projection build = 2.55 sec
Number of parameters: 143
Number of objectives: 5043
Timer: Initializing the optimization = 17.0 sec

Starting optimization
Using method: proximal-lsq-exact
   Iteration     Total nfev        Cost      Cost reduction    Step norm     Optimality   
       0              1          3.570e-04                                    2.863e-03   
       1              2          9.505e-05      2.620e-04      8.810e+04      9.835e-03   
       2              3          4.818e-05      4.687e-05      1.014e+05      4.560e-03   
       3              4          4.627e-05      1.912e-06      1.877e+05      8.062e-03   
       4              6          4.233e-05      3.936e-06      4.745e+04      1.898e-03   
       5              7          4.146e-05      8.678e-07      5.577e+04      2.155e-03   
       6              8          4.136e-05      1.024e-07      1.663e+04      5.388e-04   
       7             10          4.125e-05      1.079e-07      7.405e+03      6.247e-04   
       8             11          4.124e-05      1.757e-08      3.288e+03      1.789e-04   
       9             13          4.122e-05      1.235e-08      6.648e+02      1.234e-04   
      10             14          4.122e-05      4.558e-09      6.997e+02      4.751e-05   
      11             15          4.122e-05      1.385e-09      5.193e+02      7.428e-05   
      12             16          4.122e-05      2.294e-09      5.194e+02      5.569e-05   
      13             17          4.122e-05      3.066e-10      6.775e+02      1.074e-04   
      14             18          4.121e-05      2.227e-09      1.757e+02      3.361e-05   
      15             19          4.121e-05      6.371e-10      2.324e+02      3.004e-05   
      16             20          4.121e-05      1.479e-09      1.192e+02      5.405e-05   
      17             21          4.121e-05      2.025e-09      2.245e+02      2.741e-05   
      18             22          4.121e-05      2.368e-09      2.959e+02      6.863e-05   
      19             23          4.120e-05      3.117e-09      6.621e+02      5.964e-05   
      20             25          4.120e-05      1.461e-09      4.208e+02      8.539e-05   
      21             26          4.120e-05      6.042e-10      1.752e+02      3.988e-05   
      22             27          4.120e-05      8.713e-10      2.905e+02      7.668e-05   
      23             28          4.120e-05      4.934e-10      2.410e+02      4.215e-05   
      24             29          4.120e-05      7.105e-10      6.610e+01      3.175e-05   
      25             30          4.120e-05      3.393e-10      7.298e+01      3.857e-05   
      26             31          4.120e-05      4.876e-10      3.183e+01      2.325e-05   
      27             32          4.120e-05      9.543e-10      6.779e+01      3.506e-05   
      28             33          4.120e-05      2.014e-09      1.154e+02      1.843e-05   
      29             34          4.119e-05      3.588e-09      3.245e+02      4.616e-05   
      30             35          4.119e-05      4.683e-09      1.204e+03      6.290e-05   
      31             38          4.119e-05      1.641e-09      2.618e+02      2.702e-05   
      32             39          4.119e-05      5.087e-10      3.269e+02      3.030e-05   
      33             40          4.119e-05      3.256e-10      1.866e+02      1.121e-05   
      34             41          4.119e-05      3.503e-10      1.203e+02      2.250e-05   
      35             42          4.118e-05      6.915e-10      1.861e+01      1.353e-05   
      36             43          4.118e-05      1.452e-09      1.307e+02      2.910e-05   
      37             44          4.118e-05      2.360e-09      4.661e+02      2.920e-05   
      38             47          4.118e-05      4.068e-10      2.227e+02      3.830e-05   
      39             48          4.118e-05      2.453e-10      7.550e+01      1.705e-05   
      40             49          4.118e-05      1.841e-10      1.179e+02      3.053e-05   
      41             50          4.118e-05      1.820e-10      1.030e+02      2.047e-05   
      42             51          4.118e-05      1.743e-10      1.315e+02      3.359e-05   
      43             52          4.118e-05      1.691e-10      1.322e+02      2.245e-05   
      44             53          4.118e-05      1.750e-10      1.369e+02      3.543e-05   
      45             54          4.118e-05      1.733e-10      1.385e+02      2.323e-05   
      46             55          4.118e-05      1.784e-10      1.373e+02      3.614e-05   
      47             56          4.118e-05      1.783e-10      1.397e+02      2.350e-05   
      48             57          4.118e-05      1.801e-10      1.370e+02      3.645e-05   
      49             58          4.118e-05      1.809e-10      1.401e+02      2.362e-05   
      50             59          4.118e-05      1.802e-10      1.371e+02      3.663e-05   
      51             60          4.118e-05      1.815e-10      1.405e+02      2.372e-05   
      52             61          4.118e-05      1.791e-10      1.374e+02      3.674e-05   
      53             62          4.118e-05      1.807e-10      1.410e+02      2.382e-05   
      54             63          4.118e-05      1.772e-10      1.379e+02      3.681e-05   
      55             64          4.118e-05      1.790e-10      1.415e+02      2.391e-05   
      56             65          4.118e-05      1.748e-10      1.385e+02      3.686e-05   
      57             66          4.118e-05      1.768e-10      1.421e+02      2.399e-05   
      58             67          4.118e-05      1.720e-10      1.392e+02      3.688e-05   
      59             68          4.118e-05      1.743e-10      1.428e+02      2.408e-05   
      60             69          4.118e-05      1.691e-10      1.400e+02      3.689e-05   
      61             70          4.118e-05      1.716e-10      1.434e+02      2.416e-05   
      62             71          4.118e-05      1.661e-10      1.407e+02      3.690e-05   
      63             72          4.118e-05      1.688e-10      1.441e+02      2.423e-05   
      64             73          4.118e-05      1.631e-10      1.415e+02      3.689e-05   
      65             74          4.118e-05      1.660e-10      1.448e+02      2.431e-05   
      66             75          4.118e-05      1.601e-10      1.422e+02      3.688e-05   
      67             76          4.118e-05      1.633e-10      1.454e+02      2.437e-05   
      68             77          4.118e-05      1.572e-10      1.429e+02      3.686e-05   
      69             78          4.117e-05      1.606e-10      1.461e+02      2.444e-05   
      70             79          4.117e-05      1.544e-10      1.436e+02      3.684e-05   
      71             80          4.117e-05      1.931e-10      3.270e+01      1.013e-05   
      72             81          4.117e-05      1.223e-10      5.637e+01      1.128e-05   
      73             82          4.117e-05      3.283e-10      5.243e+01      1.592e-05   
      74             83          4.117e-05      5.469e-10      1.577e+02      1.559e-05   
      75             84          4.117e-05      7.072e-10      4.560e+02      4.049e-05   
      76             86          4.117e-05      5.577e-10      2.254e+02      2.730e-05   
      77             87          4.117e-05      2.732e-10      1.200e+02      2.266e-05   
      78             88          4.117e-05      2.829e-10      1.407e+02      2.562e-05   
      79             90          4.117e-05      2.643e-10      5.811e+01      2.009e-05   
      80             91          4.117e-05      1.704e-10      1.701e+01      6.122e-06   
      81             92          4.117e-05      3.415e-10      9.035e+00      7.380e-06   
      82             93          4.117e-05      6.894e-10      9.737e+00      5.596e-06   
      83             94          4.117e-05      1.373e-09      1.849e+01      1.009e-05   
      84             95          4.117e-05      2.617e-09      1.087e+02      1.478e-05   
      85             96          4.116e-05      4.677e-09      4.084e+02      4.103e-05   
      86             97          4.116e-05      9.566e-10      1.938e+03      1.221e-04   
      87             99          4.115e-05      6.163e-09      4.604e+02      5.304e-05   
      88             100         4.115e-05      1.449e-09      7.326e+02      4.086e-05   
      89             101         4.115e-05      6.443e-10      4.824e+02      1.065e-05   
      90             102         4.115e-05      7.430e-10      3.242e+02      2.388e-05   
      91             105         4.115e-05      1.699e-10      5.896e+01      1.310e-05   
      92             106         4.115e-05      1.113e-10      1.316e+02      5.104e-06   
      93             107         4.115e-05      2.050e-10      1.217e+02      6.285e-06   
      94             108         4.115e-05      4.857e-10      2.781e+02      1.715e-05   
      95             111         4.115e-05      4.446e-11      8.410e+01      4.301e-06   
      96             112         4.115e-05      4.627e-11      8.417e+01      5.785e-06   
      97             113         4.115e-05      1.250e-10      1.097e+02      3.887e-06   
      98             114         4.115e-05      2.809e-10      1.518e+02      7.653e-06   
      99             115         4.115e-05      4.868e-10      4.046e+02      2.054e-05   
      100            116         4.115e-05      3.700e-11      1.301e+03      6.662e-05   
Warning: Maximum number of iterations has been exceeded.
         Current function value: 4.115e-05
         Total delta_x: 6.437e+04
         Iterations: 100
         Function evaluations: 116
         Jacobian evaluations: 101
Timer: Solution time = 21.8 min
Timer: Avg time per step = 12.9 sec
==============================================================================================================
                                                                 Start  -->   End
Total (sum of squares):                                      3.570e-04  -->   4.115e-05, 
Maximum absolute Boundary normal field error:                5.790e-01  -->   3.506e-01 (T*m^2)
Minimum absolute Boundary normal field error:                3.669e-14  -->   6.902e-14 (T*m^2)
Average absolute Boundary normal field error:                2.648e-01  -->   1.151e-01 (T*m^2)
Maximum absolute Boundary normal field error:                3.716e-03  -->   2.250e-03 (normalized)
Minimum absolute Boundary normal field error:                2.355e-16  -->   4.430e-16 (normalized)
Average absolute Boundary normal field error:                1.700e-03  -->   7.387e-04 (normalized)
Maximum absolute Boundary magnetic pressure error:           3.428e+00  -->   3.436e+00 (T^2*m^2)
Minimum absolute Boundary magnetic pressure error:           1.384e-03  -->   8.244e-04 (T^2*m^2)
Average absolute Boundary magnetic pressure error:           1.060e+00  -->   1.060e+00 (T^2*m^2)
Maximum absolute Boundary magnetic pressure error:           2.254e-03  -->   2.259e-03 (normalized)
Minimum absolute Boundary magnetic pressure error:           9.101e-07  -->   5.421e-07 (normalized)
Average absolute Boundary magnetic pressure error:           6.970e-04  -->   6.973e-04 (normalized)
Maximum absolute Boundary field jump error:                  1.289e+00  -->   3.486e-01 (T*m^2)
Minimum absolute Boundary field jump error:                  7.837e-03  -->   3.851e-03 (T*m^2)
Average absolute Boundary field jump error:                  4.725e-01  -->   1.083e-01 (T*m^2)
Maximum absolute Boundary field jump error:                  8.270e-03  -->   2.238e-03 (normalized)
Minimum absolute Boundary field jump error:                  5.030e-05  -->   2.472e-05 (normalized)
Average absolute Boundary field jump error:                  3.033e-03  -->   6.950e-04 (normalized)
Maximum absolute Force error:                                1.750e+07  -->   1.729e+07 (N)
Minimum absolute Force error:                                2.044e+02  -->   3.846e+01 (N)
Average absolute Force error:                                4.991e+05  -->   4.938e+05 (N)
Maximum absolute Force error:                                1.465e-03  -->   1.448e-03 (normalized)
Minimum absolute Force error:                                1.711e-08  -->   3.220e-09 (normalized)
Average absolute Force error:                                4.178e-05  -->   4.134e-05 (normalized)
R boundary error:                                            0.000e+00  -->   7.356e-18 (m)
Z boundary error:                                            0.000e+00  -->   1.226e-17 (m)
Fixed pressure profile error:                                0.000e+00  -->   0.000e+00 (Pa)
Fixed current profile error:                                 0.000e+00  -->   0.000e+00 (A)
Fixed Psi error:                                             0.000e+00  -->   0.000e+00 (Wb)
==============================================================================================================

==================================
Optimizing boundary modes M,N <= 5
====================================
Building objective: Boundary error
Precomputing transforms
Timer: Precomputing transforms = 1.36 sec
Timer: Objective build = 2.30 sec
Building objective: force
Precomputing transforms
Timer: Precomputing transforms = 1.30 sec
Timer: Objective build = 1.38 sec
Timer: Proximal projection build = 12.6 sec
Building objective: lcfs R
Building objective: lcfs Z
Building objective: fixed pressure
Building objective: fixed current
Building objective: fixed Psi
Timer: Objective build = 581 ms
Timer: Linear constraint projection build = 2.45 sec
Number of parameters: 183
Number of objectives: 5043
Timer: Initializing the optimization = 15.8 sec

Starting optimization
Using method: proximal-lsq-exact
   Iteration     Total nfev        Cost      Cost reduction    Step norm     Optimality   
       0              1          4.116e-05                                    6.163e-04   
       1              2          4.089e-05      2.701e-07      1.113e+02      4.776e-04   
       2              6          4.080e-05      8.440e-08      1.964e+01      1.631e-04   
       3              7          4.079e-05      1.233e-08      2.057e+01      9.075e-05   
       4              8          4.079e-05      3.967e-09      1.491e+00      1.264e-04   
       5             10          4.078e-05      2.451e-09      4.645e+00      4.945e-05   
       6             11          4.078e-05      1.836e-10      5.161e+00      4.873e-05   
       7             12          4.078e-05      6.230e-10      1.379e+00      2.705e-05   
slurmstepd: error: *** JOB 60976913 ON della-i14g2 CANCELLED AT 2024-12-09T12:42:43 ***
