DESC version 0.12.3+346.gb7354b1ef,using JAX backend, jax version=0.4.31, jaxlib version=0.4.31, dtype=float64
Using device: NVIDIA A100 80GB PCIe (id=0), with 80.00 GB available memory
SAVING NO SHEET CURRENT SOLVE TO  ./desc_fb_no_sheet_current.h5
SAVING  SHEET CURRENT SOLVE TO  ./desc_fb_with_sheet_current.h5
/home/dpanici/DESC/desc/input_reader.py:1267: UserWarning: Current is not a power series!
  warnings.warn(colored("Current is not a power series!", "yellow"))
Building objective: force
Precomputing transforms
Building objective: lcfs R
Building objective: lcfs Z
Building objective: fixed Psi
Building objective: fixed pressure
Building objective: fixed current
Building objective: fixed sheet current
Building objective: self_consistency R
Building objective: self_consistency Z
Building objective: lambda gauge
Building objective: axis R self consistency
Building objective: axis Z self consistency
Number of parameters: 1635
Number of objectives: 9922

Starting optimization
Using method: lsq-exact
Optimization terminated successfully.
`ftol` condition satisfied.
         Current function value: 1.326e-07
         Total delta_x: 1.138e-01
         Iterations: 60
         Function evaluations: 66
         Jacobian evaluations: 61
==============================================================================================================
                                                                 Start  -->   End
Total (sum of squares):                                      6.194e-01  -->   1.326e-07, 
Maximum absolute Force error:                                1.419e+09  -->   7.451e+05 (N)
Minimum absolute Force error:                                2.927e+03  -->   9.094e-01 (N)
Average absolute Force error:                                4.077e+07  -->   2.149e+04 (N)
Maximum absolute Force error:                                4.675e-01  -->   2.454e-04 (normalized)
Minimum absolute Force error:                                9.641e-07  -->   2.996e-10 (normalized)
Average absolute Force error:                                1.343e-02  -->   7.079e-06 (normalized)
R boundary error:                                            0.000e+00  -->   3.180e-17 (m)
Z boundary error:                                            0.000e+00  -->   6.369e-17 (m)
Fixed Psi error:                                             0.000e+00  -->   0.000e+00 (Wb)
Fixed pressure profile error:                                0.000e+00  -->   1.164e-10 (Pa)
Fixed current profile error:                                 0.000e+00  -->   0.000e+00 (A)
Fixed sheet current error:                                   0.000e+00  -->   0.000e+00 (~)
==============================================================================================================
eq psi = 49.68440342569543
field psi = -38.49244664273815

==================================
Optimizing boundary modes M,N <= 1
====================================
Building objective: Boundary error
/home/dpanici/DESC/desc/utils.py:555: UserWarning: Boundary pressure is nonzero (max 7209.7948531062575 Pa), a sheet current should be included.
  warnings.warn(colored(msg, "yellow"), err)
Precomputing transforms
Timer: Precomputing transforms = 849 ms
Timer: Objective build = 1.57 sec
Building objective: force
Precomputing transforms
Timer: Precomputing transforms = 1.06 sec
Timer: Objective build = 1.12 sec
Timer: Proximal projection build = 9.64 sec
Building objective: lcfs R
Building objective: lcfs Z
Building objective: fixed pressure
Building objective: fixed current
Building objective: fixed Psi
Timer: Objective build = 451 ms
Timer: Linear constraint projection build = 2.09 sec
Number of parameters: 9
Number of objectives: 3362
Timer: Initializing the optimization = 12.2 sec

Starting optimization
Using method: proximal-lsq-exact
   Iteration     Total nfev        Cost      Cost reduction    Step norm     Optimality   
       0              1          1.887e+02                                    3.894e+02   
       1              2          9.670e+01      9.198e+01      1.430e+00      1.217e+03   
       2              3          3.079e+01      6.592e+01      6.783e-01      1.980e+02   
       3              4          1.481e+01      1.598e+01      7.555e-01      7.484e+01   
       4              5          1.172e+01      3.095e+00      1.316e+00      1.083e+02   
       5              6          1.032e+01      1.394e+00      9.041e-01      1.066e+02   
       6              7          3.435e+00      6.888e+00      1.921e-01      9.895e+00   
       7              8          3.302e+00      1.326e-01      2.487e-01      7.928e+00   
       8              9          3.296e+00      5.706e-03      2.087e-01      8.734e+00   
       9             10          3.221e+00      7.556e-02      5.610e-02      1.130e+00   
      10             11          3.217e+00      3.900e-03      1.081e-01      1.526e+00   
      11             12          3.213e+00      3.965e-03      3.505e-02      1.125e-01   
      12             37          3.213e+00      0.000e+00      0.000e+00      1.125e-01   
Warning: A bad approximation caused failure to predict improvement.
         Current function value: 3.213e+00
         Total delta_x: 4.118e+00
         Iterations: 12
         Function evaluations: 37
         Jacobian evaluations: 12
Timer: Solution time = 8.41 min
Timer: Avg time per step = 38.8 sec
==============================================================================================================
                                                                 Start  -->   End
Total (sum of squares):                                      1.887e+02  -->   3.213e+00, 
Maximum absolute Boundary normal field error:                3.176e+02  -->   4.928e+01 (T*m^2)
Minimum absolute Boundary normal field error:                1.506e-13  -->   3.880e-14 (T*m^2)
Average absolute Boundary normal field error:                7.685e+01  -->   1.296e+01 (T*m^2)
Maximum absolute Boundary normal field error:                3.232e+00  -->   5.016e-01 (normalized)
Minimum absolute Boundary normal field error:                1.532e-15  -->   3.950e-16 (normalized)
Average absolute Boundary normal field error:                7.822e-01  -->   1.319e-01 (normalized)
Maximum absolute Boundary magnetic pressure error:           2.676e+03  -->   5.991e+02 (T^2*m^2)
Minimum absolute Boundary magnetic pressure error:           5.094e-01  -->   1.753e-01 (T^2*m^2)
Average absolute Boundary magnetic pressure error:           8.873e+02  -->   1.076e+02 (T^2*m^2)
Maximum absolute Boundary magnetic pressure error:           6.923e+00  -->   1.550e+00 (normalized)
Minimum absolute Boundary magnetic pressure error:           1.318e-03  -->   4.535e-04 (normalized)
Average absolute Boundary magnetic pressure error:           2.296e+00  -->   2.784e-01 (normalized)
Maximum absolute Force error:                                7.451e+05  -->   1.058e+07 (N)
Minimum absolute Force error:                                9.094e-01  -->   6.099e+00 (N)
Average absolute Force error:                                2.149e+04  -->   2.655e+05 (N)
Maximum absolute Force error:                                2.454e-04  -->   3.484e-03 (normalized)
Minimum absolute Force error:                                2.996e-10  -->   2.009e-09 (normalized)
Average absolute Force error:                                7.079e-06  -->   8.744e-05 (normalized)
R boundary error:                                            0.000e+00  -->   3.103e-17 (m)
Z boundary error:                                            0.000e+00  -->   5.732e-17 (m)
Fixed pressure profile error:                                0.000e+00  -->   0.000e+00 (Pa)
Fixed current profile error:                                 0.000e+00  -->   0.000e+00 (A)
Fixed Psi error:                                             0.000e+00  -->   0.000e+00 (Wb)
==============================================================================================================

==================================
Optimizing boundary modes M,N <= 2
====================================
Building objective: Boundary error
/home/dpanici/DESC/desc/utils.py:555: UserWarning: Boundary pressure is nonzero (max 7209.7948531062575 Pa), a sheet current should be included.
  warnings.warn(colored(msg, "yellow"), err)
Precomputing transforms
Timer: Precomputing transforms = 812 ms
Timer: Objective build = 1.63 sec
Building objective: force
Precomputing transforms
Timer: Precomputing transforms = 1.05 sec
Timer: Objective build = 1.11 sec
Timer: Proximal projection build = 9.39 sec
Building objective: lcfs R
Building objective: lcfs Z
Building objective: fixed pressure
Building objective: fixed current
Building objective: fixed Psi
Timer: Objective build = 449 ms
Timer: Linear constraint projection build = 2.04 sec
Number of parameters: 25
Number of objectives: 3362
Timer: Initializing the optimization = 11.9 sec

Starting optimization
Using method: proximal-lsq-exact
   Iteration     Total nfev        Cost      Cost reduction    Step norm     Optimality   
       0              1          3.317e-01                                    5.084e-01   
       1              2          8.795e-02      2.437e-01      6.865e-01      2.484e-01   
       2              4          5.256e-02      3.539e-02      3.530e-01      2.138e-01   
       3              5          5.122e-02      1.343e-03      4.232e-01      4.746e-01   
       4              6          4.006e-02      1.115e-02      2.046e-01      3.242e-02   
       5              7          3.983e-02      2.342e-04      2.000e-01      3.353e-02   
       6              8          3.908e-02      7.449e-04      1.049e-01      1.241e-02   
       7              9          3.879e-02      2.939e-04      6.671e-02      1.570e-02   
       8             10          3.831e-02      4.839e-04      1.301e-01      5.082e-02   
       9             11          3.756e-02      7.433e-04      2.289e-01      1.133e-01   
      10             13          3.674e-02      8.218e-04      1.331e-01      1.854e-02   
      11             14          3.662e-02      1.209e-04      1.915e-01      3.455e-02   
      12             16          3.632e-02      3.009e-04      1.206e-01      6.254e-03   
      13             17          3.624e-02      7.966e-05      8.463e-02      3.956e-03   
      14             19          3.618e-02      5.710e-05      3.581e-02      3.642e-03   
      15             20          3.617e-02      1.435e-05      2.112e-02      9.044e-04   
      16             21          3.616e-02      1.228e-05      1.443e-02      1.251e-03   
      17             23          3.615e-02      1.924e-06      1.499e-02      4.271e-04   
Optimization terminated successfully.
`ftol` condition satisfied.
         Current function value: 3.615e-02
         Total delta_x: 1.570e+00
         Iterations: 17
         Function evaluations: 23
         Jacobian evaluations: 18
Timer: Solution time = 8.00 min
Timer: Avg time per step = 26.6 sec
==============================================================================================================
                                                                 Start  -->   End
Total (sum of squares):                                      3.317e-01  -->   3.615e-02, 
Maximum absolute Boundary normal field error:                4.928e+01  -->   1.130e+01 (T*m^2)
Minimum absolute Boundary normal field error:                3.880e-14  -->   3.241e-14 (T*m^2)
Average absolute Boundary normal field error:                1.296e+01  -->   3.209e+00 (T*m^2)
Maximum absolute Boundary normal field error:                3.022e-01  -->   6.928e-02 (normalized)
Minimum absolute Boundary normal field error:                2.379e-16  -->   1.987e-16 (normalized)
Average absolute Boundary normal field error:                7.949e-02  -->   1.968e-02 (normalized)
Maximum absolute Boundary magnetic pressure error:           5.991e+02  -->   1.520e+02 (T^2*m^2)
Minimum absolute Boundary magnetic pressure error:           1.753e-01  -->   2.711e-03 (T^2*m^2)
Average absolute Boundary magnetic pressure error:           1.076e+02  -->   5.022e+01 (T^2*m^2)
Maximum absolute Boundary magnetic pressure error:           3.526e-01  -->   8.950e-02 (normalized)
Minimum absolute Boundary magnetic pressure error:           1.032e-04  -->   1.596e-06 (normalized)
Average absolute Boundary magnetic pressure error:           6.334e-02  -->   2.956e-02 (normalized)
Maximum absolute Force error:                                1.058e+07  -->   2.740e+06 (N)
Minimum absolute Force error:                                6.099e+00  -->   6.797e+00 (N)
Average absolute Force error:                                2.655e+05  -->   1.037e+05 (N)
Maximum absolute Force error:                                7.926e-04  -->   2.054e-04 (normalized)
Minimum absolute Force error:                                4.571e-10  -->   5.094e-10 (normalized)
Average absolute Force error:                                1.990e-05  -->   7.774e-06 (normalized)
R boundary error:                                            0.000e+00  -->   1.735e-18 (m)
Z boundary error:                                            0.000e+00  -->   1.972e-31 (m)
Fixed pressure profile error:                                0.000e+00  -->   0.000e+00 (Pa)
Fixed current profile error:                                 0.000e+00  -->   0.000e+00 (A)
Fixed Psi error:                                             0.000e+00  -->   0.000e+00 (Wb)
==============================================================================================================

==================================
Optimizing boundary modes M,N <= 4
====================================
Building objective: Boundary error
/home/dpanici/DESC/desc/utils.py:555: UserWarning: Boundary pressure is nonzero (max 7209.7948531062575 Pa), a sheet current should be included.
  warnings.warn(colored(msg, "yellow"), err)
Precomputing transforms
Timer: Precomputing transforms = 773 ms
Timer: Objective build = 1.54 sec
Building objective: force
Precomputing transforms
Timer: Precomputing transforms = 1.07 sec
Timer: Objective build = 1.13 sec
Timer: Proximal projection build = 9.39 sec
Building objective: lcfs R
Building objective: lcfs Z
Building objective: fixed pressure
Building objective: fixed current
Building objective: fixed Psi
Timer: Objective build = 454 ms
Timer: Linear constraint projection build = 1.99 sec
Number of parameters: 81
Number of objectives: 3362
Timer: Initializing the optimization = 11.9 sec

Starting optimization
Using method: proximal-lsq-exact
   Iteration     Total nfev        Cost      Cost reduction    Step norm     Optimality   
       0              1          4.876e-02                                    3.491e-01   
       1              4          3.626e-02      1.250e-02      3.938e-02      1.251e-01   
       2              5          2.699e-02      9.273e-03      9.875e-02      8.799e-02   
       3              6          1.687e-02      1.012e-02      2.054e-01      2.326e-01   
       4              8          1.097e-02      5.899e-03      9.873e-02      7.837e-02   
       5              9          6.570e-03      4.403e-03      2.077e-01      1.513e-01   
       6             10          6.225e-03      3.454e-04      3.899e-01      1.699e-01   
       7             11          2.594e-03      3.631e-03      8.328e-02      2.086e-02   
       8             13          2.369e-03      2.246e-04      4.366e-02      1.410e-02   
       9             14          2.206e-03      1.626e-04      9.338e-02      8.371e-02   
      10             15          2.030e-03      1.759e-04      9.256e-02      9.439e-02   
      11             16          1.833e-03      1.979e-04      9.007e-02      8.234e-02   
      12             17          1.737e-03      9.540e-05      1.085e-01      6.444e-02   
      13             18          1.564e-03      1.726e-04      9.808e-02      1.467e-02   
      14             19          1.475e-03      8.969e-05      1.245e-01      2.040e-02   
      15             21          1.422e-03      5.311e-05      6.910e-02      5.793e-02   
      16             23          1.301e-03      1.205e-04      3.590e-02      1.597e-02   
      17             24          1.272e-03      2.966e-05      7.168e-02      7.596e-02   
      18             25          1.224e-03      4.777e-05      7.332e-02      8.309e-02   
      19             26          1.139e-03      8.479e-05      7.034e-02      7.774e-02   
      20             27          1.071e-03      6.766e-05      6.593e-02      7.236e-02   
      21             28          1.030e-03      4.177e-05      6.460e-02      7.068e-02   
      22             29          9.775e-04      5.202e-05      5.595e-02      4.974e-02   
      23             30          9.415e-04      3.599e-05      5.762e-02      1.556e-02   
      24             31          9.340e-04      7.517e-06      2.989e-02      1.407e-02   
      25             32          9.295e-04      4.463e-06      2.644e-02      4.672e-03   
      26             33          9.275e-04      1.973e-06      2.029e-02      6.841e-03   
      27             34          9.272e-04      3.090e-07      2.241e-02      9.581e-03   
      28             35          9.252e-04      2.004e-06      5.967e-03      5.038e-04   
      29             36          9.240e-04      1.190e-06      1.182e-02      2.438e-03   
      30             37          9.225e-04      1.536e-06      2.367e-02      1.222e-02   
      31             38          9.184e-04      4.121e-06      2.412e-02      1.254e-02   
      32             40          9.137e-04      4.642e-06      1.225e-02      2.559e-03   
      33             41          9.108e-04      2.928e-06      2.389e-02      1.194e-02   
      34             43          9.067e-04      4.099e-06      1.217e-02      2.991e-03   
      35             44          9.043e-04      2.444e-06      2.399e-02      1.152e-02   
      36             45          9.008e-04      3.425e-06      2.421e-02      1.101e-02   
      37             47          8.984e-04      2.408e-06      1.225e-02      2.676e-03   
      38             48          8.975e-04      9.549e-07      2.409e-02      1.015e-02   
      39             49          8.954e-04      2.077e-06      2.380e-02      8.941e-03   
      40             50          8.930e-04      2.382e-06      2.361e-02      8.187e-03   
      41             51          8.904e-04      2.658e-06      2.352e-02      7.640e-03   
      42             53          8.882e-04      2.167e-06      1.184e-02      1.833e-03   
      43             54          8.865e-04      1.694e-06      2.354e-02      7.441e-03   
      44             55          8.842e-04      2.309e-06      2.352e-02      7.072e-03   
      45             57          8.826e-04      1.568e-06      1.121e-02      1.536e-03   
      46             58          8.820e-04      6.417e-07      2.207e-02      6.401e-03   
      47             59          8.805e-04      1.464e-06      2.195e-02      6.095e-03   
      48             60          8.795e-04      9.845e-07      2.692e-02      8.044e-03   
      49             61          8.784e-04      1.153e-06      1.639e-02      3.523e-03   
      50             62          8.779e-04      4.503e-07      1.349e-02      2.088e-03   
      51             63          8.777e-04      1.962e-07      7.872e-03      6.049e-04   
      52             65          8.777e-04      2.711e-08      1.554e-03      9.802e-05   
Optimization terminated successfully.
`ftol` condition satisfied.
         Current function value: 8.777e-04
         Total delta_x: 1.531e+00
         Iterations: 52
         Function evaluations: 65
         Jacobian evaluations: 53
Timer: Solution time = 15.3 min
Timer: Avg time per step = 17.3 sec
==============================================================================================================
                                                                 Start  -->   End
Total (sum of squares):                                      4.876e-02  -->   8.777e-04, 
Maximum absolute Boundary normal field error:                1.130e+01  -->   2.210e+00 (T*m^2)
Minimum absolute Boundary normal field error:                3.241e-14  -->   4.477e-14 (T*m^2)
Average absolute Boundary normal field error:                3.209e+00  -->   6.226e-01 (T*m^2)
Maximum absolute Boundary normal field error:                7.523e-02  -->   1.472e-02 (normalized)
Minimum absolute Boundary normal field error:                2.158e-16  -->   2.981e-16 (normalized)
Average absolute Boundary normal field error:                2.137e-02  -->   4.145e-03 (normalized)
Maximum absolute Boundary magnetic pressure error:           1.520e+02  -->   2.332e+01 (T^2*m^2)
Minimum absolute Boundary magnetic pressure error:           2.711e-03  -->   1.002e-03 (T^2*m^2)
Average absolute Boundary magnetic pressure error:           5.022e+01  -->   4.527e+00 (T^2*m^2)
Maximum absolute Boundary magnetic pressure error:           1.069e-01  -->   1.640e-02 (normalized)
Minimum absolute Boundary magnetic pressure error:           1.906e-06  -->   7.046e-07 (normalized)
Average absolute Boundary magnetic pressure error:           3.531e-02  -->   3.183e-03 (normalized)
Maximum absolute Force error:                                2.740e+06  -->   1.014e+07 (N)
Minimum absolute Force error:                                6.797e+00  -->   7.749e+00 (N)
Average absolute Force error:                                1.037e+05  -->   2.846e+05 (N)
Maximum absolute Force error:                                2.453e-04  -->   9.083e-04 (normalized)
Minimum absolute Force error:                                6.086e-10  -->   6.939e-10 (normalized)
Average absolute Force error:                                9.287e-06  -->   2.548e-05 (normalized)
R boundary error:                                            0.000e+00  -->   4.066e-31 (m)
Z boundary error:                                            0.000e+00  -->   2.465e-32 (m)
Fixed pressure profile error:                                0.000e+00  -->   0.000e+00 (Pa)
Fixed current profile error:                                 0.000e+00  -->   0.000e+00 (A)
Fixed Psi error:                                             0.000e+00  -->   0.000e+00 (Wb)
==============================================================================================================

==================================
Optimizing boundary modes M,N <= 5
====================================
Building objective: Boundary error
/home/dpanici/DESC/desc/utils.py:555: UserWarning: Boundary pressure is nonzero (max 7209.7948531062575 Pa), a sheet current should be included.
  warnings.warn(colored(msg, "yellow"), err)
Precomputing transforms
Timer: Precomputing transforms = 786 ms
Timer: Objective build = 1.53 sec
Building objective: force
Precomputing transforms
Timer: Precomputing transforms = 1.08 sec
Timer: Objective build = 1.15 sec
Timer: Proximal projection build = 9.17 sec
Building objective: lcfs R
Building objective: lcfs Z
Building objective: fixed pressure
Building objective: fixed current
Building objective: fixed Psi
Timer: Objective build = 461 ms
Timer: Linear constraint projection build = 2.00 sec
Number of parameters: 121
Number of objectives: 3362
Timer: Initializing the optimization = 11.7 sec

Starting optimization
Using method: proximal-lsq-exact
   Iteration     Total nfev        Cost      Cost reduction    Step norm     Optimality   
       0              1          6.746e-04                                    9.653e-03   
       1              3          5.670e-04      1.077e-04      1.322e-01      3.673e-02   
       2              5          4.116e-04      1.554e-04      4.028e-02      8.229e-03   
       3              6          4.063e-04      5.297e-06      7.299e-02      3.674e-02   
       4              7          3.724e-04      3.392e-05      1.894e-02      2.816e-03   
       5              8          3.618e-04      1.057e-05      3.748e-02      9.125e-03   
       6              9          3.597e-04      2.144e-06      7.340e-02      2.867e-02   
       7             10          3.355e-04      2.415e-05      1.911e-02      1.337e-03   
       8             11          3.284e-04      7.161e-06      3.653e-02      6.887e-03   
       9             12          3.283e-04      3.465e-08      6.977e-02      2.443e-02   
      10             13          3.094e-04      1.898e-05      1.862e-02      1.703e-03   
      11             14          3.036e-04      5.812e-06      3.504e-02      5.959e-03   
      12             15          3.034e-04      1.763e-07      6.734e-02      2.077e-02   
      13             16          2.873e-04      1.608e-05      1.851e-02      1.566e-03   
      14             17          2.828e-04      4.447e-06      3.485e-02      4.854e-03   
      15             19          2.791e-04      3.749e-06      1.858e-02      1.257e-03   
      16             20          2.749e-04      4.222e-06      3.554e-02      4.486e-03   
      17             21          2.747e-04      1.398e-07      6.691e-02      1.627e-02   
      18             22          2.633e-04      1.148e-05      1.953e-02      1.281e-03   
      19             23          2.596e-04      3.647e-06      3.630e-02      4.239e-03   
      20             24          2.567e-04      2.924e-06      6.531e-02      1.046e-02   
      21             25          2.516e-04      5.057e-06      6.446e-02      1.115e-02   
      22             26          2.450e-04      6.668e-06      5.938e-02      9.149e-03   
      23             27          2.416e-04      3.350e-06      5.910e-02      9.651e-03   
      24             28          2.400e-04      1.594e-06      5.956e-02      1.069e-02   
      25             29          2.329e-04      7.146e-06      1.716e-02      9.471e-04   
      26             30          2.323e-04      5.575e-07      3.075e-02      2.372e-03   
      27             31          2.309e-04      1.455e-06      3.079e-02      3.081e-03   
      28             32          2.302e-04      6.159e-07      3.109e-02      3.322e-03   
      29             33          2.299e-04      3.386e-07      3.188e-02      3.827e-03   
      30             34          2.289e-04      9.738e-07      8.423e-03      2.628e-04   
      31             36          2.288e-04      9.044e-08      4.273e-03      4.442e-05   
      32             38          2.288e-04      3.475e-08      2.112e-03      1.802e-05   
      33             39          2.288e-04      3.213e-08      2.089e-03      2.364e-05   
      34             41          2.288e-04      1.956e-08      1.048e-03      2.003e-05   
Optimization terminated successfully.
`ftol` condition satisfied.
         Current function value: 2.288e-04
         Total delta_x: 1.018e+00
         Iterations: 34
         Function evaluations: 41
         Jacobian evaluations: 35
Timer: Solution time = 9.85 min
Timer: Avg time per step = 16.9 sec
==============================================================================================================
                                                                 Start  -->   End
Total (sum of squares):                                      6.746e-04  -->   2.288e-04, 
Maximum absolute Boundary normal field error:                2.210e+00  -->   1.186e+00 (T*m^2)
Minimum absolute Boundary normal field error:                4.477e-14  -->   8.888e-15 (T*m^2)
Average absolute Boundary normal field error:                6.226e-01  -->   3.946e-01 (T*m^2)
Maximum absolute Boundary normal field error:                1.366e-02  -->   7.332e-03 (normalized)
Minimum absolute Boundary normal field error:                2.767e-16  -->   5.494e-17 (normalized)
Average absolute Boundary normal field error:                3.848e-03  -->   2.439e-03 (normalized)
Maximum absolute Boundary magnetic pressure error:           2.332e+01  -->   8.567e+00 (T^2*m^2)
Minimum absolute Boundary magnetic pressure error:           1.002e-03  -->   5.216e-03 (T^2*m^2)
Average absolute Boundary magnetic pressure error:           4.527e+00  -->   2.506e+00 (T^2*m^2)
Maximum absolute Boundary magnetic pressure error:           1.305e-02  -->   4.795e-03 (normalized)
Minimum absolute Boundary magnetic pressure error:           5.608e-07  -->   2.920e-06 (normalized)
Average absolute Boundary magnetic pressure error:           2.534e-03  -->   1.402e-03 (normalized)
Maximum absolute Force error:                                1.014e+07  -->   8.732e+06 (N)
Minimum absolute Force error:                                7.749e+00  -->   2.862e+01 (N)
Average absolute Force error:                                2.846e+05  -->   2.781e+05 (N)
Maximum absolute Force error:                                7.230e-04  -->   6.223e-04 (normalized)
Minimum absolute Force error:                                5.523e-10  -->   2.040e-09 (normalized)
Average absolute Force error:                                2.028e-05  -->   1.982e-05 (normalized)
R boundary error:                                            0.000e+00  -->   0.000e+00 (m)
Z boundary error:                                            0.000e+00  -->   0.000e+00 (m)
Fixed pressure profile error:                                0.000e+00  -->   0.000e+00 (Pa)
Fixed current profile error:                                 0.000e+00  -->   0.000e+00 (A)
Fixed Psi error:                                             0.000e+00  -->   0.000e+00 (Wb)
==============================================================================================================

==================================
Optimizing boundary modes M,N <= 7
====================================
Building objective: Boundary error
/home/dpanici/DESC/desc/utils.py:555: UserWarning: Boundary pressure is nonzero (max 7209.7948531062575 Pa), a sheet current should be included.
  warnings.warn(colored(msg, "yellow"), err)
Precomputing transforms
Timer: Precomputing transforms = 786 ms
Timer: Objective build = 1.53 sec
Building objective: force
Precomputing transforms
Timer: Precomputing transforms = 1.07 sec
Timer: Objective build = 1.14 sec
Timer: Proximal projection build = 9.15 sec
Building objective: lcfs R
Building objective: lcfs Z
Building objective: fixed pressure
Building objective: fixed current
Building objective: fixed Psi
Timer: Objective build = 463 ms
Timer: Linear constraint projection build = 2.03 sec
Number of parameters: 225
Number of objectives: 3362
Timer: Initializing the optimization = 11.7 sec

Starting optimization
Using method: proximal-lsq-exact
   Iteration     Total nfev        Cost      Cost reduction    Step norm     Optimality   
       0              1          2.513e-04                                    8.403e-03   
       1              4          1.987e-04      5.265e-05      2.229e-02      2.307e-03   
       2              5          1.985e-04      1.409e-07      6.225e-02      1.079e-02   
       3              6          1.742e-04      2.431e-05      1.456e-02      1.023e-03   
       4              7          1.701e-04      4.099e-06      3.029e-02      1.382e-03   
       5              8          1.663e-04      3.858e-06      5.690e-02      4.416e-03   
       6              9          1.611e-04      5.143e-06      5.167e-02      2.991e-03   
       7             10          1.560e-04      5.135e-06      5.182e-02      3.534e-03   
       8             11          1.512e-04      4.755e-06      4.582e-02      4.901e-03   
       9             12          1.467e-04      4.537e-06      4.697e-02      3.178e-03   
      10             14          1.441e-04      2.640e-06      2.200e-02      7.409e-04   
      11             15          1.410e-04      3.021e-06      4.619e-02      2.682e-03   
      12             17          1.390e-04      2.057e-06      2.226e-02      4.158e-04   
      13             18          1.364e-04      2.557e-06      4.525e-02      2.603e-03   
      14             19          1.333e-04      3.126e-06      4.348e-02      1.857e-03   
      15             21          1.318e-04      1.504e-06      2.292e-02      5.989e-04   
      16             22          1.310e-04      7.865e-07      2.451e-02      1.088e-03   
      17             23          1.293e-04      1.658e-06      2.365e-02      8.342e-04   
      18             24          1.275e-04      1.860e-06      4.543e-02      2.094e-03   
      19             25          1.259e-04      1.609e-06      4.321e-02      1.396e-03   
      20             26          1.243e-04      1.526e-06      4.400e-02      1.970e-03   
      21             27          1.232e-04      1.166e-06      4.358e-02      1.366e-03   
      22             28          1.224e-04      7.419e-07      4.645e-02      3.736e-03   
      23             29          1.211e-04      1.291e-06      4.872e-02      5.011e-03   
      24             31          1.194e-04      1.770e-06      1.615e-02      1.065e-03   
      25             32          1.193e-04      4.314e-08      3.109e-02      3.733e-03   
      26             33          1.183e-04      1.014e-06      7.041e-03      3.245e-04   
      27             34          1.181e-04      2.337e-07      1.342e-02      5.864e-04   
      28             35          1.179e-04      2.143e-07      1.205e-02      5.459e-04   
      29             36          1.177e-04      1.565e-07      1.158e-02      3.653e-04   
      30             37          1.175e-04      1.900e-07      1.122e-02      3.131e-04   
      31             38          1.173e-04      2.499e-07      2.068e-02      4.258e-04   
      32             39          1.170e-04      2.668e-07      2.081e-02      6.825e-04   
      33             40          1.169e-04      1.321e-07      4.043e-02      8.780e-04   
      34             42          1.166e-04      2.327e-07      1.409e-02      1.652e-03   
      35             44          1.166e-04      7.237e-08      7.293e-03      3.753e-04   
      36             45          1.165e-04      8.288e-08      7.781e-03      3.616e-04   
      37             47          1.165e-04      8.637e-09      1.829e-03      6.261e-05   
      38             69          1.165e-04      0.000e+00      0.000e+00      6.261e-05   
Warning: A bad approximation caused failure to predict improvement.
         Current function value: 1.165e-04
         Total delta_x: 8.765e-01
         Iterations: 38
         Function evaluations: 69
         Jacobian evaluations: 38
Timer: Solution time = 12.4 min
Timer: Avg time per step = 19.1 sec
==============================================================================================================
                                                                 Start  -->   End
Total (sum of squares):                                      2.513e-04  -->   1.165e-04, 
Maximum absolute Boundary normal field error:                1.186e+00  -->   8.199e-01 (T*m^2)
Minimum absolute Boundary normal field error:                8.888e-15  -->   1.851e-14 (T*m^2)
Average absolute Boundary normal field error:                3.946e-01  -->   3.028e-01 (T*m^2)
Maximum absolute Boundary normal field error:                7.554e-03  -->   5.222e-03 (normalized)
Minimum absolute Boundary normal field error:                5.661e-17  -->   1.179e-16 (normalized)
Average absolute Boundary normal field error:                2.513e-03  -->   1.929e-03 (normalized)
Maximum absolute Boundary magnetic pressure error:           8.567e+00  -->   8.302e+00 (T^2*m^2)
Minimum absolute Boundary magnetic pressure error:           5.216e-03  -->   6.634e-03 (T^2*m^2)
Average absolute Boundary magnetic pressure error:           2.506e+00  -->   1.372e+00 (T^2*m^2)
Maximum absolute Boundary magnetic pressure error:           5.265e-03  -->   5.102e-03 (normalized)
Minimum absolute Boundary magnetic pressure error:           3.205e-06  -->   4.076e-06 (normalized)
Average absolute Boundary magnetic pressure error:           1.540e-03  -->   8.430e-04 (normalized)
Maximum absolute Force error:                                8.732e+06  -->   1.920e+07 (N)
Minimum absolute Force error:                                2.862e+01  -->   1.275e+01 (N)
Average absolute Force error:                                2.781e+05  -->   4.302e+05 (N)
Maximum absolute Force error:                                6.832e-04  -->   1.502e-03 (normalized)
Minimum absolute Force error:                                2.240e-09  -->   9.979e-10 (normalized)
Average absolute Force error:                                2.176e-05  -->   3.366e-05 (normalized)
R boundary error:                                            0.000e+00  -->   0.000e+00 (m)
Z boundary error:                                            0.000e+00  -->   0.000e+00 (m)
Fixed pressure profile error:                                0.000e+00  -->   0.000e+00 (Pa)
Fixed current profile error:                                 0.000e+00  -->   0.000e+00 (A)
Fixed Psi error:                                             0.000e+00  -->   0.000e+00 (Wb)
==============================================================================================================

==================================
Optimizing boundary modes M,N <= 8
====================================
Building objective: Boundary error
/home/dpanici/DESC/desc/utils.py:555: UserWarning: Boundary pressure is nonzero (max 7209.7948531062575 Pa), a sheet current should be included.
  warnings.warn(colored(msg, "yellow"), err)
Precomputing transforms
Timer: Precomputing transforms = 783 ms
Timer: Objective build = 1.53 sec
Building objective: force
Precomputing transforms
Timer: Precomputing transforms = 1.07 sec
Timer: Objective build = 1.14 sec
Timer: Proximal projection build = 9.13 sec
Building objective: lcfs R
Building objective: lcfs Z
Building objective: fixed pressure
Building objective: fixed current
Building objective: fixed Psi
Timer: Objective build = 624 ms
Timer: Linear constraint projection build = 2.06 sec
Number of parameters: 289
Number of objectives: 3362
Timer: Initializing the optimization = 11.9 sec

Starting optimization
Using method: proximal-lsq-exact
   Iteration     Total nfev        Cost      Cost reduction    Step norm     Optimality   
       0              1          1.238e-04                                    3.772e-03   
       1              5          1.200e-04      3.795e-06      6.503e-03      8.817e-04   
       2              6          1.172e-04      2.835e-06      1.553e-02      3.968e-03   
       3              7          1.149e-04      2.362e-06      1.627e-02      2.363e-03   
       4              8          1.136e-04      1.272e-06      1.653e-02      1.940e-03   
       5              9          1.121e-04      1.505e-06      1.752e-02      1.795e-03   
       6             10          1.118e-04      2.973e-07      1.884e-02      1.684e-03   
       7             11          1.109e-04      8.968e-07      4.909e-03      2.280e-04   
       8             12          1.107e-04      1.488e-07      1.026e-02      3.674e-04   
       9             13          1.102e-04      4.840e-07      1.019e-02      5.845e-04   
      10             14          1.100e-04      2.456e-07      2.092e-02      3.079e-03   
      11             15          1.091e-04      8.795e-07      4.748e-03      7.004e-04   
      12             16          1.086e-04      4.852e-07      1.021e-02      8.077e-04   
      13             17          1.081e-04      5.443e-07      2.164e-02      3.356e-03   
      14             18          1.072e-04      9.395e-07      2.251e-02      3.416e-03   
      15             19          1.064e-04      7.258e-07      2.272e-02      3.338e-03   
      16             20          1.058e-04      6.757e-07      2.222e-02      2.959e-03   
      17             21          1.051e-04      6.639e-07      2.159e-02      2.729e-03   
      18             22          1.044e-04      6.431e-07      2.096e-02      2.222e-03   
      19             23          1.039e-04      5.388e-07      2.098e-02      2.166e-03   
      20             24          1.033e-04      5.626e-07      2.107e-02      1.998e-03   
      21             25          1.029e-04      4.546e-07      2.092e-02      2.047e-03   
      22             26          1.025e-04      4.001e-07      1.959e-02      1.741e-03   
      23             27          1.022e-04      2.909e-07      1.896e-02      1.589e-03   
      24             28          1.018e-04      3.701e-07      1.771e-02      1.450e-03   
      25             29          1.014e-04      3.785e-07      1.753e-02      1.541e-03   
      26             30          1.013e-04      1.650e-07      1.679e-02      1.362e-03   
      27             31          1.009e-04      3.539e-07      1.679e-02      1.621e-03   
      28             32          1.009e-04      7.418e-08      1.668e-02      1.481e-03   
      29             33          1.006e-04      2.681e-07      4.481e-03      3.567e-04   
      30             35          1.006e-04      2.228e-08      1.068e-03      1.339e-04   
      31             58          1.006e-04      0.000e+00      0.000e+00      1.339e-04   
Warning: A bad approximation caused failure to predict improvement.
         Current function value: 1.006e-04
         Total delta_x: 3.928e-01
         Iterations: 31
         Function evaluations: 58
         Jacobian evaluations: 31
Timer: Solution time = 9.25 min
Timer: Avg time per step = 17.3 sec
==============================================================================================================
                                                                 Start  -->   End
Total (sum of squares):                                      1.238e-04  -->   1.006e-04, 
Maximum absolute Boundary normal field error:                8.199e-01  -->   6.458e-01 (T*m^2)
Minimum absolute Boundary normal field error:                1.851e-14  -->   7.665e-14 (T*m^2)
Average absolute Boundary normal field error:                3.028e-01  -->   2.770e-01 (T*m^2)
Maximum absolute Boundary normal field error:                5.323e-03  -->   4.193e-03 (normalized)
Minimum absolute Boundary normal field error:                1.202e-16  -->   4.976e-16 (normalized)
Average absolute Boundary normal field error:                1.966e-03  -->   1.798e-03 (normalized)
Maximum absolute Boundary magnetic pressure error:           8.302e+00  -->   4.458e+00 (T^2*m^2)
Minimum absolute Boundary magnetic pressure error:           6.634e-03  -->   5.631e-03 (T^2*m^2)
Average absolute Boundary magnetic pressure error:           1.372e+00  -->   1.237e+00 (T^2*m^2)
Maximum absolute Boundary magnetic pressure error:           5.487e-03  -->   2.946e-03 (normalized)
Minimum absolute Boundary magnetic pressure error:           4.384e-06  -->   3.721e-06 (normalized)
Average absolute Boundary magnetic pressure error:           9.066e-04  -->   8.175e-04 (normalized)
Maximum absolute Force error:                                1.920e+07  -->   1.801e+07 (N)
Minimum absolute Force error:                                1.275e+01  -->   4.104e+00 (N)
Average absolute Force error:                                4.302e+05  -->   4.612e+05 (N)
Maximum absolute Force error:                                1.615e-03  -->   1.515e-03 (normalized)
Minimum absolute Force error:                                1.073e-09  -->   3.454e-10 (normalized)
Average absolute Force error:                                3.620e-05  -->   3.880e-05 (normalized)
R boundary error:                                            0.000e+00  -->   0.000e+00 (m)
Z boundary error:                                            0.000e+00  -->   0.000e+00 (m)
Fixed pressure profile error:                                0.000e+00  -->   0.000e+00 (Pa)
Fixed current profile error:                                 0.000e+00  -->   0.000e+00 (A)
Fixed Psi error:                                             0.000e+00  -->   0.000e+00 (Wb)
==============================================================================================================

==================================
Optimizing boundary modes M,N <= 10
====================================
Building objective: Boundary error
/home/dpanici/DESC/desc/utils.py:555: UserWarning: Boundary pressure is nonzero (max 7209.7948531062575 Pa), a sheet current should be included.
  warnings.warn(colored(msg, "yellow"), err)
Precomputing transforms
Timer: Precomputing transforms = 775 ms
Timer: Objective build = 1.50 sec
Building objective: force
Precomputing transforms
Timer: Precomputing transforms = 1.07 sec
Timer: Objective build = 1.14 sec
Timer: Proximal projection build = 9.35 sec
Building objective: lcfs R
Building objective: lcfs Z
Building objective: fixed pressure
Building objective: fixed current
Building objective: fixed Psi
Timer: Objective build = 369 ms
Timer: Linear constraint projection build = 1.93 sec
Number of parameters: 441
Number of objectives: 3362
Timer: Initializing the optimization = 11.7 sec

Starting optimization
Using method: proximal-lsq-exact
   Iteration     Total nfev        Cost      Cost reduction    Step norm     Optimality   
       0              1          9.843e-05                                    2.480e-03   
       1              5          9.754e-05      8.981e-07      5.122e-03      1.100e-02   
       2              6          9.423e-05      3.310e-06      1.609e-03      1.978e-03   
       3              7          9.399e-05      2.374e-07      2.924e-03      6.059e-03   
       4              8          9.300e-05      9.927e-07      8.385e-04      1.524e-03   
       5              9          9.275e-05      2.469e-07      1.560e-03      1.448e-03   
       6             10          9.240e-05      3.548e-07      1.628e-03      1.951e-03   
       7             11          9.210e-05      2.989e-07      1.691e-03      2.104e-03   
       8             12          9.181e-05      2.881e-07      1.737e-03      2.550e-03   
       9             13          9.152e-05      2.839e-07      1.831e-03      3.045e-03   
      10             14          9.133e-05      1.977e-07      1.939e-03      4.091e-03   
      11             15          9.106e-05      2.666e-07      2.041e-03      3.453e-03   
      12             16          9.084e-05      2.230e-07      2.071e-03      3.114e-03   
      13             17          9.066e-05      1.782e-07      2.068e-03      2.789e-03   
      14             18          9.053e-05      1.269e-07      2.069e-03      1.591e-03   
      15             19          9.041e-05      1.265e-07      2.060e-03      2.769e-03   
      16             20          9.026e-05      1.465e-07      2.102e-03      9.612e-04   
      17             21          9.014e-05      1.203e-07      2.109e-03      2.701e-03   
      18             22          9.008e-05      6.122e-08      2.161e-03      1.335e-03   
      19             23          8.993e-05      1.468e-07      2.160e-03      4.013e-03   
      20             24          8.979e-05      1.410e-07      2.215e-03      8.880e-04   
      21             25          8.969e-05      9.727e-08      2.216e-03      4.769e-03   
      22             26          8.952e-05      1.699e-07      2.272e-03      1.057e-03   
      23             27          8.941e-05      1.138e-07      2.271e-03      4.846e-03   
      24             28          8.928e-05      1.308e-07      2.322e-03      1.202e-03   
      25             29          8.914e-05      1.379e-07      2.313e-03      4.303e-03   
      26             30          8.904e-05      9.992e-08      2.370e-03      2.577e-03   
      27             31          8.889e-05      1.522e-07      2.357e-03      3.975e-03   
      28             32          8.881e-05      7.606e-08      2.407e-03      2.914e-03   
      29             33          8.866e-05      1.560e-07      2.389e-03      4.256e-03   
      30             34          8.855e-05      1.013e-07      2.433e-03      2.577e-03   
      31             35          8.842e-05      1.300e-07      2.419e-03      3.555e-03   
      32             36          8.832e-05      1.048e-07      2.447e-03      2.523e-03   
      33             37          8.819e-05      1.297e-07      2.445e-03      2.576e-03   
      34             38          8.811e-05      8.016e-08      2.464e-03      2.343e-03   
      35             39          8.800e-05      1.148e-07      2.454e-03      2.319e-03   
      36             40          8.792e-05      7.517e-08      2.466e-03      2.413e-03   
      37             41          8.782e-05      9.793e-08      2.463e-03      2.052e-03   
      38             42          8.775e-05      7.575e-08      2.475e-03      2.058e-03   
      39             43          8.767e-05      7.336e-08      2.471e-03      2.127e-03   
      40             44          8.760e-05      7.331e-08      2.489e-03      2.142e-03   
      41             45          8.753e-05      6.527e-08      2.484e-03      1.763e-03   
      42             46          8.747e-05      6.759e-08      2.520e-03      2.526e-03   
      43             47          8.738e-05      8.804e-08      2.519e-03      1.284e-03   
      44             48          8.735e-05      2.985e-08      2.557e-03      3.170e-03   
      45             49          8.728e-05      6.574e-08      6.058e-04      2.640e-04   
      46             50          8.727e-05      1.211e-08      1.270e-03      1.789e-03   
      47             51          8.725e-05      2.116e-08      3.042e-04      3.864e-04   
      48             52          8.724e-05      5.864e-09      3.109e-04      4.792e-04   
Optimization terminated successfully.
`ftol` condition satisfied.
         Current function value: 8.724e-05
         Total delta_x: 8.624e-02
         Iterations: 48
         Function evaluations: 52
         Jacobian evaluations: 49
Timer: Solution time = 10.0 min
Timer: Avg time per step = 12.2 sec
==============================================================================================================
                                                                 Start  -->   End
Total (sum of squares):                                      9.843e-05  -->   8.724e-05, 
Maximum absolute Boundary normal field error:                6.458e-01  -->   5.790e-01 (T*m^2)
Minimum absolute Boundary normal field error:                7.665e-14  -->   4.356e-14 (T*m^2)
Average absolute Boundary normal field error:                2.770e-01  -->   2.648e-01 (T*m^2)
Maximum absolute Boundary normal field error:                4.147e-03  -->   3.718e-03 (normalized)
Minimum absolute Boundary normal field error:                4.921e-16  -->   2.797e-16 (normalized)
Average absolute Boundary normal field error:                1.779e-03  -->   1.700e-03 (normalized)
Maximum absolute Boundary magnetic pressure error:           4.458e+00  -->   3.428e+00 (T^2*m^2)
Minimum absolute Boundary magnetic pressure error:           5.631e-03  -->   1.387e-03 (T^2*m^2)
Average absolute Boundary magnetic pressure error:           1.237e+00  -->   1.060e+00 (T^2*m^2)
Maximum absolute Boundary magnetic pressure error:           2.920e-03  -->   2.245e-03 (normalized)
Minimum absolute Boundary magnetic pressure error:           3.687e-06  -->   9.081e-07 (normalized)
Average absolute Boundary magnetic pressure error:           8.101e-04  -->   6.941e-04 (normalized)
Maximum absolute Force error:                                1.801e+07  -->   1.750e+07 (N)
Minimum absolute Force error:                                4.104e+00  -->   2.044e+02 (N)
Average absolute Force error:                                4.612e+05  -->   4.991e+05 (N)
Maximum absolute Force error:                                1.502e-03  -->   1.459e-03 (normalized)
Minimum absolute Force error:                                3.422e-10  -->   1.704e-08 (normalized)
Average absolute Force error:                                3.845e-05  -->   4.161e-05 (normalized)
R boundary error:                                            0.000e+00  -->   0.000e+00 (m)
Z boundary error:                                            0.000e+00  -->   0.000e+00 (m)
Fixed pressure profile error:                                0.000e+00  -->   0.000e+00 (Pa)
Fixed current profile error:                                 0.000e+00  -->   0.000e+00 (A)
Fixed Psi error:                                             0.000e+00  -->   0.000e+00 (Wb)
==============================================================================================================

==================================
Optimizing boundary modes M,N <= 1
====================================
Building objective: Boundary error
Precomputing transforms
Timer: Precomputing transforms = 1.09 sec
Timer: Objective build = 1.85 sec
Building objective: force
Precomputing transforms
Timer: Precomputing transforms = 1.07 sec
Timer: Objective build = 1.13 sec
Timer: Proximal projection build = 10.6 sec
Building objective: lcfs R
Building objective: lcfs Z
Building objective: fixed pressure
Building objective: fixed current
Building objective: fixed Psi
Timer: Objective build = 492 ms
Timer: Linear constraint projection build = 2.15 sec
Number of parameters: 23
Number of objectives: 5043
Timer: Initializing the optimization = 13.3 sec

Starting optimization
Using method: proximal-lsq-exact
   Iteration     Total nfev        Cost      Cost reduction    Step norm     Optimality   
       0              1          3.570e-04                                    2.465e-03   
       1              2          1.047e-04      2.523e-04      8.989e+04      1.067e-02   
       2              3          5.860e-05      4.613e-05      1.229e+05      4.673e-03   
       3              4          5.501e-05      3.590e-06      1.412e+05      4.274e-03   
       4              6          5.334e-05      1.676e-06      3.205e+04      1.456e-03   
       5              7          5.308e-05      2.596e-07      3.138e+04      8.305e-04   
       6              8          5.306e-05      2.095e-08      3.231e+03      1.465e-04   
       7             10          5.305e-05      8.337e-09      5.960e+02      4.225e-05   
       8             11          5.304e-05      2.905e-09      1.829e+03      3.702e-05   
Optimization terminated successfully.
`ftol` condition satisfied.
         Current function value: 5.304e-05
         Total delta_x: 6.230e+04
         Iterations: 8
         Function evaluations: 11
         Jacobian evaluations: 9
Timer: Solution time = 1.83 min
Timer: Avg time per step = 12.2 sec
==============================================================================================================
                                                                 Start  -->   End
Total (sum of squares):                                      3.570e-04  -->   5.304e-05, 
Maximum absolute Boundary normal field error:                5.790e-01  -->   3.832e-01 (T*m^2)
Minimum absolute Boundary normal field error:                4.356e-14  -->   8.592e-14 (T*m^2)
Average absolute Boundary normal field error:                2.648e-01  -->   1.249e-01 (T*m^2)
Maximum absolute Boundary normal field error:                3.716e-03  -->   2.459e-03 (normalized)
Minimum absolute Boundary normal field error:                2.796e-16  -->   5.515e-16 (normalized)
Average absolute Boundary normal field error:                1.700e-03  -->   8.018e-04 (normalized)
Maximum absolute Boundary magnetic pressure error:           3.428e+00  -->   3.384e+00 (T^2*m^2)
Minimum absolute Boundary magnetic pressure error:           1.387e-03  -->   4.713e-03 (T^2*m^2)
Average absolute Boundary magnetic pressure error:           1.060e+00  -->   1.068e+00 (T^2*m^2)
Maximum absolute Boundary magnetic pressure error:           2.254e-03  -->   2.225e-03 (normalized)
Minimum absolute Boundary magnetic pressure error:           9.118e-07  -->   3.099e-06 (normalized)
Average absolute Boundary magnetic pressure error:           6.969e-04  -->   7.020e-04 (normalized)
Maximum absolute Boundary field jump error:                  1.289e+00  -->   3.934e-01 (T*m^2)
Minimum absolute Boundary field jump error:                  7.835e-03  -->   3.636e-03 (T*m^2)
Average absolute Boundary field jump error:                  4.725e-01  -->   1.442e-01 (T*m^2)
Maximum absolute Boundary field jump error:                  8.270e-03  -->   2.525e-03 (normalized)
Minimum absolute Boundary field jump error:                  5.029e-05  -->   2.334e-05 (normalized)
Average absolute Boundary field jump error:                  3.033e-03  -->   9.252e-04 (normalized)
Maximum absolute Force error:                                1.750e+07  -->   1.750e+07 (N)
Minimum absolute Force error:                                2.044e+02  -->   1.561e+02 (N)
Average absolute Force error:                                4.991e+05  -->   4.990e+05 (N)
Maximum absolute Force error:                                1.465e-03  -->   1.466e-03 (normalized)
Minimum absolute Force error:                                1.711e-08  -->   1.307e-08 (normalized)
Average absolute Force error:                                4.178e-05  -->   4.178e-05 (normalized)
R boundary error:                                            0.000e+00  -->   6.336e-17 (m)
Z boundary error:                                            0.000e+00  -->   8.660e-17 (m)
Fixed pressure profile error:                                0.000e+00  -->   0.000e+00 (Pa)
Fixed current profile error:                                 0.000e+00  -->   0.000e+00 (A)
Fixed Psi error:                                             0.000e+00  -->   0.000e+00 (Wb)
==============================================================================================================

==================================
Optimizing boundary modes M,N <= 2
====================================
Building objective: Boundary error
Precomputing transforms
Timer: Precomputing transforms = 1.09 sec
Timer: Objective build = 1.82 sec
Building objective: force
Precomputing transforms
Timer: Precomputing transforms = 1.08 sec
Timer: Objective build = 1.15 sec
Timer: Proximal projection build = 9.91 sec
Building objective: lcfs R
Building objective: lcfs Z
Building objective: fixed pressure
Building objective: fixed current
Building objective: fixed Psi
Timer: Objective build = 469 ms
Timer: Linear constraint projection build = 2.05 sec
Number of parameters: 39
Number of objectives: 5043
Timer: Initializing the optimization = 12.5 sec

Starting optimization
Using method: proximal-lsq-exact
   Iteration     Total nfev        Cost      Cost reduction    Step norm     Optimality   
       0              1          5.304e-05                                    1.156e-03   
       1              2          5.110e-05      1.944e-06      6.567e+02      7.235e-04   
       2              3          5.099e-05      1.014e-07      1.504e+02      7.885e-04   
       3              5          5.095e-05      4.692e-08      2.412e+02      4.852e-04   
       4              7          5.092e-05      2.571e-08      8.748e+01      9.982e-05   
       5              8          5.092e-05      6.214e-09      8.330e+00      4.328e-05   
       6              9          5.091e-05      1.318e-09      1.992e+01      9.916e-05   
Optimization terminated successfully.
`ftol` condition satisfied.
         Current function value: 5.091e-05
         Total delta_x: 6.319e+02
         Iterations: 6
         Function evaluations: 9
         Jacobian evaluations: 7
Timer: Solution time = 1.51 min
Timer: Avg time per step = 12.9 sec
==============================================================================================================
                                                                 Start  -->   End
Total (sum of squares):                                      5.304e-05  -->   5.091e-05, 
Maximum absolute Boundary normal field error:                3.832e-01  -->   3.636e-01 (T*m^2)
Minimum absolute Boundary normal field error:                8.592e-14  -->   6.949e-14 (T*m^2)
Average absolute Boundary normal field error:                1.249e-01  -->   1.238e-01 (T*m^2)
Maximum absolute Boundary normal field error:                2.459e-03  -->   2.334e-03 (normalized)
Minimum absolute Boundary normal field error:                5.514e-16  -->   4.460e-16 (normalized)
Average absolute Boundary normal field error:                8.018e-04  -->   7.946e-04 (normalized)
Maximum absolute Boundary magnetic pressure error:           3.384e+00  -->   3.476e+00 (T^2*m^2)
Minimum absolute Boundary magnetic pressure error:           4.713e-03  -->   6.317e-04 (T^2*m^2)
Average absolute Boundary magnetic pressure error:           1.068e+00  -->   1.067e+00 (T^2*m^2)
Maximum absolute Boundary magnetic pressure error:           2.225e-03  -->   2.285e-03 (normalized)
Minimum absolute Boundary magnetic pressure error:           3.099e-06  -->   4.154e-07 (normalized)
Average absolute Boundary magnetic pressure error:           7.020e-04  -->   7.016e-04 (normalized)
Maximum absolute Boundary field jump error:                  3.934e-01  -->   3.950e-01 (T*m^2)
Minimum absolute Boundary field jump error:                  3.636e-03  -->   5.727e-03 (T*m^2)
Average absolute Boundary field jump error:                  1.442e-01  -->   1.381e-01 (T*m^2)
Maximum absolute Boundary field jump error:                  2.525e-03  -->   2.535e-03 (normalized)
Minimum absolute Boundary field jump error:                  2.334e-05  -->   3.676e-05 (normalized)
Average absolute Boundary field jump error:                  9.252e-04  -->   8.865e-04 (normalized)
Maximum absolute Force error:                                1.750e+07  -->   1.754e+07 (N)
Minimum absolute Force error:                                1.561e+02  -->   1.140e+02 (N)
Average absolute Force error:                                4.990e+05  -->   4.983e+05 (N)
Maximum absolute Force error:                                1.465e-03  -->   1.468e-03 (normalized)
Minimum absolute Force error:                                1.307e-08  -->   9.546e-09 (normalized)
Average absolute Force error:                                4.177e-05  -->   4.172e-05 (normalized)
R boundary error:                                            0.000e+00  -->   1.847e-17 (m)
Z boundary error:                                            0.000e+00  -->   3.560e-17 (m)
Fixed pressure profile error:                                0.000e+00  -->   0.000e+00 (Pa)
Fixed current profile error:                                 0.000e+00  -->   0.000e+00 (A)
Fixed Psi error:                                             0.000e+00  -->   0.000e+00 (Wb)
==============================================================================================================

==================================
Optimizing boundary modes M,N <= 4
====================================
Building objective: Boundary error
Precomputing transforms
Timer: Precomputing transforms = 1.08 sec
Timer: Objective build = 1.82 sec
Building objective: force
Precomputing transforms
Timer: Precomputing transforms = 1.07 sec
Timer: Objective build = 1.14 sec
Timer: Proximal projection build = 9.65 sec
Building objective: lcfs R
Building objective: lcfs Z
Building objective: fixed pressure
Building objective: fixed current
Building objective: fixed Psi
Timer: Objective build = 674 ms
Timer: Linear constraint projection build = 1.86 sec
Number of parameters: 95
Number of objectives: 5043
Timer: Initializing the optimization = 12.2 sec

Starting optimization
Using method: proximal-lsq-exact
   Iteration     Total nfev        Cost      Cost reduction    Step norm     Optimality   
       0              1          5.086e-05                                    3.063e-03   
       1              2          4.813e-05      2.730e-06      2.524e+00      7.791e-04   
       2              3          4.799e-05      1.473e-07      4.480e+00      8.294e-04   
       3              5          4.780e-05      1.916e-07      3.031e+00      5.947e-04   
       4              7          4.770e-05      1.003e-07      8.781e-01      1.246e-04   
       5              8          4.768e-05      1.437e-08      5.927e-01      3.933e-05   
       6              9          4.768e-05      3.852e-09      6.494e-01      5.647e-05   
Optimization terminated successfully.
`ftol` condition satisfied.
         Current function value: 4.768e-05
         Total delta_x: 9.367e-01
         Iterations: 6
         Function evaluations: 9
         Jacobian evaluations: 7
Timer: Solution time = 1.56 min
Timer: Avg time per step = 13.4 sec
==============================================================================================================
                                                                 Start  -->   End
Total (sum of squares):                                      5.086e-05  -->   4.768e-05, 
Maximum absolute Boundary normal field error:                3.636e-01  -->   3.775e-01 (T*m^2)
Minimum absolute Boundary normal field error:                6.949e-14  -->   6.857e-14 (T*m^2)
Average absolute Boundary normal field error:                1.238e-01  -->   1.215e-01 (T*m^2)
Maximum absolute Boundary normal field error:                2.333e-03  -->   2.422e-03 (normalized)
Minimum absolute Boundary normal field error:                4.458e-16  -->   4.399e-16 (normalized)
Average absolute Boundary normal field error:                7.943e-04  -->   7.793e-04 (normalized)
Maximum absolute Boundary magnetic pressure error:           3.476e+00  -->   3.203e+00 (T^2*m^2)
Minimum absolute Boundary magnetic pressure error:           6.317e-04  -->   1.254e-03 (T^2*m^2)
Average absolute Boundary magnetic pressure error:           1.067e+00  -->   1.084e+00 (T^2*m^2)
Maximum absolute Boundary magnetic pressure error:           2.284e-03  -->   2.105e-03 (normalized)
Minimum absolute Boundary magnetic pressure error:           4.151e-07  -->   8.238e-07 (normalized)
Average absolute Boundary magnetic pressure error:           7.011e-04  -->   7.122e-04 (normalized)
Maximum absolute Boundary field jump error:                  3.950e-01  -->   3.461e-01 (T*m^2)
Minimum absolute Boundary field jump error:                  5.727e-03  -->   3.724e-03 (T*m^2)
Average absolute Boundary field jump error:                  1.381e-01  -->   1.298e-01 (T*m^2)
Maximum absolute Boundary field jump error:                  2.534e-03  -->   2.220e-03 (normalized)
Minimum absolute Boundary field jump error:                  3.674e-05  -->   2.389e-05 (normalized)
Average absolute Boundary field jump error:                  8.861e-04  -->   8.325e-04 (normalized)
Maximum absolute Force error:                                1.754e+07  -->   1.736e+07 (N)
Minimum absolute Force error:                                1.140e+02  -->   3.280e+00 (N)
Average absolute Force error:                                4.983e+05  -->   4.955e+05 (N)
Maximum absolute Force error:                                1.467e-03  -->   1.452e-03 (normalized)
Minimum absolute Force error:                                9.539e-09  -->   2.744e-10 (normalized)
Average absolute Force error:                                4.168e-05  -->   4.145e-05 (normalized)
R boundary error:                                            0.000e+00  -->   3.842e-18 (m)
Z boundary error:                                            0.000e+00  -->   4.576e-18 (m)
Fixed pressure profile error:                                0.000e+00  -->   0.000e+00 (Pa)
Fixed current profile error:                                 0.000e+00  -->   0.000e+00 (A)
Fixed Psi error:                                             0.000e+00  -->   0.000e+00 (Wb)
==============================================================================================================

==================================
Optimizing boundary modes M,N <= 5
====================================
Building objective: Boundary error
Precomputing transforms
Timer: Precomputing transforms = 1.08 sec
Timer: Objective build = 1.82 sec
Building objective: force
Precomputing transforms
Timer: Precomputing transforms = 1.07 sec
Timer: Objective build = 1.14 sec
Timer: Proximal projection build = 9.61 sec
Building objective: lcfs R
Building objective: lcfs Z
Building objective: fixed pressure
Building objective: fixed current
Building objective: fixed Psi
Timer: Objective build = 472 ms
Timer: Linear constraint projection build = 2.10 sec
Number of parameters: 135
Number of objectives: 5043
Timer: Initializing the optimization = 12.2 sec

Starting optimization
Using method: proximal-lsq-exact
   Iteration     Total nfev        Cost      Cost reduction    Step norm     Optimality   
       0              1          4.762e-05                                    2.725e-03   
       1              2          4.679e-05      8.288e-07      1.612e+02      5.611e-04   
       2              5          4.673e-05      6.329e-08      3.062e+02      2.378e-04   
       3              7          4.667e-05      5.650e-08      1.086e+02      1.118e-04   
       4              8          4.667e-05      3.157e-09      7.992e+00      7.442e-05   
Optimization terminated successfully.
`ftol` condition satisfied.
         Current function value: 4.667e-05
         Total delta_x: 2.842e+01
         Iterations: 4
         Function evaluations: 8
         Jacobian evaluations: 5
Timer: Solution time = 1.44 min
Timer: Avg time per step = 17.3 sec
==============================================================================================================
                                                                 Start  -->   End
Total (sum of squares):                                      4.762e-05  -->   4.667e-05, 
Maximum absolute Boundary normal field error:                3.775e-01  -->   3.939e-01 (T*m^2)
Minimum absolute Boundary normal field error:                6.857e-14  -->   5.717e-14 (T*m^2)
Average absolute Boundary normal field error:                1.215e-01  -->   1.208e-01 (T*m^2)
Maximum absolute Boundary normal field error:                2.421e-03  -->   2.526e-03 (normalized)
Minimum absolute Boundary normal field error:                4.396e-16  -->   3.666e-16 (normalized)
Average absolute Boundary normal field error:                7.789e-04  -->   7.744e-04 (normalized)
Maximum absolute Boundary magnetic pressure error:           3.203e+00  -->   3.470e+00 (T^2*m^2)
Minimum absolute Boundary magnetic pressure error:           1.254e-03  -->   7.381e-03 (T^2*m^2)
Average absolute Boundary magnetic pressure error:           1.084e+00  -->   1.088e+00 (T^2*m^2)
Maximum absolute Boundary magnetic pressure error:           2.103e-03  -->   2.279e-03 (normalized)
Minimum absolute Boundary magnetic pressure error:           8.233e-07  -->   4.847e-06 (normalized)
Average absolute Boundary magnetic pressure error:           7.117e-04  -->   7.147e-04 (normalized)
Maximum absolute Boundary field jump error:                  3.461e-01  -->   3.390e-01 (T*m^2)
Minimum absolute Boundary field jump error:                  3.724e-03  -->   3.453e-03 (T*m^2)
Average absolute Boundary field jump error:                  1.298e-01  -->   1.261e-01 (T*m^2)
Maximum absolute Boundary field jump error:                  2.219e-03  -->   2.174e-03 (normalized)
Minimum absolute Boundary field jump error:                  2.387e-05  -->   2.214e-05 (normalized)
Average absolute Boundary field jump error:                  8.320e-04  -->   8.083e-04 (normalized)
Maximum absolute Force error:                                1.736e+07  -->   1.714e+07 (N)
Minimum absolute Force error:                                3.280e+00  -->   1.258e+02 (N)
Average absolute Force error:                                4.955e+05  -->   4.941e+05 (N)
Maximum absolute Force error:                                1.451e-03  -->   1.433e-03 (normalized)
Minimum absolute Force error:                                2.742e-10  -->   1.052e-08 (normalized)
Average absolute Force error:                                4.143e-05  -->   4.131e-05 (normalized)
R boundary error:                                            0.000e+00  -->   5.161e-18 (m)
Z boundary error:                                            0.000e+00  -->   1.007e-17 (m)
Fixed pressure profile error:                                0.000e+00  -->   0.000e+00 (Pa)
Fixed current profile error:                                 0.000e+00  -->   0.000e+00 (A)
Fixed Psi error:                                             0.000e+00  -->   0.000e+00 (Wb)
==============================================================================================================

==================================
Optimizing boundary modes M,N <= 7
====================================
Building objective: Boundary error
Precomputing transforms
Timer: Precomputing transforms = 1.26 sec
Timer: Objective build = 2.02 sec
Building objective: force
Precomputing transforms
Timer: Precomputing transforms = 1.10 sec
Timer: Objective build = 1.16 sec
Timer: Proximal projection build = 10.2 sec
Building objective: lcfs R
Building objective: lcfs Z
Building objective: fixed pressure
Building objective: fixed current
Building objective: fixed Psi
Timer: Objective build = 507 ms
Timer: Linear constraint projection build = 2.08 sec
Number of parameters: 239
Number of objectives: 5043
Timer: Initializing the optimization = 12.9 sec

Starting optimization
Using method: proximal-lsq-exact
   Iteration     Total nfev        Cost      Cost reduction    Step norm     Optimality   
       0              1          4.665e-05                                    2.116e-03   
       1              2          4.600e-05      6.462e-07      1.381e+02      1.118e-03   
       2              3          4.583e-05      1.713e-07      6.440e+01      8.367e-04   
       3              5          4.572e-05      1.102e-07      4.344e+01      5.104e-04   
       4              6          4.561e-05      1.088e-07      5.476e+01      2.460e-04   
       5              7          4.560e-05      1.020e-08      7.336e+01      7.015e-05   
       6              8          4.560e-05      3.528e-09      2.422e+01      7.171e-05   
       7              9          4.559e-05      4.365e-09      1.169e+01      6.691e-05   
Optimization terminated successfully.
`ftol` condition satisfied.
         Current function value: 4.559e-05
         Total delta_x: 4.348e+01
         Iterations: 7
         Function evaluations: 9
         Jacobian evaluations: 8
Timer: Solution time = 1.77 min
Timer: Avg time per step = 13.3 sec
==============================================================================================================
                                                                 Start  -->   End
Total (sum of squares):                                      4.665e-05  -->   4.559e-05, 
Maximum absolute Boundary normal field error:                3.939e-01  -->   3.975e-01 (T*m^2)
Minimum absolute Boundary normal field error:                5.717e-14  -->   5.604e-14 (T*m^2)
Average absolute Boundary normal field error:                1.208e-01  -->   1.200e-01 (T*m^2)
Maximum absolute Boundary normal field error:                2.525e-03  -->   2.548e-03 (normalized)
Minimum absolute Boundary normal field error:                3.665e-16  -->   3.592e-16 (normalized)
Average absolute Boundary normal field error:                7.742e-04  -->   7.695e-04 (normalized)
Maximum absolute Boundary magnetic pressure error:           3.470e+00  -->   3.406e+00 (T^2*m^2)
Minimum absolute Boundary magnetic pressure error:           7.381e-03  -->   2.843e-03 (T^2*m^2)
Average absolute Boundary magnetic pressure error:           1.088e+00  -->   1.085e+00 (T^2*m^2)
Maximum absolute Boundary magnetic pressure error:           2.278e-03  -->   2.236e-03 (normalized)
Minimum absolute Boundary magnetic pressure error:           4.846e-06  -->   1.866e-06 (normalized)
Average absolute Boundary magnetic pressure error:           7.145e-04  -->   7.122e-04 (normalized)
Maximum absolute Boundary field jump error:                  3.390e-01  -->   3.379e-01 (T*m^2)
Minimum absolute Boundary field jump error:                  3.453e-03  -->   8.076e-03 (T*m^2)
Average absolute Boundary field jump error:                  1.261e-01  -->   1.227e-01 (T*m^2)
Maximum absolute Boundary field jump error:                  2.173e-03  -->   2.166e-03 (normalized)
Minimum absolute Boundary field jump error:                  2.213e-05  -->   5.177e-05 (normalized)
Average absolute Boundary field jump error:                  8.081e-04  -->   7.862e-04 (normalized)
Maximum absolute Force error:                                1.714e+07  -->   1.655e+07 (N)
Minimum absolute Force error:                                1.258e+02  -->   6.457e+01 (N)
Average absolute Force error:                                4.941e+05  -->   4.917e+05 (N)
Maximum absolute Force error:                                1.432e-03  -->   1.384e-03 (normalized)
Minimum absolute Force error:                                1.051e-08  -->   5.398e-09 (normalized)
Average absolute Force error:                                4.130e-05  -->   4.110e-05 (normalized)
R boundary error:                                            0.000e+00  -->   4.258e-19 (m)
Z boundary error:                                            0.000e+00  -->   3.058e-19 (m)
Fixed pressure profile error:                                0.000e+00  -->   0.000e+00 (Pa)
Fixed current profile error:                                 0.000e+00  -->   0.000e+00 (A)
Fixed Psi error:                                             0.000e+00  -->   0.000e+00 (Wb)
==============================================================================================================

==================================
Optimizing boundary modes M,N <= 8
====================================
Building objective: Boundary error
Precomputing transforms
Timer: Precomputing transforms = 1.12 sec
Timer: Objective build = 1.88 sec
Building objective: force
Precomputing transforms
Timer: Precomputing transforms = 1.10 sec
Timer: Objective build = 1.17 sec
Timer: Proximal projection build = 10.2 sec
Building objective: lcfs R
Building objective: lcfs Z
Building objective: fixed pressure
Building objective: fixed current
Building objective: fixed Psi
Timer: Objective build = 490 ms
Timer: Linear constraint projection build = 2.10 sec
Number of parameters: 303
Number of objectives: 5043
Timer: Initializing the optimization = 12.9 sec

Starting optimization
Using method: proximal-lsq-exact
   Iteration     Total nfev        Cost      Cost reduction    Step norm     Optimality   
       0              1          4.558e-05                                    7.514e-04   
       1              2          4.529e-05      2.943e-07      5.518e+01      8.931e-04   
       2              3          4.510e-05      1.860e-07      1.753e+02      1.009e-03   
       3              4          4.503e-05      6.743e-08      3.236e+02      6.333e-04   
       4              6          4.500e-05      3.755e-08      4.680e+02      5.628e-04   
       5              7          4.492e-05      7.049e-08      1.649e+02      1.465e-04   
       6              8          4.492e-05      4.778e-09      1.558e+02      1.258e-04   
       7              9          4.492e-05      3.362e-09      4.813e+01      1.107e-04   
Optimization terminated successfully.
`ftol` condition satisfied.
         Current function value: 4.492e-05
         Total delta_x: 8.141e+00
         Iterations: 7
         Function evaluations: 9
         Jacobian evaluations: 8
Timer: Solution time = 1.87 min
Timer: Avg time per step = 14.0 sec
==============================================================================================================
                                                                 Start  -->   End
Total (sum of squares):                                      4.558e-05  -->   4.492e-05, 
Maximum absolute Boundary normal field error:                3.975e-01  -->   3.970e-01 (T*m^2)
Minimum absolute Boundary normal field error:                5.604e-14  -->   7.074e-14 (T*m^2)
Average absolute Boundary normal field error:                1.200e-01  -->   1.201e-01 (T*m^2)
Maximum absolute Boundary normal field error:                2.547e-03  -->   2.543e-03 (normalized)
Minimum absolute Boundary normal field error:                3.590e-16  -->   4.532e-16 (normalized)
Average absolute Boundary normal field error:                7.691e-04  -->   7.697e-04 (normalized)
Maximum absolute Boundary magnetic pressure error:           3.406e+00  -->   3.464e+00 (T^2*m^2)
Minimum absolute Boundary magnetic pressure error:           2.843e-03  -->   1.743e-04 (T^2*m^2)
Average absolute Boundary magnetic pressure error:           1.085e+00  -->   1.085e+00 (T^2*m^2)
Maximum absolute Boundary magnetic pressure error:           2.238e-03  -->   2.276e-03 (normalized)
Minimum absolute Boundary magnetic pressure error:           1.868e-06  -->   1.145e-07 (normalized)
Average absolute Boundary magnetic pressure error:           7.128e-04  -->   7.130e-04 (normalized)
Maximum absolute Boundary field jump error:                  3.379e-01  -->   3.439e-01 (T*m^2)
Minimum absolute Boundary field jump error:                  8.076e-03  -->   3.512e-03 (T*m^2)
Average absolute Boundary field jump error:                  1.227e-01  -->   1.205e-01 (T*m^2)
Maximum absolute Boundary field jump error:                  2.165e-03  -->   2.203e-03 (normalized)
Minimum absolute Boundary field jump error:                  5.174e-05  -->   2.250e-05 (normalized)
Average absolute Boundary field jump error:                  7.858e-04  -->   7.719e-04 (normalized)
Maximum absolute Force error:                                1.655e+07  -->   1.624e+07 (N)
Minimum absolute Force error:                                6.457e+01  -->   3.852e+01 (N)
Average absolute Force error:                                4.917e+05  -->   4.919e+05 (N)
Maximum absolute Force error:                                1.385e-03  -->   1.358e-03 (normalized)
Minimum absolute Force error:                                5.402e-09  -->   3.222e-09 (normalized)
Average absolute Force error:                                4.113e-05  -->   4.115e-05 (normalized)
R boundary error:                                            0.000e+00  -->   5.408e-19 (m)
Z boundary error:                                            0.000e+00  -->   3.175e-19 (m)
Fixed pressure profile error:                                0.000e+00  -->   0.000e+00 (Pa)
Fixed current profile error:                                 0.000e+00  -->   0.000e+00 (A)
Fixed Psi error:                                             0.000e+00  -->   0.000e+00 (Wb)
==============================================================================================================

==================================
Optimizing boundary modes M,N <= 10
====================================
Building objective: Boundary error
Precomputing transforms
Timer: Precomputing transforms = 1.11 sec
Timer: Objective build = 1.85 sec
Building objective: force
Precomputing transforms
Timer: Precomputing transforms = 1.08 sec
Timer: Objective build = 1.15 sec
Timer: Proximal projection build = 9.90 sec
Building objective: lcfs R
Building objective: lcfs Z
Building objective: fixed pressure
Building objective: fixed current
Building objective: fixed Psi
Timer: Objective build = 382 ms
Timer: Linear constraint projection build = 1.94 sec
Number of parameters: 455
Number of objectives: 5043
Timer: Initializing the optimization = 12.3 sec

Starting optimization
Using method: proximal-lsq-exact
   Iteration     Total nfev        Cost      Cost reduction    Step norm     Optimality   
       0              1          4.491e-05                                    4.335e-03   
       1              3          4.443e-05      4.791e-07      1.727e+02      1.283e-02   
       2              4          4.391e-05      5.233e-07      3.449e+02      4.699e-03   
       3              5          4.379e-05      1.161e-07      5.023e+02      9.966e-03   
       4              6          4.361e-05      1.803e-07      4.225e+02      6.840e-03   
       5              7          4.355e-05      5.897e-08      2.668e+02      4.187e-03   
       6              8          4.342e-05      1.331e-07      4.993e+01      1.293e-03   
       7              9          4.340e-05      2.258e-08      3.425e+01      7.851e-04   
       8             10          4.339e-05      1.350e-08      6.402e+00      3.528e-04   
       9             11          4.337e-05      1.503e-08      6.677e+00      5.209e-04   
      10             12          4.335e-05      2.218e-08      3.003e+01      3.410e-04   
      11             13          4.332e-05      2.676e-08      3.449e+01      6.623e-04   
      12             14          4.328e-05      3.933e-08      7.208e+01      8.986e-04   
      13             15          4.324e-05      4.571e-08      1.236e+02      7.426e-04   
      14             16          4.321e-05      2.311e-08      1.946e+02      1.319e-03   
      15             17          4.319e-05      2.469e-08      2.778e+02      1.115e-03   
      16             18          4.316e-05      3.052e-08      1.442e+02      8.756e-04   
      17             19          4.314e-05      1.571e-08      3.903e+01      4.896e-04   
      18             20          4.314e-05      3.887e-09      7.977e+01      4.668e-04   
      19             21          4.313e-05      5.931e-09      2.498e+01      4.987e-04   
      20             22          4.313e-05      2.341e-09      2.059e+00      3.834e-04   
Optimization terminated successfully.
`ftol` condition satisfied.
         Current function value: 4.313e-05
         Total delta_x: 5.835e+01
         Iterations: 20
         Function evaluations: 22
         Jacobian evaluations: 21
Timer: Solution time = 4.45 min
Timer: Avg time per step = 12.7 sec
==============================================================================================================
                                                                 Start  -->   End
Total (sum of squares):                                      4.491e-05  -->   4.313e-05, 
Maximum absolute Boundary normal field error:                3.970e-01  -->   3.844e-01 (T*m^2)
Minimum absolute Boundary normal field error:                7.074e-14  -->   3.716e-14 (T*m^2)
Average absolute Boundary normal field error:                1.201e-01  -->   1.185e-01 (T*m^2)
Maximum absolute Boundary normal field error:                2.542e-03  -->   2.461e-03 (normalized)
Minimum absolute Boundary normal field error:                4.529e-16  -->   2.379e-16 (normalized)
Average absolute Boundary normal field error:                7.691e-04  -->   7.588e-04 (normalized)
Maximum absolute Boundary magnetic pressure error:           3.464e+00  -->   3.595e+00 (T^2*m^2)
Minimum absolute Boundary magnetic pressure error:           1.743e-04  -->   1.705e-03 (T^2*m^2)
Average absolute Boundary magnetic pressure error:           1.085e+00  -->   1.067e+00 (T^2*m^2)
Maximum absolute Boundary magnetic pressure error:           2.279e-03  -->   2.365e-03 (normalized)
Minimum absolute Boundary magnetic pressure error:           1.146e-07  -->   1.122e-06 (normalized)
Average absolute Boundary magnetic pressure error:           7.139e-04  -->   7.017e-04 (normalized)
Maximum absolute Boundary field jump error:                  3.439e-01  -->   2.916e-01 (T*m^2)
Minimum absolute Boundary field jump error:                  3.512e-03  -->   6.391e-03 (T*m^2)
Average absolute Boundary field jump error:                  1.205e-01  -->   1.167e-01 (T*m^2)
Maximum absolute Boundary field jump error:                  2.202e-03  -->   1.867e-03 (normalized)
Minimum absolute Boundary field jump error:                  2.248e-05  -->   4.091e-05 (normalized)
Average absolute Boundary field jump error:                  7.714e-04  -->   7.470e-04 (normalized)
Maximum absolute Force error:                                1.624e+07  -->   1.473e+07 (N)
Minimum absolute Force error:                                3.852e+01  -->   5.061e+00 (N)
Average absolute Force error:                                4.919e+05  -->   4.777e+05 (N)
Maximum absolute Force error:                                1.360e-03  -->   1.234e-03 (normalized)
Minimum absolute Force error:                                3.226e-09  -->   4.239e-10 (normalized)
Average absolute Force error:                                4.121e-05  -->   4.001e-05 (normalized)
R boundary error:                                            0.000e+00  -->   0.000e+00 (m)
Z boundary error:                                            0.000e+00  -->   0.000e+00 (m)
Fixed pressure profile error:                                0.000e+00  -->   0.000e+00 (Pa)
Fixed current profile error:                                 0.000e+00  -->   0.000e+00 (A)
Fixed Psi error:                                             0.000e+00  -->   0.000e+00 (Wb)
==============================================================================================================
