SAVING NO SHEET CURRENT SOLVE TO  /projects/EKOLEMEN/DESC/single_stage_optimization_finite_beta/optimization_finitebeta_nfp3_QH_stage1/coils/optimal_coils/ncoils_5_order_14_R1_5.0_length_target_4.4e+01_weight_0.019_max_curvature_0.28_weight_0.001_msc_0.98_weight_1.1e-05_cc_0.63_weight_5.4_cs_1.8_weight_7.6_arclweight_2.1e-08_sign_B_external_normal1.0/desc_fb_no_sheet_current.h5
SAVING  SHEET CURRENT SOLVE TO  /projects/EKOLEMEN/DESC/single_stage_optimization_finite_beta/optimization_finitebeta_nfp3_QH_stage1/coils/optimal_coils/ncoils_5_order_14_R1_5.0_length_target_4.4e+01_weight_0.019_max_curvature_0.28_weight_0.001_msc_0.98_weight_1.1e-05_cc_0.63_weight_5.4_cs_1.8_weight_7.6_arclweight_2.1e-08_sign_B_external_normal1.0/desc_fb_with_sheet_current.h5
/home/dpanici/DESC/desc/input_reader.py:1267: UserWarning: Current is not a power series!
  warnings.warn(colored("Current is not a power series!", "yellow"))
/home/dpanici/DESC/desc/utils.py:563: UserWarning: Current on axis is nonzero, got -9.524e+02 Amps
  warnings.warn(colored(msg, "yellow"), err)
eq psi = 54.83456978309154
field psi = -55.605411147079835

==================================
Optimizing boundary modes M,N <= 1
====================================
Building objective: Boundary error
/home/dpanici/DESC/desc/utils.py:563: UserWarning: Boundary pressure is nonzero (max 72.0979485308053 Pa), a sheet current should be included.
  warnings.warn(colored(msg, "yellow"), err)
Precomputing transforms
Timer: Precomputing transforms = 182 ms
Timer: Objective build = 2.51 sec
Building objective: force
Precomputing transforms
Timer: Precomputing transforms = 862 ms
Timer: Objective build = 924 ms
Timer: Objective build = 2.80 ms
Timer: Eq Update LinearConstraintProjection build = 6.09 sec
Timer: Proximal projection build = 12.6 sec
Building objective: lcfs R
Building objective: lcfs Z
Building objective: fixed pressure
Building objective: fixed current
Building objective: fixed Psi
Timer: Objective build = 639 ms
Timer: LinearConstraintProjection build = 2.76 sec
Number of parameters: 9
Number of objectives: 3362
Timer: Initializing the optimization = 16.1 sec

Starting optimization
Using method: proximal-lsq-exact
   Iteration     Total nfev        Cost      Cost reduction    Step norm     Optimality   
       0              1          5.559e-02                                    8.830e-02   
       1              2          3.703e-02      1.856e-02      2.663e-01      9.361e-02   
       2              3          3.141e-02      5.617e-03      4.301e-02      4.370e-03   
       3              7          3.141e-02      1.121e-06      2.095e-04      1.275e-03   
       4             29          3.141e-02      0.000e+00      0.000e+00      1.275e-03   
Warning: A bad approximation caused failure to predict improvement.
         Current function value: 3.141e-02
         Total delta_x: 3.083e-01
         Iterations: 4
         Function evaluations: 29
         Jacobian evaluations: 4
Timer: Solution time = 2.61 min
Timer: Avg time per step = 31.3 sec
==============================================================================================================
                                                                 Start  -->   End
Total (sum of squares):                                      5.559e-02  -->   3.141e-02, 
Maximum absolute Boundary normal field error:                7.887e+00  -->   5.349e+00 (T*m^2)
Minimum absolute Boundary normal field error:                2.163e-13  -->   2.164e-13 (T*m^2)
Average absolute Boundary normal field error:                2.565e+00  -->   1.752e+00 (T*m^2)
Maximum absolute Boundary normal field error:                7.610e-02  -->   5.161e-02 (normalized)
Minimum absolute Boundary normal field error:                2.087e-15  -->   2.088e-15 (normalized)
Average absolute Boundary normal field error:                2.475e-02  -->   1.691e-02 (normalized)
Maximum absolute Boundary magnetic pressure error:           5.881e+01  -->   5.953e+01 (T^2*m^2)
Minimum absolute Boundary magnetic pressure error:           1.572e-02  -->   9.379e-03 (T^2*m^2)
Average absolute Boundary magnetic pressure error:           1.418e+01  -->   1.018e+01 (T^2*m^2)
Maximum absolute Boundary magnetic pressure error:           1.429e-01  -->   1.447e-01 (normalized)
Minimum absolute Boundary magnetic pressure error:           3.821e-05  -->   2.280e-05 (normalized)
Average absolute Boundary magnetic pressure error:           3.447e-02  -->   2.475e-02 (normalized)
Maximum absolute Force error:                                1.907e+06  -->   1.785e+06 (N)
Minimum absolute Force error:                                6.916e+00  -->   2.696e+00 (N)
Average absolute Force error:                                4.210e+04  -->   4.297e+04 (N)
Maximum absolute Force error:                                5.902e-04  -->   5.525e-04 (normalized)
Minimum absolute Force error:                                2.140e-09  -->   8.343e-10 (normalized)
Average absolute Force error:                                1.303e-05  -->   1.330e-05 (normalized)
R boundary error:                                            0.000e+00  -->   2.776e-17 (m)
Z boundary error:                                            0.000e+00  -->   2.776e-17 (m)
Fixed pressure profile error:                                0.000e+00  -->   0.000e+00 (Pa)
Fixed current profile error:                                 0.000e+00  -->   1.863e-09 (A)
Fixed Psi error:                                             0.000e+00  -->   0.000e+00 (Wb)
==============================================================================================================

==================================
Optimizing boundary modes M,N <= 2
====================================
Building objective: Boundary error
/home/dpanici/DESC/desc/utils.py:563: UserWarning: Boundary pressure is nonzero (max 72.0979485308053 Pa), a sheet current should be included.
  warnings.warn(colored(msg, "yellow"), err)
Precomputing transforms
Timer: Precomputing transforms = 188 ms
Timer: Objective build = 2.73 sec
Building objective: force
Precomputing transforms
Timer: Precomputing transforms = 871 ms
Timer: Objective build = 935 ms
Timer: Objective build = 1.89 ms
Timer: Eq Update LinearConstraintProjection build = 6.06 sec
Timer: Proximal projection build = 12.9 sec
Building objective: lcfs R
Building objective: lcfs Z
Building objective: fixed pressure
Building objective: fixed current
Building objective: fixed Psi
Timer: Objective build = 651 ms
Timer: LinearConstraintProjection build = 2.74 sec
Number of parameters: 25
Number of objectives: 3362
Timer: Initializing the optimization = 16.4 sec

Starting optimization
Using method: proximal-lsq-exact
   Iteration     Total nfev        Cost      Cost reduction    Step norm     Optimality   
       0              1          2.661e-02                                    4.885e-02   
       1              3          2.002e-02      6.587e-03      2.505e-01      1.176e-01   
       2              4          9.782e-03      1.024e-02      1.984e-01      5.915e-02   
       3              5          9.727e-03      5.486e-05      2.897e-01      8.773e-02   
       4              6          3.977e-03      5.750e-03      7.702e-02      4.118e-03   
       5              7          3.857e-03      1.199e-04      5.044e-02      1.599e-03   
       6              8          3.836e-03      2.056e-05      1.806e-02      6.285e-04   
       7              9          3.826e-03      9.734e-06      1.007e-02      1.508e-04   
       8             10          3.825e-03      1.947e-06      4.293e-03      3.187e-05   
       9             11          3.815e-03      1.003e-05      2.153e-03      5.065e-05   
      10             12          3.813e-03      1.892e-06      1.887e-03      1.631e-05   
      11             13          3.812e-03      4.789e-07      5.973e-04      7.785e-06   
      12             14          3.812e-03      1.394e-07      3.371e-04      3.011e-06   
Optimization terminated successfully.
`ftol` condition satisfied. (ftol=1.00e-04)
         Current function value: 3.812e-03
         Total delta_x: 8.259e-01
         Iterations: 12
         Function evaluations: 14
         Jacobian evaluations: 13
Timer: Solution time = 3.59 min
Timer: Avg time per step = 16.6 sec
==============================================================================================================
                                                                 Start  -->   End
Total (sum of squares):                                      2.661e-02  -->   3.812e-03, 
Maximum absolute Boundary normal field error:                5.349e+00  -->   2.377e+00 (T*m^2)
Minimum absolute Boundary normal field error:                2.164e-13  -->   2.998e-13 (T*m^2)
Average absolute Boundary normal field error:                1.752e+00  -->   6.825e-01 (T*m^2)
Maximum absolute Boundary normal field error:                4.981e-02  -->   2.213e-02 (normalized)
Minimum absolute Boundary normal field error:                2.015e-15  -->   2.791e-15 (normalized)
Average absolute Boundary normal field error:                1.632e-02  -->   6.355e-03 (normalized)
Maximum absolute Boundary magnetic pressure error:           5.953e+01  -->   2.126e+01 (T^2*m^2)
Minimum absolute Boundary magnetic pressure error:           9.379e-03  -->   4.576e-04 (T^2*m^2)
Average absolute Boundary magnetic pressure error:           1.018e+01  -->   3.611e+00 (T^2*m^2)
Maximum absolute Boundary magnetic pressure error:           1.309e-01  -->   4.674e-02 (normalized)
Minimum absolute Boundary magnetic pressure error:           2.062e-05  -->   1.006e-06 (normalized)
Average absolute Boundary magnetic pressure error:           2.238e-02  -->   7.938e-03 (normalized)
Maximum absolute Force error:                                1.785e+06  -->   1.130e+06 (N)
Minimum absolute Force error:                                2.696e+00  -->   3.583e+00 (N)
Average absolute Force error:                                4.297e+04  -->   2.741e+04 (N)
Maximum absolute Force error:                                4.997e-04  -->   3.164e-04 (normalized)
Minimum absolute Force error:                                7.545e-10  -->   1.003e-09 (normalized)
Average absolute Force error:                                1.203e-05  -->   7.672e-06 (normalized)
R boundary error:                                            0.000e+00  -->   0.000e+00 (m)
Z boundary error:                                            0.000e+00  -->   0.000e+00 (m)
Fixed pressure profile error:                                0.000e+00  -->   0.000e+00 (Pa)
Fixed current profile error:                                 0.000e+00  -->   1.317e-09 (A)
Fixed Psi error:                                             0.000e+00  -->   0.000e+00 (Wb)
==============================================================================================================

==================================
Optimizing boundary modes M,N <= 4
====================================
Building objective: Boundary error
/home/dpanici/DESC/desc/utils.py:563: UserWarning: Boundary pressure is nonzero (max 72.0979485308053 Pa), a sheet current should be included.
  warnings.warn(colored(msg, "yellow"), err)
Precomputing transforms
Timer: Precomputing transforms = 182 ms
Timer: Objective build = 2.61 sec
Building objective: force
Precomputing transforms
Timer: Precomputing transforms = 871 ms
Timer: Objective build = 936 ms
Timer: Objective build = 1.91 ms
Timer: Eq Update LinearConstraintProjection build = 5.98 sec
Timer: Proximal projection build = 12.7 sec
Building objective: lcfs R
Building objective: lcfs Z
Building objective: fixed pressure
Building objective: fixed current
Building objective: fixed Psi
Timer: Objective build = 669 ms
Timer: LinearConstraintProjection build = 2.56 sec
Number of parameters: 81
Number of objectives: 3362
Timer: Initializing the optimization = 16.1 sec

Starting optimization
Using method: proximal-lsq-exact
   Iteration     Total nfev        Cost      Cost reduction    Step norm     Optimality   
       0              1          2.574e-03                                    1.058e-02   
       1              4          1.480e-03      1.094e-03      6.465e-02      1.589e-02   
       2              5          1.090e-03      3.897e-04      9.122e-02      2.068e-02   
       3              6          7.156e-04      3.742e-04      7.785e-02      8.753e-03   
       4              7          5.559e-04      1.598e-04      1.233e-01      3.380e-03   
       5              9          4.980e-04      5.789e-05      5.490e-02      1.639e-03   
       6             11          4.788e-04      1.920e-05      2.710e-02      3.572e-04   
       7             12          4.574e-04      2.139e-05      5.139e-02      2.306e-03   
       8             14          4.422e-04      1.517e-05      2.597e-02      4.607e-04   
       9             15          4.324e-04      9.831e-06      5.030e-02      3.376e-03   
      10             16          4.205e-04      1.184e-05      5.113e-02      3.488e-03   
      11             17          4.106e-04      9.991e-06      5.342e-02      3.459e-03   
      12             18          4.076e-04      2.909e-06      5.535e-02      3.799e-03   
      13             19          3.950e-04      1.261e-05      1.496e-02      2.071e-04   
      14             20          3.936e-04      1.464e-06      2.877e-02      1.116e-03   
      15             21          3.914e-04      2.183e-06      2.804e-02      9.162e-04   
      16             24          3.910e-04      4.170e-07      2.089e-03      1.622e-05   
      17             48          3.910e-04      0.000e+00      0.000e+00      1.622e-05   
Warning: A bad approximation caused failure to predict improvement.
         Current function value: 3.910e-04
         Total delta_x: 6.095e-01
         Iterations: 17
         Function evaluations: 48
         Jacobian evaluations: 17
Timer: Solution time = 7.85 min
Timer: Avg time per step = 26.1 sec
==============================================================================================================
                                                                 Start  -->   End
Total (sum of squares):                                      2.574e-03  -->   3.910e-04, 
Maximum absolute Boundary normal field error:                2.377e+00  -->   8.537e-01 (T*m^2)
Minimum absolute Boundary normal field error:                2.863e-13  -->   1.767e-13 (T*m^2)
Average absolute Boundary normal field error:                6.826e-01  -->   2.223e-01 (T*m^2)
Maximum absolute Boundary normal field error:                2.037e-02  -->   7.315e-03 (normalized)
Minimum absolute Boundary normal field error:                2.453e-15  -->   1.514e-15 (normalized)
Average absolute Boundary normal field error:                5.849e-03  -->   1.905e-03 (normalized)
Maximum absolute Boundary magnetic pressure error:           2.130e+01  -->   1.152e+01 (T^2*m^2)
Minimum absolute Boundary magnetic pressure error:           1.240e-03  -->   2.485e-03 (T^2*m^2)
Average absolute Boundary magnetic pressure error:           3.613e+00  -->   1.585e+00 (T^2*m^2)
Maximum absolute Boundary magnetic pressure error:           3.621e-02  -->   1.959e-02 (normalized)
Minimum absolute Boundary magnetic pressure error:           2.109e-06  -->   4.225e-06 (normalized)
Average absolute Boundary magnetic pressure error:           6.144e-03  -->   2.695e-03 (normalized)
Maximum absolute Force error:                                1.130e+06  -->   8.161e+05 (N)
Minimum absolute Force error:                                3.583e+00  -->   4.953e+00 (N)
Average absolute Force error:                                2.741e+04  -->   2.524e+04 (N)
Maximum absolute Force error:                                2.447e-04  -->   1.767e-04 (normalized)
Minimum absolute Force error:                                7.757e-10  -->   1.072e-09 (normalized)
Average absolute Force error:                                5.935e-06  -->   5.464e-06 (normalized)
R boundary error:                                            0.000e+00  -->   0.000e+00 (m)
Z boundary error:                                            0.000e+00  -->   0.000e+00 (m)
Fixed pressure profile error:                                0.000e+00  -->   0.000e+00 (Pa)
Fixed current profile error:                                 0.000e+00  -->   3.726e-09 (A)
Fixed Psi error:                                             0.000e+00  -->   0.000e+00 (Wb)
==============================================================================================================

==================================
Optimizing boundary modes M,N <= 5
====================================
Building objective: Boundary error
/home/dpanici/DESC/desc/utils.py:563: UserWarning: Boundary pressure is nonzero (max 72.0979485308053 Pa), a sheet current should be included.
  warnings.warn(colored(msg, "yellow"), err)
Precomputing transforms
Timer: Precomputing transforms = 187 ms
Timer: Objective build = 2.62 sec
Building objective: force
Precomputing transforms
Timer: Precomputing transforms = 883 ms
Timer: Objective build = 947 ms
Timer: Objective build = 1.92 ms
Timer: Eq Update LinearConstraintProjection build = 6.03 sec
Timer: Proximal projection build = 12.8 sec
Building objective: lcfs R
Building objective: lcfs Z
Building objective: fixed pressure
Building objective: fixed current
Building objective: fixed Psi
Timer: Objective build = 665 ms
Timer: LinearConstraintProjection build = 2.76 sec
Number of parameters: 121
Number of objectives: 3362
Timer: Initializing the optimization = 16.4 sec

Starting optimization
Using method: proximal-lsq-exact
   Iteration     Total nfev        Cost      Cost reduction    Step norm     Optimality   
       0              1          4.332e-04                                    1.789e-03   
       1              4          3.984e-04      3.483e-05      2.883e-02      1.481e-03   
       2              5          3.966e-04      1.854e-06      5.440e-02      3.910e-03   
       3              6          3.827e-04      1.389e-05      1.438e-02      3.352e-04   
       4              7          3.804e-04      2.263e-06      2.345e-02      7.676e-04   
       5              9          3.789e-04      1.464e-06      1.122e-02      1.252e-04   
       6             10          3.778e-04      1.135e-06      2.209e-02      5.754e-04   
       7             12          3.774e-04      4.538e-07      5.619e-03      3.133e-05   
       8             13          3.773e-04      9.789e-08      5.762e-03      2.874e-05   
       9             37          3.773e-04      0.000e+00      0.000e+00      2.874e-05   
Warning: A bad approximation caused failure to predict improvement.
         Current function value: 3.773e-04
         Total delta_x: 1.347e-01
         Iterations: 9
         Function evaluations: 37
         Jacobian evaluations: 9
Timer: Solution time = 4.44 min
Timer: Avg time per step = 26.6 sec
==============================================================================================================
                                                                 Start  -->   End
Total (sum of squares):                                      4.332e-04  -->   3.773e-04, 
Maximum absolute Boundary normal field error:                8.537e-01  -->   8.684e-01 (T*m^2)
Minimum absolute Boundary normal field error:                1.767e-13  -->   3.229e-13 (T*m^2)
Average absolute Boundary normal field error:                2.223e-01  -->   2.070e-01 (T*m^2)
Maximum absolute Boundary normal field error:                7.422e-03  -->   7.550e-03 (normalized)
Minimum absolute Boundary normal field error:                1.536e-15  -->   2.808e-15 (normalized)
Average absolute Boundary normal field error:                1.932e-03  -->   1.800e-03 (normalized)
Maximum absolute Boundary magnetic pressure error:           1.152e+01  -->   1.037e+01 (T^2*m^2)
Minimum absolute Boundary magnetic pressure error:           2.485e-03  -->   5.267e-03 (T^2*m^2)
Average absolute Boundary magnetic pressure error:           1.585e+00  -->   1.457e+00 (T^2*m^2)
Maximum absolute Boundary magnetic pressure error:           2.092e-02  -->   1.882e-02 (normalized)
Minimum absolute Boundary magnetic pressure error:           4.511e-06  -->   9.562e-06 (normalized)
Average absolute Boundary magnetic pressure error:           2.877e-03  -->   2.644e-03 (normalized)
Maximum absolute Force error:                                8.161e+05  -->   8.507e+05 (N)
Minimum absolute Force error:                                4.953e+00  -->   6.359e-01 (N)
Average absolute Force error:                                2.524e+04  -->   2.755e+04 (N)
Maximum absolute Force error:                                1.886e-04  -->   1.966e-04 (normalized)
Minimum absolute Force error:                                1.145e-09  -->   1.470e-10 (normalized)
Average absolute Force error:                                5.833e-06  -->   6.368e-06 (normalized)
R boundary error:                                            0.000e+00  -->   0.000e+00 (m)
Z boundary error:                                            0.000e+00  -->   0.000e+00 (m)
Fixed pressure profile error:                                0.000e+00  -->   0.000e+00 (Pa)
Fixed current profile error:                                 0.000e+00  -->   4.693e-10 (A)
Fixed Psi error:                                             0.000e+00  -->   0.000e+00 (Wb)
==============================================================================================================

==================================
Optimizing boundary modes M,N <= 7
====================================
Building objective: Boundary error
/home/dpanici/DESC/desc/utils.py:563: UserWarning: Boundary pressure is nonzero (max 72.0979485308053 Pa), a sheet current should be included.
  warnings.warn(colored(msg, "yellow"), err)
Precomputing transforms
Timer: Precomputing transforms = 185 ms
Timer: Objective build = 2.61 sec
Building objective: force
Precomputing transforms
Timer: Precomputing transforms = 890 ms
Timer: Objective build = 954 ms
Timer: Objective build = 1.90 ms
Timer: Eq Update LinearConstraintProjection build = 6.08 sec
Timer: Proximal projection build = 12.8 sec
Building objective: lcfs R
Building objective: lcfs Z
Building objective: fixed pressure
Building objective: fixed current
Building objective: fixed Psi
Timer: Objective build = 647 ms
Timer: LinearConstraintProjection build = 2.56 sec
Number of parameters: 225
Number of objectives: 3362
Timer: Initializing the optimization = 16.1 sec

Starting optimization
Using method: proximal-lsq-exact
   Iteration     Total nfev        Cost      Cost reduction    Step norm     Optimality   
       0              1          3.674e-04                                    2.053e-03   
       1              5          3.423e-04      2.506e-05      1.490e-02      2.231e-03   
       2              7          3.327e-04      9.563e-06      5.683e-03      1.410e-03   
       3              8          3.141e-04      1.862e-05      1.573e-03      5.165e-04   
       4              9          3.014e-04      1.269e-05      3.021e-03      6.081e-04   
       5             10          2.959e-04      5.491e-06      4.922e-03      3.936e-04   
       6             11          2.918e-04      4.128e-06      5.900e-03      7.076e-04   
       7             12          2.901e-04      1.665e-06      5.438e-03      8.522e-04   
       8             13          2.835e-04      6.646e-06      1.593e-03      2.538e-04   
       9             14          2.827e-04      8.236e-07      2.422e-03      2.148e-04   
      10             15          2.806e-04      2.082e-06      2.173e-03      1.954e-04   
      11             19          2.806e-04      3.380e-08      8.578e-05      6.863e-05   
      12             41          2.806e-04      0.000e+00      0.000e+00      6.863e-05   
Warning: A bad approximation caused failure to predict improvement.
         Current function value: 2.806e-04
         Total delta_x: 2.289e-02
         Iterations: 12
         Function evaluations: 41
         Jacobian evaluations: 12
Timer: Solution time = 5.26 min
Timer: Avg time per step = 24.3 sec
==============================================================================================================
                                                                 Start  -->   End
Total (sum of squares):                                      3.673e-04  -->   2.806e-04, 
Maximum absolute Boundary normal field error:                8.684e-01  -->   8.390e-01 (T*m^2)
Minimum absolute Boundary normal field error:                3.229e-13  -->   3.419e-13 (T*m^2)
Average absolute Boundary normal field error:                2.070e-01  -->   1.972e-01 (T*m^2)
Maximum absolute Boundary normal field error:                7.491e-03  -->   7.237e-03 (normalized)
Minimum absolute Boundary normal field error:                2.786e-15  -->   2.949e-15 (normalized)
Average absolute Boundary normal field error:                1.786e-03  -->   1.701e-03 (normalized)
Maximum absolute Boundary magnetic pressure error:           1.037e+01  -->   8.772e+00 (T^2*m^2)
Minimum absolute Boundary magnetic pressure error:           5.267e-03  -->   8.835e-04 (T^2*m^2)
Average absolute Boundary magnetic pressure error:           1.457e+00  -->   1.230e+00 (T^2*m^2)
Maximum absolute Boundary magnetic pressure error:           1.854e-02  -->   1.568e-02 (normalized)
Minimum absolute Boundary magnetic pressure error:           9.417e-06  -->   1.579e-06 (normalized)
Average absolute Boundary magnetic pressure error:           2.604e-03  -->   2.198e-03 (normalized)
Maximum absolute Force error:                                8.507e+05  -->   3.883e+06 (N)
Minimum absolute Force error:                                6.359e-01  -->   9.385e+00 (N)
Average absolute Force error:                                2.755e+04  -->   7.421e+04 (N)
Maximum absolute Force error:                                1.936e-04  -->   8.838e-04 (normalized)
Minimum absolute Force error:                                1.448e-10  -->   2.136e-09 (normalized)
Average absolute Force error:                                6.271e-06  -->   1.689e-05 (normalized)
R boundary error:                                            0.000e+00  -->   0.000e+00 (m)
Z boundary error:                                            0.000e+00  -->   0.000e+00 (m)
Fixed pressure profile error:                                0.000e+00  -->   0.000e+00 (Pa)
Fixed current profile error:                                 0.000e+00  -->   1.508e-08 (A)
Fixed Psi error:                                             0.000e+00  -->   0.000e+00 (Wb)
==============================================================================================================

==================================
Optimizing boundary modes M,N <= 8
====================================
Building objective: Boundary error
/home/dpanici/DESC/desc/utils.py:563: UserWarning: Boundary pressure is nonzero (max 72.0979485308053 Pa), a sheet current should be included.
  warnings.warn(colored(msg, "yellow"), err)
Precomputing transforms
Timer: Precomputing transforms = 190 ms
Timer: Objective build = 2.62 sec
Building objective: force
Precomputing transforms
Timer: Precomputing transforms = 900 ms
Timer: Objective build = 964 ms
Timer: Objective build = 1.89 ms
Timer: Eq Update LinearConstraintProjection build = 6.21 sec
Timer: Proximal projection build = 13.0 sec
Building objective: lcfs R
Building objective: lcfs Z
Building objective: fixed pressure
Building objective: fixed current
Building objective: fixed Psi
Timer: Objective build = 644 ms
Timer: LinearConstraintProjection build = 2.77 sec
Number of parameters: 289
Number of objectives: 3362
Timer: Initializing the optimization = 16.5 sec

Starting optimization
Using method: proximal-lsq-exact
   Iteration     Total nfev        Cost      Cost reduction    Step norm     Optimality   
       0              1          2.807e-04                                    1.588e-03   
       1              6          2.546e-04      2.606e-05      2.336e-03      1.395e-03   
       2              8          2.459e-04      8.662e-06      1.150e-03      7.971e-04   
       3              9          2.394e-04      6.489e-06      8.565e-04      4.789e-04   
       4             10          2.338e-04      5.672e-06      1.614e-03      6.500e-04   
       5             34          2.338e-04      0.000e+00      0.000e+00      6.500e-04   
Warning: A bad approximation caused failure to predict improvement.
         Current function value: 2.338e-04
         Total delta_x: 4.184e-03
         Iterations: 5
         Function evaluations: 34
         Jacobian evaluations: 5
Timer: Solution time = 6.65 min
Timer: Avg time per step = 1.11 min
==============================================================================================================
                                                                 Start  -->   End
Total (sum of squares):                                      2.806e-04  -->   2.338e-04, 
Maximum absolute Boundary normal field error:                8.390e-01  -->   8.122e-01 (T*m^2)
Minimum absolute Boundary normal field error:                3.419e-13  -->   1.857e-13 (T*m^2)
Average absolute Boundary normal field error:                1.972e-01  -->   1.926e-01 (T*m^2)
Maximum absolute Boundary normal field error:                7.237e-03  -->   7.006e-03 (normalized)
Minimum absolute Boundary normal field error:                2.950e-15  -->   1.602e-15 (normalized)
Average absolute Boundary normal field error:                1.701e-03  -->   1.661e-03 (normalized)
Maximum absolute Boundary magnetic pressure error:           8.772e+00  -->   8.364e+00 (T^2*m^2)
Minimum absolute Boundary magnetic pressure error:           8.835e-04  -->   5.197e-04 (T^2*m^2)
Average absolute Boundary magnetic pressure error:           1.230e+00  -->   1.026e+00 (T^2*m^2)
Maximum absolute Boundary magnetic pressure error:           1.568e-02  -->   1.495e-02 (normalized)
Minimum absolute Boundary magnetic pressure error:           1.579e-06  -->   9.291e-07 (normalized)
Average absolute Boundary magnetic pressure error:           2.198e-03  -->   1.835e-03 (normalized)
Maximum absolute Force error:                                3.883e+06  -->   3.731e+06 (N)
Minimum absolute Force error:                                9.385e+00  -->   6.634e+01 (N)
Average absolute Force error:                                7.421e+04  -->   8.728e+04 (N)
Maximum absolute Force error:                                8.838e-04  -->   8.493e-04 (normalized)
Minimum absolute Force error:                                2.136e-09  -->   1.510e-08 (normalized)
Average absolute Force error:                                1.689e-05  -->   1.987e-05 (normalized)
R boundary error:                                            0.000e+00  -->   0.000e+00 (m)
Z boundary error:                                            0.000e+00  -->   0.000e+00 (m)
Fixed pressure profile error:                                0.000e+00  -->   0.000e+00 (Pa)
Fixed current profile error:                                 0.000e+00  -->   9.331e-10 (A)
Fixed Psi error:                                             0.000e+00  -->   0.000e+00 (Wb)
==============================================================================================================

==================================
Optimizing boundary modes M,N <= 10
====================================
Building objective: Boundary error
/home/dpanici/DESC/desc/utils.py:563: UserWarning: Boundary pressure is nonzero (max 72.0979485308053 Pa), a sheet current should be included.
  warnings.warn(colored(msg, "yellow"), err)
Precomputing transforms
Timer: Precomputing transforms = 189 ms
Timer: Objective build = 2.62 sec
Building objective: force
Precomputing transforms
Timer: Precomputing transforms = 884 ms
Timer: Objective build = 948 ms
Timer: Objective build = 1.87 ms
Timer: Eq Update LinearConstraintProjection build = 6.03 sec
Timer: Proximal projection build = 12.8 sec
Building objective: lcfs R
Building objective: lcfs Z
Building objective: fixed pressure
Building objective: fixed current
Building objective: fixed Psi
Timer: Objective build = 525 ms
Timer: LinearConstraintProjection build = 2.38 sec
Number of parameters: 441
Number of objectives: 3362
Timer: Initializing the optimization = 15.8 sec

Starting optimization
Using method: proximal-lsq-exact
   Iteration     Total nfev        Cost      Cost reduction    Step norm     Optimality   
       0              1          2.338e-04                                    7.118e-03   
       1              7          1.966e-04      3.716e-05      6.735e-04      6.129e-03   
       2              8          1.763e-04      2.035e-05      1.138e-03      4.730e-03   
       3             10          1.499e-04      2.638e-05      2.342e-04      1.997e-03   
       4             13          1.471e-04      2.741e-06      2.915e-05      1.744e-03   
       5             22          1.470e-04      9.475e-08      9.080e-10      1.725e-03   
       6             36          1.470e-04      0.000e+00      0.000e+00      1.725e-03   
Warning: A bad approximation caused failure to predict improvement.
         Current function value: 1.470e-04
         Total delta_x: 1.446e-03
         Iterations: 6
         Function evaluations: 36
         Jacobian evaluations: 6
Timer: Solution time = 8.06 min
Timer: Avg time per step = 1.15 min
==============================================================================================================
                                                                 Start  -->   End
Total (sum of squares):                                      2.338e-04  -->   1.470e-04, 
Maximum absolute Boundary normal field error:                8.122e-01  -->   7.598e-01 (T*m^2)
Minimum absolute Boundary normal field error:                1.857e-13  -->   1.148e-13 (T*m^2)
Average absolute Boundary normal field error:                1.926e-01  -->   1.702e-01 (T*m^2)
Maximum absolute Boundary normal field error:                7.006e-03  -->   6.554e-03 (normalized)
Minimum absolute Boundary normal field error:                1.602e-15  -->   9.904e-16 (normalized)
Average absolute Boundary normal field error:                1.661e-03  -->   1.468e-03 (normalized)
Maximum absolute Boundary magnetic pressure error:           8.364e+00  -->   7.125e+00 (T^2*m^2)
Minimum absolute Boundary magnetic pressure error:           5.197e-04  -->   1.020e-03 (T^2*m^2)
Average absolute Boundary magnetic pressure error:           1.026e+00  -->   6.924e-01 (T^2*m^2)
Maximum absolute Boundary magnetic pressure error:           1.495e-02  -->   1.274e-02 (normalized)
Minimum absolute Boundary magnetic pressure error:           9.291e-07  -->   1.824e-06 (normalized)
Average absolute Boundary magnetic pressure error:           1.835e-03  -->   1.238e-03 (normalized)
Maximum absolute Force error:                                3.731e+06  -->   5.367e+06 (N)
Minimum absolute Force error:                                6.634e+01  -->   1.451e+01 (N)
Average absolute Force error:                                8.728e+04  -->   1.571e+05 (N)
Maximum absolute Force error:                                8.492e-04  -->   1.222e-03 (normalized)
Minimum absolute Force error:                                1.510e-08  -->   3.303e-09 (normalized)
Average absolute Force error:                                1.987e-05  -->   3.576e-05 (normalized)
R boundary error:                                            0.000e+00  -->   0.000e+00 (m)
Z boundary error:                                            0.000e+00  -->   0.000e+00 (m)
Fixed pressure profile error:                                0.000e+00  -->   0.000e+00 (Pa)
Fixed current profile error:                                 0.000e+00  -->   9.475e-09 (A)
Fixed Psi error:                                             0.000e+00  -->   0.000e+00 (Wb)
==============================================================================================================

==================================
Optimizing boundary modes M,N <= 1
====================================
Building objective: Boundary error
Precomputing transforms
Timer: Precomputing transforms = 529 ms
Timer: Objective build = 2.97 sec
Building objective: force
Precomputing transforms
Timer: Precomputing transforms = 907 ms
Timer: Objective build = 971 ms
Timer: Objective build = 1.68 ms
Timer: Eq Update LinearConstraintProjection build = 6.58 sec
Timer: Proximal projection build = 13.9 sec
Building objective: lcfs R
Building objective: lcfs Z
Building objective: fixed pressure
Building objective: fixed current
Building objective: fixed Psi
Timer: Objective build = 665 ms
Timer: LinearConstraintProjection build = 2.87 sec
Number of parameters: 23
Number of objectives: 5043
Timer: Initializing the optimization = 17.6 sec

Starting optimization
Using method: proximal-lsq-exact
   Iteration     Total nfev        Cost      Cost reduction    Step norm     Optimality   
       0              1          2.380e-04                                    3.495e-03   
       1              2          2.278e-04      1.020e-05      2.092e+04      1.660e-03   
       2              4          2.265e-04      1.312e-06      1.533e+04      1.579e-03   
       3              6          2.258e-04      6.925e-07      1.044e+04      2.513e-04   
       4             28          2.258e-04      0.000e+00      0.000e+00      2.513e-04   
Warning: A bad approximation caused failure to predict improvement.
         Current function value: 2.258e-04
         Total delta_x: 1.778e+04
         Iterations: 4
         Function evaluations: 28
         Jacobian evaluations: 4
Timer: Solution time = 12.0 min
Timer: Avg time per step = 2.41 min
==============================================================================================================
                                                                 Start  -->   End
Total (sum of squares):                                      2.380e-04  -->   2.258e-04, 
Maximum absolute Boundary normal field error:                7.598e-01  -->   6.756e-01 (T*m^2)
Minimum absolute Boundary normal field error:                1.148e-13  -->   3.418e-13 (T*m^2)
Average absolute Boundary normal field error:                1.702e-01  -->   1.677e-01 (T*m^2)
Maximum absolute Boundary normal field error:                6.554e-03  -->   5.828e-03 (normalized)
Minimum absolute Boundary normal field error:                9.904e-16  -->   2.949e-15 (normalized)
Average absolute Boundary normal field error:                1.468e-03  -->   1.446e-03 (normalized)
Maximum absolute Boundary magnetic pressure error:           7.125e+00  -->   7.314e+00 (T^2*m^2)
Minimum absolute Boundary magnetic pressure error:           1.020e-03  -->   3.306e-04 (T^2*m^2)
Average absolute Boundary magnetic pressure error:           6.924e-01  -->   6.984e-01 (T^2*m^2)
Maximum absolute Boundary magnetic pressure error:           1.274e-02  -->   1.308e-02 (normalized)
Minimum absolute Boundary magnetic pressure error:           1.824e-06  -->   5.909e-07 (normalized)
Average absolute Boundary magnetic pressure error:           1.238e-03  -->   1.249e-03 (normalized)
Maximum absolute Boundary field jump error:                  8.870e-01  -->   8.724e-01 (T*m^2)
Minimum absolute Boundary field jump error:                  5.575e-03  -->   1.231e-03 (T*m^2)
Average absolute Boundary field jump error:                  2.023e-01  -->   2.021e-01 (T*m^2)
Maximum absolute Boundary field jump error:                  7.651e-03  -->   7.525e-03 (normalized)
Minimum absolute Boundary field jump error:                  4.809e-05  -->   1.062e-05 (normalized)
Average absolute Boundary field jump error:                  1.745e-03  -->   1.743e-03 (normalized)
Maximum absolute Force error:                                5.367e+06  -->   5.378e+06 (N)
Minimum absolute Force error:                                1.451e+01  -->   1.483e+01 (N)
Average absolute Force error:                                1.571e+05  -->   1.569e+05 (N)
Maximum absolute Force error:                                1.222e-03  -->   1.224e-03 (normalized)
Minimum absolute Force error:                                3.303e-09  -->   3.376e-09 (normalized)
Average absolute Force error:                                3.576e-05  -->   3.572e-05 (normalized)
R boundary error:                                            0.000e+00  -->   1.694e-16 (m)
Z boundary error:                                            0.000e+00  -->   4.203e-17 (m)
Fixed pressure profile error:                                0.000e+00  -->   0.000e+00 (Pa)
Fixed current profile error:                                 0.000e+00  -->   0.000e+00 (A)
Fixed Psi error:                                             0.000e+00  -->   0.000e+00 (Wb)
==============================================================================================================

==================================
Optimizing boundary modes M,N <= 2
====================================
Building objective: Boundary error
Precomputing transforms
Timer: Precomputing transforms = 532 ms
Timer: Objective build = 3.00 sec
Building objective: force
Precomputing transforms
Timer: Precomputing transforms = 901 ms
Timer: Objective build = 965 ms
Timer: Objective build = 1.69 ms
Timer: Eq Update LinearConstraintProjection build = 6.36 sec
Timer: Proximal projection build = 13.7 sec
Building objective: lcfs R
Building objective: lcfs Z
Building objective: fixed pressure
Building objective: fixed current
Building objective: fixed Psi
Timer: Objective build = 668 ms
Timer: LinearConstraintProjection build = 2.91 sec
Number of parameters: 39
Number of objectives: 5043
Timer: Initializing the optimization = 17.4 sec

Starting optimization
Using method: proximal-lsq-exact
   Iteration     Total nfev        Cost      Cost reduction    Step norm     Optimality   
       0              1          2.527e-04                                    3.061e-03   
       1              2          2.293e-04      2.335e-05      1.037e+01      1.027e-03   
       2              6          2.287e-04      6.879e-07      7.127e+00      8.017e-04   
       3              8          2.283e-04      3.528e-07      2.460e+00      1.319e-04   
       4             30          2.283e-04      0.000e+00      0.000e+00      1.319e-04   
Warning: A bad approximation caused failure to predict improvement.
         Current function value: 2.283e-04
         Total delta_x: 7.932e+00
         Iterations: 4
         Function evaluations: 30
         Jacobian evaluations: 4
Timer: Solution time = 2.26 min
Timer: Avg time per step = 27.1 sec
==============================================================================================================
                                                                 Start  -->   End
Total (sum of squares):                                      2.257e-04  -->   2.283e-04, 
Maximum absolute Boundary normal field error:                6.756e-01  -->   7.491e-01 (T*m^2)
Minimum absolute Boundary normal field error:                3.418e-13  -->   6.925e-14 (T*m^2)
Average absolute Boundary normal field error:                1.677e-01  -->   1.737e-01 (T*m^2)
Maximum absolute Boundary normal field error:                5.827e-03  -->   6.461e-03 (normalized)
Minimum absolute Boundary normal field error:                2.948e-15  -->   5.972e-16 (normalized)
Average absolute Boundary normal field error:                1.446e-03  -->   1.498e-03 (normalized)
Maximum absolute Boundary magnetic pressure error:           7.314e+00  -->   7.716e+00 (T^2*m^2)
Minimum absolute Boundary magnetic pressure error:           3.306e-04  -->   1.147e-03 (T^2*m^2)
Average absolute Boundary magnetic pressure error:           6.984e-01  -->   6.999e-01 (T^2*m^2)
Maximum absolute Boundary magnetic pressure error:           1.307e-02  -->   1.378e-02 (normalized)
Minimum absolute Boundary magnetic pressure error:           5.906e-07  -->   2.049e-06 (normalized)
Average absolute Boundary magnetic pressure error:           1.248e-03  -->   1.250e-03 (normalized)
Maximum absolute Boundary field jump error:                  8.724e-01  -->   8.306e-01 (T*m^2)
Minimum absolute Boundary field jump error:                  1.231e-03  -->   5.917e-03 (T*m^2)
Average absolute Boundary field jump error:                  2.021e-01  -->   1.941e-01 (T*m^2)
Maximum absolute Boundary field jump error:                  7.524e-03  -->   7.163e-03 (normalized)
Minimum absolute Boundary field jump error:                  1.062e-05  -->   5.103e-05 (normalized)
Average absolute Boundary field jump error:                  1.743e-03  -->   1.674e-03 (normalized)
Maximum absolute Force error:                                5.378e+06  -->   5.338e+06 (N)
Minimum absolute Force error:                                1.483e+01  -->   2.634e+01 (N)
Average absolute Force error:                                1.569e+05  -->   1.526e+05 (N)
Maximum absolute Force error:                                1.223e-03  -->   1.214e-03 (normalized)
Minimum absolute Force error:                                3.374e-09  -->   5.991e-09 (normalized)
Average absolute Force error:                                3.570e-05  -->   3.471e-05 (normalized)
R boundary error:                                            0.000e+00  -->   1.308e-18 (m)
Z boundary error:                                            0.000e+00  -->   3.497e-18 (m)
Fixed pressure profile error:                                0.000e+00  -->   0.000e+00 (Pa)
Fixed current profile error:                                 0.000e+00  -->   2.083e-09 (A)
Fixed Psi error:                                             0.000e+00  -->   0.000e+00 (Wb)
==============================================================================================================

==================================
Optimizing boundary modes M,N <= 4
====================================
Building objective: Boundary error
Precomputing transforms
Timer: Precomputing transforms = 539 ms
Timer: Objective build = 2.99 sec
Building objective: force
Precomputing transforms
Timer: Precomputing transforms = 898 ms
Timer: Objective build = 963 ms
Timer: Objective build = 1.67 ms
Timer: Eq Update LinearConstraintProjection build = 6.41 sec
Timer: Proximal projection build = 13.7 sec
Building objective: lcfs R
Building objective: lcfs Z
Building objective: fixed pressure
Building objective: fixed current
Building objective: fixed Psi
Timer: Objective build = 689 ms
Timer: LinearConstraintProjection build = 2.58 sec
Number of parameters: 95
Number of objectives: 5043
Timer: Initializing the optimization = 17.1 sec

Starting optimization
Using method: proximal-lsq-exact
   Iteration     Total nfev        Cost      Cost reduction    Step norm     Optimality   
       0              1          2.280e-04                                    1.330e-03   
       1              2          2.167e-04      1.123e-05      1.197e+01      1.114e-03   
       2              3          2.156e-04      1.124e-06      4.341e+00      1.383e-03   
       3              6          2.154e-04      2.414e-07      3.232e+00      1.089e-03   
       4              7          2.144e-04      9.807e-07      8.832e-01      2.070e-04   
       5             30          2.144e-04      0.000e+00      0.000e+00      2.070e-04   
Warning: A bad approximation caused failure to predict improvement.
         Current function value: 2.144e-04
         Total delta_x: 1.139e+01
         Iterations: 5
         Function evaluations: 30
         Jacobian evaluations: 5
Timer: Solution time = 1.93 min
Timer: Avg time per step = 19.2 sec
==============================================================================================================
                                                                 Start  -->   End
Total (sum of squares):                                      2.280e-04  -->   2.144e-04, 
Maximum absolute Boundary normal field error:                7.491e-01  -->   7.046e-01 (T*m^2)
Minimum absolute Boundary normal field error:                6.925e-14  -->   3.619e-13 (T*m^2)
Average absolute Boundary normal field error:                1.737e-01  -->   1.606e-01 (T*m^2)
Maximum absolute Boundary normal field error:                6.457e-03  -->   6.073e-03 (normalized)
Minimum absolute Boundary normal field error:                5.969e-16  -->   3.119e-15 (normalized)
Average absolute Boundary normal field error:                1.497e-03  -->   1.384e-03 (normalized)
Maximum absolute Boundary magnetic pressure error:           7.716e+00  -->   7.704e+00 (T^2*m^2)
Minimum absolute Boundary magnetic pressure error:           1.147e-03  -->   1.856e-03 (T^2*m^2)
Average absolute Boundary magnetic pressure error:           6.999e-01  -->   7.043e-01 (T^2*m^2)
Maximum absolute Boundary magnetic pressure error:           1.377e-02  -->   1.375e-02 (normalized)
Minimum absolute Boundary magnetic pressure error:           2.046e-06  -->   3.311e-06 (normalized)
Average absolute Boundary magnetic pressure error:           1.249e-03  -->   1.257e-03 (normalized)
Maximum absolute Boundary field jump error:                  8.306e-01  -->   8.209e-01 (T*m^2)
Minimum absolute Boundary field jump error:                  5.917e-03  -->   2.930e-03 (T*m^2)
Average absolute Boundary field jump error:                  1.941e-01  -->   1.829e-01 (T*m^2)
Maximum absolute Boundary field jump error:                  7.160e-03  -->   7.076e-03 (normalized)
Minimum absolute Boundary field jump error:                  5.100e-05  -->   2.526e-05 (normalized)
Average absolute Boundary field jump error:                  1.673e-03  -->   1.577e-03 (normalized)
Maximum absolute Force error:                                5.338e+06  -->   5.140e+06 (N)
Minimum absolute Force error:                                2.634e+01  -->   1.094e+01 (N)
Average absolute Force error:                                1.526e+05  -->   1.503e+05 (N)
Maximum absolute Force error:                                1.213e-03  -->   1.168e-03 (normalized)
Minimum absolute Force error:                                5.984e-09  -->   2.484e-09 (normalized)
Average absolute Force error:                                3.467e-05  -->   3.414e-05 (normalized)
R boundary error:                                            0.000e+00  -->   4.383e-18 (m)
Z boundary error:                                            0.000e+00  -->   2.560e-18 (m)
Fixed pressure profile error:                                0.000e+00  -->   0.000e+00 (Pa)
Fixed current profile error:                                 0.000e+00  -->   0.000e+00 (A)
Fixed Psi error:                                             0.000e+00  -->   0.000e+00 (Wb)
==============================================================================================================

==================================
Optimizing boundary modes M,N <= 5
====================================
Building objective: Boundary error
Precomputing transforms
Timer: Precomputing transforms = 533 ms
Timer: Objective build = 2.97 sec
Building objective: force
Precomputing transforms
Timer: Precomputing transforms = 1.15 sec
Timer: Objective build = 1.22 sec
Timer: Objective build = 1.70 ms
Timer: Eq Update LinearConstraintProjection build = 6.35 sec
Timer: Proximal projection build = 13.9 sec
Building objective: lcfs R
Building objective: lcfs Z
Building objective: fixed pressure
Building objective: fixed current
Building objective: fixed Psi
Timer: Objective build = 679 ms
Timer: LinearConstraintProjection build = 2.88 sec
Number of parameters: 135
Number of objectives: 5043
Timer: Initializing the optimization = 17.6 sec

Starting optimization
Using method: proximal-lsq-exact
   Iteration     Total nfev        Cost      Cost reduction    Step norm     Optimality   
       0              1          2.129e-04                                    5.075e-04   
       1              2          2.043e-04      8.664e-06      5.636e+00      1.300e-03   
       2              3          1.980e-04      6.311e-06      5.781e+00      9.402e-04   
       3              7          1.966e-04      1.351e-06      5.390e+00      4.633e-04   
       4              8          1.963e-04      3.327e-07      9.003e+00      5.830e-04   
       5             10          1.961e-04      1.297e-07      3.124e+00      1.241e-04   
       6             11          1.960e-04      1.791e-07      1.646e+00      8.695e-05   
       7             12          1.960e-04      4.863e-09      6.204e-01      7.723e-05   
       8             13          1.958e-04      1.174e-07      6.996e-01      1.132e-04   
       9             35          1.958e-04      0.000e+00      0.000e+00      1.132e-04   
Warning: A bad approximation caused failure to predict improvement.
         Current function value: 1.958e-04
         Total delta_x: 4.035e+00
         Iterations: 9
         Function evaluations: 35
         Jacobian evaluations: 9
Timer: Solution time = 2.18 min
Timer: Avg time per step = 13.0 sec
==============================================================================================================
                                                                 Start  -->   End
Total (sum of squares):                                      2.129e-04  -->   1.958e-04, 
Maximum absolute Boundary normal field error:                7.046e-01  -->   6.456e-01 (T*m^2)
Minimum absolute Boundary normal field error:                3.619e-13  -->   1.937e-13 (T*m^2)
Average absolute Boundary normal field error:                1.606e-01  -->   1.473e-01 (T*m^2)
Maximum absolute Boundary normal field error:                6.061e-03  -->   5.554e-03 (normalized)
Minimum absolute Boundary normal field error:                3.113e-15  -->   1.666e-15 (normalized)
Average absolute Boundary normal field error:                1.382e-03  -->   1.267e-03 (normalized)
Maximum absolute Boundary magnetic pressure error:           7.704e+00  -->   8.197e+00 (T^2*m^2)
Minimum absolute Boundary magnetic pressure error:           1.856e-03  -->   1.107e-03 (T^2*m^2)
Average absolute Boundary magnetic pressure error:           7.043e-01  -->   7.014e-01 (T^2*m^2)
Maximum absolute Boundary magnetic pressure error:           1.367e-02  -->   1.454e-02 (normalized)
Minimum absolute Boundary magnetic pressure error:           3.292e-06  -->   1.964e-06 (normalized)
Average absolute Boundary magnetic pressure error:           1.250e-03  -->   1.244e-03 (normalized)
Maximum absolute Boundary field jump error:                  8.209e-01  -->   7.145e-01 (T*m^2)
Minimum absolute Boundary field jump error:                  2.930e-03  -->   6.392e-03 (T*m^2)
Average absolute Boundary field jump error:                  1.829e-01  -->   1.686e-01 (T*m^2)
Maximum absolute Boundary field jump error:                  7.062e-03  -->   6.147e-03 (normalized)
Minimum absolute Boundary field jump error:                  2.521e-05  -->   5.499e-05 (normalized)
Average absolute Boundary field jump error:                  1.574e-03  -->   1.450e-03 (normalized)
Maximum absolute Force error:                                5.140e+06  -->   4.736e+06 (N)
Minimum absolute Force error:                                1.094e+01  -->   5.153e+00 (N)
Average absolute Force error:                                1.503e+05  -->   1.475e+05 (N)
Maximum absolute Force error:                                1.161e-03  -->   1.070e-03 (normalized)
Minimum absolute Force error:                                2.471e-09  -->   1.164e-09 (normalized)
Average absolute Force error:                                3.395e-05  -->   3.332e-05 (normalized)
R boundary error:                                            0.000e+00  -->   3.743e-18 (m)
Z boundary error:                                            0.000e+00  -->   3.992e-18 (m)
Fixed pressure profile error:                                0.000e+00  -->   0.000e+00 (Pa)
Fixed current profile error:                                 0.000e+00  -->   5.821e-11 (A)
Fixed Psi error:                                             0.000e+00  -->   0.000e+00 (Wb)
==============================================================================================================

==================================
Optimizing boundary modes M,N <= 7
====================================
Building objective: Boundary error
Precomputing transforms
Timer: Precomputing transforms = 533 ms
Timer: Objective build = 2.98 sec
Building objective: force
Precomputing transforms
Timer: Precomputing transforms = 895 ms
Timer: Objective build = 960 ms
Timer: Objective build = 1.67 ms
Timer: Eq Update LinearConstraintProjection build = 6.12 sec
Timer: Proximal projection build = 13.4 sec
Building objective: lcfs R
Building objective: lcfs Z
Building objective: fixed pressure
Building objective: fixed current
Building objective: fixed Psi
Timer: Objective build = 673 ms
Timer: LinearConstraintProjection build = 2.89 sec
Number of parameters: 239
Number of objectives: 5043
Timer: Initializing the optimization = 17.1 sec

Starting optimization
Using method: proximal-lsq-exact
   Iteration     Total nfev        Cost      Cost reduction    Step norm     Optimality   
       0              1          1.956e-04                                    6.095e-04   
       1              4          1.944e-04      1.147e-06      3.625e-01      4.185e-04   
       2              5          1.940e-04      3.650e-07      2.840e-01      3.312e-04   
       3             28          1.940e-04      0.000e+00      0.000e+00      3.312e-04   
Warning: A bad approximation caused failure to predict improvement.
         Current function value: 1.940e-04
         Total delta_x: 3.083e-01
         Iterations: 3
         Function evaluations: 28
         Jacobian evaluations: 3
Timer: Solution time = 1.96 min
Timer: Avg time per step = 29.4 sec
==============================================================================================================
                                                                 Start  -->   End
Total (sum of squares):                                      1.956e-04  -->   1.940e-04, 
Maximum absolute Boundary normal field error:                6.456e-01  -->   6.477e-01 (T*m^2)
Minimum absolute Boundary normal field error:                1.937e-13  -->   1.487e-13 (T*m^2)
Average absolute Boundary normal field error:                1.473e-01  -->   1.470e-01 (T*m^2)
Maximum absolute Boundary normal field error:                5.553e-03  -->   5.570e-03 (normalized)
Minimum absolute Boundary normal field error:                1.666e-15  -->   1.278e-15 (normalized)
Average absolute Boundary normal field error:                1.267e-03  -->   1.264e-03 (normalized)
Maximum absolute Boundary magnetic pressure error:           8.197e+00  -->   8.331e+00 (T^2*m^2)
Minimum absolute Boundary magnetic pressure error:           1.107e-03  -->   3.072e-04 (T^2*m^2)
Average absolute Boundary magnetic pressure error:           7.014e-01  -->   6.950e-01 (T^2*m^2)
Maximum absolute Boundary magnetic pressure error:           1.453e-02  -->   1.476e-02 (normalized)
Minimum absolute Boundary magnetic pressure error:           1.961e-06  -->   5.443e-07 (normalized)
Average absolute Boundary magnetic pressure error:           1.243e-03  -->   1.232e-03 (normalized)
Maximum absolute Boundary field jump error:                  7.145e-01  -->   6.967e-01 (T*m^2)
Minimum absolute Boundary field jump error:                  6.392e-03  -->   6.281e-03 (T*m^2)
Average absolute Boundary field jump error:                  1.686e-01  -->   1.674e-01 (T*m^2)
Maximum absolute Boundary field jump error:                  6.145e-03  -->   5.992e-03 (normalized)
Minimum absolute Boundary field jump error:                  5.497e-05  -->   5.402e-05 (normalized)
Average absolute Boundary field jump error:                  1.450e-03  -->   1.440e-03 (normalized)
Maximum absolute Force error:                                4.736e+06  -->   4.799e+06 (N)
Minimum absolute Force error:                                5.153e+00  -->   5.183e+00 (N)
Average absolute Force error:                                1.475e+05  -->   1.474e+05 (N)
Maximum absolute Force error:                                1.069e-03  -->   1.083e-03 (normalized)
Minimum absolute Force error:                                1.163e-09  -->   1.169e-09 (normalized)
Average absolute Force error:                                3.327e-05  -->   3.326e-05 (normalized)
R boundary error:                                            0.000e+00  -->   2.007e-19 (m)
Z boundary error:                                            0.000e+00  -->   3.559e-19 (m)
Fixed pressure profile error:                                0.000e+00  -->   0.000e+00 (Pa)
Fixed current profile error:                                 0.000e+00  -->   5.821e-11 (A)
Fixed Psi error:                                             0.000e+00  -->   0.000e+00 (Wb)
==============================================================================================================

==================================
Optimizing boundary modes M,N <= 8
====================================
Building objective: Boundary error
Precomputing transforms
Timer: Precomputing transforms = 532 ms
Timer: Objective build = 2.99 sec
Building objective: force
Precomputing transforms
Timer: Precomputing transforms = 909 ms
Timer: Objective build = 973 ms
Timer: Objective build = 1.78 ms
Timer: Eq Update LinearConstraintProjection build = 6.43 sec
Timer: Proximal projection build = 13.8 sec
Building objective: lcfs R
Building objective: lcfs Z
Building objective: fixed pressure
Building objective: fixed current
Building objective: fixed Psi
Timer: Objective build = 655 ms
Timer: LinearConstraintProjection build = 2.55 sec
Number of parameters: 303
Number of objectives: 5043
Timer: Initializing the optimization = 17.1 sec

Starting optimization
Using method: proximal-lsq-exact
   Iteration     Total nfev        Cost      Cost reduction    Step norm     Optimality   
       0              1          1.943e-04                                    6.921e-04   
       1              4          1.881e-04      6.136e-06      2.297e-01      1.061e-03   
       2              5          1.854e-04      2.755e-06      1.560e+00      1.645e-03   
       3              7          1.810e-04      4.438e-06      1.065e+00      5.112e-04   
       4              8          1.804e-04      5.070e-07      2.193e+00      4.495e-04   
       5              9          1.792e-04      1.239e-06      9.953e-01      1.857e-04   
       6             10          1.784e-04      8.373e-07      3.200e-01      2.016e-04   
       7             11          1.777e-04      6.860e-07      2.910e-01      9.947e-05   
       8             12          1.768e-04      8.706e-07      2.858e-01      1.106e-04   
       9             13          1.750e-04      1.768e-06      2.200e-01      1.709e-04   
      10             15          1.746e-04      4.668e-07      4.335e-01      1.366e-04   
      11             38          1.746e-04      0.000e+00      0.000e+00      1.366e-04   
Warning: A bad approximation caused failure to predict improvement.
         Current function value: 1.746e-04
         Total delta_x: 1.550e+00
         Iterations: 11
         Function evaluations: 38
         Jacobian evaluations: 11
Timer: Solution time = 3.69 min
Timer: Avg time per step = 18.4 sec
==============================================================================================================
                                                                 Start  -->   End
Total (sum of squares):                                      1.940e-04  -->   1.746e-04, 
Maximum absolute Boundary normal field error:                6.477e-01  -->   5.904e-01 (T*m^2)
Minimum absolute Boundary normal field error:                1.487e-13  -->   5.376e-14 (T*m^2)
Average absolute Boundary normal field error:                1.470e-01  -->   1.296e-01 (T*m^2)
Maximum absolute Boundary normal field error:                5.570e-03  -->   5.078e-03 (normalized)
Minimum absolute Boundary normal field error:                1.278e-15  -->   4.623e-16 (normalized)
Average absolute Boundary normal field error:                1.264e-03  -->   1.114e-03 (normalized)
Maximum absolute Boundary magnetic pressure error:           8.331e+00  -->   8.257e+00 (T^2*m^2)
Minimum absolute Boundary magnetic pressure error:           3.072e-04  -->   8.301e-04 (T^2*m^2)
Average absolute Boundary magnetic pressure error:           6.950e-01  -->   6.931e-01 (T^2*m^2)
Maximum absolute Boundary magnetic pressure error:           1.476e-02  -->   1.463e-02 (normalized)
Minimum absolute Boundary magnetic pressure error:           5.443e-07  -->   1.471e-06 (normalized)
Average absolute Boundary magnetic pressure error:           1.232e-03  -->   1.228e-03 (normalized)
Maximum absolute Boundary field jump error:                  6.967e-01  -->   6.690e-01 (T*m^2)
Minimum absolute Boundary field jump error:                  6.281e-03  -->   7.163e-03 (T*m^2)
Average absolute Boundary field jump error:                  1.674e-01  -->   1.542e-01 (T*m^2)
Maximum absolute Boundary field jump error:                  5.992e-03  -->   5.753e-03 (normalized)
Minimum absolute Boundary field jump error:                  5.402e-05  -->   6.161e-05 (normalized)
Average absolute Boundary field jump error:                  1.440e-03  -->   1.326e-03 (normalized)
Maximum absolute Force error:                                4.799e+06  -->   4.405e+06 (N)
Minimum absolute Force error:                                5.183e+00  -->   2.139e+00 (N)
Average absolute Force error:                                1.474e+05  -->   1.498e+05 (N)
Maximum absolute Force error:                                1.083e-03  -->   9.940e-04 (normalized)
Minimum absolute Force error:                                1.169e-09  -->   4.827e-10 (normalized)
Average absolute Force error:                                3.326e-05  -->   3.379e-05 (normalized)
R boundary error:                                            0.000e+00  -->   9.362e-20 (m)
Z boundary error:                                            0.000e+00  -->   3.688e-20 (m)
Fixed pressure profile error:                                0.000e+00  -->   0.000e+00 (Pa)
Fixed current profile error:                                 0.000e+00  -->   3.754e-09 (A)
Fixed Psi error:                                             0.000e+00  -->   0.000e+00 (Wb)
==============================================================================================================

==================================
Optimizing boundary modes M,N <= 10
====================================
Building objective: Boundary error
Precomputing transforms
Timer: Precomputing transforms = 531 ms
Timer: Objective build = 2.98 sec
Building objective: force
Precomputing transforms
Timer: Precomputing transforms = 889 ms
Timer: Objective build = 953 ms
Timer: Objective build = 1.67 ms
Timer: Eq Update LinearConstraintProjection build = 6.46 sec
Timer: Proximal projection build = 14.1 sec
Building objective: lcfs R
Building objective: lcfs Z
Building objective: fixed pressure
Building objective: fixed current
Building objective: fixed Psi
Timer: Objective build = 542 ms
Timer: LinearConstraintProjection build = 2.40 sec
Number of parameters: 455
Number of objectives: 5043
Timer: Initializing the optimization = 17.2 sec

Starting optimization
Using method: proximal-lsq-exact
   Iteration     Total nfev        Cost      Cost reduction    Step norm     Optimality   
       0              1          1.746e-04                                    1.456e-03   
       1              5          1.708e-04      3.810e-06      1.132e-01      1.142e-03   
       2              6          1.701e-04      6.773e-07      2.711e-01      2.340e-03   
       3             28          1.701e-04      0.000e+00      0.000e+00      2.340e-03   
Warning: A bad approximation caused failure to predict improvement.
         Current function value: 1.701e-04
         Total delta_x: 3.078e-01
         Iterations: 3
         Function evaluations: 28
         Jacobian evaluations: 3
Timer: Solution time = 16.0 min
Timer: Avg time per step = 4.01 min
==============================================================================================================
                                                                 Start  -->   End
Total (sum of squares):                                      1.746e-04  -->   1.701e-04, 
Maximum absolute Boundary normal field error:                5.904e-01  -->   5.339e-01 (T*m^2)
Minimum absolute Boundary normal field error:                5.376e-14  -->   8.893e-14 (T*m^2)
Average absolute Boundary normal field error:                1.296e-01  -->   1.193e-01 (T*m^2)
Maximum absolute Boundary normal field error:                5.078e-03  -->   4.591e-03 (normalized)
Minimum absolute Boundary normal field error:                4.623e-16  -->   7.648e-16 (normalized)
Average absolute Boundary normal field error:                1.114e-03  -->   1.026e-03 (normalized)
Maximum absolute Boundary magnetic pressure error:           8.257e+00  -->   8.175e+00 (T^2*m^2)
Minimum absolute Boundary magnetic pressure error:           8.301e-04  -->   1.614e-03 (T^2*m^2)
Average absolute Boundary magnetic pressure error:           6.931e-01  -->   6.895e-01 (T^2*m^2)
Maximum absolute Boundary magnetic pressure error:           1.463e-02  -->   1.449e-02 (normalized)
Minimum absolute Boundary magnetic pressure error:           1.471e-06  -->   2.860e-06 (normalized)
Average absolute Boundary magnetic pressure error:           1.228e-03  -->   1.222e-03 (normalized)
Maximum absolute Boundary field jump error:                  6.690e-01  -->   7.131e-01 (T*m^2)
Minimum absolute Boundary field jump error:                  7.163e-03  -->   5.472e-03 (T*m^2)
Average absolute Boundary field jump error:                  1.542e-01  -->   1.520e-01 (T*m^2)
Maximum absolute Boundary field jump error:                  5.753e-03  -->   6.133e-03 (normalized)
Minimum absolute Boundary field jump error:                  6.161e-05  -->   4.706e-05 (normalized)
Average absolute Boundary field jump error:                  1.326e-03  -->   1.307e-03 (normalized)
Maximum absolute Force error:                                4.405e+06  -->   4.926e+06 (N)
Minimum absolute Force error:                                2.139e+00  -->   4.012e+00 (N)
Average absolute Force error:                                1.498e+05  -->   1.598e+05 (N)
Maximum absolute Force error:                                9.940e-04  -->   1.111e-03 (normalized)
Minimum absolute Force error:                                4.827e-10  -->   9.054e-10 (normalized)
Average absolute Force error:                                3.379e-05  -->   3.605e-05 (normalized)
R boundary error:                                            0.000e+00  -->   0.000e+00 (m)
Z boundary error:                                            0.000e+00  -->   0.000e+00 (m)
Fixed pressure profile error:                                0.000e+00  -->   0.000e+00 (Pa)
Fixed current profile error:                                 0.000e+00  -->   0.000e+00 (A)
Fixed Psi error:                                             0.000e+00  -->   0.000e+00 (Wb)
==============================================================================================================
